[0.145s] Invoking command in '/home/hyh/ros2_prct/build/practice_package_msgs': CMAKE_PREFIX_PATH=${CMAKE_PREFIX_PATH}:/home/hyh/ros2_study/install/my_first_package:/opt/ros/humble /usr/bin/cmake /home/hyh/ros2_prct/src/practice_package_msgs -DCMAKE_INSTALL_PREFIX=/home/hyh/ros2_prct/install/practice_package_msgs
[0.153s] -- Found ament_cmake: 1.3.12 (/opt/ros/humble/share/ament_cmake/cmake)
[0.229s] -- Found rosidl_default_generators: 1.2.0 (/opt/ros/humble/share/rosidl_default_generators/cmake)
[0.230s] -- Using all available rosidl_typesupport_c: rosidl_typesupport_fastrtps_c;rosidl_typesupport_introspection_c
[0.231s] -- Found rosidl_adapter: 3.1.7 (/opt/ros/humble/share/rosidl_adapter/cmake)
[0.299s] -- Using all available rosidl_typesupport_cpp: rosidl_typesupport_fastrtps_cpp;rosidl_typesupport_introspection_cpp
[0.465s] -- Found ament_cmake_ros: 0.10.0 (/opt/ros/humble/share/ament_cmake_ros/cmake)
[0.576s] -- Using all available rosidl_typesupport_c: rosidl_typesupport_fastrtps_c;rosidl_typesupport_introspection_c
[0.710s] -- Using all available rosidl_typesupport_cpp: rosidl_typesupport_fastrtps_cpp;rosidl_typesupport_introspection_cpp
[0.770s] -- Found PythonInterp: /usr/bin/python3 (found suitable version "3.10.12", minimum required is "3.6") 
[0.771s] -- Found python_cmake_module: 0.10.0 (/opt/ros/humble/share/python_cmake_module/cmake)
[1.009s] -- Found PythonLibs: /usr/lib/x86_64-linux-gnu/libpython3.10.so (found suitable version "3.10.12", minimum required is "3.5") 
[1.009s] -- Using PYTHON_EXECUTABLE: /usr/bin/python3
[1.009s] -- Using PYTHON_INCLUDE_DIRS: /usr/include/python3.10
[1.009s] -- Using PYTHON_LIBRARIES: /usr/lib/x86_64-linux-gnu/libpython3.10.so
[1.022s] -- Found PythonExtra: .so  
[1.058s] -- Found ament_lint_auto: 0.12.14 (/opt/ros/humble/share/ament_lint_auto/cmake)
[1.076s] -- Added test 'lint_cmake' to check CMake code style
[1.077s] -- Added test 'xmllint' to check XML markup files
[1.080s] -- Configuring done
[1.100s] -- Generating done
[1.107s] -- Build files have been written to: /home/hyh/ros2_prct/build/practice_package_msgs
[1.111s] Invoked command in '/home/hyh/ros2_prct/build/practice_package_msgs' returned '0': CMAKE_PREFIX_PATH=${CMAKE_PREFIX_PATH}:/home/hyh/ros2_study/install/my_first_package:/opt/ros/humble /usr/bin/cmake /home/hyh/ros2_prct/src/practice_package_msgs -DCMAKE_INSTALL_PREFIX=/home/hyh/ros2_prct/install/practice_package_msgs
[1.112s] Invoking command in '/home/hyh/ros2_prct/build/practice_package_msgs': CMAKE_PREFIX_PATH=${CMAKE_PREFIX_PATH}:/home/hyh/ros2_study/install/my_first_package:/opt/ros/humble /usr/bin/cmake --build /home/hyh/ros2_prct/build/practice_package_msgs -- -j20 -l20
[1.132s] [  3%] [34m[1mGenerating C code for ROS interfaces[0m
[1.137s] [  6%] [34m[1mGenerating C++ code for ROS interfaces[0m
[1.142s] [  6%] Built target ament_cmake_python_copy_practice_package_msgs
[1.273s] [  6%] Built target practice_package_msgs__cpp
[1.278s] running egg_info
[1.278s] [  9%] [34m[1mGenerating C++ type support dispatch for ROS interfaces[0m
[1.279s] [ 12%] [34m[1mGenerating C++ type support for eProsima Fast-RTPS[0m
[1.279s] [ 16%] [34m[1mGenerating C++ introspection for ROS interfaces[0m
[1.279s] creating practice_package_msgs.egg-info
[1.279s] writing practice_package_msgs.egg-info/PKG-INFO
[1.280s] writing dependency_links to practice_package_msgs.egg-info/dependency_links.txt
[1.280s] writing top-level names to practice_package_msgs.egg-info/top_level.txt
[1.280s] writing manifest file 'practice_package_msgs.egg-info/SOURCES.txt'
[1.280s] reading manifest file 'practice_package_msgs.egg-info/SOURCES.txt'
[1.281s] writing manifest file 'practice_package_msgs.egg-info/SOURCES.txt'
[1.281s] [ 19%] [32mBuilding C object CMakeFiles/practice_package_msgs__rosidl_generator_c.dir/rosidl_generator_c/practice_package_msgs/msg/detail/pose_to_val__functions.c.o[0m
[1.298s] [ 19%] Built target ament_cmake_python_build_practice_package_msgs_egg
[1.325s] [ 22%] [32m[1mLinking C shared library libpractice_package_msgs__rosidl_generator_c.so[0m
[1.395s] [ 22%] Built target practice_package_msgs__rosidl_generator_c
[1.401s] [ 29%] [34m[1mGenerating C introspection for ROS interfaces[0m
[1.401s] [ 29%] [34m[1mGenerating C type support for eProsima Fast-RTPS[0m
[1.401s] [ 32%] [34m[1mGenerating C type support dispatch for ROS interfaces[0m
[1.407s] [ 35%] [32mBuilding CXX object CMakeFiles/practice_package_msgs__rosidl_typesupport_cpp.dir/rosidl_typesupport_cpp/practice_package_msgs/msg/pose_to_val__type_support.cpp.o[0m
[1.412s] [ 38%] [32mBuilding CXX object CMakeFiles/practice_package_msgs__rosidl_typesupport_introspection_cpp.dir/rosidl_typesupport_introspection_cpp/practice_package_msgs/msg/detail/pose_to_val__type_support.cpp.o[0m
[1.420s] [ 41%] [32mBuilding CXX object CMakeFiles/practice_package_msgs__rosidl_typesupport_fastrtps_cpp.dir/rosidl_typesupport_fastrtps_cpp/practice_package_msgs/msg/detail/dds_fastrtps/pose_to_val__type_support.cpp.o[0m
[1.530s] [ 45%] [32mBuilding CXX object CMakeFiles/practice_package_msgs__rosidl_typesupport_c.dir/rosidl_typesupport_c/practice_package_msgs/msg/pose_to_val__type_support.cpp.o[0m
[1.540s] [ 48%] [32mBuilding C object CMakeFiles/practice_package_msgs__rosidl_typesupport_introspection_c.dir/rosidl_typesupport_introspection_c/practice_package_msgs/msg/detail/pose_to_val__type_support.c.o[0m
[1.542s] [ 51%] [32mBuilding CXX object CMakeFiles/practice_package_msgs__rosidl_typesupport_fastrtps_c.dir/rosidl_typesupport_fastrtps_c/practice_package_msgs/msg/detail/pose_to_val__type_support_c.cpp.o[0m
[1.548s] [ 54%] [32m[1mLinking CXX shared library libpractice_package_msgs__rosidl_typesupport_c.so[0m
[1.561s] [ 58%] [32m[1mLinking C shared library libpractice_package_msgs__rosidl_typesupport_introspection_c.so[0m
[1.574s] [ 61%] [32m[1mLinking CXX shared library libpractice_package_msgs__rosidl_typesupport_cpp.so[0m
[1.612s] [ 61%] Built target practice_package_msgs__rosidl_typesupport_c
[1.612s] [ 61%] Built target practice_package_msgs__rosidl_typesupport_introspection_c
[1.618s] [ 61%] Built target practice_package_msgs__rosidl_typesupport_cpp
[1.638s] [ 64%] [32m[1mLinking CXX shared library libpractice_package_msgs__rosidl_typesupport_introspection_cpp.so[0m
[1.645s] [ 67%] [32m[1mLinking CXX shared library libpractice_package_msgs__rosidl_typesupport_fastrtps_cpp.so[0m
[1.688s] [ 67%] Built target practice_package_msgs__rosidl_typesupport_introspection_cpp
[1.715s] [ 67%] Built target practice_package_msgs__rosidl_typesupport_fastrtps_cpp
[1.716s] [ 70%] [32m[1mLinking CXX shared library libpractice_package_msgs__rosidl_typesupport_fastrtps_c.so[0m
[1.788s] [ 70%] Built target practice_package_msgs__rosidl_typesupport_fastrtps_c
[1.798s] [ 70%] Built target practice_package_msgs
[1.808s] [ 74%] [34m[1mGenerating Python code for ROS interfaces[0m
[1.991s] [ 74%] Built target practice_package_msgs__py
[2.002s] [ 77%] [32mBuilding C object CMakeFiles/practice_package_msgs__rosidl_generator_py.dir/rosidl_generator_py/practice_package_msgs/msg/_pose_to_val_s.c.o[0m
[2.079s] [ 80%] [32m[1mLinking C shared library rosidl_generator_py/practice_package_msgs/libpractice_package_msgs__rosidl_generator_py.so[0m
[2.133s] [ 80%] Built target practice_package_msgs__rosidl_generator_py
[2.145s] [ 83%] [32mBuilding C object CMakeFiles/practice_package_msgs__rosidl_typesupport_fastrtps_c__pyext.dir/rosidl_generator_py/practice_package_msgs/_practice_package_msgs_s.ep.rosidl_typesupport_fastrtps_c.c.o[0m
[2.145s] [ 90%] [32mBuilding C object CMakeFiles/practice_package_msgs__rosidl_typesupport_introspection_c__pyext.dir/rosidl_generator_py/practice_package_msgs/_practice_package_msgs_s.ep.rosidl_typesupport_introspection_c.c.o[0m
[2.145s] [ 90%] [32mBuilding C object CMakeFiles/practice_package_msgs__rosidl_typesupport_c__pyext.dir/rosidl_generator_py/practice_package_msgs/_practice_package_msgs_s.ep.rosidl_typesupport_c.c.o[0m
[2.192s] [ 96%] [32m[1mLinking C shared library rosidl_generator_py/practice_package_msgs/practice_package_msgs_s__rosidl_typesupport_c.cpython-310-x86_64-linux-gnu.so[0m
[2.192s] [ 96%] [32m[1mLinking C shared library rosidl_generator_py/practice_package_msgs/practice_package_msgs_s__rosidl_typesupport_introspection_c.cpython-310-x86_64-linux-gnu.so[0m
[2.192s] [100%] [32m[1mLinking C shared library rosidl_generator_py/practice_package_msgs/practice_package_msgs_s__rosidl_typesupport_fastrtps_c.cpython-310-x86_64-linux-gnu.so[0m
[2.226s] [100%] Built target practice_package_msgs__rosidl_typesupport_c__pyext
[2.226s] [100%] Built target practice_package_msgs__rosidl_typesupport_introspection_c__pyext
[2.226s] [100%] Built target practice_package_msgs__rosidl_typesupport_fastrtps_c__pyext
[2.233s] Invoked command in '/home/hyh/ros2_prct/build/practice_package_msgs' returned '0': CMAKE_PREFIX_PATH=${CMAKE_PREFIX_PATH}:/home/hyh/ros2_study/install/my_first_package:/opt/ros/humble /usr/bin/cmake --build /home/hyh/ros2_prct/build/practice_package_msgs -- -j20 -l20
[2.238s] Invoking command in '/home/hyh/ros2_prct/build/practice_package_msgs': CMAKE_PREFIX_PATH=${CMAKE_PREFIX_PATH}:/home/hyh/ros2_study/install/my_first_package:/opt/ros/humble /usr/bin/cmake --install /home/hyh/ros2_prct/build/practice_package_msgs
[2.242s] -- Install configuration: ""
[2.242s] -- Installing: /home/hyh/ros2_prct/install/practice_package_msgs/share/ament_index/resource_index/rosidl_interfaces/practice_package_msgs
[2.242s] -- Installing: /home/hyh/ros2_prct/install/practice_package_msgs/include/practice_package_msgs/practice_package_msgs
[2.243s] -- Installing: /home/hyh/ros2_prct/install/practice_package_msgs/include/practice_package_msgs/practice_package_msgs/msg
[2.243s] -- Installing: /home/hyh/ros2_prct/install/practice_package_msgs/include/practice_package_msgs/practice_package_msgs/msg/detail
[2.243s] -- Installing: /home/hyh/ros2_prct/install/practice_package_msgs/include/practice_package_msgs/practice_package_msgs/msg/detail/pose_to_val__functions.c
[2.243s] -- Installing: /home/hyh/ros2_prct/install/practice_package_msgs/include/practice_package_msgs/practice_package_msgs/msg/detail/pose_to_val__struct.h
[2.243s] -- Installing: /home/hyh/ros2_prct/install/practice_package_msgs/include/practice_package_msgs/practice_package_msgs/msg/detail/pose_to_val__functions.h
[2.243s] -- Installing: /home/hyh/ros2_prct/install/practice_package_msgs/include/practice_package_msgs/practice_package_msgs/msg/detail/pose_to_val__type_support.h
[2.243s] -- Installing: /home/hyh/ros2_prct/install/practice_package_msgs/include/practice_package_msgs/practice_package_msgs/msg/rosidl_generator_c__visibility_control.h
[2.243s] -- Installing: /home/hyh/ros2_prct/install/practice_package_msgs/include/practice_package_msgs/practice_package_msgs/msg/pose_to_val.h
[2.244s] -- Installing: /home/hyh/ros2_prct/install/practice_package_msgs/share/practice_package_msgs/environment/library_path.sh
[2.244s] -- Installing: /home/hyh/ros2_prct/install/practice_package_msgs/share/practice_package_msgs/environment/library_path.dsv
[2.244s] -- Installing: /home/hyh/ros2_prct/install/practice_package_msgs/lib/libpractice_package_msgs__rosidl_generator_c.so
[2.244s] -- Set runtime path of "/home/hyh/ros2_prct/install/practice_package_msgs/lib/libpractice_package_msgs__rosidl_generator_c.so" to ""
[2.244s] -- Up-to-date: /home/hyh/ros2_prct/install/practice_package_msgs/include/practice_package_msgs/practice_package_msgs
[2.244s] -- Up-to-date: /home/hyh/ros2_prct/install/practice_package_msgs/include/practice_package_msgs/practice_package_msgs/msg
[2.244s] -- Up-to-date: /home/hyh/ros2_prct/install/practice_package_msgs/include/practice_package_msgs/practice_package_msgs/msg/detail
[2.244s] -- Installing: /home/hyh/ros2_prct/install/practice_package_msgs/include/practice_package_msgs/practice_package_msgs/msg/detail/pose_to_val__rosidl_typesupport_fastrtps_c.h
[2.244s] -- Installing: /home/hyh/ros2_prct/install/practice_package_msgs/include/practice_package_msgs/practice_package_msgs/msg/rosidl_typesupport_fastrtps_c__visibility_control.h
[2.244s] -- Installing: /home/hyh/ros2_prct/install/practice_package_msgs/lib/libpractice_package_msgs__rosidl_typesupport_fastrtps_c.so
[2.245s] -- Set runtime path of "/home/hyh/ros2_prct/install/practice_package_msgs/lib/libpractice_package_msgs__rosidl_typesupport_fastrtps_c.so" to ""
[2.245s] -- Up-to-date: /home/hyh/ros2_prct/install/practice_package_msgs/include/practice_package_msgs/practice_package_msgs
[2.245s] -- Up-to-date: /home/hyh/ros2_prct/install/practice_package_msgs/include/practice_package_msgs/practice_package_msgs/msg
[2.245s] -- Up-to-date: /home/hyh/ros2_prct/install/practice_package_msgs/include/practice_package_msgs/practice_package_msgs/msg/detail
[2.245s] -- Installing: /home/hyh/ros2_prct/install/practice_package_msgs/include/practice_package_msgs/practice_package_msgs/msg/detail/pose_to_val__rosidl_typesupport_introspection_c.h
[2.245s] -- Installing: /home/hyh/ros2_prct/install/practice_package_msgs/include/practice_package_msgs/practice_package_msgs/msg/detail/pose_to_val__type_support.c
[2.245s] -- Installing: /home/hyh/ros2_prct/install/practice_package_msgs/include/practice_package_msgs/practice_package_msgs/msg/rosidl_typesupport_introspection_c__visibility_control.h
[2.245s] -- Installing: /home/hyh/ros2_prct/install/practice_package_msgs/lib/libpractice_package_msgs__rosidl_typesupport_introspection_c.so
[2.245s] -- Set runtime path of "/home/hyh/ros2_prct/install/practice_package_msgs/lib/libpractice_package_msgs__rosidl_typesupport_introspection_c.so" to ""
[2.246s] -- Installing: /home/hyh/ros2_prct/install/practice_package_msgs/lib/libpractice_package_msgs__rosidl_typesupport_c.so
[2.246s] -- Set runtime path of "/home/hyh/ros2_prct/install/practice_package_msgs/lib/libpractice_package_msgs__rosidl_typesupport_c.so" to ""
[2.246s] -- Up-to-date: /home/hyh/ros2_prct/install/practice_package_msgs/include/practice_package_msgs/practice_package_msgs
[2.246s] -- Up-to-date: /home/hyh/ros2_prct/install/practice_package_msgs/include/practice_package_msgs/practice_package_msgs/msg
[2.246s] -- Up-to-date: /home/hyh/ros2_prct/install/practice_package_msgs/include/practice_package_msgs/practice_package_msgs/msg/detail
[2.246s] -- Installing: /home/hyh/ros2_prct/install/practice_package_msgs/include/practice_package_msgs/practice_package_msgs/msg/detail/pose_to_val__struct.hpp
[2.246s] -- Installing: /home/hyh/ros2_prct/install/practice_package_msgs/include/practice_package_msgs/practice_package_msgs/msg/detail/pose_to_val__traits.hpp
[2.246s] -- Installing: /home/hyh/ros2_prct/install/practice_package_msgs/include/practice_package_msgs/practice_package_msgs/msg/detail/pose_to_val__builder.hpp
[2.246s] -- Installing: /home/hyh/ros2_prct/install/practice_package_msgs/include/practice_package_msgs/practice_package_msgs/msg/detail/pose_to_val__type_support.hpp
[2.246s] -- Installing: /home/hyh/ros2_prct/install/practice_package_msgs/include/practice_package_msgs/practice_package_msgs/msg/rosidl_generator_cpp__visibility_control.hpp
[2.247s] -- Installing: /home/hyh/ros2_prct/install/practice_package_msgs/include/practice_package_msgs/practice_package_msgs/msg/pose_to_val.hpp
[2.247s] -- Up-to-date: /home/hyh/ros2_prct/install/practice_package_msgs/include/practice_package_msgs/practice_package_msgs
[2.247s] -- Up-to-date: /home/hyh/ros2_prct/install/practice_package_msgs/include/practice_package_msgs/practice_package_msgs/msg
[2.247s] -- Up-to-date: /home/hyh/ros2_prct/install/practice_package_msgs/include/practice_package_msgs/practice_package_msgs/msg/detail
[2.247s] -- Installing: /home/hyh/ros2_prct/install/practice_package_msgs/include/practice_package_msgs/practice_package_msgs/msg/detail/dds_fastrtps
[2.247s] -- Installing: /home/hyh/ros2_prct/install/practice_package_msgs/include/practice_package_msgs/practice_package_msgs/msg/detail/pose_to_val__rosidl_typesupport_fastrtps_cpp.hpp
[2.247s] -- Installing: /home/hyh/ros2_prct/install/practice_package_msgs/include/practice_package_msgs/practice_package_msgs/msg/rosidl_typesupport_fastrtps_cpp__visibility_control.h
[2.247s] -- Installing: /home/hyh/ros2_prct/install/practice_package_msgs/lib/libpractice_package_msgs__rosidl_typesupport_fastrtps_cpp.so
[2.247s] -- Set runtime path of "/home/hyh/ros2_prct/install/practice_package_msgs/lib/libpractice_package_msgs__rosidl_typesupport_fastrtps_cpp.so" to ""
[2.247s] -- Up-to-date: /home/hyh/ros2_prct/install/practice_package_msgs/include/practice_package_msgs/practice_package_msgs
[2.247s] -- Up-to-date: /home/hyh/ros2_prct/install/practice_package_msgs/include/practice_package_msgs/practice_package_msgs/msg
[2.247s] -- Up-to-date: /home/hyh/ros2_prct/install/practice_package_msgs/include/practice_package_msgs/practice_package_msgs/msg/detail
[2.248s] -- Installing: /home/hyh/ros2_prct/install/practice_package_msgs/include/practice_package_msgs/practice_package_msgs/msg/detail/pose_to_val__type_support.cpp
[2.248s] -- Installing: /home/hyh/ros2_prct/install/practice_package_msgs/include/practice_package_msgs/practice_package_msgs/msg/detail/pose_to_val__rosidl_typesupport_introspection_cpp.hpp
[2.248s] -- Installing: /home/hyh/ros2_prct/install/practice_package_msgs/lib/libpractice_package_msgs__rosidl_typesupport_introspection_cpp.so
[2.248s] -- Set runtime path of "/home/hyh/ros2_prct/install/practice_package_msgs/lib/libpractice_package_msgs__rosidl_typesupport_introspection_cpp.so" to ""
[2.248s] -- Installing: /home/hyh/ros2_prct/install/practice_package_msgs/lib/libpractice_package_msgs__rosidl_typesupport_cpp.so
[2.248s] -- Set runtime path of "/home/hyh/ros2_prct/install/practice_package_msgs/lib/libpractice_package_msgs__rosidl_typesupport_cpp.so" to ""
[2.248s] -- Installing: /home/hyh/ros2_prct/install/practice_package_msgs/share/practice_package_msgs/environment/pythonpath.sh
[2.248s] -- Installing: /home/hyh/ros2_prct/install/practice_package_msgs/share/practice_package_msgs/environment/pythonpath.dsv
[2.248s] -- Installing: /home/hyh/ros2_prct/install/practice_package_msgs/local/lib/python3.10/dist-packages/practice_package_msgs-0.0.0-py3.10.egg-info
[2.248s] -- Installing: /home/hyh/ros2_prct/install/practice_package_msgs/local/lib/python3.10/dist-packages/practice_package_msgs-0.0.0-py3.10.egg-info/dependency_links.txt
[2.248s] -- Installing: /home/hyh/ros2_prct/install/practice_package_msgs/local/lib/python3.10/dist-packages/practice_package_msgs-0.0.0-py3.10.egg-info/SOURCES.txt
[2.248s] -- Installing: /home/hyh/ros2_prct/install/practice_package_msgs/local/lib/python3.10/dist-packages/practice_package_msgs-0.0.0-py3.10.egg-info/PKG-INFO
[2.248s] -- Installing: /home/hyh/ros2_prct/install/practice_package_msgs/local/lib/python3.10/dist-packages/practice_package_msgs-0.0.0-py3.10.egg-info/top_level.txt
[2.249s] -- Installing: /home/hyh/ros2_prct/install/practice_package_msgs/local/lib/python3.10/dist-packages/practice_package_msgs
[2.249s] -- Installing: /home/hyh/ros2_prct/install/practice_package_msgs/local/lib/python3.10/dist-packages/practice_package_msgs/__init__.py
[2.249s] -- Installing: /home/hyh/ros2_prct/install/practice_package_msgs/local/lib/python3.10/dist-packages/practice_package_msgs/msg
[2.249s] -- Installing: /home/hyh/ros2_prct/install/practice_package_msgs/local/lib/python3.10/dist-packages/practice_package_msgs/msg/__init__.py
[2.249s] -- Installing: /home/hyh/ros2_prct/install/practice_package_msgs/local/lib/python3.10/dist-packages/practice_package_msgs/msg/_pose_to_val.py
[2.249s] -- Installing: /home/hyh/ros2_prct/install/practice_package_msgs/local/lib/python3.10/dist-packages/practice_package_msgs/msg/_pose_to_val_s.c
[2.249s] -- Installing: /home/hyh/ros2_prct/install/practice_package_msgs/local/lib/python3.10/dist-packages/practice_package_msgs/libpractice_package_msgs__rosidl_generator_py.so
[2.249s] -- Installing: /home/hyh/ros2_prct/install/practice_package_msgs/local/lib/python3.10/dist-packages/practice_package_msgs/practice_package_msgs_s__rosidl_typesupport_fastrtps_c.cpython-310-x86_64-linux-gnu.so
[2.249s] -- Installing: /home/hyh/ros2_prct/install/practice_package_msgs/local/lib/python3.10/dist-packages/practice_package_msgs/_practice_package_msgs_s.ep.rosidl_typesupport_c.c
[2.249s] -- Installing: /home/hyh/ros2_prct/install/practice_package_msgs/local/lib/python3.10/dist-packages/practice_package_msgs/practice_package_msgs_s__rosidl_typesupport_introspection_c.cpython-310-x86_64-linux-gnu.so
[2.249s] -- Installing: /home/hyh/ros2_prct/install/practice_package_msgs/local/lib/python3.10/dist-packages/practice_package_msgs/_practice_package_msgs_s.ep.rosidl_typesupport_fastrtps_c.c
[2.249s] -- Installing: /home/hyh/ros2_prct/install/practice_package_msgs/local/lib/python3.10/dist-packages/practice_package_msgs/_practice_package_msgs_s.ep.rosidl_typesupport_introspection_c.c
[2.249s] -- Installing: /home/hyh/ros2_prct/install/practice_package_msgs/local/lib/python3.10/dist-packages/practice_package_msgs/practice_package_msgs_s__rosidl_typesupport_c.cpython-310-x86_64-linux-gnu.so
[2.269s] Listing '/home/hyh/ros2_prct/install/practice_package_msgs/local/lib/python3.10/dist-packages/practice_package_msgs'...
[2.269s] Compiling '/home/hyh/ros2_prct/install/practice_package_msgs/local/lib/python3.10/dist-packages/practice_package_msgs/__init__.py'...
[2.269s] Listing '/home/hyh/ros2_prct/install/practice_package_msgs/local/lib/python3.10/dist-packages/practice_package_msgs/msg'...
[2.270s] Compiling '/home/hyh/ros2_prct/install/practice_package_msgs/local/lib/python3.10/dist-packages/practice_package_msgs/msg/__init__.py'...
[2.270s] Compiling '/home/hyh/ros2_prct/install/practice_package_msgs/local/lib/python3.10/dist-packages/practice_package_msgs/msg/_pose_to_val.py'...
[2.272s] -- Installing: /home/hyh/ros2_prct/install/practice_package_msgs/local/lib/python3.10/dist-packages/practice_package_msgs/practice_package_msgs_s__rosidl_typesupport_fastrtps_c.cpython-310-x86_64-linux-gnu.so
[2.272s] -- Set runtime path of "/home/hyh/ros2_prct/install/practice_package_msgs/local/lib/python3.10/dist-packages/practice_package_msgs/practice_package_msgs_s__rosidl_typesupport_fastrtps_c.cpython-310-x86_64-linux-gnu.so" to ""
[2.272s] -- Installing: /home/hyh/ros2_prct/install/practice_package_msgs/local/lib/python3.10/dist-packages/practice_package_msgs/practice_package_msgs_s__rosidl_typesupport_introspection_c.cpython-310-x86_64-linux-gnu.so
[2.272s] -- Set runtime path of "/home/hyh/ros2_prct/install/practice_package_msgs/local/lib/python3.10/dist-packages/practice_package_msgs/practice_package_msgs_s__rosidl_typesupport_introspection_c.cpython-310-x86_64-linux-gnu.so" to ""
[2.272s] -- Installing: /home/hyh/ros2_prct/install/practice_package_msgs/local/lib/python3.10/dist-packages/practice_package_msgs/practice_package_msgs_s__rosidl_typesupport_c.cpython-310-x86_64-linux-gnu.so
[2.273s] -- Set runtime path of "/home/hyh/ros2_prct/install/practice_package_msgs/local/lib/python3.10/dist-packages/practice_package_msgs/practice_package_msgs_s__rosidl_typesupport_c.cpython-310-x86_64-linux-gnu.so" to ""
[2.273s] -- Installing: /home/hyh/ros2_prct/install/practice_package_msgs/lib/libpractice_package_msgs__rosidl_generator_py.so
[2.273s] -- Set runtime path of "/home/hyh/ros2_prct/install/practice_package_msgs/lib/libpractice_package_msgs__rosidl_generator_py.so" to ""
[2.273s] -- Installing: /home/hyh/ros2_prct/install/practice_package_msgs/share/practice_package_msgs/msg/PoseToVal.idl
[2.273s] -- Installing: /home/hyh/ros2_prct/install/practice_package_msgs/share/practice_package_msgs/msg/PoseToVal.msg
[2.273s] -- Installing: /home/hyh/ros2_prct/install/practice_package_msgs/share/ament_index/resource_index/package_run_dependencies/practice_package_msgs
[2.273s] -- Installing: /home/hyh/ros2_prct/install/practice_package_msgs/share/ament_index/resource_index/parent_prefix_path/practice_package_msgs
[2.273s] -- Installing: /home/hyh/ros2_prct/install/practice_package_msgs/share/practice_package_msgs/environment/ament_prefix_path.sh
[2.274s] -- Installing: /home/hyh/ros2_prct/install/practice_package_msgs/share/practice_package_msgs/environment/ament_prefix_path.dsv
[2.274s] -- Installing: /home/hyh/ros2_prct/install/practice_package_msgs/share/practice_package_msgs/environment/path.sh
[2.274s] -- Installing: /home/hyh/ros2_prct/install/practice_package_msgs/share/practice_package_msgs/environment/path.dsv
[2.274s] -- Installing: /home/hyh/ros2_prct/install/practice_package_msgs/share/practice_package_msgs/local_setup.bash
[2.274s] -- Installing: /home/hyh/ros2_prct/install/practice_package_msgs/share/practice_package_msgs/local_setup.sh
[2.274s] -- Installing: /home/hyh/ros2_prct/install/practice_package_msgs/share/practice_package_msgs/local_setup.zsh
[2.274s] -- Installing: /home/hyh/ros2_prct/install/practice_package_msgs/share/practice_package_msgs/local_setup.dsv
[2.274s] -- Installing: /home/hyh/ros2_prct/install/practice_package_msgs/share/practice_package_msgs/package.dsv
[2.274s] -- Installing: /home/hyh/ros2_prct/install/practice_package_msgs/share/ament_index/resource_index/packages/practice_package_msgs
[2.274s] -- Installing: /home/hyh/ros2_prct/install/practice_package_msgs/share/practice_package_msgs/cmake/export_practice_package_msgs__rosidl_generator_cExport.cmake
[2.274s] -- Installing: /home/hyh/ros2_prct/install/practice_package_msgs/share/practice_package_msgs/cmake/export_practice_package_msgs__rosidl_generator_cExport-noconfig.cmake
[2.275s] -- Installing: /home/hyh/ros2_prct/install/practice_package_msgs/share/practice_package_msgs/cmake/export_practice_package_msgs__rosidl_typesupport_fastrtps_cExport.cmake
[2.275s] -- Installing: /home/hyh/ros2_prct/install/practice_package_msgs/share/practice_package_msgs/cmake/export_practice_package_msgs__rosidl_typesupport_fastrtps_cExport-noconfig.cmake
[2.275s] -- Installing: /home/hyh/ros2_prct/install/practice_package_msgs/share/practice_package_msgs/cmake/practice_package_msgs__rosidl_typesupport_introspection_cExport.cmake
[2.275s] -- Installing: /home/hyh/ros2_prct/install/practice_package_msgs/share/practice_package_msgs/cmake/practice_package_msgs__rosidl_typesupport_introspection_cExport-noconfig.cmake
[2.275s] -- Installing: /home/hyh/ros2_prct/install/practice_package_msgs/share/practice_package_msgs/cmake/practice_package_msgs__rosidl_typesupport_cExport.cmake
[2.275s] -- Installing: /home/hyh/ros2_prct/install/practice_package_msgs/share/practice_package_msgs/cmake/practice_package_msgs__rosidl_typesupport_cExport-noconfig.cmake
[2.275s] -- Installing: /home/hyh/ros2_prct/install/practice_package_msgs/share/practice_package_msgs/cmake/export_practice_package_msgs__rosidl_generator_cppExport.cmake
[2.275s] -- Installing: /home/hyh/ros2_prct/install/practice_package_msgs/share/practice_package_msgs/cmake/export_practice_package_msgs__rosidl_typesupport_fastrtps_cppExport.cmake
[2.275s] -- Installing: /home/hyh/ros2_prct/install/practice_package_msgs/share/practice_package_msgs/cmake/export_practice_package_msgs__rosidl_typesupport_fastrtps_cppExport-noconfig.cmake
[2.275s] -- Installing: /home/hyh/ros2_prct/install/practice_package_msgs/share/practice_package_msgs/cmake/practice_package_msgs__rosidl_typesupport_introspection_cppExport.cmake
[2.275s] -- Installing: /home/hyh/ros2_prct/install/practice_package_msgs/share/practice_package_msgs/cmake/practice_package_msgs__rosidl_typesupport_introspection_cppExport-noconfig.cmake
[2.276s] -- Installing: /home/hyh/ros2_prct/install/practice_package_msgs/share/practice_package_msgs/cmake/practice_package_msgs__rosidl_typesupport_cppExport.cmake
[2.276s] -- Installing: /home/hyh/ros2_prct/install/practice_package_msgs/share/practice_package_msgs/cmake/practice_package_msgs__rosidl_typesupport_cppExport-noconfig.cmake
[2.276s] -- Installing: /home/hyh/ros2_prct/install/practice_package_msgs/share/practice_package_msgs/cmake/export_practice_package_msgs__rosidl_generator_pyExport.cmake
[2.276s] -- Installing: /home/hyh/ros2_prct/install/practice_package_msgs/share/practice_package_msgs/cmake/export_practice_package_msgs__rosidl_generator_pyExport-noconfig.cmake
[2.276s] -- Installing: /home/hyh/ros2_prct/install/practice_package_msgs/share/practice_package_msgs/cmake/rosidl_cmake-extras.cmake
[2.276s] -- Installing: /home/hyh/ros2_prct/install/practice_package_msgs/share/practice_package_msgs/cmake/ament_cmake_export_include_directories-extras.cmake
[2.276s] -- Installing: /home/hyh/ros2_prct/install/practice_package_msgs/share/practice_package_msgs/cmake/ament_cmake_export_libraries-extras.cmake
[2.276s] -- Installing: /home/hyh/ros2_prct/install/practice_package_msgs/share/practice_package_msgs/cmake/ament_cmake_export_targets-extras.cmake
[2.276s] -- Installing: /home/hyh/ros2_prct/install/practice_package_msgs/share/practice_package_msgs/cmake/rosidl_cmake_export_typesupport_targets-extras.cmake
[2.276s] -- Installing: /home/hyh/ros2_prct/install/practice_package_msgs/share/practice_package_msgs/cmake/ament_cmake_export_dependencies-extras.cmake
[2.276s] -- Installing: /home/hyh/ros2_prct/install/practice_package_msgs/share/practice_package_msgs/cmake/rosidl_cmake_export_typesupport_libraries-extras.cmake
[2.277s] -- Installing: /home/hyh/ros2_prct/install/practice_package_msgs/share/practice_package_msgs/cmake/practice_package_msgsConfig.cmake
[2.277s] -- Installing: /home/hyh/ros2_prct/install/practice_package_msgs/share/practice_package_msgs/cmake/practice_package_msgsConfig-version.cmake
[2.277s] -- Installing: /home/hyh/ros2_prct/install/practice_package_msgs/share/practice_package_msgs/package.xml
[2.278s] Invoked command in '/home/hyh/ros2_prct/build/practice_package_msgs' returned '0': CMAKE_PREFIX_PATH=${CMAKE_PREFIX_PATH}:/home/hyh/ros2_study/install/my_first_package:/opt/ros/humble /usr/bin/cmake --install /home/hyh/ros2_prct/build/practice_package_msgs
