running egg_info
writing ../../../build/my_first_package/my_first_package.egg-info/PKG-INFO
writing dependency_links to ../../../build/my_first_package/my_first_package.egg-info/dependency_links.txt
writing entry points to ../../../build/my_first_package/my_first_package.egg-info/entry_points.txt
writing requirements to ../../../build/my_first_package/my_first_package.egg-info/requires.txt
writing top-level names to ../../../build/my_first_package/my_first_package.egg-info/top_level.txt
reading manifest file '../../../build/my_first_package/my_first_package.egg-info/SOURCES.txt'
writing manifest file '../../../build/my_first_package/my_first_package.egg-info/SOURCES.txt'
running build
running build_py
copying my_first_package/dist_turtle_action_server.py -> /home/hyh/build/my_first_package/build/lib/my_first_package
copying my_first_package/turtle_cmd_and_pose.py -> /home/hyh/build/my_first_package/build/lib/my_first_package
copying my_first_package/my_publisher.py -> /home/hyh/build/my_first_package/build/lib/my_first_package
copying my_first_package/my_multi_thread.py -> /home/hyh/build/my_first_package/build/lib/my_first_package
copying my_first_package/my_service_server.py -> /home/hyh/build/my_first_package/build/lib/my_first_package
copying my_first_package/my_custom_publisher.py -> /home/hyh/build/my_first_package/build/lib/my_first_package
running install
running install_lib
copying /home/hyh/build/my_first_package/build/lib/my_first_package/dist_turtle_action_server.py -> /home/hyh/install/my_first_package/lib/python3.10/site-packages/my_first_package
copying /home/hyh/build/my_first_package/build/lib/my_first_package/turtle_cmd_and_pose.py -> /home/hyh/install/my_first_package/lib/python3.10/site-packages/my_first_package
copying /home/hyh/build/my_first_package/build/lib/my_first_package/my_publisher.py -> /home/hyh/install/my_first_package/lib/python3.10/site-packages/my_first_package
copying /home/hyh/build/my_first_package/build/lib/my_first_package/my_multi_thread.py -> /home/hyh/install/my_first_package/lib/python3.10/site-packages/my_first_package
copying /home/hyh/build/my_first_package/build/lib/my_first_package/my_service_server.py -> /home/hyh/install/my_first_package/lib/python3.10/site-packages/my_first_package
copying /home/hyh/build/my_first_package/build/lib/my_first_package/my_custom_publisher.py -> /home/hyh/install/my_first_package/lib/python3.10/site-packages/my_first_package
byte-compiling /home/hyh/install/my_first_package/lib/python3.10/site-packages/my_first_package/dist_turtle_action_server.py to dist_turtle_action_server.cpython-310.pyc
byte-compiling /home/hyh/install/my_first_package/lib/python3.10/site-packages/my_first_package/turtle_cmd_and_pose.py to turtle_cmd_and_pose.cpython-310.pyc
byte-compiling /home/hyh/install/my_first_package/lib/python3.10/site-packages/my_first_package/my_publisher.py to my_publisher.cpython-310.pyc
byte-compiling /home/hyh/install/my_first_package/lib/python3.10/site-packages/my_first_package/my_multi_thread.py to my_multi_thread.cpython-310.pyc
byte-compiling /home/hyh/install/my_first_package/lib/python3.10/site-packages/my_first_package/my_service_server.py to my_service_server.cpython-310.pyc
byte-compiling /home/hyh/install/my_first_package/lib/python3.10/site-packages/my_first_package/my_custom_publisher.py to my_custom_publisher.cpython-310.pyc
running install_data
creating /home/hyh/install/my_first_package/share/my_first_package/launch
copying launch/turtlesim_and_teleop.launch.py -> /home/hyh/install/my_first_package/share/my_first_package/launch
running install_egg_info
removing '/home/hyh/install/my_first_package/lib/python3.10/site-packages/my_first_package-0.0.0-py3.10.egg-info' (and everything under it)
Copying ../../../build/my_first_package/my_first_package.egg-info to /home/hyh/install/my_first_package/lib/python3.10/site-packages/my_first_package-0.0.0-py3.10.egg-info
running install_scripts
Installing dist_turtle_action_server script to /home/hyh/install/my_first_package/lib/my_first_package
Installing my_custom_publisher script to /home/hyh/install/my_first_package/lib/my_first_package
Installing my_first_node script to /home/hyh/install/my_first_package/lib/my_first_package
Installing my_multi_thread script to /home/hyh/install/my_first_package/lib/my_first_package
Installing my_publisher script to /home/hyh/install/my_first_package/lib/my_first_package
Installing my_service_server script to /home/hyh/install/my_first_package/lib/my_first_package
Installing my_subscriber script to /home/hyh/install/my_first_package/lib/my_first_package
Installing turtle_cmd_and_pose script to /home/hyh/install/my_first_package/lib/my_first_package
writing list of installed files to '/home/hyh/build/my_first_package/install.log'
