[0.549s] Invoking command in '/home/hyh/ros2_study/src/my_first_package': PYTHONPATH=/home/hyh/build/my_first_package/prefix_override:/usr/lib/python3/dist-packages/colcon_core/task/python/colcon_distutils_commands:/home/hyh/install/my_first_package/lib/python3.10/site-packages:${PYTHONPATH} /usr/bin/python3 -W ignore:setup.py install is deprecated -W ignore:easy_install command is deprecated setup.py egg_info --egg-base ../../../build/my_first_package build --build-base /home/hyh/build/my_first_package/build install --record /home/hyh/build/my_first_package/install.log --single-version-externally-managed install_data
[0.687s] running egg_info
[0.688s] writing ../../../build/my_first_package/my_first_package.egg-info/PKG-INFO
[0.689s] writing dependency_links to ../../../build/my_first_package/my_first_package.egg-info/dependency_links.txt
[0.689s] writing entry points to ../../../build/my_first_package/my_first_package.egg-info/entry_points.txt
[0.689s] writing requirements to ../../../build/my_first_package/my_first_package.egg-info/requires.txt
[0.689s] writing top-level names to ../../../build/my_first_package/my_first_package.egg-info/top_level.txt
[0.690s] reading manifest file '../../../build/my_first_package/my_first_package.egg-info/SOURCES.txt'
[0.691s] writing manifest file '../../../build/my_first_package/my_first_package.egg-info/SOURCES.txt'
[0.691s] running build
[0.691s] running build_py
[0.692s] copying my_first_package/dist_turtle_action_server.py -> /home/hyh/build/my_first_package/build/lib/my_first_package
[0.692s] copying my_first_package/turtle_cmd_and_pose.py -> /home/hyh/build/my_first_package/build/lib/my_first_package
[0.692s] copying my_first_package/my_publisher.py -> /home/hyh/build/my_first_package/build/lib/my_first_package
[0.693s] copying my_first_package/my_multi_thread.py -> /home/hyh/build/my_first_package/build/lib/my_first_package
[0.693s] copying my_first_package/my_service_server.py -> /home/hyh/build/my_first_package/build/lib/my_first_package
[0.693s] copying my_first_package/my_custom_publisher.py -> /home/hyh/build/my_first_package/build/lib/my_first_package
[0.693s] running install
[0.694s] running install_lib
[0.695s] copying /home/hyh/build/my_first_package/build/lib/my_first_package/dist_turtle_action_server.py -> /home/hyh/install/my_first_package/lib/python3.10/site-packages/my_first_package
[0.695s] copying /home/hyh/build/my_first_package/build/lib/my_first_package/turtle_cmd_and_pose.py -> /home/hyh/install/my_first_package/lib/python3.10/site-packages/my_first_package
[0.695s] copying /home/hyh/build/my_first_package/build/lib/my_first_package/my_publisher.py -> /home/hyh/install/my_first_package/lib/python3.10/site-packages/my_first_package
[0.695s] copying /home/hyh/build/my_first_package/build/lib/my_first_package/my_multi_thread.py -> /home/hyh/install/my_first_package/lib/python3.10/site-packages/my_first_package
[0.695s] copying /home/hyh/build/my_first_package/build/lib/my_first_package/my_service_server.py -> /home/hyh/install/my_first_package/lib/python3.10/site-packages/my_first_package
[0.695s] copying /home/hyh/build/my_first_package/build/lib/my_first_package/my_custom_publisher.py -> /home/hyh/install/my_first_package/lib/python3.10/site-packages/my_first_package
[0.695s] byte-compiling /home/hyh/install/my_first_package/lib/python3.10/site-packages/my_first_package/dist_turtle_action_server.py to dist_turtle_action_server.cpython-310.pyc
[0.696s] byte-compiling /home/hyh/install/my_first_package/lib/python3.10/site-packages/my_first_package/turtle_cmd_and_pose.py to turtle_cmd_and_pose.cpython-310.pyc
[0.696s] byte-compiling /home/hyh/install/my_first_package/lib/python3.10/site-packages/my_first_package/my_publisher.py to my_publisher.cpython-310.pyc
[0.697s] byte-compiling /home/hyh/install/my_first_package/lib/python3.10/site-packages/my_first_package/my_multi_thread.py to my_multi_thread.cpython-310.pyc
[0.697s] byte-compiling /home/hyh/install/my_first_package/lib/python3.10/site-packages/my_first_package/my_service_server.py to my_service_server.cpython-310.pyc
[0.697s] byte-compiling /home/hyh/install/my_first_package/lib/python3.10/site-packages/my_first_package/my_custom_publisher.py to my_custom_publisher.cpython-310.pyc
[0.698s] running install_data
[0.698s] creating /home/hyh/install/my_first_package/share/my_first_package/launch
[0.698s] copying launch/turtlesim_and_teleop.launch.py -> /home/hyh/install/my_first_package/share/my_first_package/launch
[0.698s] running install_egg_info
[0.699s] removing '/home/hyh/install/my_first_package/lib/python3.10/site-packages/my_first_package-0.0.0-py3.10.egg-info' (and everything under it)
[0.700s] Copying ../../../build/my_first_package/my_first_package.egg-info to /home/hyh/install/my_first_package/lib/python3.10/site-packages/my_first_package-0.0.0-py3.10.egg-info
[0.701s] running install_scripts
[0.713s] Installing dist_turtle_action_server script to /home/hyh/install/my_first_package/lib/my_first_package
[0.714s] Installing my_custom_publisher script to /home/hyh/install/my_first_package/lib/my_first_package
[0.714s] Installing my_first_node script to /home/hyh/install/my_first_package/lib/my_first_package
[0.714s] Installing my_multi_thread script to /home/hyh/install/my_first_package/lib/my_first_package
[0.714s] Installing my_publisher script to /home/hyh/install/my_first_package/lib/my_first_package
[0.714s] Installing my_service_server script to /home/hyh/install/my_first_package/lib/my_first_package
[0.715s] Installing my_subscriber script to /home/hyh/install/my_first_package/lib/my_first_package
[0.715s] Installing turtle_cmd_and_pose script to /home/hyh/install/my_first_package/lib/my_first_package
[0.715s] writing list of installed files to '/home/hyh/build/my_first_package/install.log'
[0.730s] Invoked command in '/home/hyh/ros2_study/src/my_first_package' returned '0': PYTHONPATH=/home/hyh/build/my_first_package/prefix_override:/usr/lib/python3/dist-packages/colcon_core/task/python/colcon_distutils_commands:/home/hyh/install/my_first_package/lib/python3.10/site-packages:${PYTHONPATH} /usr/bin/python3 -W ignore:setup.py install is deprecated -W ignore:easy_install command is deprecated setup.py egg_info --egg-base ../../../build/my_first_package build --build-base /home/hyh/build/my_first_package/build install --record /home/hyh/build/my_first_package/install.log --single-version-externally-managed install_data
