[0.096s] DEBUG:colcon:Command line arguments: ['/usr/bin/colcon', 'build']
[0.096s] DEBUG:colcon:Parsed command line arguments: Namespace(log_base=None, log_level=None, verb_name='build', build_base='build', install_base='install', merge_install=False, symlink_install=False, test_result_base=None, continue_on_error=False, executor='parallel', parallel_workers=20, event_handlers=None, ignore_user_meta=False, metas=['./colcon.meta'], base_paths=['.'], packages_ignore=None, packages_ignore_regex=None, paths=None, packages_up_to=None, packages_up_to_regex=None, packages_above=None, packages_above_and_dependencies=None, packages_above_depth=None, packages_select_by_dep=None, packages_skip_by_dep=None, packages_skip_up_to=None, packages_select_build_failed=False, packages_skip_build_finished=False, packages_select_test_failures=False, packages_skip_test_passed=False, packages_select=None, packages_skip=None, packages_select_regex=None, packages_skip_regex=None, packages_start=None, packages_end=None, allow_overriding=[], cmake_args=None, cmake_target=None, cmake_target_skip_unavailable=False, cmake_clean_cache=False, cmake_clean_first=False, cmake_force_configure=False, ament_cmake_args=None, catkin_cmake_args=None, catkin_skip_building_tests=False, mixin_files=None, mixin=None, verb_parser=<colcon_mixin.mixin.mixin_argument.MixinArgumentDecorator object at 0x7e21d7758520>, verb_extension=<colcon_core.verb.build.BuildVerb object at 0x7e21d7855ae0>, main=<bound method BuildVerb.main of <colcon_core.verb.build.BuildVerb object at 0x7e21d7855ae0>>, mixin_verb=('build',))
[0.186s] Level 1:colcon.colcon_core.package_discovery:discover_packages(colcon_meta) check parameters
[0.186s] Level 1:colcon.colcon_core.package_discovery:discover_packages(recursive) check parameters
[0.186s] Level 1:colcon.colcon_core.package_discovery:discover_packages(ignore) check parameters
[0.186s] Level 1:colcon.colcon_core.package_discovery:discover_packages(path) check parameters
[0.186s] Level 1:colcon.colcon_core.package_discovery:discover_packages(colcon_meta) discover
[0.186s] Level 1:colcon.colcon_core.package_discovery:discover_packages(recursive) discover
[0.186s] INFO:colcon.colcon_core.package_discovery:Crawling recursively for packages in '/home/hyh'
[0.186s] Level 1:colcon.colcon_core.package_identification:_identify(.) by extensions ['ignore', 'ignore_ament_install']
[0.186s] Level 1:colcon.colcon_core.package_identification:_identify(.) by extension 'ignore'
[0.186s] Level 1:colcon.colcon_core.package_identification:_identify(.) by extension 'ignore_ament_install'
[0.186s] Level 1:colcon.colcon_core.package_identification:_identify(.) by extensions ['colcon_pkg']
[0.186s] Level 1:colcon.colcon_core.package_identification:_identify(.) by extension 'colcon_pkg'
[0.186s] Level 1:colcon.colcon_core.package_identification:_identify(.) by extensions ['colcon_meta']
[0.186s] Level 1:colcon.colcon_core.package_identification:_identify(.) by extension 'colcon_meta'
[0.186s] Level 1:colcon.colcon_core.package_identification:_identify(.) by extensions ['ros']
[0.186s] Level 1:colcon.colcon_core.package_identification:_identify(.) by extension 'ros'
[0.206s] Level 1:colcon.colcon_core.package_identification:_identify(.) by extensions ['cmake', 'python']
[0.206s] Level 1:colcon.colcon_core.package_identification:_identify(.) by extension 'cmake'
[0.206s] Level 1:colcon.colcon_core.package_identification:_identify(.) by extension 'python'
[0.206s] Level 1:colcon.colcon_core.package_identification:_identify(.) by extensions ['python_setup_py']
[0.206s] Level 1:colcon.colcon_core.package_identification:_identify(.) by extension 'python_setup_py'
[0.206s] Level 1:colcon.colcon_core.package_identification:_identify(build) by extensions ['ignore', 'ignore_ament_install']
[0.206s] Level 1:colcon.colcon_core.package_identification:_identify(build) by extension 'ignore'
[0.206s] Level 1:colcon.colcon_core.package_identification:_identify(build) ignored
[0.206s] Level 1:colcon.colcon_core.package_identification:_identify(install) by extensions ['ignore', 'ignore_ament_install']
[0.206s] Level 1:colcon.colcon_core.package_identification:_identify(install) by extension 'ignore'
[0.206s] Level 1:colcon.colcon_core.package_identification:_identify(install) ignored
[0.206s] Level 1:colcon.colcon_core.package_identification:_identify(linktest) by extensions ['ignore', 'ignore_ament_install']
[0.207s] Level 1:colcon.colcon_core.package_identification:_identify(linktest) by extension 'ignore'
[0.207s] Level 1:colcon.colcon_core.package_identification:_identify(linktest) by extension 'ignore_ament_install'
[0.207s] Level 1:colcon.colcon_core.package_identification:_identify(linktest) by extensions ['colcon_pkg']
[0.207s] Level 1:colcon.colcon_core.package_identification:_identify(linktest) by extension 'colcon_pkg'
[0.207s] Level 1:colcon.colcon_core.package_identification:_identify(linktest) by extensions ['colcon_meta']
[0.207s] Level 1:colcon.colcon_core.package_identification:_identify(linktest) by extension 'colcon_meta'
[0.207s] Level 1:colcon.colcon_core.package_identification:_identify(linktest) by extensions ['ros']
[0.207s] Level 1:colcon.colcon_core.package_identification:_identify(linktest) by extension 'ros'
[0.207s] Level 1:colcon.colcon_core.package_identification:_identify(linktest) by extensions ['cmake', 'python']
[0.207s] Level 1:colcon.colcon_core.package_identification:_identify(linktest) by extension 'cmake'
[0.207s] Level 1:colcon.colcon_core.package_identification:_identify(linktest) by extension 'python'
[0.207s] Level 1:colcon.colcon_core.package_identification:_identify(linktest) by extensions ['python_setup_py']
[0.207s] Level 1:colcon.colcon_core.package_identification:_identify(linktest) by extension 'python_setup_py'
[0.207s] Level 1:colcon.colcon_core.package_identification:_identify(log) by extensions ['ignore', 'ignore_ament_install']
[0.207s] Level 1:colcon.colcon_core.package_identification:_identify(log) by extension 'ignore'
[0.207s] Level 1:colcon.colcon_core.package_identification:_identify(log) ignored
[0.207s] Level 1:colcon.colcon_core.package_identification:_identify(new-dir) by extensions ['ignore', 'ignore_ament_install']
[0.207s] Level 1:colcon.colcon_core.package_identification:_identify(new-dir) by extension 'ignore'
[0.207s] Level 1:colcon.colcon_core.package_identification:_identify(new-dir) by extension 'ignore_ament_install'
[0.207s] Level 1:colcon.colcon_core.package_identification:_identify(new-dir) by extensions ['colcon_pkg']
[0.207s] Level 1:colcon.colcon_core.package_identification:_identify(new-dir) by extension 'colcon_pkg'
[0.207s] Level 1:colcon.colcon_core.package_identification:_identify(new-dir) by extensions ['colcon_meta']
[0.207s] Level 1:colcon.colcon_core.package_identification:_identify(new-dir) by extension 'colcon_meta'
[0.207s] Level 1:colcon.colcon_core.package_identification:_identify(new-dir) by extensions ['ros']
[0.207s] Level 1:colcon.colcon_core.package_identification:_identify(new-dir) by extension 'ros'
[0.207s] Level 1:colcon.colcon_core.package_identification:_identify(new-dir) by extensions ['cmake', 'python']
[0.207s] Level 1:colcon.colcon_core.package_identification:_identify(new-dir) by extension 'cmake'
[0.207s] Level 1:colcon.colcon_core.package_identification:_identify(new-dir) by extension 'python'
[0.208s] Level 1:colcon.colcon_core.package_identification:_identify(new-dir) by extensions ['python_setup_py']
[0.208s] Level 1:colcon.colcon_core.package_identification:_identify(new-dir) by extension 'python_setup_py'
[0.208s] Level 1:colcon.colcon_core.package_identification:_identify(python) by extensions ['ignore', 'ignore_ament_install']
[0.208s] Level 1:colcon.colcon_core.package_identification:_identify(python) by extension 'ignore'
[0.208s] Level 1:colcon.colcon_core.package_identification:_identify(python) by extension 'ignore_ament_install'
[0.208s] Level 1:colcon.colcon_core.package_identification:_identify(python) by extensions ['colcon_pkg']
[0.208s] Level 1:colcon.colcon_core.package_identification:_identify(python) by extension 'colcon_pkg'
[0.208s] Level 1:colcon.colcon_core.package_identification:_identify(python) by extensions ['colcon_meta']
[0.208s] Level 1:colcon.colcon_core.package_identification:_identify(python) by extension 'colcon_meta'
[0.208s] Level 1:colcon.colcon_core.package_identification:_identify(python) by extensions ['ros']
[0.208s] Level 1:colcon.colcon_core.package_identification:_identify(python) by extension 'ros'
[0.208s] Level 1:colcon.colcon_core.package_identification:_identify(python) by extensions ['cmake', 'python']
[0.208s] Level 1:colcon.colcon_core.package_identification:_identify(python) by extension 'cmake'
[0.208s] Level 1:colcon.colcon_core.package_identification:_identify(python) by extension 'python'
[0.208s] Level 1:colcon.colcon_core.package_identification:_identify(python) by extensions ['python_setup_py']
[0.208s] Level 1:colcon.colcon_core.package_identification:_identify(python) by extension 'python_setup_py'
[0.208s] Level 1:colcon.colcon_core.package_identification:_identify(ros2) by extensions ['ignore', 'ignore_ament_install']
[0.208s] Level 1:colcon.colcon_core.package_identification:_identify(ros2) by extension 'ignore'
[0.208s] Level 1:colcon.colcon_core.package_identification:_identify(ros2) by extension 'ignore_ament_install'
[0.208s] Level 1:colcon.colcon_core.package_identification:_identify(ros2) by extensions ['colcon_pkg']
[0.208s] Level 1:colcon.colcon_core.package_identification:_identify(ros2) by extension 'colcon_pkg'
[0.208s] Level 1:colcon.colcon_core.package_identification:_identify(ros2) by extensions ['colcon_meta']
[0.208s] Level 1:colcon.colcon_core.package_identification:_identify(ros2) by extension 'colcon_meta'
[0.208s] Level 1:colcon.colcon_core.package_identification:_identify(ros2) by extensions ['ros']
[0.208s] Level 1:colcon.colcon_core.package_identification:_identify(ros2) by extension 'ros'
[0.208s] Level 1:colcon.colcon_core.package_identification:_identify(ros2) by extensions ['cmake', 'python']
[0.209s] Level 1:colcon.colcon_core.package_identification:_identify(ros2) by extension 'cmake'
[0.209s] Level 1:colcon.colcon_core.package_identification:_identify(ros2) by extension 'python'
[0.209s] Level 1:colcon.colcon_core.package_identification:_identify(ros2) by extensions ['python_setup_py']
[0.209s] Level 1:colcon.colcon_core.package_identification:_identify(ros2) by extension 'python_setup_py'
[0.209s] Level 1:colcon.colcon_core.package_identification:_identify(ros2_prct) by extensions ['ignore', 'ignore_ament_install']
[0.209s] Level 1:colcon.colcon_core.package_identification:_identify(ros2_prct) by extension 'ignore'
[0.209s] Level 1:colcon.colcon_core.package_identification:_identify(ros2_prct) by extension 'ignore_ament_install'
[0.209s] Level 1:colcon.colcon_core.package_identification:_identify(ros2_prct) by extensions ['colcon_pkg']
[0.209s] Level 1:colcon.colcon_core.package_identification:_identify(ros2_prct) by extension 'colcon_pkg'
[0.209s] Level 1:colcon.colcon_core.package_identification:_identify(ros2_prct) by extensions ['colcon_meta']
[0.209s] Level 1:colcon.colcon_core.package_identification:_identify(ros2_prct) by extension 'colcon_meta'
[0.209s] Level 1:colcon.colcon_core.package_identification:_identify(ros2_prct) by extensions ['ros']
[0.209s] Level 1:colcon.colcon_core.package_identification:_identify(ros2_prct) by extension 'ros'
[0.209s] Level 1:colcon.colcon_core.package_identification:_identify(ros2_prct) by extensions ['cmake', 'python']
[0.209s] Level 1:colcon.colcon_core.package_identification:_identify(ros2_prct) by extension 'cmake'
[0.209s] Level 1:colcon.colcon_core.package_identification:_identify(ros2_prct) by extension 'python'
[0.209s] Level 1:colcon.colcon_core.package_identification:_identify(ros2_prct) by extensions ['python_setup_py']
[0.209s] Level 1:colcon.colcon_core.package_identification:_identify(ros2_prct) by extension 'python_setup_py'
[0.209s] Level 1:colcon.colcon_core.package_identification:_identify(ros2_prct/build) by extensions ['ignore', 'ignore_ament_install']
[0.209s] Level 1:colcon.colcon_core.package_identification:_identify(ros2_prct/build) by extension 'ignore'
[0.209s] Level 1:colcon.colcon_core.package_identification:_identify(ros2_prct/build) ignored
[0.209s] Level 1:colcon.colcon_core.package_identification:_identify(ros2_prct/install) by extensions ['ignore', 'ignore_ament_install']
[0.209s] Level 1:colcon.colcon_core.package_identification:_identify(ros2_prct/install) by extension 'ignore'
[0.209s] Level 1:colcon.colcon_core.package_identification:_identify(ros2_prct/install) ignored
[0.209s] Level 1:colcon.colcon_core.package_identification:_identify(ros2_prct/log) by extensions ['ignore', 'ignore_ament_install']
[0.210s] Level 1:colcon.colcon_core.package_identification:_identify(ros2_prct/log) by extension 'ignore'
[0.210s] Level 1:colcon.colcon_core.package_identification:_identify(ros2_prct/log) ignored
[0.210s] Level 1:colcon.colcon_core.package_identification:_identify(ros2_prct/src) by extensions ['ignore', 'ignore_ament_install']
[0.210s] Level 1:colcon.colcon_core.package_identification:_identify(ros2_prct/src) by extension 'ignore'
[0.210s] Level 1:colcon.colcon_core.package_identification:_identify(ros2_prct/src) by extension 'ignore_ament_install'
[0.210s] Level 1:colcon.colcon_core.package_identification:_identify(ros2_prct/src) by extensions ['colcon_pkg']
[0.210s] Level 1:colcon.colcon_core.package_identification:_identify(ros2_prct/src) by extension 'colcon_pkg'
[0.210s] Level 1:colcon.colcon_core.package_identification:_identify(ros2_prct/src) by extensions ['colcon_meta']
[0.210s] Level 1:colcon.colcon_core.package_identification:_identify(ros2_prct/src) by extension 'colcon_meta'
[0.210s] Level 1:colcon.colcon_core.package_identification:_identify(ros2_prct/src) by extensions ['ros']
[0.210s] Level 1:colcon.colcon_core.package_identification:_identify(ros2_prct/src) by extension 'ros'
[0.210s] Level 1:colcon.colcon_core.package_identification:_identify(ros2_prct/src) by extensions ['cmake', 'python']
[0.210s] Level 1:colcon.colcon_core.package_identification:_identify(ros2_prct/src) by extension 'cmake'
[0.210s] Level 1:colcon.colcon_core.package_identification:_identify(ros2_prct/src) by extension 'python'
[0.210s] Level 1:colcon.colcon_core.package_identification:_identify(ros2_prct/src) by extensions ['python_setup_py']
[0.210s] Level 1:colcon.colcon_core.package_identification:_identify(ros2_prct/src) by extension 'python_setup_py'
[0.210s] Level 1:colcon.colcon_core.package_identification:_identify(ros2_prct/src/practice_package) by extensions ['ignore', 'ignore_ament_install']
[0.210s] Level 1:colcon.colcon_core.package_identification:_identify(ros2_prct/src/practice_package) by extension 'ignore'
[0.210s] Level 1:colcon.colcon_core.package_identification:_identify(ros2_prct/src/practice_package) by extension 'ignore_ament_install'
[0.210s] Level 1:colcon.colcon_core.package_identification:_identify(ros2_prct/src/practice_package) by extensions ['colcon_pkg']
[0.210s] Level 1:colcon.colcon_core.package_identification:_identify(ros2_prct/src/practice_package) by extension 'colcon_pkg'
[0.210s] Level 1:colcon.colcon_core.package_identification:_identify(ros2_prct/src/practice_package) by extensions ['colcon_meta']
[0.210s] Level 1:colcon.colcon_core.package_identification:_identify(ros2_prct/src/practice_package) by extension 'colcon_meta'
[0.210s] Level 1:colcon.colcon_core.package_identification:_identify(ros2_prct/src/practice_package) by extensions ['ros']
[0.210s] Level 1:colcon.colcon_core.package_identification:_identify(ros2_prct/src/practice_package) by extension 'ros'
[0.212s] DEBUG:colcon.colcon_core.package_identification:Package 'ros2_prct/src/practice_package' with type 'ros.ament_python' and name 'practice_package'
[0.212s] Level 1:colcon.colcon_core.package_identification:_identify(ros2_prct/src/practice_package_msgs) by extensions ['ignore', 'ignore_ament_install']
[0.212s] Level 1:colcon.colcon_core.package_identification:_identify(ros2_prct/src/practice_package_msgs) by extension 'ignore'
[0.212s] Level 1:colcon.colcon_core.package_identification:_identify(ros2_prct/src/practice_package_msgs) by extension 'ignore_ament_install'
[0.212s] Level 1:colcon.colcon_core.package_identification:_identify(ros2_prct/src/practice_package_msgs) by extensions ['colcon_pkg']
[0.212s] Level 1:colcon.colcon_core.package_identification:_identify(ros2_prct/src/practice_package_msgs) by extension 'colcon_pkg'
[0.212s] Level 1:colcon.colcon_core.package_identification:_identify(ros2_prct/src/practice_package_msgs) by extensions ['colcon_meta']
[0.212s] Level 1:colcon.colcon_core.package_identification:_identify(ros2_prct/src/practice_package_msgs) by extension 'colcon_meta'
[0.212s] Level 1:colcon.colcon_core.package_identification:_identify(ros2_prct/src/practice_package_msgs) by extensions ['ros']
[0.212s] Level 1:colcon.colcon_core.package_identification:_identify(ros2_prct/src/practice_package_msgs) by extension 'ros'
[0.213s] DEBUG:colcon.colcon_core.package_identification:Package 'ros2_prct/src/practice_package_msgs' with type 'ros.ament_cmake' and name 'practice_package_msgs'
[0.213s] Level 1:colcon.colcon_core.package_identification:_identify(ros2_study) by extensions ['ignore', 'ignore_ament_install']
[0.213s] Level 1:colcon.colcon_core.package_identification:_identify(ros2_study) by extension 'ignore'
[0.213s] Level 1:colcon.colcon_core.package_identification:_identify(ros2_study) by extension 'ignore_ament_install'
[0.213s] Level 1:colcon.colcon_core.package_identification:_identify(ros2_study) by extensions ['colcon_pkg']
[0.213s] Level 1:colcon.colcon_core.package_identification:_identify(ros2_study) by extension 'colcon_pkg'
[0.213s] Level 1:colcon.colcon_core.package_identification:_identify(ros2_study) by extensions ['colcon_meta']
[0.213s] Level 1:colcon.colcon_core.package_identification:_identify(ros2_study) by extension 'colcon_meta'
[0.213s] Level 1:colcon.colcon_core.package_identification:_identify(ros2_study) by extensions ['ros']
[0.213s] Level 1:colcon.colcon_core.package_identification:_identify(ros2_study) by extension 'ros'
[0.213s] Level 1:colcon.colcon_core.package_identification:_identify(ros2_study) by extensions ['cmake', 'python']
[0.213s] Level 1:colcon.colcon_core.package_identification:_identify(ros2_study) by extension 'cmake'
[0.213s] Level 1:colcon.colcon_core.package_identification:_identify(ros2_study) by extension 'python'
[0.213s] Level 1:colcon.colcon_core.package_identification:_identify(ros2_study) by extensions ['python_setup_py']
[0.213s] Level 1:colcon.colcon_core.package_identification:_identify(ros2_study) by extension 'python_setup_py'
[0.213s] Level 1:colcon.colcon_core.package_identification:_identify(ros2_study/build) by extensions ['ignore', 'ignore_ament_install']
[0.213s] Level 1:colcon.colcon_core.package_identification:_identify(ros2_study/build) by extension 'ignore'
[0.213s] Level 1:colcon.colcon_core.package_identification:_identify(ros2_study/build) ignored
[0.213s] Level 1:colcon.colcon_core.package_identification:_identify(ros2_study/install) by extensions ['ignore', 'ignore_ament_install']
[0.213s] Level 1:colcon.colcon_core.package_identification:_identify(ros2_study/install) by extension 'ignore'
[0.213s] Level 1:colcon.colcon_core.package_identification:_identify(ros2_study/install) ignored
[0.213s] Level 1:colcon.colcon_core.package_identification:_identify(ros2_study/log) by extensions ['ignore', 'ignore_ament_install']
[0.213s] Level 1:colcon.colcon_core.package_identification:_identify(ros2_study/log) by extension 'ignore'
[0.213s] Level 1:colcon.colcon_core.package_identification:_identify(ros2_study/log) ignored
[0.214s] Level 1:colcon.colcon_core.package_identification:_identify(ros2_study/src) by extensions ['ignore', 'ignore_ament_install']
[0.214s] Level 1:colcon.colcon_core.package_identification:_identify(ros2_study/src) by extension 'ignore'
[0.214s] Level 1:colcon.colcon_core.package_identification:_identify(ros2_study/src) by extension 'ignore_ament_install'
[0.214s] Level 1:colcon.colcon_core.package_identification:_identify(ros2_study/src) by extensions ['colcon_pkg']
[0.214s] Level 1:colcon.colcon_core.package_identification:_identify(ros2_study/src) by extension 'colcon_pkg'
[0.214s] Level 1:colcon.colcon_core.package_identification:_identify(ros2_study/src) by extensions ['colcon_meta']
[0.214s] Level 1:colcon.colcon_core.package_identification:_identify(ros2_study/src) by extension 'colcon_meta'
[0.214s] Level 1:colcon.colcon_core.package_identification:_identify(ros2_study/src) by extensions ['ros']
[0.214s] Level 1:colcon.colcon_core.package_identification:_identify(ros2_study/src) by extension 'ros'
[0.214s] Level 1:colcon.colcon_core.package_identification:_identify(ros2_study/src) by extensions ['cmake', 'python']
[0.214s] Level 1:colcon.colcon_core.package_identification:_identify(ros2_study/src) by extension 'cmake'
[0.214s] Level 1:colcon.colcon_core.package_identification:_identify(ros2_study/src) by extension 'python'
[0.214s] Level 1:colcon.colcon_core.package_identification:_identify(ros2_study/src) by extensions ['python_setup_py']
[0.214s] Level 1:colcon.colcon_core.package_identification:_identify(ros2_study/src) by extension 'python_setup_py'
[0.214s] Level 1:colcon.colcon_core.package_identification:_identify(ros2_study/src/my_first_package) by extensions ['ignore', 'ignore_ament_install']
[0.214s] Level 1:colcon.colcon_core.package_identification:_identify(ros2_study/src/my_first_package) by extension 'ignore'
[0.214s] Level 1:colcon.colcon_core.package_identification:_identify(ros2_study/src/my_first_package) by extension 'ignore_ament_install'
[0.214s] Level 1:colcon.colcon_core.package_identification:_identify(ros2_study/src/my_first_package) by extensions ['colcon_pkg']
[0.214s] Level 1:colcon.colcon_core.package_identification:_identify(ros2_study/src/my_first_package) by extension 'colcon_pkg'
[0.214s] Level 1:colcon.colcon_core.package_identification:_identify(ros2_study/src/my_first_package) by extensions ['colcon_meta']
[0.214s] Level 1:colcon.colcon_core.package_identification:_identify(ros2_study/src/my_first_package) by extension 'colcon_meta'
[0.214s] Level 1:colcon.colcon_core.package_identification:_identify(ros2_study/src/my_first_package) by extensions ['ros']
[0.214s] Level 1:colcon.colcon_core.package_identification:_identify(ros2_study/src/my_first_package) by extension 'ros'
[0.215s] DEBUG:colcon.colcon_core.package_identification:Package 'ros2_study/src/my_first_package' with type 'ros.ament_python' and name 'my_first_package'
[0.215s] Level 1:colcon.colcon_core.package_identification:_identify(ros2_study/src/my_first_package_msgs) by extensions ['ignore', 'ignore_ament_install']
[0.215s] Level 1:colcon.colcon_core.package_identification:_identify(ros2_study/src/my_first_package_msgs) by extension 'ignore'
[0.215s] Level 1:colcon.colcon_core.package_identification:_identify(ros2_study/src/my_first_package_msgs) by extension 'ignore_ament_install'
[0.215s] Level 1:colcon.colcon_core.package_identification:_identify(ros2_study/src/my_first_package_msgs) by extensions ['colcon_pkg']
[0.215s] Level 1:colcon.colcon_core.package_identification:_identify(ros2_study/src/my_first_package_msgs) by extension 'colcon_pkg'
[0.215s] Level 1:colcon.colcon_core.package_identification:_identify(ros2_study/src/my_first_package_msgs) by extensions ['colcon_meta']
[0.215s] Level 1:colcon.colcon_core.package_identification:_identify(ros2_study/src/my_first_package_msgs) by extension 'colcon_meta'
[0.215s] Level 1:colcon.colcon_core.package_identification:_identify(ros2_study/src/my_first_package_msgs) by extensions ['ros']
[0.215s] Level 1:colcon.colcon_core.package_identification:_identify(ros2_study/src/my_first_package_msgs) by extension 'ros'
[0.215s] DEBUG:colcon.colcon_core.package_identification:Package 'ros2_study/src/my_first_package_msgs' with type 'ros.ament_cmake' and name 'my_first_package_msgs'
[0.216s] Level 1:colcon.colcon_core.package_identification:_identify(secret_dir) by extensions ['ignore', 'ignore_ament_install']
[0.216s] Level 1:colcon.colcon_core.package_identification:_identify(secret_dir) by extension 'ignore'
[0.216s] Level 1:colcon.colcon_core.package_identification:_identify(secret_dir) by extension 'ignore_ament_install'
[0.216s] Level 1:colcon.colcon_core.package_identification:_identify(secret_dir) by extensions ['colcon_pkg']
[0.216s] Level 1:colcon.colcon_core.package_identification:_identify(secret_dir) by extension 'colcon_pkg'
[0.216s] Level 1:colcon.colcon_core.package_identification:_identify(secret_dir) by extensions ['colcon_meta']
[0.216s] Level 1:colcon.colcon_core.package_identification:_identify(secret_dir) by extension 'colcon_meta'
[0.216s] Level 1:colcon.colcon_core.package_identification:_identify(secret_dir) by extensions ['ros']
[0.216s] Level 1:colcon.colcon_core.package_identification:_identify(secret_dir) by extension 'ros'
[0.216s] Level 1:colcon.colcon_core.package_identification:_identify(secret_dir) by extensions ['cmake', 'python']
[0.216s] Level 1:colcon.colcon_core.package_identification:_identify(secret_dir) by extension 'cmake'
[0.216s] Level 1:colcon.colcon_core.package_identification:_identify(secret_dir) by extension 'python'
[0.216s] Level 1:colcon.colcon_core.package_identification:_identify(secret_dir) by extensions ['python_setup_py']
[0.216s] Level 1:colcon.colcon_core.package_identification:_identify(secret_dir) by extension 'python_setup_py'
[0.216s] Level 1:colcon.colcon_core.package_identification:_identify(snap) by extensions ['ignore', 'ignore_ament_install']
[0.216s] Level 1:colcon.colcon_core.package_identification:_identify(snap) by extension 'ignore'
[0.216s] Level 1:colcon.colcon_core.package_identification:_identify(snap) by extension 'ignore_ament_install'
[0.216s] Level 1:colcon.colcon_core.package_identification:_identify(snap) by extensions ['colcon_pkg']
[0.216s] Level 1:colcon.colcon_core.package_identification:_identify(snap) by extension 'colcon_pkg'
[0.216s] Level 1:colcon.colcon_core.package_identification:_identify(snap) by extensions ['colcon_meta']
[0.216s] Level 1:colcon.colcon_core.package_identification:_identify(snap) by extension 'colcon_meta'
[0.216s] Level 1:colcon.colcon_core.package_identification:_identify(snap) by extensions ['ros']
[0.216s] Level 1:colcon.colcon_core.package_identification:_identify(snap) by extension 'ros'
[0.216s] Level 1:colcon.colcon_core.package_identification:_identify(snap) by extensions ['cmake', 'python']
[0.216s] Level 1:colcon.colcon_core.package_identification:_identify(snap) by extension 'cmake'
[0.216s] Level 1:colcon.colcon_core.package_identification:_identify(snap) by extension 'python'
[0.216s] Level 1:colcon.colcon_core.package_identification:_identify(snap) by extensions ['python_setup_py']
[0.217s] Level 1:colcon.colcon_core.package_identification:_identify(snap) by extension 'python_setup_py'
[0.217s] Level 1:colcon.colcon_core.package_identification:_identify(tar_test) by extensions ['ignore', 'ignore_ament_install']
[0.217s] Level 1:colcon.colcon_core.package_identification:_identify(tar_test) by extension 'ignore'
[0.217s] Level 1:colcon.colcon_core.package_identification:_identify(tar_test) by extension 'ignore_ament_install'
[0.217s] Level 1:colcon.colcon_core.package_identification:_identify(tar_test) by extensions ['colcon_pkg']
[0.217s] Level 1:colcon.colcon_core.package_identification:_identify(tar_test) by extension 'colcon_pkg'
[0.217s] Level 1:colcon.colcon_core.package_identification:_identify(tar_test) by extensions ['colcon_meta']
[0.217s] Level 1:colcon.colcon_core.package_identification:_identify(tar_test) by extension 'colcon_meta'
[0.217s] Level 1:colcon.colcon_core.package_identification:_identify(tar_test) by extensions ['ros']
[0.217s] Level 1:colcon.colcon_core.package_identification:_identify(tar_test) by extension 'ros'
[0.217s] Level 1:colcon.colcon_core.package_identification:_identify(tar_test) by extensions ['cmake', 'python']
[0.217s] Level 1:colcon.colcon_core.package_identification:_identify(tar_test) by extension 'cmake'
[0.217s] Level 1:colcon.colcon_core.package_identification:_identify(tar_test) by extension 'python'
[0.217s] Level 1:colcon.colcon_core.package_identification:_identify(tar_test) by extensions ['python_setup_py']
[0.217s] Level 1:colcon.colcon_core.package_identification:_identify(tar_test) by extension 'python_setup_py'
[0.217s] Level 1:colcon.colcon_core.package_identification:_identify(test) by extensions ['ignore', 'ignore_ament_install']
[0.217s] Level 1:colcon.colcon_core.package_identification:_identify(test) by extension 'ignore'
[0.217s] Level 1:colcon.colcon_core.package_identification:_identify(test) by extension 'ignore_ament_install'
[0.217s] Level 1:colcon.colcon_core.package_identification:_identify(test) by extensions ['colcon_pkg']
[0.217s] Level 1:colcon.colcon_core.package_identification:_identify(test) by extension 'colcon_pkg'
[0.217s] Level 1:colcon.colcon_core.package_identification:_identify(test) by extensions ['colcon_meta']
[0.217s] Level 1:colcon.colcon_core.package_identification:_identify(test) by extension 'colcon_meta'
[0.217s] Level 1:colcon.colcon_core.package_identification:_identify(test) by extensions ['ros']
[0.217s] Level 1:colcon.colcon_core.package_identification:_identify(test) by extension 'ros'
[0.217s] Level 1:colcon.colcon_core.package_identification:_identify(test) by extensions ['cmake', 'python']
[0.217s] Level 1:colcon.colcon_core.package_identification:_identify(test) by extension 'cmake'
[0.217s] Level 1:colcon.colcon_core.package_identification:_identify(test) by extension 'python'
[0.218s] Level 1:colcon.colcon_core.package_identification:_identify(test) by extensions ['python_setup_py']
[0.218s] Level 1:colcon.colcon_core.package_identification:_identify(test) by extension 'python_setup_py'
[0.218s] Level 1:colcon.colcon_core.package_identification:_identify(tgz-test) by extensions ['ignore', 'ignore_ament_install']
[0.218s] Level 1:colcon.colcon_core.package_identification:_identify(tgz-test) by extension 'ignore'
[0.218s] Level 1:colcon.colcon_core.package_identification:_identify(tgz-test) by extension 'ignore_ament_install'
[0.218s] Level 1:colcon.colcon_core.package_identification:_identify(tgz-test) by extensions ['colcon_pkg']
[0.218s] Level 1:colcon.colcon_core.package_identification:_identify(tgz-test) by extension 'colcon_pkg'
[0.218s] Level 1:colcon.colcon_core.package_identification:_identify(tgz-test) by extensions ['colcon_meta']
[0.218s] Level 1:colcon.colcon_core.package_identification:_identify(tgz-test) by extension 'colcon_meta'
[0.218s] Level 1:colcon.colcon_core.package_identification:_identify(tgz-test) by extensions ['ros']
[0.218s] Level 1:colcon.colcon_core.package_identification:_identify(tgz-test) by extension 'ros'
[0.218s] Level 1:colcon.colcon_core.package_identification:_identify(tgz-test) by extensions ['cmake', 'python']
[0.218s] Level 1:colcon.colcon_core.package_identification:_identify(tgz-test) by extension 'cmake'
[0.218s] Level 1:colcon.colcon_core.package_identification:_identify(tgz-test) by extension 'python'
[0.218s] Level 1:colcon.colcon_core.package_identification:_identify(tgz-test) by extensions ['python_setup_py']
[0.218s] Level 1:colcon.colcon_core.package_identification:_identify(tgz-test) by extension 'python_setup_py'
[0.218s] Level 1:colcon.colcon_core.package_discovery:discover_packages(recursive) using defaults
[0.218s] Level 1:colcon.colcon_core.package_discovery:discover_packages(ignore) discover
[0.218s] Level 1:colcon.colcon_core.package_discovery:discover_packages(ignore) using defaults
[0.218s] Level 1:colcon.colcon_core.package_discovery:discover_packages(path) discover
[0.218s] Level 1:colcon.colcon_core.package_discovery:discover_packages(path) using defaults
[0.230s] Level 1:colcon.colcon_core.package_discovery:discover_packages(prefix_path) check parameters
[0.230s] Level 1:colcon.colcon_core.package_discovery:discover_packages(prefix_path) discover
[0.231s] DEBUG:colcon.colcon_installed_package_information.package_discovery:Found 2 installed packages in /home/hyh/ros2_prct/install
[0.232s] DEBUG:colcon.colcon_installed_package_information.package_discovery:Found 2 installed packages in /home/hyh/ros2_study/install
[0.232s] DEBUG:colcon.colcon_installed_package_information.package_discovery:Found 273 installed packages in /opt/ros/humble
[0.233s] Level 1:colcon.colcon_core.package_discovery:discover_packages(prefix_path) using defaults
[0.250s] Level 5:colcon.colcon_core.verb:set package 'my_first_package' build argument 'cmake_args' from command line to 'None'
[0.250s] Level 5:colcon.colcon_core.verb:set package 'my_first_package' build argument 'cmake_target' from command line to 'None'
[0.250s] Level 5:colcon.colcon_core.verb:set package 'my_first_package' build argument 'cmake_target_skip_unavailable' from command line to 'False'
[0.250s] Level 5:colcon.colcon_core.verb:set package 'my_first_package' build argument 'cmake_clean_cache' from command line to 'False'
[0.250s] Level 5:colcon.colcon_core.verb:set package 'my_first_package' build argument 'cmake_clean_first' from command line to 'False'
[0.250s] Level 5:colcon.colcon_core.verb:set package 'my_first_package' build argument 'cmake_force_configure' from command line to 'False'
[0.250s] Level 5:colcon.colcon_core.verb:set package 'my_first_package' build argument 'ament_cmake_args' from command line to 'None'
[0.250s] Level 5:colcon.colcon_core.verb:set package 'my_first_package' build argument 'catkin_cmake_args' from command line to 'None'
[0.250s] Level 5:colcon.colcon_core.verb:set package 'my_first_package' build argument 'catkin_skip_building_tests' from command line to 'False'
[0.250s] DEBUG:colcon.colcon_core.verb:Building package 'my_first_package' with the following arguments: {'ament_cmake_args': None, 'build_base': '/home/hyh/build/my_first_package', 'catkin_cmake_args': None, 'catkin_skip_building_tests': False, 'cmake_args': None, 'cmake_clean_cache': False, 'cmake_clean_first': False, 'cmake_force_configure': False, 'cmake_target': None, 'cmake_target_skip_unavailable': False, 'install_base': '/home/hyh/install/my_first_package', 'merge_install': False, 'path': '/home/hyh/ros2_study/src/my_first_package', 'symlink_install': False, 'test_result_base': None}
[0.251s] Level 5:colcon.colcon_core.verb:set package 'my_first_package_msgs' build argument 'cmake_args' from command line to 'None'
[0.251s] Level 5:colcon.colcon_core.verb:set package 'my_first_package_msgs' build argument 'cmake_target' from command line to 'None'
[0.251s] Level 5:colcon.colcon_core.verb:set package 'my_first_package_msgs' build argument 'cmake_target_skip_unavailable' from command line to 'False'
[0.251s] Level 5:colcon.colcon_core.verb:set package 'my_first_package_msgs' build argument 'cmake_clean_cache' from command line to 'False'
[0.251s] Level 5:colcon.colcon_core.verb:set package 'my_first_package_msgs' build argument 'cmake_clean_first' from command line to 'False'
[0.251s] Level 5:colcon.colcon_core.verb:set package 'my_first_package_msgs' build argument 'cmake_force_configure' from command line to 'False'
[0.251s] Level 5:colcon.colcon_core.verb:set package 'my_first_package_msgs' build argument 'ament_cmake_args' from command line to 'None'
[0.251s] Level 5:colcon.colcon_core.verb:set package 'my_first_package_msgs' build argument 'catkin_cmake_args' from command line to 'None'
[0.251s] Level 5:colcon.colcon_core.verb:set package 'my_first_package_msgs' build argument 'catkin_skip_building_tests' from command line to 'False'
[0.251s] DEBUG:colcon.colcon_core.verb:Building package 'my_first_package_msgs' with the following arguments: {'ament_cmake_args': None, 'build_base': '/home/hyh/build/my_first_package_msgs', 'catkin_cmake_args': None, 'catkin_skip_building_tests': False, 'cmake_args': None, 'cmake_clean_cache': False, 'cmake_clean_first': False, 'cmake_force_configure': False, 'cmake_target': None, 'cmake_target_skip_unavailable': False, 'install_base': '/home/hyh/install/my_first_package_msgs', 'merge_install': False, 'path': '/home/hyh/ros2_study/src/my_first_package_msgs', 'symlink_install': False, 'test_result_base': None}
[0.251s] Level 5:colcon.colcon_core.verb:set package 'practice_package' build argument 'cmake_args' from command line to 'None'
[0.251s] Level 5:colcon.colcon_core.verb:set package 'practice_package' build argument 'cmake_target' from command line to 'None'
[0.251s] Level 5:colcon.colcon_core.verb:set package 'practice_package' build argument 'cmake_target_skip_unavailable' from command line to 'False'
[0.251s] Level 5:colcon.colcon_core.verb:set package 'practice_package' build argument 'cmake_clean_cache' from command line to 'False'
[0.251s] Level 5:colcon.colcon_core.verb:set package 'practice_package' build argument 'cmake_clean_first' from command line to 'False'
[0.251s] Level 5:colcon.colcon_core.verb:set package 'practice_package' build argument 'cmake_force_configure' from command line to 'False'
[0.251s] Level 5:colcon.colcon_core.verb:set package 'practice_package' build argument 'ament_cmake_args' from command line to 'None'
[0.251s] Level 5:colcon.colcon_core.verb:set package 'practice_package' build argument 'catkin_cmake_args' from command line to 'None'
[0.251s] Level 5:colcon.colcon_core.verb:set package 'practice_package' build argument 'catkin_skip_building_tests' from command line to 'False'
[0.251s] DEBUG:colcon.colcon_core.verb:Building package 'practice_package' with the following arguments: {'ament_cmake_args': None, 'build_base': '/home/hyh/build/practice_package', 'catkin_cmake_args': None, 'catkin_skip_building_tests': False, 'cmake_args': None, 'cmake_clean_cache': False, 'cmake_clean_first': False, 'cmake_force_configure': False, 'cmake_target': None, 'cmake_target_skip_unavailable': False, 'install_base': '/home/hyh/install/practice_package', 'merge_install': False, 'path': '/home/hyh/ros2_prct/src/practice_package', 'symlink_install': False, 'test_result_base': None}
[0.251s] Level 5:colcon.colcon_core.verb:set package 'practice_package_msgs' build argument 'cmake_args' from command line to 'None'
[0.251s] Level 5:colcon.colcon_core.verb:set package 'practice_package_msgs' build argument 'cmake_target' from command line to 'None'
[0.251s] Level 5:colcon.colcon_core.verb:set package 'practice_package_msgs' build argument 'cmake_target_skip_unavailable' from command line to 'False'
[0.252s] Level 5:colcon.colcon_core.verb:set package 'practice_package_msgs' build argument 'cmake_clean_cache' from command line to 'False'
[0.252s] Level 5:colcon.colcon_core.verb:set package 'practice_package_msgs' build argument 'cmake_clean_first' from command line to 'False'
[0.252s] Level 5:colcon.colcon_core.verb:set package 'practice_package_msgs' build argument 'cmake_force_configure' from command line to 'False'
[0.252s] Level 5:colcon.colcon_core.verb:set package 'practice_package_msgs' build argument 'ament_cmake_args' from command line to 'None'
[0.252s] Level 5:colcon.colcon_core.verb:set package 'practice_package_msgs' build argument 'catkin_cmake_args' from command line to 'None'
[0.252s] Level 5:colcon.colcon_core.verb:set package 'practice_package_msgs' build argument 'catkin_skip_building_tests' from command line to 'False'
[0.252s] DEBUG:colcon.colcon_core.verb:Building package 'practice_package_msgs' with the following arguments: {'ament_cmake_args': None, 'build_base': '/home/hyh/build/practice_package_msgs', 'catkin_cmake_args': None, 'catkin_skip_building_tests': False, 'cmake_args': None, 'cmake_clean_cache': False, 'cmake_clean_first': False, 'cmake_force_configure': False, 'cmake_target': None, 'cmake_target_skip_unavailable': False, 'install_base': '/home/hyh/install/practice_package_msgs', 'merge_install': False, 'path': '/home/hyh/ros2_prct/src/practice_package_msgs', 'symlink_install': False, 'test_result_base': None}
[0.252s] INFO:colcon.colcon_core.executor:Executing jobs using 'parallel' executor
[0.253s] DEBUG:colcon.colcon_parallel_executor.executor.parallel:run_until_complete
[0.253s] INFO:colcon.colcon_ros.task.ament_python.build:Building ROS package in '/home/hyh/ros2_study/src/my_first_package' with build type 'ament_python'
[0.253s] Level 1:colcon.colcon_core.shell:create_environment_hook('my_first_package', 'ament_prefix_path')
[0.255s] INFO:colcon.colcon_core.plugin_system:Skipping extension 'colcon_core.shell.bat': Not used on non-Windows systems
[0.255s] INFO:colcon.colcon_core.shell:Creating environment hook '/home/hyh/install/my_first_package/share/my_first_package/hook/ament_prefix_path.ps1'
[0.255s] INFO:colcon.colcon_core.shell:Creating environment descriptor '/home/hyh/install/my_first_package/share/my_first_package/hook/ament_prefix_path.dsv'
[0.256s] INFO:colcon.colcon_core.shell:Creating environment hook '/home/hyh/install/my_first_package/share/my_first_package/hook/ament_prefix_path.sh'
[0.256s] INFO:colcon.colcon_core.shell:Skip shell extension 'powershell' for command environment: Not usable outside of PowerShell
[0.256s] DEBUG:colcon.colcon_core.shell:Skip shell extension 'dsv' for command environment
[0.258s] INFO:colcon.colcon_ros.task.ament_cmake.build:Building ROS package in '/home/hyh/ros2_study/src/my_first_package_msgs' with build type 'ament_cmake'
[0.258s] INFO:colcon.colcon_cmake.task.cmake.build:Building CMake package in '/home/hyh/ros2_study/src/my_first_package_msgs'
[0.258s] INFO:colcon.colcon_core.shell:Skip shell extension 'powershell' for command environment: Not usable outside of PowerShell
[0.258s] DEBUG:colcon.colcon_core.shell:Skip shell extension 'dsv' for command environment
[0.260s] INFO:colcon.colcon_ros.task.ament_python.build:Building ROS package in '/home/hyh/ros2_prct/src/practice_package' with build type 'ament_python'
[0.260s] Level 1:colcon.colcon_core.shell:create_environment_hook('practice_package', 'ament_prefix_path')
[0.261s] INFO:colcon.colcon_core.shell:Creating environment hook '/home/hyh/install/practice_package/share/practice_package/hook/ament_prefix_path.ps1'
[0.261s] INFO:colcon.colcon_core.shell:Creating environment descriptor '/home/hyh/install/practice_package/share/practice_package/hook/ament_prefix_path.dsv'
[0.261s] INFO:colcon.colcon_core.shell:Creating environment hook '/home/hyh/install/practice_package/share/practice_package/hook/ament_prefix_path.sh'
[0.262s] INFO:colcon.colcon_core.shell:Skip shell extension 'powershell' for command environment: Not usable outside of PowerShell
[0.262s] DEBUG:colcon.colcon_core.shell:Skip shell extension 'dsv' for command environment
[0.263s] INFO:colcon.colcon_ros.task.ament_cmake.build:Building ROS package in '/home/hyh/ros2_prct/src/practice_package_msgs' with build type 'ament_cmake'
[0.264s] INFO:colcon.colcon_cmake.task.cmake.build:Building CMake package in '/home/hyh/ros2_prct/src/practice_package_msgs'
[0.264s] INFO:colcon.colcon_core.shell:Skip shell extension 'powershell' for command environment: Not usable outside of PowerShell
[0.264s] DEBUG:colcon.colcon_core.shell:Skip shell extension 'dsv' for command environment
[0.414s] INFO:colcon.colcon_core.task.python.build:Building Python package in '/home/hyh/ros2_study/src/my_first_package'
[0.415s] INFO:colcon.colcon_core.shell:Skip shell extension 'powershell' for command environment: Not usable outside of PowerShell
[0.415s] DEBUG:colcon.colcon_core.shell:Skip shell extension 'dsv' for command environment
[0.419s] DEBUG:colcon.colcon_core.event_handler.log_command:Invoking command in '/home/hyh/build/my_first_package_msgs': CMAKE_PREFIX_PATH=${CMAKE_PREFIX_PATH}:/home/hyh/ros2_prct/install/practice_package:/home/hyh/ros2_study/install/my_first_package:/opt/ros/humble /usr/bin/cmake --build /home/hyh/build/my_first_package_msgs -- -j20 -l20
[0.575s] INFO:colcon.colcon_core.task.python.build:Building Python package in '/home/hyh/ros2_prct/src/practice_package'
[0.576s] INFO:colcon.colcon_core.shell:Skip shell extension 'powershell' for command environment: Not usable outside of PowerShell
[0.576s] DEBUG:colcon.colcon_core.shell:Skip shell extension 'dsv' for command environment
[0.582s] DEBUG:colcon.colcon_core.event_handler.log_command:Invoking command in '/home/hyh/build/practice_package_msgs': CMAKE_PREFIX_PATH=${CMAKE_PREFIX_PATH}:/home/hyh/ros2_prct/install/practice_package:/home/hyh/ros2_study/install/my_first_package:/opt/ros/humble /usr/bin/cmake --build /home/hyh/build/practice_package_msgs -- -j20 -l20
[0.636s] DEBUG:colcon.colcon_core.event_handler.log_command:Invoked command in '/home/hyh/build/my_first_package_msgs' returned '0': CMAKE_PREFIX_PATH=${CMAKE_PREFIX_PATH}:/home/hyh/ros2_prct/install/practice_package:/home/hyh/ros2_study/install/my_first_package:/opt/ros/humble /usr/bin/cmake --build /home/hyh/build/my_first_package_msgs -- -j20 -l20
[0.641s] DEBUG:colcon.colcon_core.event_handler.log_command:Invoking command in '/home/hyh/build/my_first_package_msgs': CMAKE_PREFIX_PATH=${CMAKE_PREFIX_PATH}:/home/hyh/ros2_prct/install/practice_package:/home/hyh/ros2_study/install/my_first_package:/opt/ros/humble /usr/bin/cmake --install /home/hyh/build/my_first_package_msgs
[0.680s] Level 1:colcon.colcon_core.environment:create_environment_scripts_only(my_first_package_msgs)
[0.684s] Level 1:colcon.colcon_core.environment:checking '/home/hyh/install/my_first_package_msgs' for CMake module files
[0.685s] Level 1:colcon.colcon_core.environment:checking '/home/hyh/install/my_first_package_msgs' for CMake config files
[0.686s] Level 1:colcon.colcon_core.shell:create_environment_hook('my_first_package_msgs', 'cmake_prefix_path')
[0.686s] INFO:colcon.colcon_core.shell:Creating environment hook '/home/hyh/install/my_first_package_msgs/share/my_first_package_msgs/hook/cmake_prefix_path.ps1'
[0.687s] INFO:colcon.colcon_core.shell:Creating environment descriptor '/home/hyh/install/my_first_package_msgs/share/my_first_package_msgs/hook/cmake_prefix_path.dsv'
[0.687s] DEBUG:colcon.colcon_core.event_handler.log_command:Invoked command in '/home/hyh/build/my_first_package_msgs' returned '0': CMAKE_PREFIX_PATH=${CMAKE_PREFIX_PATH}:/home/hyh/ros2_prct/install/practice_package:/home/hyh/ros2_study/install/my_first_package:/opt/ros/humble /usr/bin/cmake --install /home/hyh/build/my_first_package_msgs
[0.687s] INFO:colcon.colcon_core.shell:Creating environment hook '/home/hyh/install/my_first_package_msgs/share/my_first_package_msgs/hook/cmake_prefix_path.sh'
[0.688s] Level 1:colcon.colcon_core.environment:checking '/home/hyh/install/my_first_package_msgs/lib'
[0.688s] Level 1:colcon.colcon_core.shell:create_environment_hook('my_first_package_msgs', 'ld_library_path_lib')
[0.689s] INFO:colcon.colcon_core.shell:Creating environment hook '/home/hyh/install/my_first_package_msgs/share/my_first_package_msgs/hook/ld_library_path_lib.ps1'
[0.689s] INFO:colcon.colcon_core.shell:Creating environment descriptor '/home/hyh/install/my_first_package_msgs/share/my_first_package_msgs/hook/ld_library_path_lib.dsv'
[0.689s] INFO:colcon.colcon_core.shell:Creating environment hook '/home/hyh/install/my_first_package_msgs/share/my_first_package_msgs/hook/ld_library_path_lib.sh'
[0.689s] Level 1:colcon.colcon_core.environment:checking '/home/hyh/install/my_first_package_msgs/bin'
[0.689s] Level 1:colcon.colcon_core.environment:checking '/home/hyh/install/my_first_package_msgs/lib/pkgconfig/my_first_package_msgs.pc'
[0.690s] Level 1:colcon.colcon_core.environment:checking '/home/hyh/install/my_first_package_msgs/lib/python3.10/site-packages'
[0.690s] Level 1:colcon.colcon_core.environment:checking '/home/hyh/install/my_first_package_msgs/bin'
[0.690s] INFO:colcon.colcon_core.shell:Creating package script '/home/hyh/install/my_first_package_msgs/share/my_first_package_msgs/package.ps1'
[0.691s] INFO:colcon.colcon_core.shell:Creating package descriptor '/home/hyh/install/my_first_package_msgs/share/my_first_package_msgs/package.dsv'
[0.691s] INFO:colcon.colcon_core.shell:Creating package script '/home/hyh/install/my_first_package_msgs/share/my_first_package_msgs/package.sh'
[0.692s] INFO:colcon.colcon_core.shell:Creating package script '/home/hyh/install/my_first_package_msgs/share/my_first_package_msgs/package.bash'
[0.692s] INFO:colcon.colcon_core.shell:Creating package script '/home/hyh/install/my_first_package_msgs/share/my_first_package_msgs/package.zsh'
[0.692s] Level 1:colcon.colcon_core.environment:create_file_with_runtime_dependencies(/home/hyh/install/my_first_package_msgs/share/colcon-core/packages/my_first_package_msgs)
[0.693s] Level 1:colcon.colcon_core.environment:create_environment_scripts_only(my_first_package_msgs)
[0.693s] Level 1:colcon.colcon_core.environment:checking '/home/hyh/install/my_first_package_msgs' for CMake module files
[0.693s] Level 1:colcon.colcon_core.environment:checking '/home/hyh/install/my_first_package_msgs' for CMake config files
[0.693s] Level 1:colcon.colcon_core.shell:create_environment_hook('my_first_package_msgs', 'cmake_prefix_path')
[0.694s] INFO:colcon.colcon_core.shell:Creating environment hook '/home/hyh/install/my_first_package_msgs/share/my_first_package_msgs/hook/cmake_prefix_path.ps1'
[0.694s] INFO:colcon.colcon_core.shell:Creating environment descriptor '/home/hyh/install/my_first_package_msgs/share/my_first_package_msgs/hook/cmake_prefix_path.dsv'
[0.694s] INFO:colcon.colcon_core.shell:Creating environment hook '/home/hyh/install/my_first_package_msgs/share/my_first_package_msgs/hook/cmake_prefix_path.sh'
[0.694s] Level 1:colcon.colcon_core.environment:checking '/home/hyh/install/my_first_package_msgs/lib'
[0.694s] Level 1:colcon.colcon_core.shell:create_environment_hook('my_first_package_msgs', 'ld_library_path_lib')
[0.695s] INFO:colcon.colcon_core.shell:Creating environment hook '/home/hyh/install/my_first_package_msgs/share/my_first_package_msgs/hook/ld_library_path_lib.ps1'
[0.695s] INFO:colcon.colcon_core.shell:Creating environment descriptor '/home/hyh/install/my_first_package_msgs/share/my_first_package_msgs/hook/ld_library_path_lib.dsv'
[0.695s] INFO:colcon.colcon_core.shell:Creating environment hook '/home/hyh/install/my_first_package_msgs/share/my_first_package_msgs/hook/ld_library_path_lib.sh'
[0.695s] Level 1:colcon.colcon_core.environment:checking '/home/hyh/install/my_first_package_msgs/bin'
[0.695s] Level 1:colcon.colcon_core.environment:checking '/home/hyh/install/my_first_package_msgs/lib/pkgconfig/my_first_package_msgs.pc'
[0.695s] Level 1:colcon.colcon_core.environment:checking '/home/hyh/install/my_first_package_msgs/lib/python3.10/site-packages'
[0.696s] Level 1:colcon.colcon_core.environment:checking '/home/hyh/install/my_first_package_msgs/bin'
[0.696s] INFO:colcon.colcon_core.shell:Creating package script '/home/hyh/install/my_first_package_msgs/share/my_first_package_msgs/package.ps1'
[0.696s] INFO:colcon.colcon_core.shell:Creating package descriptor '/home/hyh/install/my_first_package_msgs/share/my_first_package_msgs/package.dsv'
[0.696s] INFO:colcon.colcon_core.shell:Creating package script '/home/hyh/install/my_first_package_msgs/share/my_first_package_msgs/package.sh'
[0.697s] INFO:colcon.colcon_core.shell:Creating package script '/home/hyh/install/my_first_package_msgs/share/my_first_package_msgs/package.bash'
[0.697s] INFO:colcon.colcon_core.shell:Creating package script '/home/hyh/install/my_first_package_msgs/share/my_first_package_msgs/package.zsh'
[0.697s] Level 1:colcon.colcon_core.environment:create_file_with_runtime_dependencies(/home/hyh/install/my_first_package_msgs/share/colcon-core/packages/my_first_package_msgs)
[0.793s] DEBUG:colcon.colcon_core.event_handler.log_command:Invoked command in '/home/hyh/build/practice_package_msgs' returned '0': CMAKE_PREFIX_PATH=${CMAKE_PREFIX_PATH}:/home/hyh/ros2_prct/install/practice_package:/home/hyh/ros2_study/install/my_first_package:/opt/ros/humble /usr/bin/cmake --build /home/hyh/build/practice_package_msgs -- -j20 -l20
[0.794s] DEBUG:colcon.colcon_core.event_handler.log_command:Invoking command in '/home/hyh/build/practice_package_msgs': CMAKE_PREFIX_PATH=${CMAKE_PREFIX_PATH}:/home/hyh/ros2_prct/install/practice_package:/home/hyh/ros2_study/install/my_first_package:/opt/ros/humble /usr/bin/cmake --install /home/hyh/build/practice_package_msgs
[0.809s] DEBUG:colcon.colcon_core.event_handler.log_command:Invoking command in '/home/hyh/ros2_study/src/my_first_package': PYTHONPATH=/home/hyh/build/my_first_package/prefix_override:/usr/lib/python3/dist-packages/colcon_core/task/python/colcon_distutils_commands:/home/hyh/install/my_first_package/lib/python3.10/site-packages:${PYTHONPATH} /usr/bin/python3 -W ignore:setup.py install is deprecated -W ignore:easy_install command is deprecated setup.py egg_info --egg-base ../../../build/my_first_package build --build-base /home/hyh/build/my_first_package/build install --record /home/hyh/build/my_first_package/install.log --single-version-externally-managed install_data
[0.810s] DEBUG:colcon.colcon_core.event_handler.log_command:Invoking command in '/home/hyh/ros2_prct/src/practice_package': PYTHONPATH=/home/hyh/build/practice_package/prefix_override:/usr/lib/python3/dist-packages/colcon_core/task/python/colcon_distutils_commands:/home/hyh/install/practice_package/lib/python3.10/site-packages:${PYTHONPATH} /usr/bin/python3 -W ignore:setup.py install is deprecated -W ignore:easy_install command is deprecated setup.py egg_info --egg-base ../../../build/practice_package build --build-base /home/hyh/build/practice_package/build install --record /home/hyh/build/practice_package/install.log --single-version-externally-managed install_data
[0.829s] Level 1:colcon.colcon_core.environment:create_environment_scripts_only(practice_package_msgs)
[0.829s] Level 1:colcon.colcon_core.environment:checking '/home/hyh/install/practice_package_msgs' for CMake module files
[0.830s] Level 1:colcon.colcon_core.environment:checking '/home/hyh/install/practice_package_msgs' for CMake config files
[0.830s] DEBUG:colcon.colcon_core.event_handler.log_command:Invoked command in '/home/hyh/build/practice_package_msgs' returned '0': CMAKE_PREFIX_PATH=${CMAKE_PREFIX_PATH}:/home/hyh/ros2_prct/install/practice_package:/home/hyh/ros2_study/install/my_first_package:/opt/ros/humble /usr/bin/cmake --install /home/hyh/build/practice_package_msgs
[0.831s] Level 1:colcon.colcon_core.shell:create_environment_hook('practice_package_msgs', 'cmake_prefix_path')
[0.831s] INFO:colcon.colcon_core.shell:Creating environment hook '/home/hyh/install/practice_package_msgs/share/practice_package_msgs/hook/cmake_prefix_path.ps1'
[0.831s] INFO:colcon.colcon_core.shell:Creating environment descriptor '/home/hyh/install/practice_package_msgs/share/practice_package_msgs/hook/cmake_prefix_path.dsv'
[0.831s] INFO:colcon.colcon_core.shell:Creating environment hook '/home/hyh/install/practice_package_msgs/share/practice_package_msgs/hook/cmake_prefix_path.sh'
[0.832s] Level 1:colcon.colcon_core.environment:checking '/home/hyh/install/practice_package_msgs/lib'
[0.832s] Level 1:colcon.colcon_core.shell:create_environment_hook('practice_package_msgs', 'ld_library_path_lib')
[0.832s] INFO:colcon.colcon_core.shell:Creating environment hook '/home/hyh/install/practice_package_msgs/share/practice_package_msgs/hook/ld_library_path_lib.ps1'
[0.832s] INFO:colcon.colcon_core.shell:Creating environment descriptor '/home/hyh/install/practice_package_msgs/share/practice_package_msgs/hook/ld_library_path_lib.dsv'
[0.832s] INFO:colcon.colcon_core.shell:Creating environment hook '/home/hyh/install/practice_package_msgs/share/practice_package_msgs/hook/ld_library_path_lib.sh'
[0.833s] Level 1:colcon.colcon_core.environment:checking '/home/hyh/install/practice_package_msgs/bin'
[0.833s] Level 1:colcon.colcon_core.environment:checking '/home/hyh/install/practice_package_msgs/lib/pkgconfig/practice_package_msgs.pc'
[0.833s] Level 1:colcon.colcon_core.environment:checking '/home/hyh/install/practice_package_msgs/lib/python3.10/site-packages'
[0.833s] Level 1:colcon.colcon_core.environment:checking '/home/hyh/install/practice_package_msgs/bin'
[0.833s] INFO:colcon.colcon_core.shell:Creating package script '/home/hyh/install/practice_package_msgs/share/practice_package_msgs/package.ps1'
[0.834s] INFO:colcon.colcon_core.shell:Creating package descriptor '/home/hyh/install/practice_package_msgs/share/practice_package_msgs/package.dsv'
[0.834s] INFO:colcon.colcon_core.shell:Creating package script '/home/hyh/install/practice_package_msgs/share/practice_package_msgs/package.sh'
[0.834s] INFO:colcon.colcon_core.shell:Creating package script '/home/hyh/install/practice_package_msgs/share/practice_package_msgs/package.bash'
[0.835s] INFO:colcon.colcon_core.shell:Creating package script '/home/hyh/install/practice_package_msgs/share/practice_package_msgs/package.zsh'
[0.835s] Level 1:colcon.colcon_core.environment:create_file_with_runtime_dependencies(/home/hyh/install/practice_package_msgs/share/colcon-core/packages/practice_package_msgs)
[0.835s] Level 1:colcon.colcon_core.environment:create_environment_scripts_only(practice_package_msgs)
[0.835s] Level 1:colcon.colcon_core.environment:checking '/home/hyh/install/practice_package_msgs' for CMake module files
[0.836s] Level 1:colcon.colcon_core.environment:checking '/home/hyh/install/practice_package_msgs' for CMake config files
[0.836s] Level 1:colcon.colcon_core.shell:create_environment_hook('practice_package_msgs', 'cmake_prefix_path')
[0.836s] INFO:colcon.colcon_core.shell:Creating environment hook '/home/hyh/install/practice_package_msgs/share/practice_package_msgs/hook/cmake_prefix_path.ps1'
[0.836s] INFO:colcon.colcon_core.shell:Creating environment descriptor '/home/hyh/install/practice_package_msgs/share/practice_package_msgs/hook/cmake_prefix_path.dsv'
[0.837s] INFO:colcon.colcon_core.shell:Creating environment hook '/home/hyh/install/practice_package_msgs/share/practice_package_msgs/hook/cmake_prefix_path.sh'
[0.837s] Level 1:colcon.colcon_core.environment:checking '/home/hyh/install/practice_package_msgs/lib'
[0.837s] Level 1:colcon.colcon_core.shell:create_environment_hook('practice_package_msgs', 'ld_library_path_lib')
[0.837s] INFO:colcon.colcon_core.shell:Creating environment hook '/home/hyh/install/practice_package_msgs/share/practice_package_msgs/hook/ld_library_path_lib.ps1'
[0.837s] INFO:colcon.colcon_core.shell:Creating environment descriptor '/home/hyh/install/practice_package_msgs/share/practice_package_msgs/hook/ld_library_path_lib.dsv'
[0.837s] INFO:colcon.colcon_core.shell:Creating environment hook '/home/hyh/install/practice_package_msgs/share/practice_package_msgs/hook/ld_library_path_lib.sh'
[0.838s] Level 1:colcon.colcon_core.environment:checking '/home/hyh/install/practice_package_msgs/bin'
[0.838s] Level 1:colcon.colcon_core.environment:checking '/home/hyh/install/practice_package_msgs/lib/pkgconfig/practice_package_msgs.pc'
[0.838s] Level 1:colcon.colcon_core.environment:checking '/home/hyh/install/practice_package_msgs/lib/python3.10/site-packages'
[0.838s] Level 1:colcon.colcon_core.environment:checking '/home/hyh/install/practice_package_msgs/bin'
[0.838s] INFO:colcon.colcon_core.shell:Creating package script '/home/hyh/install/practice_package_msgs/share/practice_package_msgs/package.ps1'
[0.839s] INFO:colcon.colcon_core.shell:Creating package descriptor '/home/hyh/install/practice_package_msgs/share/practice_package_msgs/package.dsv'
[0.839s] INFO:colcon.colcon_core.shell:Creating package script '/home/hyh/install/practice_package_msgs/share/practice_package_msgs/package.sh'
[0.839s] INFO:colcon.colcon_core.shell:Creating package script '/home/hyh/install/practice_package_msgs/share/practice_package_msgs/package.bash'
[0.840s] INFO:colcon.colcon_core.shell:Creating package script '/home/hyh/install/practice_package_msgs/share/practice_package_msgs/package.zsh'
[0.840s] Level 1:colcon.colcon_core.environment:create_file_with_runtime_dependencies(/home/hyh/install/practice_package_msgs/share/colcon-core/packages/practice_package_msgs)
[0.974s] Level 1:colcon.colcon_core.environment:checking '/home/hyh/install/my_first_package' for CMake module files
[0.975s] DEBUG:colcon.colcon_core.event_handler.log_command:Invoked command in '/home/hyh/ros2_study/src/my_first_package' returned '0': PYTHONPATH=/home/hyh/build/my_first_package/prefix_override:/usr/lib/python3/dist-packages/colcon_core/task/python/colcon_distutils_commands:/home/hyh/install/my_first_package/lib/python3.10/site-packages:${PYTHONPATH} /usr/bin/python3 -W ignore:setup.py install is deprecated -W ignore:easy_install command is deprecated setup.py egg_info --egg-base ../../../build/my_first_package build --build-base /home/hyh/build/my_first_package/build install --record /home/hyh/build/my_first_package/install.log --single-version-externally-managed install_data
[0.975s] Level 1:colcon.colcon_core.environment:checking '/home/hyh/install/my_first_package' for CMake config files
[0.975s] Level 1:colcon.colcon_core.environment:checking '/home/hyh/install/my_first_package/lib'
[0.975s] Level 1:colcon.colcon_core.environment:checking '/home/hyh/install/my_first_package/bin'
[0.975s] Level 1:colcon.colcon_core.environment:checking '/home/hyh/install/my_first_package/lib/pkgconfig/my_first_package.pc'
[0.976s] Level 1:colcon.colcon_core.environment:checking '/home/hyh/install/my_first_package/lib/python3.10/site-packages'
[0.976s] Level 1:colcon.colcon_core.shell:create_environment_hook('my_first_package', 'pythonpath')
[0.976s] INFO:colcon.colcon_core.shell:Creating environment hook '/home/hyh/install/my_first_package/share/my_first_package/hook/pythonpath.ps1'
[0.976s] INFO:colcon.colcon_core.shell:Creating environment descriptor '/home/hyh/install/my_first_package/share/my_first_package/hook/pythonpath.dsv'
[0.976s] INFO:colcon.colcon_core.shell:Creating environment hook '/home/hyh/install/my_first_package/share/my_first_package/hook/pythonpath.sh'
[0.977s] Level 1:colcon.colcon_core.environment:checking '/home/hyh/install/my_first_package/bin'
[0.977s] Level 1:colcon.colcon_core.environment:create_environment_scripts_only(my_first_package)
[0.977s] INFO:colcon.colcon_core.shell:Creating package script '/home/hyh/install/my_first_package/share/my_first_package/package.ps1'
[0.977s] INFO:colcon.colcon_core.shell:Creating package descriptor '/home/hyh/install/my_first_package/share/my_first_package/package.dsv'
[0.978s] INFO:colcon.colcon_core.shell:Creating package script '/home/hyh/install/my_first_package/share/my_first_package/package.sh'
[0.978s] INFO:colcon.colcon_core.shell:Creating package script '/home/hyh/install/my_first_package/share/my_first_package/package.bash'
[0.978s] INFO:colcon.colcon_core.shell:Creating package script '/home/hyh/install/my_first_package/share/my_first_package/package.zsh'
[0.979s] Level 1:colcon.colcon_core.environment:create_file_with_runtime_dependencies(/home/hyh/install/my_first_package/share/colcon-core/packages/my_first_package)
[0.980s] Level 1:colcon.colcon_core.environment:checking '/home/hyh/install/practice_package' for CMake module files
[0.980s] Level 1:colcon.colcon_core.environment:checking '/home/hyh/install/practice_package' for CMake config files
[0.980s] DEBUG:colcon.colcon_core.event_handler.log_command:Invoked command in '/home/hyh/ros2_prct/src/practice_package' returned '0': PYTHONPATH=/home/hyh/build/practice_package/prefix_override:/usr/lib/python3/dist-packages/colcon_core/task/python/colcon_distutils_commands:/home/hyh/install/practice_package/lib/python3.10/site-packages:${PYTHONPATH} /usr/bin/python3 -W ignore:setup.py install is deprecated -W ignore:easy_install command is deprecated setup.py egg_info --egg-base ../../../build/practice_package build --build-base /home/hyh/build/practice_package/build install --record /home/hyh/build/practice_package/install.log --single-version-externally-managed install_data
[0.981s] Level 1:colcon.colcon_core.environment:checking '/home/hyh/install/practice_package/lib'
[0.981s] Level 1:colcon.colcon_core.environment:checking '/home/hyh/install/practice_package/bin'
[0.981s] Level 1:colcon.colcon_core.environment:checking '/home/hyh/install/practice_package/lib/pkgconfig/practice_package.pc'
[0.981s] Level 1:colcon.colcon_core.environment:checking '/home/hyh/install/practice_package/lib/python3.10/site-packages'
[0.981s] Level 1:colcon.colcon_core.shell:create_environment_hook('practice_package', 'pythonpath')
[0.981s] INFO:colcon.colcon_core.shell:Creating environment hook '/home/hyh/install/practice_package/share/practice_package/hook/pythonpath.ps1'
[0.981s] INFO:colcon.colcon_core.shell:Creating environment descriptor '/home/hyh/install/practice_package/share/practice_package/hook/pythonpath.dsv'
[0.982s] INFO:colcon.colcon_core.shell:Creating environment hook '/home/hyh/install/practice_package/share/practice_package/hook/pythonpath.sh'
[0.982s] Level 1:colcon.colcon_core.environment:checking '/home/hyh/install/practice_package/bin'
[0.982s] Level 1:colcon.colcon_core.environment:create_environment_scripts_only(practice_package)
[0.982s] INFO:colcon.colcon_core.shell:Creating package script '/home/hyh/install/practice_package/share/practice_package/package.ps1'
[0.983s] INFO:colcon.colcon_core.shell:Creating package descriptor '/home/hyh/install/practice_package/share/practice_package/package.dsv'
[0.983s] INFO:colcon.colcon_core.shell:Creating package script '/home/hyh/install/practice_package/share/practice_package/package.sh'
[0.983s] INFO:colcon.colcon_core.shell:Creating package script '/home/hyh/install/practice_package/share/practice_package/package.bash'
[0.983s] INFO:colcon.colcon_core.shell:Creating package script '/home/hyh/install/practice_package/share/practice_package/package.zsh'
[0.983s] Level 1:colcon.colcon_core.environment:create_file_with_runtime_dependencies(/home/hyh/install/practice_package/share/colcon-core/packages/practice_package)
[0.984s] DEBUG:colcon.colcon_parallel_executor.executor.parallel:closing loop
[0.984s] DEBUG:colcon.colcon_parallel_executor.executor.parallel:loop closed
[0.984s] DEBUG:colcon.colcon_parallel_executor.executor.parallel:run_until_complete finished with '0'
[0.984s] DEBUG:colcon.colcon_core.event_reactor:joining thread
[1.003s] INFO:colcon.colcon_core.plugin_system:Skipping extension 'colcon_notification.desktop_notification.notify_send': Could not find 'notify-send'
[1.003s] INFO:colcon.colcon_core.plugin_system:Skipping extension 'colcon_notification.desktop_notification.terminal_notifier': Not used on non-Darwin systems
[1.003s] INFO:colcon.colcon_core.plugin_system:Skipping extension 'colcon_notification.desktop_notification.win32': Not used on non-Windows systems
[1.003s] INFO:colcon.colcon_notification.desktop_notification:Sending desktop notification using 'notify2'
[1.003s] DEBUG:colcon.colcon_notification.desktop_notification.notify2:Failed to initialize notify2: org.freedesktop.DBus.Error.FileNotFound: Failed to connect to socket /run/user/1000/bus: No such file or directory
[1.003s] DEBUG:colcon.colcon_core.event_reactor:joined thread
[1.004s] INFO:colcon.colcon_core.shell:Creating prefix script '/home/hyh/install/local_setup.ps1'
[1.004s] INFO:colcon.colcon_core.shell:Creating prefix util module '/home/hyh/install/_local_setup_util_ps1.py'
[1.005s] INFO:colcon.colcon_core.shell:Creating prefix chain script '/home/hyh/install/setup.ps1'
[1.005s] INFO:colcon.colcon_core.shell:Creating prefix script '/home/hyh/install/local_setup.sh'
[1.006s] INFO:colcon.colcon_core.shell:Creating prefix util module '/home/hyh/install/_local_setup_util_sh.py'
[1.006s] INFO:colcon.colcon_core.shell:Creating prefix chain script '/home/hyh/install/setup.sh'
[1.007s] INFO:colcon.colcon_core.shell:Creating prefix script '/home/hyh/install/local_setup.bash'
[1.007s] INFO:colcon.colcon_core.shell:Creating prefix chain script '/home/hyh/install/setup.bash'
[1.008s] INFO:colcon.colcon_core.shell:Creating prefix script '/home/hyh/install/local_setup.zsh'
[1.008s] INFO:colcon.colcon_core.shell:Creating prefix chain script '/home/hyh/install/setup.zsh'
