[0.154s] Invoking command in '/home/hyh/ros2_laser/build/laser_package_msgs': CMAKE_PREFIX_PATH=${CMAKE_PREFIX_PATH}:/home/hyh/ros2_laser/install/laser_package:/home/hyh/ros2_prct/install/practice_package:/home/hyh/ros2_study/install/my_first_package:/opt/ros/humble /usr/bin/cmake --build /home/hyh/ros2_laser/build/laser_package_msgs -- -j20 -l20
[0.184s] [  3%] Built target laser_package_msgs__cpp
[0.185s] [ 12%] Built target laser_package_msgs__rosidl_generator_c
[0.193s] [ 12%] Built target ament_cmake_python_copy_laser_package_msgs
[0.199s] [ 45%] Built target laser_package_msgs__rosidl_typesupport_cpp
[0.200s] [ 45%] Built target laser_package_msgs__rosidl_typesupport_c
[0.200s] [ 45%] Built target laser_package_msgs__rosidl_typesupport_fastrtps_c
[0.200s] [ 51%] Built target laser_package_msgs__rosidl_typesupport_fastrtps_cpp
[0.201s] [ 61%] Built target laser_package_msgs__rosidl_typesupport_introspection_cpp
[0.202s] [ 70%] Built target laser_package_msgs__rosidl_typesupport_introspection_c
[0.214s] [ 70%] Built target laser_package_msgs
[0.226s] [ 74%] Built target laser_package_msgs__py
[0.239s] [ 80%] Built target laser_package_msgs__rosidl_generator_py
[0.252s] [100%] Built target laser_package_msgs__rosidl_typesupport_fastrtps_c__pyext
[0.252s] [100%] Built target laser_package_msgs__rosidl_typesupport_c__pyext
[0.252s] [100%] Built target laser_package_msgs__rosidl_typesupport_introspection_c__pyext
[0.338s] running egg_info
[0.339s] writing laser_package_msgs.egg-info/PKG-INFO
[0.339s] writing dependency_links to laser_package_msgs.egg-info/dependency_links.txt
[0.339s] writing top-level names to laser_package_msgs.egg-info/top_level.txt
[0.341s] reading manifest file 'laser_package_msgs.egg-info/SOURCES.txt'
[0.341s] writing manifest file 'laser_package_msgs.egg-info/SOURCES.txt'
[0.357s] [100%] Built target ament_cmake_python_build_laser_package_msgs_egg
[0.364s] Invoked command in '/home/hyh/ros2_laser/build/laser_package_msgs' returned '0': CMAKE_PREFIX_PATH=${CMAKE_PREFIX_PATH}:/home/hyh/ros2_laser/install/laser_package:/home/hyh/ros2_prct/install/practice_package:/home/hyh/ros2_study/install/my_first_package:/opt/ros/humble /usr/bin/cmake --build /home/hyh/ros2_laser/build/laser_package_msgs -- -j20 -l20
[0.370s] Invoking command in '/home/hyh/ros2_laser/build/laser_package_msgs': CMAKE_PREFIX_PATH=${CMAKE_PREFIX_PATH}:/home/hyh/ros2_laser/install/laser_package:/home/hyh/ros2_prct/install/practice_package:/home/hyh/ros2_study/install/my_first_package:/opt/ros/humble /usr/bin/cmake --install /home/hyh/ros2_laser/build/laser_package_msgs
[0.375s] -- Install configuration: ""
[0.375s] -- Up-to-date: /home/hyh/ros2_laser/install/laser_package_msgs/share/ament_index/resource_index/rosidl_interfaces/laser_package_msgs
[0.375s] -- Up-to-date: /home/hyh/ros2_laser/install/laser_package_msgs/include/laser_package_msgs/laser_package_msgs
[0.375s] -- Up-to-date: /home/hyh/ros2_laser/install/laser_package_msgs/include/laser_package_msgs/laser_package_msgs/msg
[0.375s] -- Up-to-date: /home/hyh/ros2_laser/install/laser_package_msgs/include/laser_package_msgs/laser_package_msgs/msg/detail
[0.375s] -- Up-to-date: /home/hyh/ros2_laser/install/laser_package_msgs/include/laser_package_msgs/laser_package_msgs/msg/detail/laser__functions.h
[0.375s] -- Up-to-date: /home/hyh/ros2_laser/install/laser_package_msgs/include/laser_package_msgs/laser_package_msgs/msg/detail/laser__struct.h
[0.375s] -- Up-to-date: /home/hyh/ros2_laser/install/laser_package_msgs/include/laser_package_msgs/laser_package_msgs/msg/detail/laser__type_support.h
[0.376s] -- Up-to-date: /home/hyh/ros2_laser/install/laser_package_msgs/include/laser_package_msgs/laser_package_msgs/msg/detail/laser__functions.c
[0.376s] -- Up-to-date: /home/hyh/ros2_laser/install/laser_package_msgs/include/laser_package_msgs/laser_package_msgs/msg/rosidl_generator_c__visibility_control.h
[0.376s] -- Up-to-date: /home/hyh/ros2_laser/install/laser_package_msgs/include/laser_package_msgs/laser_package_msgs/msg/laser.h
[0.376s] -- Up-to-date: /home/hyh/ros2_laser/install/laser_package_msgs/share/laser_package_msgs/environment/library_path.sh
[0.376s] -- Up-to-date: /home/hyh/ros2_laser/install/laser_package_msgs/share/laser_package_msgs/environment/library_path.dsv
[0.376s] -- Up-to-date: /home/hyh/ros2_laser/install/laser_package_msgs/lib/liblaser_package_msgs__rosidl_generator_c.so
[0.376s] -- Up-to-date: /home/hyh/ros2_laser/install/laser_package_msgs/include/laser_package_msgs/laser_package_msgs
[0.376s] -- Up-to-date: /home/hyh/ros2_laser/install/laser_package_msgs/include/laser_package_msgs/laser_package_msgs/msg
[0.376s] -- Up-to-date: /home/hyh/ros2_laser/install/laser_package_msgs/include/laser_package_msgs/laser_package_msgs/msg/detail
[0.377s] -- Up-to-date: /home/hyh/ros2_laser/install/laser_package_msgs/include/laser_package_msgs/laser_package_msgs/msg/detail/laser__rosidl_typesupport_fastrtps_c.h
[0.377s] -- Up-to-date: /home/hyh/ros2_laser/install/laser_package_msgs/include/laser_package_msgs/laser_package_msgs/msg/rosidl_typesupport_fastrtps_c__visibility_control.h
[0.377s] -- Up-to-date: /home/hyh/ros2_laser/install/laser_package_msgs/lib/liblaser_package_msgs__rosidl_typesupport_fastrtps_c.so
[0.377s] -- Up-to-date: /home/hyh/ros2_laser/install/laser_package_msgs/include/laser_package_msgs/laser_package_msgs
[0.377s] -- Up-to-date: /home/hyh/ros2_laser/install/laser_package_msgs/include/laser_package_msgs/laser_package_msgs/msg
[0.377s] -- Up-to-date: /home/hyh/ros2_laser/install/laser_package_msgs/include/laser_package_msgs/laser_package_msgs/msg/detail
[0.377s] -- Up-to-date: /home/hyh/ros2_laser/install/laser_package_msgs/include/laser_package_msgs/laser_package_msgs/msg/detail/laser__type_support.c
[0.377s] -- Up-to-date: /home/hyh/ros2_laser/install/laser_package_msgs/include/laser_package_msgs/laser_package_msgs/msg/detail/laser__rosidl_typesupport_introspection_c.h
[0.377s] -- Up-to-date: /home/hyh/ros2_laser/install/laser_package_msgs/include/laser_package_msgs/laser_package_msgs/msg/rosidl_typesupport_introspection_c__visibility_control.h
[0.377s] -- Up-to-date: /home/hyh/ros2_laser/install/laser_package_msgs/lib/liblaser_package_msgs__rosidl_typesupport_introspection_c.so
[0.377s] -- Up-to-date: /home/hyh/ros2_laser/install/laser_package_msgs/lib/liblaser_package_msgs__rosidl_typesupport_c.so
[0.377s] -- Up-to-date: /home/hyh/ros2_laser/install/laser_package_msgs/include/laser_package_msgs/laser_package_msgs
[0.378s] -- Up-to-date: /home/hyh/ros2_laser/install/laser_package_msgs/include/laser_package_msgs/laser_package_msgs/msg
[0.378s] -- Up-to-date: /home/hyh/ros2_laser/install/laser_package_msgs/include/laser_package_msgs/laser_package_msgs/msg/detail
[0.378s] -- Up-to-date: /home/hyh/ros2_laser/install/laser_package_msgs/include/laser_package_msgs/laser_package_msgs/msg/detail/laser__type_support.hpp
[0.378s] -- Up-to-date: /home/hyh/ros2_laser/install/laser_package_msgs/include/laser_package_msgs/laser_package_msgs/msg/detail/laser__traits.hpp
[0.378s] -- Up-to-date: /home/hyh/ros2_laser/install/laser_package_msgs/include/laser_package_msgs/laser_package_msgs/msg/detail/laser__struct.hpp
[0.378s] -- Up-to-date: /home/hyh/ros2_laser/install/laser_package_msgs/include/laser_package_msgs/laser_package_msgs/msg/detail/laser__builder.hpp
[0.378s] -- Up-to-date: /home/hyh/ros2_laser/install/laser_package_msgs/include/laser_package_msgs/laser_package_msgs/msg/laser.hpp
[0.378s] -- Up-to-date: /home/hyh/ros2_laser/install/laser_package_msgs/include/laser_package_msgs/laser_package_msgs/msg/rosidl_generator_cpp__visibility_control.hpp
[0.378s] -- Up-to-date: /home/hyh/ros2_laser/install/laser_package_msgs/include/laser_package_msgs/laser_package_msgs
[0.378s] -- Up-to-date: /home/hyh/ros2_laser/install/laser_package_msgs/include/laser_package_msgs/laser_package_msgs/msg
[0.378s] -- Up-to-date: /home/hyh/ros2_laser/install/laser_package_msgs/include/laser_package_msgs/laser_package_msgs/msg/detail
[0.378s] -- Up-to-date: /home/hyh/ros2_laser/install/laser_package_msgs/include/laser_package_msgs/laser_package_msgs/msg/detail/dds_fastrtps
[0.378s] -- Up-to-date: /home/hyh/ros2_laser/install/laser_package_msgs/include/laser_package_msgs/laser_package_msgs/msg/detail/laser__rosidl_typesupport_fastrtps_cpp.hpp
[0.378s] -- Up-to-date: /home/hyh/ros2_laser/install/laser_package_msgs/include/laser_package_msgs/laser_package_msgs/msg/rosidl_typesupport_fastrtps_cpp__visibility_control.h
[0.378s] -- Up-to-date: /home/hyh/ros2_laser/install/laser_package_msgs/lib/liblaser_package_msgs__rosidl_typesupport_fastrtps_cpp.so
[0.379s] -- Up-to-date: /home/hyh/ros2_laser/install/laser_package_msgs/include/laser_package_msgs/laser_package_msgs
[0.379s] -- Up-to-date: /home/hyh/ros2_laser/install/laser_package_msgs/include/laser_package_msgs/laser_package_msgs/msg
[0.379s] -- Up-to-date: /home/hyh/ros2_laser/install/laser_package_msgs/include/laser_package_msgs/laser_package_msgs/msg/detail
[0.379s] -- Up-to-date: /home/hyh/ros2_laser/install/laser_package_msgs/include/laser_package_msgs/laser_package_msgs/msg/detail/laser__type_support.cpp
[0.379s] -- Up-to-date: /home/hyh/ros2_laser/install/laser_package_msgs/include/laser_package_msgs/laser_package_msgs/msg/detail/laser__rosidl_typesupport_introspection_cpp.hpp
[0.379s] -- Up-to-date: /home/hyh/ros2_laser/install/laser_package_msgs/lib/liblaser_package_msgs__rosidl_typesupport_introspection_cpp.so
[0.379s] -- Up-to-date: /home/hyh/ros2_laser/install/laser_package_msgs/lib/liblaser_package_msgs__rosidl_typesupport_cpp.so
[0.379s] -- Up-to-date: /home/hyh/ros2_laser/install/laser_package_msgs/share/laser_package_msgs/environment/pythonpath.sh
[0.379s] -- Up-to-date: /home/hyh/ros2_laser/install/laser_package_msgs/share/laser_package_msgs/environment/pythonpath.dsv
[0.379s] -- Up-to-date: /home/hyh/ros2_laser/install/laser_package_msgs/local/lib/python3.10/dist-packages/laser_package_msgs-0.0.0-py3.10.egg-info
[0.379s] -- Installing: /home/hyh/ros2_laser/install/laser_package_msgs/local/lib/python3.10/dist-packages/laser_package_msgs-0.0.0-py3.10.egg-info/dependency_links.txt
[0.379s] -- Installing: /home/hyh/ros2_laser/install/laser_package_msgs/local/lib/python3.10/dist-packages/laser_package_msgs-0.0.0-py3.10.egg-info/SOURCES.txt
[0.379s] -- Installing: /home/hyh/ros2_laser/install/laser_package_msgs/local/lib/python3.10/dist-packages/laser_package_msgs-0.0.0-py3.10.egg-info/PKG-INFO
[0.379s] -- Installing: /home/hyh/ros2_laser/install/laser_package_msgs/local/lib/python3.10/dist-packages/laser_package_msgs-0.0.0-py3.10.egg-info/top_level.txt
[0.379s] -- Up-to-date: /home/hyh/ros2_laser/install/laser_package_msgs/local/lib/python3.10/dist-packages/laser_package_msgs
[0.380s] -- Up-to-date: /home/hyh/ros2_laser/install/laser_package_msgs/local/lib/python3.10/dist-packages/laser_package_msgs/__init__.py
[0.380s] -- Up-to-date: /home/hyh/ros2_laser/install/laser_package_msgs/local/lib/python3.10/dist-packages/laser_package_msgs/laser_package_msgs_s__rosidl_typesupport_c.cpython-310-x86_64-linux-gnu.so
[0.380s] -- Up-to-date: /home/hyh/ros2_laser/install/laser_package_msgs/local/lib/python3.10/dist-packages/laser_package_msgs/msg
[0.380s] -- Up-to-date: /home/hyh/ros2_laser/install/laser_package_msgs/local/lib/python3.10/dist-packages/laser_package_msgs/msg/__init__.py
[0.380s] -- Up-to-date: /home/hyh/ros2_laser/install/laser_package_msgs/local/lib/python3.10/dist-packages/laser_package_msgs/msg/_laser_s.c
[0.380s] -- Up-to-date: /home/hyh/ros2_laser/install/laser_package_msgs/local/lib/python3.10/dist-packages/laser_package_msgs/msg/_laser.py
[0.380s] -- Up-to-date: /home/hyh/ros2_laser/install/laser_package_msgs/local/lib/python3.10/dist-packages/laser_package_msgs/liblaser_package_msgs__rosidl_generator_py.so
[0.380s] -- Up-to-date: /home/hyh/ros2_laser/install/laser_package_msgs/local/lib/python3.10/dist-packages/laser_package_msgs/_laser_package_msgs_s.ep.rosidl_typesupport_introspection_c.c
[0.380s] -- Up-to-date: /home/hyh/ros2_laser/install/laser_package_msgs/local/lib/python3.10/dist-packages/laser_package_msgs/laser_package_msgs_s__rosidl_typesupport_fastrtps_c.cpython-310-x86_64-linux-gnu.so
[0.380s] -- Up-to-date: /home/hyh/ros2_laser/install/laser_package_msgs/local/lib/python3.10/dist-packages/laser_package_msgs/_laser_package_msgs_s.ep.rosidl_typesupport_c.c
[0.380s] -- Up-to-date: /home/hyh/ros2_laser/install/laser_package_msgs/local/lib/python3.10/dist-packages/laser_package_msgs/_laser_package_msgs_s.ep.rosidl_typesupport_fastrtps_c.c
[0.380s] -- Up-to-date: /home/hyh/ros2_laser/install/laser_package_msgs/local/lib/python3.10/dist-packages/laser_package_msgs/laser_package_msgs_s__rosidl_typesupport_introspection_c.cpython-310-x86_64-linux-gnu.so
[0.398s] Listing '/home/hyh/ros2_laser/install/laser_package_msgs/local/lib/python3.10/dist-packages/laser_package_msgs'...
[0.398s] Listing '/home/hyh/ros2_laser/install/laser_package_msgs/local/lib/python3.10/dist-packages/laser_package_msgs/msg'...
[0.400s] -- Up-to-date: /home/hyh/ros2_laser/install/laser_package_msgs/local/lib/python3.10/dist-packages/laser_package_msgs/laser_package_msgs_s__rosidl_typesupport_fastrtps_c.cpython-310-x86_64-linux-gnu.so
[0.401s] -- Up-to-date: /home/hyh/ros2_laser/install/laser_package_msgs/local/lib/python3.10/dist-packages/laser_package_msgs/laser_package_msgs_s__rosidl_typesupport_introspection_c.cpython-310-x86_64-linux-gnu.so
[0.401s] -- Up-to-date: /home/hyh/ros2_laser/install/laser_package_msgs/local/lib/python3.10/dist-packages/laser_package_msgs/laser_package_msgs_s__rosidl_typesupport_c.cpython-310-x86_64-linux-gnu.so
[0.401s] -- Up-to-date: /home/hyh/ros2_laser/install/laser_package_msgs/lib/liblaser_package_msgs__rosidl_generator_py.so
[0.401s] -- Up-to-date: /home/hyh/ros2_laser/install/laser_package_msgs/share/laser_package_msgs/msg/Laser.idl
[0.401s] -- Up-to-date: /home/hyh/ros2_laser/install/laser_package_msgs/share/laser_package_msgs/msg/Laser.msg
[0.401s] -- Up-to-date: /home/hyh/ros2_laser/install/laser_package_msgs/share/ament_index/resource_index/package_run_dependencies/laser_package_msgs
[0.401s] -- Up-to-date: /home/hyh/ros2_laser/install/laser_package_msgs/share/ament_index/resource_index/parent_prefix_path/laser_package_msgs
[0.401s] -- Up-to-date: /home/hyh/ros2_laser/install/laser_package_msgs/share/laser_package_msgs/environment/ament_prefix_path.sh
[0.401s] -- Up-to-date: /home/hyh/ros2_laser/install/laser_package_msgs/share/laser_package_msgs/environment/ament_prefix_path.dsv
[0.402s] -- Up-to-date: /home/hyh/ros2_laser/install/laser_package_msgs/share/laser_package_msgs/environment/path.sh
[0.402s] -- Up-to-date: /home/hyh/ros2_laser/install/laser_package_msgs/share/laser_package_msgs/environment/path.dsv
[0.402s] -- Up-to-date: /home/hyh/ros2_laser/install/laser_package_msgs/share/laser_package_msgs/local_setup.bash
[0.402s] -- Up-to-date: /home/hyh/ros2_laser/install/laser_package_msgs/share/laser_package_msgs/local_setup.sh
[0.402s] -- Up-to-date: /home/hyh/ros2_laser/install/laser_package_msgs/share/laser_package_msgs/local_setup.zsh
[0.402s] -- Up-to-date: /home/hyh/ros2_laser/install/laser_package_msgs/share/laser_package_msgs/local_setup.dsv
[0.403s] -- Installing: /home/hyh/ros2_laser/install/laser_package_msgs/share/laser_package_msgs/package.dsv
[0.403s] -- Up-to-date: /home/hyh/ros2_laser/install/laser_package_msgs/share/ament_index/resource_index/packages/laser_package_msgs
[0.403s] -- Up-to-date: /home/hyh/ros2_laser/install/laser_package_msgs/share/laser_package_msgs/cmake/export_laser_package_msgs__rosidl_generator_cExport.cmake
[0.403s] -- Up-to-date: /home/hyh/ros2_laser/install/laser_package_msgs/share/laser_package_msgs/cmake/export_laser_package_msgs__rosidl_generator_cExport-noconfig.cmake
[0.403s] -- Up-to-date: /home/hyh/ros2_laser/install/laser_package_msgs/share/laser_package_msgs/cmake/export_laser_package_msgs__rosidl_typesupport_fastrtps_cExport.cmake
[0.403s] -- Up-to-date: /home/hyh/ros2_laser/install/laser_package_msgs/share/laser_package_msgs/cmake/export_laser_package_msgs__rosidl_typesupport_fastrtps_cExport-noconfig.cmake
[0.403s] -- Up-to-date: /home/hyh/ros2_laser/install/laser_package_msgs/share/laser_package_msgs/cmake/laser_package_msgs__rosidl_typesupport_introspection_cExport.cmake
[0.403s] -- Up-to-date: /home/hyh/ros2_laser/install/laser_package_msgs/share/laser_package_msgs/cmake/laser_package_msgs__rosidl_typesupport_introspection_cExport-noconfig.cmake
[0.403s] -- Up-to-date: /home/hyh/ros2_laser/install/laser_package_msgs/share/laser_package_msgs/cmake/laser_package_msgs__rosidl_typesupport_cExport.cmake
[0.403s] -- Up-to-date: /home/hyh/ros2_laser/install/laser_package_msgs/share/laser_package_msgs/cmake/laser_package_msgs__rosidl_typesupport_cExport-noconfig.cmake
[0.403s] -- Up-to-date: /home/hyh/ros2_laser/install/laser_package_msgs/share/laser_package_msgs/cmake/export_laser_package_msgs__rosidl_generator_cppExport.cmake
[0.403s] -- Up-to-date: /home/hyh/ros2_laser/install/laser_package_msgs/share/laser_package_msgs/cmake/export_laser_package_msgs__rosidl_typesupport_fastrtps_cppExport.cmake
[0.403s] -- Up-to-date: /home/hyh/ros2_laser/install/laser_package_msgs/share/laser_package_msgs/cmake/export_laser_package_msgs__rosidl_typesupport_fastrtps_cppExport-noconfig.cmake
[0.403s] -- Up-to-date: /home/hyh/ros2_laser/install/laser_package_msgs/share/laser_package_msgs/cmake/laser_package_msgs__rosidl_typesupport_introspection_cppExport.cmake
[0.404s] -- Up-to-date: /home/hyh/ros2_laser/install/laser_package_msgs/share/laser_package_msgs/cmake/laser_package_msgs__rosidl_typesupport_introspection_cppExport-noconfig.cmake
[0.404s] -- Up-to-date: /home/hyh/ros2_laser/install/laser_package_msgs/share/laser_package_msgs/cmake/laser_package_msgs__rosidl_typesupport_cppExport.cmake
[0.404s] -- Up-to-date: /home/hyh/ros2_laser/install/laser_package_msgs/share/laser_package_msgs/cmake/laser_package_msgs__rosidl_typesupport_cppExport-noconfig.cmake
[0.405s] -- Up-to-date: /home/hyh/ros2_laser/install/laser_package_msgs/share/laser_package_msgs/cmake/export_laser_package_msgs__rosidl_generator_pyExport.cmake
[0.405s] -- Up-to-date: /home/hyh/ros2_laser/install/laser_package_msgs/share/laser_package_msgs/cmake/export_laser_package_msgs__rosidl_generator_pyExport-noconfig.cmake
[0.405s] -- Up-to-date: /home/hyh/ros2_laser/install/laser_package_msgs/share/laser_package_msgs/cmake/rosidl_cmake-extras.cmake
[0.406s] -- Up-to-date: /home/hyh/ros2_laser/install/laser_package_msgs/share/laser_package_msgs/cmake/ament_cmake_export_include_directories-extras.cmake
[0.406s] -- Up-to-date: /home/hyh/ros2_laser/install/laser_package_msgs/share/laser_package_msgs/cmake/ament_cmake_export_libraries-extras.cmake
[0.406s] -- Up-to-date: /home/hyh/ros2_laser/install/laser_package_msgs/share/laser_package_msgs/cmake/ament_cmake_export_targets-extras.cmake
[0.406s] -- Up-to-date: /home/hyh/ros2_laser/install/laser_package_msgs/share/laser_package_msgs/cmake/rosidl_cmake_export_typesupport_targets-extras.cmake
[0.407s] -- Up-to-date: /home/hyh/ros2_laser/install/laser_package_msgs/share/laser_package_msgs/cmake/ament_cmake_export_dependencies-extras.cmake
[0.407s] -- Up-to-date: /home/hyh/ros2_laser/install/laser_package_msgs/share/laser_package_msgs/cmake/rosidl_cmake_export_typesupport_libraries-extras.cmake
[0.408s] -- Up-to-date: /home/hyh/ros2_laser/install/laser_package_msgs/share/laser_package_msgs/cmake/laser_package_msgsConfig.cmake
[0.408s] -- Up-to-date: /home/hyh/ros2_laser/install/laser_package_msgs/share/laser_package_msgs/cmake/laser_package_msgsConfig-version.cmake
[0.409s] -- Up-to-date: /home/hyh/ros2_laser/install/laser_package_msgs/share/laser_package_msgs/package.xml
[0.409s] Invoked command in '/home/hyh/ros2_laser/build/laser_package_msgs' returned '0': CMAKE_PREFIX_PATH=${CMAKE_PREFIX_PATH}:/home/hyh/ros2_laser/install/laser_package:/home/hyh/ros2_prct/install/practice_package:/home/hyh/ros2_study/install/my_first_package:/opt/ros/humble /usr/bin/cmake --install /home/hyh/ros2_laser/build/laser_package_msgs
