[0.423s] Invoking command in '/home/hyh/ros2_laser/src/laser_package': PYTHONPATH=/home/hyh/ros2_laser/build/laser_package/prefix_override:/usr/lib/python3/dist-packages/colcon_core/task/python/colcon_distutils_commands:/home/hyh/ros2_laser/install/laser_package/lib/python3.10/site-packages:${PYTHONPATH} /usr/bin/python3 -W ignore:setup.py install is deprecated -W ignore:easy_install command is deprecated setup.py egg_info --egg-base ../../build/laser_package build --build-base /home/hyh/ros2_laser/build/laser_package/build install --record /home/hyh/ros2_laser/build/laser_package/install.log --single-version-externally-managed install_data
[0.559s] running egg_info
[0.559s] writing ../../build/laser_package/laser_package.egg-info/PKG-INFO
[0.559s] writing dependency_links to ../../build/laser_package/laser_package.egg-info/dependency_links.txt
[0.560s] writing entry points to ../../build/laser_package/laser_package.egg-info/entry_points.txt
[0.560s] writing requirements to ../../build/laser_package/laser_package.egg-info/requires.txt
[0.560s] writing top-level names to ../../build/laser_package/laser_package.egg-info/top_level.txt
[0.561s] reading manifest file '../../build/laser_package/laser_package.egg-info/SOURCES.txt'
[0.562s] writing manifest file '../../build/laser_package/laser_package.egg-info/SOURCES.txt'
[0.562s] running build
[0.562s] running build_py
[0.562s] copying laser_package/laser_pub.py -> /home/hyh/ros2_laser/build/laser_package/build/lib/laser_package
[0.562s] running install
[0.562s] running install_lib
[0.563s] copying /home/hyh/ros2_laser/build/laser_package/build/lib/laser_package/laser_pub.py -> /home/hyh/ros2_laser/install/laser_package/lib/python3.10/site-packages/laser_package
[0.563s] byte-compiling /home/hyh/ros2_laser/install/laser_package/lib/python3.10/site-packages/laser_package/laser_pub.py to laser_pub.cpython-310.pyc
[0.564s] Sorry: IndentationError: unindent does not match any outer indentation level (laser_pub.py, line 49)
[0.564s] running install_data
[0.564s] running install_egg_info
[0.565s] removing '/home/hyh/ros2_laser/install/laser_package/lib/python3.10/site-packages/laser_package-0.0.0-py3.10.egg-info' (and everything under it)
[0.565s] Copying ../../build/laser_package/laser_package.egg-info to /home/hyh/ros2_laser/install/laser_package/lib/python3.10/site-packages/laser_package-0.0.0-py3.10.egg-info
[0.566s] running install_scripts
[0.577s] Installing laser_node script to /home/hyh/ros2_laser/install/laser_package/lib/laser_package
[0.578s] Installing laser_pub script to /home/hyh/ros2_laser/install/laser_package/lib/laser_package
[0.578s] writing list of installed files to '/home/hyh/ros2_laser/build/laser_package/install.log'
[0.591s] Invoked command in '/home/hyh/ros2_laser/src/laser_package' returned '0': PYTHONPATH=/home/hyh/ros2_laser/build/laser_package/prefix_override:/usr/lib/python3/dist-packages/colcon_core/task/python/colcon_distutils_commands:/home/hyh/ros2_laser/install/laser_package/lib/python3.10/site-packages:${PYTHONPATH} /usr/bin/python3 -W ignore:setup.py install is deprecated -W ignore:easy_install command is deprecated setup.py egg_info --egg-base ../../build/laser_package build --build-base /home/hyh/ros2_laser/build/laser_package/build install --record /home/hyh/ros2_laser/build/laser_package/install.log --single-version-externally-managed install_data
