[0.150s] Invoking command in '/home/hyh/ros2_prct/build/practice_package_msgs': /usr/bin/cmake /home/hyh/ros2_prct/src/practice_package_msgs -DCMAKE_INSTALL_PREFIX=/home/hyh/ros2_prct/install/practice_package_msgs
[0.277s] -- The C compiler identification is GNU 11.4.0
[0.535s] -- The CXX compiler identification is GNU 11.4.0
[0.701s] -- Detecting C compiler ABI info
[0.781s] -- Detecting C compiler ABI info - done
[0.785s] -- Check for working C compiler: /usr/bin/cc - skipped
[0.786s] -- Detecting C compile features
[0.787s] -- Detecting C compile features - done
[0.789s] -- Detecting CXX compiler ABI info
[0.865s] -- Detecting CXX compiler ABI info - done
[0.869s] -- Check for working CXX compiler: /usr/bin/c++ - skipped
[0.869s] -- Detecting CXX compile features
[0.870s] -- Detecting CXX compile features - done
[0.879s] -- Found ament_cmake: 1.3.12 (/opt/ros/humble/share/ament_cmake/cmake)
[0.967s] -- Found Python3: /usr/bin/python3 (found version "3.10.12") found components: Interpreter 
[1.032s] -- Found rosidl_default_generators: 1.2.0 (/opt/ros/humble/share/rosidl_default_generators/cmake)
[1.036s] -- Using all available rosidl_typesupport_c: rosidl_typesupport_fastrtps_c;rosidl_typesupport_introspection_c
[1.042s] -- Found rosidl_adapter: 3.1.7 (/opt/ros/humble/share/rosidl_adapter/cmake)
[1.129s] -- Using all available rosidl_typesupport_cpp: rosidl_typesupport_fastrtps_cpp;rosidl_typesupport_introspection_cpp
[1.255s] [31mCMake Error at /opt/ros/humble/share/rosidl_adapter/cmake/rosidl_adapt_interfaces.cmake:59 (message):
[1.256s]   execute_process(/usr/bin/python3 -m rosidl_adapter --package-name
[1.256s]   practice_package_msgs --arguments-file
[1.256s]   /home/hyh/ros2_prct/build/practice_package_msgs/rosidl_adapter__arguments__practice_package_msgs.json
[1.256s]   --output-dir
[1.256s]   /home/hyh/ros2_prct/build/practice_package_msgs/rosidl_adapter/practice_package_msgs
[1.256s]   --output-file
[1.256s]   /home/hyh/ros2_prct/build/practice_package_msgs/rosidl_adapter/practice_package_msgs.idls)
[1.256s]   returned error code 1:
[1.256s] 
[1.256s]   Error processing 'float pose_x' of 'practice_package_msgs/Pose_To_Val':
[1.256s]   ''float' is an invalid message name.  It should have the pattern
[1.256s]   '^[A-Z][A-Za-z0-9]*$''
[1.256s] 
[1.256s]   Traceback (most recent call last):
[1.256s] 
[1.256s]     File "/usr/lib/python3.10/runpy.py", line 196, in _run_module_as_main
[1.256s]       return _run_code(code, main_globals, None,
[1.256s]     File "/usr/lib/python3.10/runpy.py", line 86, in _run_code
[1.256s]       exec(code, run_globals)
[1.256s]     File "/opt/ros/humble/local/lib/python3.10/dist-packages/rosidl_adapter/__main__.py", line 19, in <module>
[1.256s]       sys.exit(main())
[1.256s]     File "/opt/ros/humble/local/lib/python3.10/dist-packages/rosidl_adapter/main.py", line 53, in main
[1.256s]       abs_idl_file = convert_to_idl(
[1.256s]     File "/opt/ros/humble/local/lib/python3.10/dist-packages/rosidl_adapter/__init__.py", line 19, in convert_to_idl
[1.256s]       return convert_msg_to_idl(
[1.256s]     File "/opt/ros/humble/local/lib/python3.10/dist-packages/rosidl_adapter/msg/__init__.py", line 28, in convert_msg_to_idl
[1.256s]       msg = parse_message_string(package_name, input_file.stem, content)
[1.256s]     File "/opt/ros/humble/local/lib/python3.10/dist-packages/rosidl_adapter/parser.py", line 520, in parse_message_string
[1.256s]       Type(type_string, context_package_name=pkg_name),
[1.256s]     File "/opt/ros/humble/local/lib/python3.10/dist-packages/rosidl_adapter/parser.py", line 277, in __init__
[1.256s]       super(Type, self).__init__(
[1.256s]     File "/opt/ros/humble/local/lib/python3.10/dist-packages/rosidl_adapter/parser.py", line 205, in __init__
[1.256s]       raise InvalidResourceName(
[1.256s] 
[1.256s]   rosidl_adapter.parser.InvalidResourceName: 'float' is an invalid message
[1.256s]   name.  It should have the pattern '^[A-Z][A-Za-z0-9]*$'
[1.256s] 
[1.256s] Call Stack (most recent call first):
[1.257s]   /opt/ros/humble/share/rosidl_cmake/cmake/rosidl_generate_interfaces.cmake:130 (rosidl_adapt_interfaces)
[1.257s]   CMakeLists.txt:15 (rosidl_generate_interfaces)
[1.257s] 
[1.257s] [0m
[1.257s] -- Configuring incomplete, errors occurred!
[1.257s] See also "/home/hyh/ros2_prct/build/practice_package_msgs/CMakeFiles/CMakeOutput.log".
[1.260s] Invoked command in '/home/hyh/ros2_prct/build/practice_package_msgs' returned '1': /usr/bin/cmake /home/hyh/ros2_prct/src/practice_package_msgs -DCMAKE_INSTALL_PREFIX=/home/hyh/ros2_prct/install/practice_package_msgs
