[0.159s] Invoking command in '/home/hyh/ros2_prct/build/practice_package_msgs': CMAKE_PREFIX_PATH=${CMAKE_PREFIX_PATH}:/home/hyh/ros2_study/install/my_first_package:/opt/ros/humble /usr/bin/cmake --build /home/hyh/ros2_prct/build/practice_package_msgs -- -j20 -l20
[0.209s] [35m[1mConsolidate compiler generated dependencies of target practice_package_msgs__rosidl_generator_c[0m
[0.215s] [  3%] Built target practice_package_msgs__cpp
[0.216s] [ 12%] Built target practice_package_msgs__rosidl_generator_c
[0.223s] [35m[1mConsolidate compiler generated dependencies of target practice_package_msgs__rosidl_typesupport_cpp[0m
[0.223s] [35m[1mConsolidate compiler generated dependencies of target practice_package_msgs__rosidl_typesupport_fastrtps_cpp[0m
[0.223s] [35m[1mConsolidate compiler generated dependencies of target practice_package_msgs__rosidl_typesupport_introspection_cpp[0m
[0.223s] [ 12%] Built target ament_cmake_python_copy_practice_package_msgs
[0.223s] [35m[1mConsolidate compiler generated dependencies of target practice_package_msgs__rosidl_typesupport_introspection_c[0m
[0.223s] [35m[1mConsolidate compiler generated dependencies of target practice_package_msgs__rosidl_typesupport_c[0m
[0.225s] [35m[1mConsolidate compiler generated dependencies of target practice_package_msgs__rosidl_typesupport_fastrtps_c[0m
[0.230s] [ 32%] Built target practice_package_msgs__rosidl_typesupport_c
[0.230s] [ 32%] Built target practice_package_msgs__rosidl_typesupport_cpp
[0.231s] [ 41%] Built target practice_package_msgs__rosidl_typesupport_introspection_cpp
[0.231s] [ 51%] Built target practice_package_msgs__rosidl_typesupport_introspection_c
[0.231s] [ 61%] Built target practice_package_msgs__rosidl_typesupport_fastrtps_cpp
[0.233s] [ 70%] Built target practice_package_msgs__rosidl_typesupport_fastrtps_c
[0.244s] [ 70%] Built target practice_package_msgs
[0.256s] [ 74%] Built target practice_package_msgs__py
[0.263s] [35m[1mConsolidate compiler generated dependencies of target practice_package_msgs__rosidl_generator_py[0m
[0.270s] [ 80%] Built target practice_package_msgs__rosidl_generator_py
[0.277s] [35m[1mConsolidate compiler generated dependencies of target practice_package_msgs__rosidl_typesupport_fastrtps_c__pyext[0m
[0.277s] [35m[1mConsolidate compiler generated dependencies of target practice_package_msgs__rosidl_typesupport_introspection_c__pyext[0m
[0.277s] [35m[1mConsolidate compiler generated dependencies of target practice_package_msgs__rosidl_typesupport_c__pyext[0m
[0.285s] [100%] Built target practice_package_msgs__rosidl_typesupport_introspection_c__pyext
[0.285s] [100%] Built target practice_package_msgs__rosidl_typesupport_fastrtps_c__pyext
[0.285s] [100%] Built target practice_package_msgs__rosidl_typesupport_c__pyext
[0.369s] running egg_info
[0.369s] writing practice_package_msgs.egg-info/PKG-INFO
[0.369s] writing dependency_links to practice_package_msgs.egg-info/dependency_links.txt
[0.370s] writing top-level names to practice_package_msgs.egg-info/top_level.txt
[0.371s] reading manifest file 'practice_package_msgs.egg-info/SOURCES.txt'
[0.371s] writing manifest file 'practice_package_msgs.egg-info/SOURCES.txt'
[0.386s] [100%] Built target ament_cmake_python_build_practice_package_msgs_egg
[0.392s] Invoked command in '/home/hyh/ros2_prct/build/practice_package_msgs' returned '0': CMAKE_PREFIX_PATH=${CMAKE_PREFIX_PATH}:/home/hyh/ros2_study/install/my_first_package:/opt/ros/humble /usr/bin/cmake --build /home/hyh/ros2_prct/build/practice_package_msgs -- -j20 -l20
[0.399s] Invoking command in '/home/hyh/ros2_prct/build/practice_package_msgs': CMAKE_PREFIX_PATH=${CMAKE_PREFIX_PATH}:/home/hyh/ros2_study/install/my_first_package:/opt/ros/humble /usr/bin/cmake --install /home/hyh/ros2_prct/build/practice_package_msgs
[0.404s] -- Install configuration: ""
[0.404s] -- Up-to-date: /home/hyh/ros2_prct/install/practice_package_msgs/share/ament_index/resource_index/rosidl_interfaces/practice_package_msgs
[0.404s] -- Up-to-date: /home/hyh/ros2_prct/install/practice_package_msgs/include/practice_package_msgs/practice_package_msgs
[0.404s] -- Up-to-date: /home/hyh/ros2_prct/install/practice_package_msgs/include/practice_package_msgs/practice_package_msgs/msg
[0.405s] -- Up-to-date: /home/hyh/ros2_prct/install/practice_package_msgs/include/practice_package_msgs/practice_package_msgs/msg/detail
[0.405s] -- Up-to-date: /home/hyh/ros2_prct/install/practice_package_msgs/include/practice_package_msgs/practice_package_msgs/msg/detail/pose_to_val__functions.c
[0.405s] -- Up-to-date: /home/hyh/ros2_prct/install/practice_package_msgs/include/practice_package_msgs/practice_package_msgs/msg/detail/pose_to_val__struct.h
[0.405s] -- Up-to-date: /home/hyh/ros2_prct/install/practice_package_msgs/include/practice_package_msgs/practice_package_msgs/msg/detail/pose_to_val__functions.h
[0.405s] -- Up-to-date: /home/hyh/ros2_prct/install/practice_package_msgs/include/practice_package_msgs/practice_package_msgs/msg/detail/pose_to_val__type_support.h
[0.405s] -- Up-to-date: /home/hyh/ros2_prct/install/practice_package_msgs/include/practice_package_msgs/practice_package_msgs/msg/rosidl_generator_c__visibility_control.h
[0.405s] -- Up-to-date: /home/hyh/ros2_prct/install/practice_package_msgs/include/practice_package_msgs/practice_package_msgs/msg/pose_to_val.h
[0.406s] -- Up-to-date: /home/hyh/ros2_prct/install/practice_package_msgs/share/practice_package_msgs/environment/library_path.sh
[0.406s] -- Up-to-date: /home/hyh/ros2_prct/install/practice_package_msgs/share/practice_package_msgs/environment/library_path.dsv
[0.406s] -- Up-to-date: /home/hyh/ros2_prct/install/practice_package_msgs/lib/libpractice_package_msgs__rosidl_generator_c.so
[0.406s] -- Up-to-date: /home/hyh/ros2_prct/install/practice_package_msgs/include/practice_package_msgs/practice_package_msgs
[0.406s] -- Up-to-date: /home/hyh/ros2_prct/install/practice_package_msgs/include/practice_package_msgs/practice_package_msgs/msg
[0.406s] -- Up-to-date: /home/hyh/ros2_prct/install/practice_package_msgs/include/practice_package_msgs/practice_package_msgs/msg/detail
[0.406s] -- Up-to-date: /home/hyh/ros2_prct/install/practice_package_msgs/include/practice_package_msgs/practice_package_msgs/msg/detail/pose_to_val__rosidl_typesupport_fastrtps_c.h
[0.406s] -- Up-to-date: /home/hyh/ros2_prct/install/practice_package_msgs/include/practice_package_msgs/practice_package_msgs/msg/rosidl_typesupport_fastrtps_c__visibility_control.h
[0.407s] -- Up-to-date: /home/hyh/ros2_prct/install/practice_package_msgs/lib/libpractice_package_msgs__rosidl_typesupport_fastrtps_c.so
[0.407s] -- Up-to-date: /home/hyh/ros2_prct/install/practice_package_msgs/include/practice_package_msgs/practice_package_msgs
[0.407s] -- Up-to-date: /home/hyh/ros2_prct/install/practice_package_msgs/include/practice_package_msgs/practice_package_msgs/msg
[0.407s] -- Up-to-date: /home/hyh/ros2_prct/install/practice_package_msgs/include/practice_package_msgs/practice_package_msgs/msg/detail
[0.407s] -- Up-to-date: /home/hyh/ros2_prct/install/practice_package_msgs/include/practice_package_msgs/practice_package_msgs/msg/detail/pose_to_val__rosidl_typesupport_introspection_c.h
[0.407s] -- Up-to-date: /home/hyh/ros2_prct/install/practice_package_msgs/include/practice_package_msgs/practice_package_msgs/msg/detail/pose_to_val__type_support.c
[0.408s] -- Up-to-date: /home/hyh/ros2_prct/install/practice_package_msgs/include/practice_package_msgs/practice_package_msgs/msg/rosidl_typesupport_introspection_c__visibility_control.h
[0.408s] -- Up-to-date: /home/hyh/ros2_prct/install/practice_package_msgs/lib/libpractice_package_msgs__rosidl_typesupport_introspection_c.so
[0.408s] -- Up-to-date: /home/hyh/ros2_prct/install/practice_package_msgs/lib/libpractice_package_msgs__rosidl_typesupport_c.so
[0.408s] -- Up-to-date: /home/hyh/ros2_prct/install/practice_package_msgs/include/practice_package_msgs/practice_package_msgs
[0.408s] -- Up-to-date: /home/hyh/ros2_prct/install/practice_package_msgs/include/practice_package_msgs/practice_package_msgs/msg
[0.409s] -- Up-to-date: /home/hyh/ros2_prct/install/practice_package_msgs/include/practice_package_msgs/practice_package_msgs/msg/detail
[0.409s] -- Up-to-date: /home/hyh/ros2_prct/install/practice_package_msgs/include/practice_package_msgs/practice_package_msgs/msg/detail/pose_to_val__struct.hpp
[0.409s] -- Up-to-date: /home/hyh/ros2_prct/install/practice_package_msgs/include/practice_package_msgs/practice_package_msgs/msg/detail/pose_to_val__traits.hpp
[0.409s] -- Up-to-date: /home/hyh/ros2_prct/install/practice_package_msgs/include/practice_package_msgs/practice_package_msgs/msg/detail/pose_to_val__builder.hpp
[0.409s] -- Up-to-date: /home/hyh/ros2_prct/install/practice_package_msgs/include/practice_package_msgs/practice_package_msgs/msg/detail/pose_to_val__type_support.hpp
[0.409s] -- Up-to-date: /home/hyh/ros2_prct/install/practice_package_msgs/include/practice_package_msgs/practice_package_msgs/msg/rosidl_generator_cpp__visibility_control.hpp
[0.409s] -- Up-to-date: /home/hyh/ros2_prct/install/practice_package_msgs/include/practice_package_msgs/practice_package_msgs/msg/pose_to_val.hpp
[0.409s] -- Up-to-date: /home/hyh/ros2_prct/install/practice_package_msgs/include/practice_package_msgs/practice_package_msgs
[0.410s] -- Up-to-date: /home/hyh/ros2_prct/install/practice_package_msgs/include/practice_package_msgs/practice_package_msgs/msg
[0.410s] -- Up-to-date: /home/hyh/ros2_prct/install/practice_package_msgs/include/practice_package_msgs/practice_package_msgs/msg/detail
[0.410s] -- Up-to-date: /home/hyh/ros2_prct/install/practice_package_msgs/include/practice_package_msgs/practice_package_msgs/msg/detail/dds_fastrtps
[0.410s] -- Up-to-date: /home/hyh/ros2_prct/install/practice_package_msgs/include/practice_package_msgs/practice_package_msgs/msg/detail/pose_to_val__rosidl_typesupport_fastrtps_cpp.hpp
[0.410s] -- Up-to-date: /home/hyh/ros2_prct/install/practice_package_msgs/include/practice_package_msgs/practice_package_msgs/msg/rosidl_typesupport_fastrtps_cpp__visibility_control.h
[0.410s] -- Up-to-date: /home/hyh/ros2_prct/install/practice_package_msgs/lib/libpractice_package_msgs__rosidl_typesupport_fastrtps_cpp.so
[0.410s] -- Up-to-date: /home/hyh/ros2_prct/install/practice_package_msgs/include/practice_package_msgs/practice_package_msgs
[0.411s] -- Up-to-date: /home/hyh/ros2_prct/install/practice_package_msgs/include/practice_package_msgs/practice_package_msgs/msg
[0.411s] -- Up-to-date: /home/hyh/ros2_prct/install/practice_package_msgs/include/practice_package_msgs/practice_package_msgs/msg/detail
[0.413s] -- Up-to-date: /home/hyh/ros2_prct/install/practice_package_msgs/include/practice_package_msgs/practice_package_msgs/msg/detail/pose_to_val__type_support.cpp
[0.413s] -- Up-to-date: /home/hyh/ros2_prct/install/practice_package_msgs/include/practice_package_msgs/practice_package_msgs/msg/detail/pose_to_val__rosidl_typesupport_introspection_cpp.hpp
[0.414s] -- Up-to-date: /home/hyh/ros2_prct/install/practice_package_msgs/lib/libpractice_package_msgs__rosidl_typesupport_introspection_cpp.so
[0.414s] -- Up-to-date: /home/hyh/ros2_prct/install/practice_package_msgs/lib/libpractice_package_msgs__rosidl_typesupport_cpp.so
[0.414s] -- Up-to-date: /home/hyh/ros2_prct/install/practice_package_msgs/share/practice_package_msgs/environment/pythonpath.sh
[0.414s] -- Up-to-date: /home/hyh/ros2_prct/install/practice_package_msgs/share/practice_package_msgs/environment/pythonpath.dsv
[0.414s] -- Up-to-date: /home/hyh/ros2_prct/install/practice_package_msgs/local/lib/python3.10/dist-packages/practice_package_msgs-0.0.0-py3.10.egg-info
[0.414s] -- Installing: /home/hyh/ros2_prct/install/practice_package_msgs/local/lib/python3.10/dist-packages/practice_package_msgs-0.0.0-py3.10.egg-info/dependency_links.txt
[0.414s] -- Installing: /home/hyh/ros2_prct/install/practice_package_msgs/local/lib/python3.10/dist-packages/practice_package_msgs-0.0.0-py3.10.egg-info/SOURCES.txt
[0.414s] -- Installing: /home/hyh/ros2_prct/install/practice_package_msgs/local/lib/python3.10/dist-packages/practice_package_msgs-0.0.0-py3.10.egg-info/PKG-INFO
[0.414s] -- Installing: /home/hyh/ros2_prct/install/practice_package_msgs/local/lib/python3.10/dist-packages/practice_package_msgs-0.0.0-py3.10.egg-info/top_level.txt
[0.415s] -- Up-to-date: /home/hyh/ros2_prct/install/practice_package_msgs/local/lib/python3.10/dist-packages/practice_package_msgs
[0.415s] -- Up-to-date: /home/hyh/ros2_prct/install/practice_package_msgs/local/lib/python3.10/dist-packages/practice_package_msgs/__init__.py
[0.415s] -- Up-to-date: /home/hyh/ros2_prct/install/practice_package_msgs/local/lib/python3.10/dist-packages/practice_package_msgs/msg
[0.415s] -- Up-to-date: /home/hyh/ros2_prct/install/practice_package_msgs/local/lib/python3.10/dist-packages/practice_package_msgs/msg/__init__.py
[0.415s] -- Up-to-date: /home/hyh/ros2_prct/install/practice_package_msgs/local/lib/python3.10/dist-packages/practice_package_msgs/msg/_pose_to_val.py
[0.415s] -- Up-to-date: /home/hyh/ros2_prct/install/practice_package_msgs/local/lib/python3.10/dist-packages/practice_package_msgs/msg/_pose_to_val_s.c
[0.415s] -- Up-to-date: /home/hyh/ros2_prct/install/practice_package_msgs/local/lib/python3.10/dist-packages/practice_package_msgs/libpractice_package_msgs__rosidl_generator_py.so
[0.415s] -- Up-to-date: /home/hyh/ros2_prct/install/practice_package_msgs/local/lib/python3.10/dist-packages/practice_package_msgs/practice_package_msgs_s__rosidl_typesupport_fastrtps_c.cpython-310-x86_64-linux-gnu.so
[0.415s] -- Up-to-date: /home/hyh/ros2_prct/install/practice_package_msgs/local/lib/python3.10/dist-packages/practice_package_msgs/_practice_package_msgs_s.ep.rosidl_typesupport_c.c
[0.415s] -- Up-to-date: /home/hyh/ros2_prct/install/practice_package_msgs/local/lib/python3.10/dist-packages/practice_package_msgs/practice_package_msgs_s__rosidl_typesupport_introspection_c.cpython-310-x86_64-linux-gnu.so
[0.415s] -- Up-to-date: /home/hyh/ros2_prct/install/practice_package_msgs/local/lib/python3.10/dist-packages/practice_package_msgs/_practice_package_msgs_s.ep.rosidl_typesupport_fastrtps_c.c
[0.415s] -- Up-to-date: /home/hyh/ros2_prct/install/practice_package_msgs/local/lib/python3.10/dist-packages/practice_package_msgs/_practice_package_msgs_s.ep.rosidl_typesupport_introspection_c.c
[0.415s] -- Up-to-date: /home/hyh/ros2_prct/install/practice_package_msgs/local/lib/python3.10/dist-packages/practice_package_msgs/practice_package_msgs_s__rosidl_typesupport_c.cpython-310-x86_64-linux-gnu.so
[0.432s] Listing '/home/hyh/ros2_prct/install/practice_package_msgs/local/lib/python3.10/dist-packages/practice_package_msgs'...
[0.432s] Listing '/home/hyh/ros2_prct/install/practice_package_msgs/local/lib/python3.10/dist-packages/practice_package_msgs/msg'...
[0.435s] -- Up-to-date: /home/hyh/ros2_prct/install/practice_package_msgs/local/lib/python3.10/dist-packages/practice_package_msgs/practice_package_msgs_s__rosidl_typesupport_fastrtps_c.cpython-310-x86_64-linux-gnu.so
[0.436s] -- Up-to-date: /home/hyh/ros2_prct/install/practice_package_msgs/local/lib/python3.10/dist-packages/practice_package_msgs/practice_package_msgs_s__rosidl_typesupport_introspection_c.cpython-310-x86_64-linux-gnu.so
[0.436s] -- Up-to-date: /home/hyh/ros2_prct/install/practice_package_msgs/local/lib/python3.10/dist-packages/practice_package_msgs/practice_package_msgs_s__rosidl_typesupport_c.cpython-310-x86_64-linux-gnu.so
[0.436s] -- Up-to-date: /home/hyh/ros2_prct/install/practice_package_msgs/lib/libpractice_package_msgs__rosidl_generator_py.so
[0.437s] -- Up-to-date: /home/hyh/ros2_prct/install/practice_package_msgs/share/practice_package_msgs/msg/PoseToVal.idl
[0.437s] -- Up-to-date: /home/hyh/ros2_prct/install/practice_package_msgs/share/practice_package_msgs/msg/PoseToVal.msg
[0.437s] -- Up-to-date: /home/hyh/ros2_prct/install/practice_package_msgs/share/ament_index/resource_index/package_run_dependencies/practice_package_msgs
[0.437s] -- Up-to-date: /home/hyh/ros2_prct/install/practice_package_msgs/share/ament_index/resource_index/parent_prefix_path/practice_package_msgs
[0.437s] -- Up-to-date: /home/hyh/ros2_prct/install/practice_package_msgs/share/practice_package_msgs/environment/ament_prefix_path.sh
[0.437s] -- Up-to-date: /home/hyh/ros2_prct/install/practice_package_msgs/share/practice_package_msgs/environment/ament_prefix_path.dsv
[0.437s] -- Up-to-date: /home/hyh/ros2_prct/install/practice_package_msgs/share/practice_package_msgs/environment/path.sh
[0.437s] -- Up-to-date: /home/hyh/ros2_prct/install/practice_package_msgs/share/practice_package_msgs/environment/path.dsv
[0.437s] -- Up-to-date: /home/hyh/ros2_prct/install/practice_package_msgs/share/practice_package_msgs/local_setup.bash
[0.437s] -- Up-to-date: /home/hyh/ros2_prct/install/practice_package_msgs/share/practice_package_msgs/local_setup.sh
[0.437s] -- Up-to-date: /home/hyh/ros2_prct/install/practice_package_msgs/share/practice_package_msgs/local_setup.zsh
[0.437s] -- Up-to-date: /home/hyh/ros2_prct/install/practice_package_msgs/share/practice_package_msgs/local_setup.dsv
[0.437s] -- Installing: /home/hyh/ros2_prct/install/practice_package_msgs/share/practice_package_msgs/package.dsv
[0.438s] -- Up-to-date: /home/hyh/ros2_prct/install/practice_package_msgs/share/ament_index/resource_index/packages/practice_package_msgs
[0.438s] -- Up-to-date: /home/hyh/ros2_prct/install/practice_package_msgs/share/practice_package_msgs/cmake/export_practice_package_msgs__rosidl_generator_cExport.cmake
[0.438s] -- Up-to-date: /home/hyh/ros2_prct/install/practice_package_msgs/share/practice_package_msgs/cmake/export_practice_package_msgs__rosidl_generator_cExport-noconfig.cmake
[0.438s] -- Up-to-date: /home/hyh/ros2_prct/install/practice_package_msgs/share/practice_package_msgs/cmake/export_practice_package_msgs__rosidl_typesupport_fastrtps_cExport.cmake
[0.438s] -- Up-to-date: /home/hyh/ros2_prct/install/practice_package_msgs/share/practice_package_msgs/cmake/export_practice_package_msgs__rosidl_typesupport_fastrtps_cExport-noconfig.cmake
[0.438s] -- Up-to-date: /home/hyh/ros2_prct/install/practice_package_msgs/share/practice_package_msgs/cmake/practice_package_msgs__rosidl_typesupport_introspection_cExport.cmake
[0.439s] -- Up-to-date: /home/hyh/ros2_prct/install/practice_package_msgs/share/practice_package_msgs/cmake/practice_package_msgs__rosidl_typesupport_introspection_cExport-noconfig.cmake
[0.439s] -- Up-to-date: /home/hyh/ros2_prct/install/practice_package_msgs/share/practice_package_msgs/cmake/practice_package_msgs__rosidl_typesupport_cExport.cmake
[0.439s] -- Up-to-date: /home/hyh/ros2_prct/install/practice_package_msgs/share/practice_package_msgs/cmake/practice_package_msgs__rosidl_typesupport_cExport-noconfig.cmake
[0.439s] -- Up-to-date: /home/hyh/ros2_prct/install/practice_package_msgs/share/practice_package_msgs/cmake/export_practice_package_msgs__rosidl_generator_cppExport.cmake
[0.440s] -- Up-to-date: /home/hyh/ros2_prct/install/practice_package_msgs/share/practice_package_msgs/cmake/export_practice_package_msgs__rosidl_typesupport_fastrtps_cppExport.cmake
[0.440s] -- Up-to-date: /home/hyh/ros2_prct/install/practice_package_msgs/share/practice_package_msgs/cmake/export_practice_package_msgs__rosidl_typesupport_fastrtps_cppExport-noconfig.cmake
[0.440s] -- Up-to-date: /home/hyh/ros2_prct/install/practice_package_msgs/share/practice_package_msgs/cmake/practice_package_msgs__rosidl_typesupport_introspection_cppExport.cmake
[0.440s] -- Up-to-date: /home/hyh/ros2_prct/install/practice_package_msgs/share/practice_package_msgs/cmake/practice_package_msgs__rosidl_typesupport_introspection_cppExport-noconfig.cmake
[0.440s] -- Up-to-date: /home/hyh/ros2_prct/install/practice_package_msgs/share/practice_package_msgs/cmake/practice_package_msgs__rosidl_typesupport_cppExport.cmake
[0.440s] -- Up-to-date: /home/hyh/ros2_prct/install/practice_package_msgs/share/practice_package_msgs/cmake/practice_package_msgs__rosidl_typesupport_cppExport-noconfig.cmake
[0.441s] -- Up-to-date: /home/hyh/ros2_prct/install/practice_package_msgs/share/practice_package_msgs/cmake/export_practice_package_msgs__rosidl_generator_pyExport.cmake
[0.441s] -- Up-to-date: /home/hyh/ros2_prct/install/practice_package_msgs/share/practice_package_msgs/cmake/export_practice_package_msgs__rosidl_generator_pyExport-noconfig.cmake
[0.441s] -- Up-to-date: /home/hyh/ros2_prct/install/practice_package_msgs/share/practice_package_msgs/cmake/rosidl_cmake-extras.cmake
[0.441s] -- Up-to-date: /home/hyh/ros2_prct/install/practice_package_msgs/share/practice_package_msgs/cmake/ament_cmake_export_include_directories-extras.cmake
[0.441s] -- Up-to-date: /home/hyh/ros2_prct/install/practice_package_msgs/share/practice_package_msgs/cmake/ament_cmake_export_libraries-extras.cmake
[0.441s] -- Up-to-date: /home/hyh/ros2_prct/install/practice_package_msgs/share/practice_package_msgs/cmake/ament_cmake_export_targets-extras.cmake
[0.441s] -- Up-to-date: /home/hyh/ros2_prct/install/practice_package_msgs/share/practice_package_msgs/cmake/rosidl_cmake_export_typesupport_targets-extras.cmake
[0.441s] -- Up-to-date: /home/hyh/ros2_prct/install/practice_package_msgs/share/practice_package_msgs/cmake/ament_cmake_export_dependencies-extras.cmake
[0.441s] -- Up-to-date: /home/hyh/ros2_prct/install/practice_package_msgs/share/practice_package_msgs/cmake/rosidl_cmake_export_typesupport_libraries-extras.cmake
[0.441s] -- Up-to-date: /home/hyh/ros2_prct/install/practice_package_msgs/share/practice_package_msgs/cmake/practice_package_msgsConfig.cmake
[0.441s] -- Up-to-date: /home/hyh/ros2_prct/install/practice_package_msgs/share/practice_package_msgs/cmake/practice_package_msgsConfig-version.cmake
[0.441s] -- Up-to-date: /home/hyh/ros2_prct/install/practice_package_msgs/share/practice_package_msgs/package.xml
[0.443s] Invoked command in '/home/hyh/ros2_prct/build/practice_package_msgs' returned '0': CMAKE_PREFIX_PATH=${CMAKE_PREFIX_PATH}:/home/hyh/ros2_study/install/my_first_package:/opt/ros/humble /usr/bin/cmake --install /home/hyh/ros2_prct/build/practice_package_msgs
