[0.345s] Invoking command in '/home/hyh/december_ws/my_lidar_pkg': PYTHONPATH=/home/hyh/december_ws/build/my_lidar_pkg/prefix_override:/usr/lib/python3/dist-packages/colcon_core/task/python/colcon_distutils_commands:/home/hyh/december_ws/install/my_lidar_pkg/lib/python3.10/site-packages:${PYTHONPATH} /usr/bin/python3 -W ignore:setup.py install is deprecated -W ignore:easy_install command is deprecated setup.py egg_info --egg-base ../build/my_lidar_pkg build --build-base /home/hyh/december_ws/build/my_lidar_pkg/build install --record /home/hyh/december_ws/build/my_lidar_pkg/install.log --single-version-externally-managed install_data
[0.470s] running egg_info
[0.470s] writing ../build/my_lidar_pkg/my_lidar_pkg.egg-info/PKG-INFO
[0.471s] writing dependency_links to ../build/my_lidar_pkg/my_lidar_pkg.egg-info/dependency_links.txt
[0.471s] writing entry points to ../build/my_lidar_pkg/my_lidar_pkg.egg-info/entry_points.txt
[0.471s] writing requirements to ../build/my_lidar_pkg/my_lidar_pkg.egg-info/requires.txt
[0.471s] writing top-level names to ../build/my_lidar_pkg/my_lidar_pkg.egg-info/top_level.txt
[0.472s] reading manifest file '../build/my_lidar_pkg/my_lidar_pkg.egg-info/SOURCES.txt'
[0.473s] writing manifest file '../build/my_lidar_pkg/my_lidar_pkg.egg-info/SOURCES.txt'
[0.473s] running build
[0.473s] running build_py
[0.473s] running install
[0.474s] running install_lib
[0.474s] running install_data
[0.474s] copying package.xml -> /home/hyh/december_ws/install/my_lidar_pkg/share/my_lidar_pkg
[0.475s] running install_egg_info
[0.475s] removing '/home/hyh/december_ws/install/my_lidar_pkg/lib/python3.10/site-packages/my_lidar_pkg-0.0.0-py3.10.egg-info' (and everything under it)
[0.476s] Copying ../build/my_lidar_pkg/my_lidar_pkg.egg-info to /home/hyh/december_ws/install/my_lidar_pkg/lib/python3.10/site-packages/my_lidar_pkg-0.0.0-py3.10.egg-info
[0.476s] running install_scripts
[0.487s] Installing lidar_analysis script to /home/hyh/december_ws/install/my_lidar_pkg/lib/my_lidar_pkg
[0.488s] writing list of installed files to '/home/hyh/december_ws/build/my_lidar_pkg/install.log'
[0.500s] Invoked command in '/home/hyh/december_ws/my_lidar_pkg' returned '0': PYTHONPATH=/home/hyh/december_ws/build/my_lidar_pkg/prefix_override:/usr/lib/python3/dist-packages/colcon_core/task/python/colcon_distutils_commands:/home/hyh/december_ws/install/my_lidar_pkg/lib/python3.10/site-packages:${PYTHONPATH} /usr/bin/python3 -W ignore:setup.py install is deprecated -W ignore:easy_install command is deprecated setup.py egg_info --egg-base ../build/my_lidar_pkg build --build-base /home/hyh/december_ws/build/my_lidar_pkg/build install --record /home/hyh/december_ws/build/my_lidar_pkg/install.log --single-version-externally-managed install_data
