[0.421s] Invoking command in '/home/hyh/ros2_study/src/my_first_package': PYTHONPATH=/home/hyh/ros2_study/build/my_first_package/prefix_override:/usr/lib/python3/dist-packages/colcon_core/task/python/colcon_distutils_commands:/home/hyh/ros2_study/install/my_first_package/lib/python3.10/site-packages:${PYTHONPATH} /usr/bin/python3 -W ignore:setup.py install is deprecated -W ignore:easy_install command is deprecated setup.py egg_info --egg-base ../../build/my_first_package build --build-base /home/hyh/ros2_study/build/my_first_package/build install --record /home/hyh/ros2_study/build/my_first_package/install.log --single-version-externally-managed install_data
[0.557s] running egg_info
[0.557s] writing ../../build/my_first_package/my_first_package.egg-info/PKG-INFO
[0.558s] writing dependency_links to ../../build/my_first_package/my_first_package.egg-info/dependency_links.txt
[0.558s] writing entry points to ../../build/my_first_package/my_first_package.egg-info/entry_points.txt
[0.558s] writing requirements to ../../build/my_first_package/my_first_package.egg-info/requires.txt
[0.558s] writing top-level names to ../../build/my_first_package/my_first_package.egg-info/top_level.txt
[0.559s] reading manifest file '../../build/my_first_package/my_first_package.egg-info/SOURCES.txt'
[0.560s] writing manifest file '../../build/my_first_package/my_first_package.egg-info/SOURCES.txt'
[0.560s] running build
[0.560s] running build_py
[0.560s] copying my_first_package/turtle_cmd_and_pose.py -> /home/hyh/ros2_study/build/my_first_package/build/lib/my_first_package
[0.561s] running install
[0.561s] running install_lib
[0.562s] copying /home/hyh/ros2_study/build/my_first_package/build/lib/my_first_package/turtle_cmd_and_pose.py -> /home/hyh/ros2_study/install/my_first_package/lib/python3.10/site-packages/my_first_package
[0.562s] byte-compiling /home/hyh/ros2_study/install/my_first_package/lib/python3.10/site-packages/my_first_package/turtle_cmd_and_pose.py to turtle_cmd_and_pose.cpython-310.pyc
[0.563s] running install_data
[0.563s] running install_egg_info
[0.564s] removing '/home/hyh/ros2_study/install/my_first_package/lib/python3.10/site-packages/my_first_package-0.0.0-py3.10.egg-info' (and everything under it)
[0.564s] Copying ../../build/my_first_package/my_first_package.egg-info to /home/hyh/ros2_study/install/my_first_package/lib/python3.10/site-packages/my_first_package-0.0.0-py3.10.egg-info
[0.565s] running install_scripts
[0.576s] Installing my_custom_publisher script to /home/hyh/ros2_study/install/my_first_package/lib/my_first_package
[0.577s] Installing my_first_node script to /home/hyh/ros2_study/install/my_first_package/lib/my_first_package
[0.577s] Installing my_publisher script to /home/hyh/ros2_study/install/my_first_package/lib/my_first_package
[0.577s] Installing my_subscriber script to /home/hyh/ros2_study/install/my_first_package/lib/my_first_package
[0.577s] Installing turtle_cmd_and_pose script to /home/hyh/ros2_study/install/my_first_package/lib/my_first_package
[0.577s] writing list of installed files to '/home/hyh/ros2_study/build/my_first_package/install.log'
[0.590s] Invoked command in '/home/hyh/ros2_study/src/my_first_package' returned '0': PYTHONPATH=/home/hyh/ros2_study/build/my_first_package/prefix_override:/usr/lib/python3/dist-packages/colcon_core/task/python/colcon_distutils_commands:/home/hyh/ros2_study/install/my_first_package/lib/python3.10/site-packages:${PYTHONPATH} /usr/bin/python3 -W ignore:setup.py install is deprecated -W ignore:easy_install command is deprecated setup.py egg_info --egg-base ../../build/my_first_package build --build-base /home/hyh/ros2_study/build/my_first_package/build install --record /home/hyh/ros2_study/build/my_first_package/install.log --single-version-externally-managed install_data
