[0.112s] DEBUG:colcon:Command line arguments: ['/usr/bin/colcon', 'build']
[0.112s] DEBUG:colcon:Parsed command line arguments: Namespace(log_base=None, log_level=None, verb_name='build', build_base='build', install_base='install', merge_install=False, symlink_install=False, test_result_base=None, continue_on_error=False, executor='parallel', parallel_workers=20, event_handlers=None, ignore_user_meta=False, metas=['./colcon.meta'], base_paths=['.'], packages_ignore=None, packages_ignore_regex=None, paths=None, packages_up_to=None, packages_up_to_regex=None, packages_above=None, packages_above_and_dependencies=None, packages_above_depth=None, packages_select_by_dep=None, packages_skip_by_dep=None, packages_skip_up_to=None, packages_select_build_failed=False, packages_skip_build_finished=False, packages_select_test_failures=False, packages_skip_test_passed=False, packages_select=None, packages_skip=None, packages_select_regex=None, packages_skip_regex=None, packages_start=None, packages_end=None, allow_overriding=[], cmake_args=None, cmake_target=None, cmake_target_skip_unavailable=False, cmake_clean_cache=False, cmake_clean_first=False, cmake_force_configure=False, ament_cmake_args=None, catkin_cmake_args=None, catkin_skip_building_tests=False, mixin_files=None, mixin=None, verb_parser=<colcon_mixin.mixin.mixin_argument.MixinArgumentDecorator object at 0x74b540d84520>, verb_extension=<colcon_core.verb.build.BuildVerb object at 0x74b540e81ae0>, main=<bound method BuildVerb.main of <colcon_core.verb.build.BuildVerb object at 0x74b540e81ae0>>, mixin_verb=('build',))
[0.199s] Level 1:colcon.colcon_core.package_discovery:discover_packages(colcon_meta) check parameters
[0.200s] Level 1:colcon.colcon_core.package_discovery:discover_packages(recursive) check parameters
[0.200s] Level 1:colcon.colcon_core.package_discovery:discover_packages(ignore) check parameters
[0.200s] Level 1:colcon.colcon_core.package_discovery:discover_packages(path) check parameters
[0.200s] Level 1:colcon.colcon_core.package_discovery:discover_packages(colcon_meta) discover
[0.200s] Level 1:colcon.colcon_core.package_discovery:discover_packages(recursive) discover
[0.200s] INFO:colcon.colcon_core.package_discovery:Crawling recursively for packages in '/home/hyh'
[0.200s] Level 1:colcon.colcon_core.package_identification:_identify(.) by extensions ['ignore', 'ignore_ament_install']
[0.200s] Level 1:colcon.colcon_core.package_identification:_identify(.) by extension 'ignore'
[0.200s] Level 1:colcon.colcon_core.package_identification:_identify(.) by extension 'ignore_ament_install'
[0.200s] Level 1:colcon.colcon_core.package_identification:_identify(.) by extensions ['colcon_pkg']
[0.200s] Level 1:colcon.colcon_core.package_identification:_identify(.) by extension 'colcon_pkg'
[0.200s] Level 1:colcon.colcon_core.package_identification:_identify(.) by extensions ['colcon_meta']
[0.200s] Level 1:colcon.colcon_core.package_identification:_identify(.) by extension 'colcon_meta'
[0.200s] Level 1:colcon.colcon_core.package_identification:_identify(.) by extensions ['ros']
[0.200s] Level 1:colcon.colcon_core.package_identification:_identify(.) by extension 'ros'
[0.218s] Level 1:colcon.colcon_core.package_identification:_identify(.) by extensions ['cmake', 'python']
[0.218s] Level 1:colcon.colcon_core.package_identification:_identify(.) by extension 'cmake'
[0.218s] Level 1:colcon.colcon_core.package_identification:_identify(.) by extension 'python'
[0.219s] Level 1:colcon.colcon_core.package_identification:_identify(.) by extensions ['python_setup_py']
[0.219s] Level 1:colcon.colcon_core.package_identification:_identify(.) by extension 'python_setup_py'
[0.219s] Level 1:colcon.colcon_core.package_identification:_identify(build) by extensions ['ignore', 'ignore_ament_install']
[0.219s] Level 1:colcon.colcon_core.package_identification:_identify(build) by extension 'ignore'
[0.219s] Level 1:colcon.colcon_core.package_identification:_identify(build) ignored
[0.219s] Level 1:colcon.colcon_core.package_identification:_identify(install) by extensions ['ignore', 'ignore_ament_install']
[0.219s] Level 1:colcon.colcon_core.package_identification:_identify(install) by extension 'ignore'
[0.219s] Level 1:colcon.colcon_core.package_identification:_identify(install) ignored
[0.219s] Level 1:colcon.colcon_core.package_identification:_identify(linktest) by extensions ['ignore', 'ignore_ament_install']
[0.219s] Level 1:colcon.colcon_core.package_identification:_identify(linktest) by extension 'ignore'
[0.219s] Level 1:colcon.colcon_core.package_identification:_identify(linktest) by extension 'ignore_ament_install'
[0.219s] Level 1:colcon.colcon_core.package_identification:_identify(linktest) by extensions ['colcon_pkg']
[0.219s] Level 1:colcon.colcon_core.package_identification:_identify(linktest) by extension 'colcon_pkg'
[0.219s] Level 1:colcon.colcon_core.package_identification:_identify(linktest) by extensions ['colcon_meta']
[0.219s] Level 1:colcon.colcon_core.package_identification:_identify(linktest) by extension 'colcon_meta'
[0.219s] Level 1:colcon.colcon_core.package_identification:_identify(linktest) by extensions ['ros']
[0.219s] Level 1:colcon.colcon_core.package_identification:_identify(linktest) by extension 'ros'
[0.219s] Level 1:colcon.colcon_core.package_identification:_identify(linktest) by extensions ['cmake', 'python']
[0.219s] Level 1:colcon.colcon_core.package_identification:_identify(linktest) by extension 'cmake'
[0.219s] Level 1:colcon.colcon_core.package_identification:_identify(linktest) by extension 'python'
[0.219s] Level 1:colcon.colcon_core.package_identification:_identify(linktest) by extensions ['python_setup_py']
[0.219s] Level 1:colcon.colcon_core.package_identification:_identify(linktest) by extension 'python_setup_py'
[0.219s] Level 1:colcon.colcon_core.package_identification:_identify(log) by extensions ['ignore', 'ignore_ament_install']
[0.219s] Level 1:colcon.colcon_core.package_identification:_identify(log) by extension 'ignore'
[0.219s] Level 1:colcon.colcon_core.package_identification:_identify(log) ignored
[0.220s] Level 1:colcon.colcon_core.package_identification:_identify(new-dir) by extensions ['ignore', 'ignore_ament_install']
[0.220s] Level 1:colcon.colcon_core.package_identification:_identify(new-dir) by extension 'ignore'
[0.220s] Level 1:colcon.colcon_core.package_identification:_identify(new-dir) by extension 'ignore_ament_install'
[0.220s] Level 1:colcon.colcon_core.package_identification:_identify(new-dir) by extensions ['colcon_pkg']
[0.220s] Level 1:colcon.colcon_core.package_identification:_identify(new-dir) by extension 'colcon_pkg'
[0.220s] Level 1:colcon.colcon_core.package_identification:_identify(new-dir) by extensions ['colcon_meta']
[0.220s] Level 1:colcon.colcon_core.package_identification:_identify(new-dir) by extension 'colcon_meta'
[0.220s] Level 1:colcon.colcon_core.package_identification:_identify(new-dir) by extensions ['ros']
[0.220s] Level 1:colcon.colcon_core.package_identification:_identify(new-dir) by extension 'ros'
[0.220s] Level 1:colcon.colcon_core.package_identification:_identify(new-dir) by extensions ['cmake', 'python']
[0.220s] Level 1:colcon.colcon_core.package_identification:_identify(new-dir) by extension 'cmake'
[0.220s] Level 1:colcon.colcon_core.package_identification:_identify(new-dir) by extension 'python'
[0.220s] Level 1:colcon.colcon_core.package_identification:_identify(new-dir) by extensions ['python_setup_py']
[0.220s] Level 1:colcon.colcon_core.package_identification:_identify(new-dir) by extension 'python_setup_py'
[0.220s] Level 1:colcon.colcon_core.package_identification:_identify(python) by extensions ['ignore', 'ignore_ament_install']
[0.220s] Level 1:colcon.colcon_core.package_identification:_identify(python) by extension 'ignore'
[0.220s] Level 1:colcon.colcon_core.package_identification:_identify(python) by extension 'ignore_ament_install'
[0.220s] Level 1:colcon.colcon_core.package_identification:_identify(python) by extensions ['colcon_pkg']
[0.220s] Level 1:colcon.colcon_core.package_identification:_identify(python) by extension 'colcon_pkg'
[0.220s] Level 1:colcon.colcon_core.package_identification:_identify(python) by extensions ['colcon_meta']
[0.220s] Level 1:colcon.colcon_core.package_identification:_identify(python) by extension 'colcon_meta'
[0.220s] Level 1:colcon.colcon_core.package_identification:_identify(python) by extensions ['ros']
[0.220s] Level 1:colcon.colcon_core.package_identification:_identify(python) by extension 'ros'
[0.220s] Level 1:colcon.colcon_core.package_identification:_identify(python) by extensions ['cmake', 'python']
[0.220s] Level 1:colcon.colcon_core.package_identification:_identify(python) by extension 'cmake'
[0.220s] Level 1:colcon.colcon_core.package_identification:_identify(python) by extension 'python'
[0.220s] Level 1:colcon.colcon_core.package_identification:_identify(python) by extensions ['python_setup_py']
[0.221s] Level 1:colcon.colcon_core.package_identification:_identify(python) by extension 'python_setup_py'
[0.221s] Level 1:colcon.colcon_core.package_identification:_identify(ros2) by extensions ['ignore', 'ignore_ament_install']
[0.221s] Level 1:colcon.colcon_core.package_identification:_identify(ros2) by extension 'ignore'
[0.221s] Level 1:colcon.colcon_core.package_identification:_identify(ros2) by extension 'ignore_ament_install'
[0.221s] Level 1:colcon.colcon_core.package_identification:_identify(ros2) by extensions ['colcon_pkg']
[0.221s] Level 1:colcon.colcon_core.package_identification:_identify(ros2) by extension 'colcon_pkg'
[0.221s] Level 1:colcon.colcon_core.package_identification:_identify(ros2) by extensions ['colcon_meta']
[0.221s] Level 1:colcon.colcon_core.package_identification:_identify(ros2) by extension 'colcon_meta'
[0.221s] Level 1:colcon.colcon_core.package_identification:_identify(ros2) by extensions ['ros']
[0.221s] Level 1:colcon.colcon_core.package_identification:_identify(ros2) by extension 'ros'
[0.221s] Level 1:colcon.colcon_core.package_identification:_identify(ros2) by extensions ['cmake', 'python']
[0.221s] Level 1:colcon.colcon_core.package_identification:_identify(ros2) by extension 'cmake'
[0.221s] Level 1:colcon.colcon_core.package_identification:_identify(ros2) by extension 'python'
[0.221s] Level 1:colcon.colcon_core.package_identification:_identify(ros2) by extensions ['python_setup_py']
[0.221s] Level 1:colcon.colcon_core.package_identification:_identify(ros2) by extension 'python_setup_py'
[0.221s] Level 1:colcon.colcon_core.package_identification:_identify(ros2_prct) by extensions ['ignore', 'ignore_ament_install']
[0.221s] Level 1:colcon.colcon_core.package_identification:_identify(ros2_prct) by extension 'ignore'
[0.221s] Level 1:colcon.colcon_core.package_identification:_identify(ros2_prct) by extension 'ignore_ament_install'
[0.221s] Level 1:colcon.colcon_core.package_identification:_identify(ros2_prct) by extensions ['colcon_pkg']
[0.221s] Level 1:colcon.colcon_core.package_identification:_identify(ros2_prct) by extension 'colcon_pkg'
[0.221s] Level 1:colcon.colcon_core.package_identification:_identify(ros2_prct) by extensions ['colcon_meta']
[0.221s] Level 1:colcon.colcon_core.package_identification:_identify(ros2_prct) by extension 'colcon_meta'
[0.221s] Level 1:colcon.colcon_core.package_identification:_identify(ros2_prct) by extensions ['ros']
[0.221s] Level 1:colcon.colcon_core.package_identification:_identify(ros2_prct) by extension 'ros'
[0.221s] Level 1:colcon.colcon_core.package_identification:_identify(ros2_prct) by extensions ['cmake', 'python']
[0.221s] Level 1:colcon.colcon_core.package_identification:_identify(ros2_prct) by extension 'cmake'
[0.221s] Level 1:colcon.colcon_core.package_identification:_identify(ros2_prct) by extension 'python'
[0.221s] Level 1:colcon.colcon_core.package_identification:_identify(ros2_prct) by extensions ['python_setup_py']
[0.221s] Level 1:colcon.colcon_core.package_identification:_identify(ros2_prct) by extension 'python_setup_py'
[0.221s] Level 1:colcon.colcon_core.package_identification:_identify(ros2_prct/build) by extensions ['ignore', 'ignore_ament_install']
[0.222s] Level 1:colcon.colcon_core.package_identification:_identify(ros2_prct/build) by extension 'ignore'
[0.222s] Level 1:colcon.colcon_core.package_identification:_identify(ros2_prct/build) ignored
[0.222s] Level 1:colcon.colcon_core.package_identification:_identify(ros2_prct/install) by extensions ['ignore', 'ignore_ament_install']
[0.222s] Level 1:colcon.colcon_core.package_identification:_identify(ros2_prct/install) by extension 'ignore'
[0.222s] Level 1:colcon.colcon_core.package_identification:_identify(ros2_prct/install) ignored
[0.222s] Level 1:colcon.colcon_core.package_identification:_identify(ros2_prct/log) by extensions ['ignore', 'ignore_ament_install']
[0.222s] Level 1:colcon.colcon_core.package_identification:_identify(ros2_prct/log) by extension 'ignore'
[0.222s] Level 1:colcon.colcon_core.package_identification:_identify(ros2_prct/log) ignored
[0.222s] Level 1:colcon.colcon_core.package_identification:_identify(ros2_prct/src) by extensions ['ignore', 'ignore_ament_install']
[0.222s] Level 1:colcon.colcon_core.package_identification:_identify(ros2_prct/src) by extension 'ignore'
[0.222s] Level 1:colcon.colcon_core.package_identification:_identify(ros2_prct/src) by extension 'ignore_ament_install'
[0.222s] Level 1:colcon.colcon_core.package_identification:_identify(ros2_prct/src) by extensions ['colcon_pkg']
[0.222s] Level 1:colcon.colcon_core.package_identification:_identify(ros2_prct/src) by extension 'colcon_pkg'
[0.222s] Level 1:colcon.colcon_core.package_identification:_identify(ros2_prct/src) by extensions ['colcon_meta']
[0.222s] Level 1:colcon.colcon_core.package_identification:_identify(ros2_prct/src) by extension 'colcon_meta'
[0.222s] Level 1:colcon.colcon_core.package_identification:_identify(ros2_prct/src) by extensions ['ros']
[0.222s] Level 1:colcon.colcon_core.package_identification:_identify(ros2_prct/src) by extension 'ros'
[0.222s] Level 1:colcon.colcon_core.package_identification:_identify(ros2_prct/src) by extensions ['cmake', 'python']
[0.222s] Level 1:colcon.colcon_core.package_identification:_identify(ros2_prct/src) by extension 'cmake'
[0.222s] Level 1:colcon.colcon_core.package_identification:_identify(ros2_prct/src) by extension 'python'
[0.222s] Level 1:colcon.colcon_core.package_identification:_identify(ros2_prct/src) by extensions ['python_setup_py']
[0.222s] Level 1:colcon.colcon_core.package_identification:_identify(ros2_prct/src) by extension 'python_setup_py'
[0.223s] Level 1:colcon.colcon_core.package_identification:_identify(ros2_prct/src/practice_package) by extensions ['ignore', 'ignore_ament_install']
[0.223s] Level 1:colcon.colcon_core.package_identification:_identify(ros2_prct/src/practice_package) by extension 'ignore'
[0.223s] Level 1:colcon.colcon_core.package_identification:_identify(ros2_prct/src/practice_package) by extension 'ignore_ament_install'
[0.223s] Level 1:colcon.colcon_core.package_identification:_identify(ros2_prct/src/practice_package) by extensions ['colcon_pkg']
[0.223s] Level 1:colcon.colcon_core.package_identification:_identify(ros2_prct/src/practice_package) by extension 'colcon_pkg'
[0.223s] Level 1:colcon.colcon_core.package_identification:_identify(ros2_prct/src/practice_package) by extensions ['colcon_meta']
[0.223s] Level 1:colcon.colcon_core.package_identification:_identify(ros2_prct/src/practice_package) by extension 'colcon_meta'
[0.223s] Level 1:colcon.colcon_core.package_identification:_identify(ros2_prct/src/practice_package) by extensions ['ros']
[0.223s] Level 1:colcon.colcon_core.package_identification:_identify(ros2_prct/src/practice_package) by extension 'ros'
[0.224s] DEBUG:colcon.colcon_core.package_identification:Package 'ros2_prct/src/practice_package' with type 'ros.ament_python' and name 'practice_package'
[0.224s] Level 1:colcon.colcon_core.package_identification:_identify(ros2_prct/src/practice_package_msgs) by extensions ['ignore', 'ignore_ament_install']
[0.224s] Level 1:colcon.colcon_core.package_identification:_identify(ros2_prct/src/practice_package_msgs) by extension 'ignore'
[0.224s] Level 1:colcon.colcon_core.package_identification:_identify(ros2_prct/src/practice_package_msgs) by extension 'ignore_ament_install'
[0.224s] Level 1:colcon.colcon_core.package_identification:_identify(ros2_prct/src/practice_package_msgs) by extensions ['colcon_pkg']
[0.224s] Level 1:colcon.colcon_core.package_identification:_identify(ros2_prct/src/practice_package_msgs) by extension 'colcon_pkg'
[0.224s] Level 1:colcon.colcon_core.package_identification:_identify(ros2_prct/src/practice_package_msgs) by extensions ['colcon_meta']
[0.224s] Level 1:colcon.colcon_core.package_identification:_identify(ros2_prct/src/practice_package_msgs) by extension 'colcon_meta'
[0.224s] Level 1:colcon.colcon_core.package_identification:_identify(ros2_prct/src/practice_package_msgs) by extensions ['ros']
[0.224s] Level 1:colcon.colcon_core.package_identification:_identify(ros2_prct/src/practice_package_msgs) by extension 'ros'
[0.225s] DEBUG:colcon.colcon_core.package_identification:Package 'ros2_prct/src/practice_package_msgs' with type 'ros.ament_cmake' and name 'practice_package_msgs'
[0.225s] Level 1:colcon.colcon_core.package_identification:_identify(ros2_study) by extensions ['ignore', 'ignore_ament_install']
[0.225s] Level 1:colcon.colcon_core.package_identification:_identify(ros2_study) by extension 'ignore'
[0.225s] Level 1:colcon.colcon_core.package_identification:_identify(ros2_study) by extension 'ignore_ament_install'
[0.225s] Level 1:colcon.colcon_core.package_identification:_identify(ros2_study) by extensions ['colcon_pkg']
[0.225s] Level 1:colcon.colcon_core.package_identification:_identify(ros2_study) by extension 'colcon_pkg'
[0.225s] Level 1:colcon.colcon_core.package_identification:_identify(ros2_study) by extensions ['colcon_meta']
[0.225s] Level 1:colcon.colcon_core.package_identification:_identify(ros2_study) by extension 'colcon_meta'
[0.225s] Level 1:colcon.colcon_core.package_identification:_identify(ros2_study) by extensions ['ros']
[0.225s] Level 1:colcon.colcon_core.package_identification:_identify(ros2_study) by extension 'ros'
[0.225s] Level 1:colcon.colcon_core.package_identification:_identify(ros2_study) by extensions ['cmake', 'python']
[0.225s] Level 1:colcon.colcon_core.package_identification:_identify(ros2_study) by extension 'cmake'
[0.225s] Level 1:colcon.colcon_core.package_identification:_identify(ros2_study) by extension 'python'
[0.225s] Level 1:colcon.colcon_core.package_identification:_identify(ros2_study) by extensions ['python_setup_py']
[0.225s] Level 1:colcon.colcon_core.package_identification:_identify(ros2_study) by extension 'python_setup_py'
[0.225s] Level 1:colcon.colcon_core.package_identification:_identify(ros2_study/build) by extensions ['ignore', 'ignore_ament_install']
[0.225s] Level 1:colcon.colcon_core.package_identification:_identify(ros2_study/build) by extension 'ignore'
[0.225s] Level 1:colcon.colcon_core.package_identification:_identify(ros2_study/build) ignored
[0.225s] Level 1:colcon.colcon_core.package_identification:_identify(ros2_study/install) by extensions ['ignore', 'ignore_ament_install']
[0.225s] Level 1:colcon.colcon_core.package_identification:_identify(ros2_study/install) by extension 'ignore'
[0.225s] Level 1:colcon.colcon_core.package_identification:_identify(ros2_study/install) ignored
[0.225s] Level 1:colcon.colcon_core.package_identification:_identify(ros2_study/log) by extensions ['ignore', 'ignore_ament_install']
[0.225s] Level 1:colcon.colcon_core.package_identification:_identify(ros2_study/log) by extension 'ignore'
[0.226s] Level 1:colcon.colcon_core.package_identification:_identify(ros2_study/log) ignored
[0.226s] Level 1:colcon.colcon_core.package_identification:_identify(ros2_study/src) by extensions ['ignore', 'ignore_ament_install']
[0.226s] Level 1:colcon.colcon_core.package_identification:_identify(ros2_study/src) by extension 'ignore'
[0.226s] Level 1:colcon.colcon_core.package_identification:_identify(ros2_study/src) by extension 'ignore_ament_install'
[0.226s] Level 1:colcon.colcon_core.package_identification:_identify(ros2_study/src) by extensions ['colcon_pkg']
[0.226s] Level 1:colcon.colcon_core.package_identification:_identify(ros2_study/src) by extension 'colcon_pkg'
[0.226s] Level 1:colcon.colcon_core.package_identification:_identify(ros2_study/src) by extensions ['colcon_meta']
[0.226s] Level 1:colcon.colcon_core.package_identification:_identify(ros2_study/src) by extension 'colcon_meta'
[0.226s] Level 1:colcon.colcon_core.package_identification:_identify(ros2_study/src) by extensions ['ros']
[0.226s] Level 1:colcon.colcon_core.package_identification:_identify(ros2_study/src) by extension 'ros'
[0.226s] Level 1:colcon.colcon_core.package_identification:_identify(ros2_study/src) by extensions ['cmake', 'python']
[0.226s] Level 1:colcon.colcon_core.package_identification:_identify(ros2_study/src) by extension 'cmake'
[0.226s] Level 1:colcon.colcon_core.package_identification:_identify(ros2_study/src) by extension 'python'
[0.226s] Level 1:colcon.colcon_core.package_identification:_identify(ros2_study/src) by extensions ['python_setup_py']
[0.226s] Level 1:colcon.colcon_core.package_identification:_identify(ros2_study/src) by extension 'python_setup_py'
[0.226s] Level 1:colcon.colcon_core.package_identification:_identify(ros2_study/src/my_first_package) by extensions ['ignore', 'ignore_ament_install']
[0.226s] Level 1:colcon.colcon_core.package_identification:_identify(ros2_study/src/my_first_package) by extension 'ignore'
[0.226s] Level 1:colcon.colcon_core.package_identification:_identify(ros2_study/src/my_first_package) by extension 'ignore_ament_install'
[0.226s] Level 1:colcon.colcon_core.package_identification:_identify(ros2_study/src/my_first_package) by extensions ['colcon_pkg']
[0.226s] Level 1:colcon.colcon_core.package_identification:_identify(ros2_study/src/my_first_package) by extension 'colcon_pkg'
[0.226s] Level 1:colcon.colcon_core.package_identification:_identify(ros2_study/src/my_first_package) by extensions ['colcon_meta']
[0.226s] Level 1:colcon.colcon_core.package_identification:_identify(ros2_study/src/my_first_package) by extension 'colcon_meta'
[0.226s] Level 1:colcon.colcon_core.package_identification:_identify(ros2_study/src/my_first_package) by extensions ['ros']
[0.226s] Level 1:colcon.colcon_core.package_identification:_identify(ros2_study/src/my_first_package) by extension 'ros'
[0.227s] DEBUG:colcon.colcon_core.package_identification:Package 'ros2_study/src/my_first_package' with type 'ros.ament_python' and name 'my_first_package'
[0.227s] Level 1:colcon.colcon_core.package_identification:_identify(ros2_study/src/my_first_package_msgs) by extensions ['ignore', 'ignore_ament_install']
[0.227s] Level 1:colcon.colcon_core.package_identification:_identify(ros2_study/src/my_first_package_msgs) by extension 'ignore'
[0.227s] Level 1:colcon.colcon_core.package_identification:_identify(ros2_study/src/my_first_package_msgs) by extension 'ignore_ament_install'
[0.227s] Level 1:colcon.colcon_core.package_identification:_identify(ros2_study/src/my_first_package_msgs) by extensions ['colcon_pkg']
[0.227s] Level 1:colcon.colcon_core.package_identification:_identify(ros2_study/src/my_first_package_msgs) by extension 'colcon_pkg'
[0.227s] Level 1:colcon.colcon_core.package_identification:_identify(ros2_study/src/my_first_package_msgs) by extensions ['colcon_meta']
[0.227s] Level 1:colcon.colcon_core.package_identification:_identify(ros2_study/src/my_first_package_msgs) by extension 'colcon_meta'
[0.227s] Level 1:colcon.colcon_core.package_identification:_identify(ros2_study/src/my_first_package_msgs) by extensions ['ros']
[0.227s] Level 1:colcon.colcon_core.package_identification:_identify(ros2_study/src/my_first_package_msgs) by extension 'ros'
[0.227s] DEBUG:colcon.colcon_core.package_identification:Package 'ros2_study/src/my_first_package_msgs' with type 'ros.ament_cmake' and name 'my_first_package_msgs'
[0.227s] Level 1:colcon.colcon_core.package_identification:_identify(secret_dir) by extensions ['ignore', 'ignore_ament_install']
[0.228s] Level 1:colcon.colcon_core.package_identification:_identify(secret_dir) by extension 'ignore'
[0.228s] Level 1:colcon.colcon_core.package_identification:_identify(secret_dir) by extension 'ignore_ament_install'
[0.228s] Level 1:colcon.colcon_core.package_identification:_identify(secret_dir) by extensions ['colcon_pkg']
[0.228s] Level 1:colcon.colcon_core.package_identification:_identify(secret_dir) by extension 'colcon_pkg'
[0.228s] Level 1:colcon.colcon_core.package_identification:_identify(secret_dir) by extensions ['colcon_meta']
[0.228s] Level 1:colcon.colcon_core.package_identification:_identify(secret_dir) by extension 'colcon_meta'
[0.228s] Level 1:colcon.colcon_core.package_identification:_identify(secret_dir) by extensions ['ros']
[0.228s] Level 1:colcon.colcon_core.package_identification:_identify(secret_dir) by extension 'ros'
[0.228s] Level 1:colcon.colcon_core.package_identification:_identify(secret_dir) by extensions ['cmake', 'python']
[0.228s] Level 1:colcon.colcon_core.package_identification:_identify(secret_dir) by extension 'cmake'
[0.228s] Level 1:colcon.colcon_core.package_identification:_identify(secret_dir) by extension 'python'
[0.228s] Level 1:colcon.colcon_core.package_identification:_identify(secret_dir) by extensions ['python_setup_py']
[0.228s] Level 1:colcon.colcon_core.package_identification:_identify(secret_dir) by extension 'python_setup_py'
[0.228s] Level 1:colcon.colcon_core.package_identification:_identify(snap) by extensions ['ignore', 'ignore_ament_install']
[0.228s] Level 1:colcon.colcon_core.package_identification:_identify(snap) by extension 'ignore'
[0.228s] Level 1:colcon.colcon_core.package_identification:_identify(snap) by extension 'ignore_ament_install'
[0.228s] Level 1:colcon.colcon_core.package_identification:_identify(snap) by extensions ['colcon_pkg']
[0.228s] Level 1:colcon.colcon_core.package_identification:_identify(snap) by extension 'colcon_pkg'
[0.228s] Level 1:colcon.colcon_core.package_identification:_identify(snap) by extensions ['colcon_meta']
[0.228s] Level 1:colcon.colcon_core.package_identification:_identify(snap) by extension 'colcon_meta'
[0.228s] Level 1:colcon.colcon_core.package_identification:_identify(snap) by extensions ['ros']
[0.228s] Level 1:colcon.colcon_core.package_identification:_identify(snap) by extension 'ros'
[0.228s] Level 1:colcon.colcon_core.package_identification:_identify(snap) by extensions ['cmake', 'python']
[0.228s] Level 1:colcon.colcon_core.package_identification:_identify(snap) by extension 'cmake'
[0.228s] Level 1:colcon.colcon_core.package_identification:_identify(snap) by extension 'python'
[0.228s] Level 1:colcon.colcon_core.package_identification:_identify(snap) by extensions ['python_setup_py']
[0.228s] Level 1:colcon.colcon_core.package_identification:_identify(snap) by extension 'python_setup_py'
[0.228s] Level 1:colcon.colcon_core.package_identification:_identify(tar_test) by extensions ['ignore', 'ignore_ament_install']
[0.229s] Level 1:colcon.colcon_core.package_identification:_identify(tar_test) by extension 'ignore'
[0.229s] Level 1:colcon.colcon_core.package_identification:_identify(tar_test) by extension 'ignore_ament_install'
[0.229s] Level 1:colcon.colcon_core.package_identification:_identify(tar_test) by extensions ['colcon_pkg']
[0.229s] Level 1:colcon.colcon_core.package_identification:_identify(tar_test) by extension 'colcon_pkg'
[0.229s] Level 1:colcon.colcon_core.package_identification:_identify(tar_test) by extensions ['colcon_meta']
[0.229s] Level 1:colcon.colcon_core.package_identification:_identify(tar_test) by extension 'colcon_meta'
[0.229s] Level 1:colcon.colcon_core.package_identification:_identify(tar_test) by extensions ['ros']
[0.229s] Level 1:colcon.colcon_core.package_identification:_identify(tar_test) by extension 'ros'
[0.229s] Level 1:colcon.colcon_core.package_identification:_identify(tar_test) by extensions ['cmake', 'python']
[0.229s] Level 1:colcon.colcon_core.package_identification:_identify(tar_test) by extension 'cmake'
[0.229s] Level 1:colcon.colcon_core.package_identification:_identify(tar_test) by extension 'python'
[0.229s] Level 1:colcon.colcon_core.package_identification:_identify(tar_test) by extensions ['python_setup_py']
[0.229s] Level 1:colcon.colcon_core.package_identification:_identify(tar_test) by extension 'python_setup_py'
[0.229s] Level 1:colcon.colcon_core.package_identification:_identify(test) by extensions ['ignore', 'ignore_ament_install']
[0.229s] Level 1:colcon.colcon_core.package_identification:_identify(test) by extension 'ignore'
[0.229s] Level 1:colcon.colcon_core.package_identification:_identify(test) by extension 'ignore_ament_install'
[0.229s] Level 1:colcon.colcon_core.package_identification:_identify(test) by extensions ['colcon_pkg']
[0.229s] Level 1:colcon.colcon_core.package_identification:_identify(test) by extension 'colcon_pkg'
[0.229s] Level 1:colcon.colcon_core.package_identification:_identify(test) by extensions ['colcon_meta']
[0.229s] Level 1:colcon.colcon_core.package_identification:_identify(test) by extension 'colcon_meta'
[0.229s] Level 1:colcon.colcon_core.package_identification:_identify(test) by extensions ['ros']
[0.229s] Level 1:colcon.colcon_core.package_identification:_identify(test) by extension 'ros'
[0.229s] Level 1:colcon.colcon_core.package_identification:_identify(test) by extensions ['cmake', 'python']
[0.229s] Level 1:colcon.colcon_core.package_identification:_identify(test) by extension 'cmake'
[0.229s] Level 1:colcon.colcon_core.package_identification:_identify(test) by extension 'python'
[0.229s] Level 1:colcon.colcon_core.package_identification:_identify(test) by extensions ['python_setup_py']
[0.229s] Level 1:colcon.colcon_core.package_identification:_identify(test) by extension 'python_setup_py'
[0.229s] Level 1:colcon.colcon_core.package_identification:_identify(tgz-test) by extensions ['ignore', 'ignore_ament_install']
[0.230s] Level 1:colcon.colcon_core.package_identification:_identify(tgz-test) by extension 'ignore'
[0.230s] Level 1:colcon.colcon_core.package_identification:_identify(tgz-test) by extension 'ignore_ament_install'
[0.230s] Level 1:colcon.colcon_core.package_identification:_identify(tgz-test) by extensions ['colcon_pkg']
[0.230s] Level 1:colcon.colcon_core.package_identification:_identify(tgz-test) by extension 'colcon_pkg'
[0.230s] Level 1:colcon.colcon_core.package_identification:_identify(tgz-test) by extensions ['colcon_meta']
[0.230s] Level 1:colcon.colcon_core.package_identification:_identify(tgz-test) by extension 'colcon_meta'
[0.230s] Level 1:colcon.colcon_core.package_identification:_identify(tgz-test) by extensions ['ros']
[0.230s] Level 1:colcon.colcon_core.package_identification:_identify(tgz-test) by extension 'ros'
[0.230s] Level 1:colcon.colcon_core.package_identification:_identify(tgz-test) by extensions ['cmake', 'python']
[0.230s] Level 1:colcon.colcon_core.package_identification:_identify(tgz-test) by extension 'cmake'
[0.230s] Level 1:colcon.colcon_core.package_identification:_identify(tgz-test) by extension 'python'
[0.230s] Level 1:colcon.colcon_core.package_identification:_identify(tgz-test) by extensions ['python_setup_py']
[0.230s] Level 1:colcon.colcon_core.package_identification:_identify(tgz-test) by extension 'python_setup_py'
[0.230s] Level 1:colcon.colcon_core.package_discovery:discover_packages(recursive) using defaults
[0.230s] Level 1:colcon.colcon_core.package_discovery:discover_packages(ignore) discover
[0.230s] Level 1:colcon.colcon_core.package_discovery:discover_packages(ignore) using defaults
[0.230s] Level 1:colcon.colcon_core.package_discovery:discover_packages(path) discover
[0.230s] Level 1:colcon.colcon_core.package_discovery:discover_packages(path) using defaults
[0.241s] Level 1:colcon.colcon_core.package_discovery:discover_packages(prefix_path) check parameters
[0.241s] Level 1:colcon.colcon_core.package_discovery:discover_packages(prefix_path) discover
[0.242s] DEBUG:colcon.colcon_installed_package_information.package_discovery:Found 2 installed packages in /home/hyh/ros2_prct/install
[0.243s] DEBUG:colcon.colcon_installed_package_information.package_discovery:Found 2 installed packages in /home/hyh/ros2_study/install
[0.243s] DEBUG:colcon.colcon_installed_package_information.package_discovery:Found 273 installed packages in /opt/ros/humble
[0.244s] Level 1:colcon.colcon_core.package_discovery:discover_packages(prefix_path) using defaults
[0.261s] Level 5:colcon.colcon_core.verb:set package 'my_first_package' build argument 'cmake_args' from command line to 'None'
[0.262s] Level 5:colcon.colcon_core.verb:set package 'my_first_package' build argument 'cmake_target' from command line to 'None'
[0.262s] Level 5:colcon.colcon_core.verb:set package 'my_first_package' build argument 'cmake_target_skip_unavailable' from command line to 'False'
[0.262s] Level 5:colcon.colcon_core.verb:set package 'my_first_package' build argument 'cmake_clean_cache' from command line to 'False'
[0.267s] Level 5:colcon.colcon_core.verb:set package 'my_first_package' build argument 'cmake_clean_first' from command line to 'False'
[0.267s] Level 5:colcon.colcon_core.verb:set package 'my_first_package' build argument 'cmake_force_configure' from command line to 'False'
[0.267s] Level 5:colcon.colcon_core.verb:set package 'my_first_package' build argument 'ament_cmake_args' from command line to 'None'
[0.267s] Level 5:colcon.colcon_core.verb:set package 'my_first_package' build argument 'catkin_cmake_args' from command line to 'None'
[0.267s] Level 5:colcon.colcon_core.verb:set package 'my_first_package' build argument 'catkin_skip_building_tests' from command line to 'False'
[0.267s] DEBUG:colcon.colcon_core.verb:Building package 'my_first_package' with the following arguments: {'ament_cmake_args': None, 'build_base': '/home/hyh/build/my_first_package', 'catkin_cmake_args': None, 'catkin_skip_building_tests': False, 'cmake_args': None, 'cmake_clean_cache': False, 'cmake_clean_first': False, 'cmake_force_configure': False, 'cmake_target': None, 'cmake_target_skip_unavailable': False, 'install_base': '/home/hyh/install/my_first_package', 'merge_install': False, 'path': '/home/hyh/ros2_study/src/my_first_package', 'symlink_install': False, 'test_result_base': None}
[0.267s] Level 5:colcon.colcon_core.verb:set package 'my_first_package_msgs' build argument 'cmake_args' from command line to 'None'
[0.267s] Level 5:colcon.colcon_core.verb:set package 'my_first_package_msgs' build argument 'cmake_target' from command line to 'None'
[0.267s] Level 5:colcon.colcon_core.verb:set package 'my_first_package_msgs' build argument 'cmake_target_skip_unavailable' from command line to 'False'
[0.267s] Level 5:colcon.colcon_core.verb:set package 'my_first_package_msgs' build argument 'cmake_clean_cache' from command line to 'False'
[0.267s] Level 5:colcon.colcon_core.verb:set package 'my_first_package_msgs' build argument 'cmake_clean_first' from command line to 'False'
[0.267s] Level 5:colcon.colcon_core.verb:set package 'my_first_package_msgs' build argument 'cmake_force_configure' from command line to 'False'
[0.267s] Level 5:colcon.colcon_core.verb:set package 'my_first_package_msgs' build argument 'ament_cmake_args' from command line to 'None'
[0.267s] Level 5:colcon.colcon_core.verb:set package 'my_first_package_msgs' build argument 'catkin_cmake_args' from command line to 'None'
[0.267s] Level 5:colcon.colcon_core.verb:set package 'my_first_package_msgs' build argument 'catkin_skip_building_tests' from command line to 'False'
[0.267s] DEBUG:colcon.colcon_core.verb:Building package 'my_first_package_msgs' with the following arguments: {'ament_cmake_args': None, 'build_base': '/home/hyh/build/my_first_package_msgs', 'catkin_cmake_args': None, 'catkin_skip_building_tests': False, 'cmake_args': None, 'cmake_clean_cache': False, 'cmake_clean_first': False, 'cmake_force_configure': False, 'cmake_target': None, 'cmake_target_skip_unavailable': False, 'install_base': '/home/hyh/install/my_first_package_msgs', 'merge_install': False, 'path': '/home/hyh/ros2_study/src/my_first_package_msgs', 'symlink_install': False, 'test_result_base': None}
[0.267s] Level 5:colcon.colcon_core.verb:set package 'practice_package' build argument 'cmake_args' from command line to 'None'
[0.267s] Level 5:colcon.colcon_core.verb:set package 'practice_package' build argument 'cmake_target' from command line to 'None'
[0.267s] Level 5:colcon.colcon_core.verb:set package 'practice_package' build argument 'cmake_target_skip_unavailable' from command line to 'False'
[0.267s] Level 5:colcon.colcon_core.verb:set package 'practice_package' build argument 'cmake_clean_cache' from command line to 'False'
[0.267s] Level 5:colcon.colcon_core.verb:set package 'practice_package' build argument 'cmake_clean_first' from command line to 'False'
[0.267s] Level 5:colcon.colcon_core.verb:set package 'practice_package' build argument 'cmake_force_configure' from command line to 'False'
[0.267s] Level 5:colcon.colcon_core.verb:set package 'practice_package' build argument 'ament_cmake_args' from command line to 'None'
[0.267s] Level 5:colcon.colcon_core.verb:set package 'practice_package' build argument 'catkin_cmake_args' from command line to 'None'
[0.268s] Level 5:colcon.colcon_core.verb:set package 'practice_package' build argument 'catkin_skip_building_tests' from command line to 'False'
[0.268s] DEBUG:colcon.colcon_core.verb:Building package 'practice_package' with the following arguments: {'ament_cmake_args': None, 'build_base': '/home/hyh/build/practice_package', 'catkin_cmake_args': None, 'catkin_skip_building_tests': False, 'cmake_args': None, 'cmake_clean_cache': False, 'cmake_clean_first': False, 'cmake_force_configure': False, 'cmake_target': None, 'cmake_target_skip_unavailable': False, 'install_base': '/home/hyh/install/practice_package', 'merge_install': False, 'path': '/home/hyh/ros2_prct/src/practice_package', 'symlink_install': False, 'test_result_base': None}
[0.268s] Level 5:colcon.colcon_core.verb:set package 'practice_package_msgs' build argument 'cmake_args' from command line to 'None'
[0.268s] Level 5:colcon.colcon_core.verb:set package 'practice_package_msgs' build argument 'cmake_target' from command line to 'None'
[0.268s] Level 5:colcon.colcon_core.verb:set package 'practice_package_msgs' build argument 'cmake_target_skip_unavailable' from command line to 'False'
[0.268s] Level 5:colcon.colcon_core.verb:set package 'practice_package_msgs' build argument 'cmake_clean_cache' from command line to 'False'
[0.268s] Level 5:colcon.colcon_core.verb:set package 'practice_package_msgs' build argument 'cmake_clean_first' from command line to 'False'
[0.268s] Level 5:colcon.colcon_core.verb:set package 'practice_package_msgs' build argument 'cmake_force_configure' from command line to 'False'
[0.268s] Level 5:colcon.colcon_core.verb:set package 'practice_package_msgs' build argument 'ament_cmake_args' from command line to 'None'
[0.268s] Level 5:colcon.colcon_core.verb:set package 'practice_package_msgs' build argument 'catkin_cmake_args' from command line to 'None'
[0.268s] Level 5:colcon.colcon_core.verb:set package 'practice_package_msgs' build argument 'catkin_skip_building_tests' from command line to 'False'
[0.268s] DEBUG:colcon.colcon_core.verb:Building package 'practice_package_msgs' with the following arguments: {'ament_cmake_args': None, 'build_base': '/home/hyh/build/practice_package_msgs', 'catkin_cmake_args': None, 'catkin_skip_building_tests': False, 'cmake_args': None, 'cmake_clean_cache': False, 'cmake_clean_first': False, 'cmake_force_configure': False, 'cmake_target': None, 'cmake_target_skip_unavailable': False, 'install_base': '/home/hyh/install/practice_package_msgs', 'merge_install': False, 'path': '/home/hyh/ros2_prct/src/practice_package_msgs', 'symlink_install': False, 'test_result_base': None}
[0.268s] INFO:colcon.colcon_core.executor:Executing jobs using 'parallel' executor
[0.269s] DEBUG:colcon.colcon_parallel_executor.executor.parallel:run_until_complete
[0.269s] INFO:colcon.colcon_ros.task.ament_python.build:Building ROS package in '/home/hyh/ros2_study/src/my_first_package' with build type 'ament_python'
[0.269s] Level 1:colcon.colcon_core.shell:create_environment_hook('my_first_package', 'ament_prefix_path')
[0.271s] INFO:colcon.colcon_core.plugin_system:Skipping extension 'colcon_core.shell.bat': Not used on non-Windows systems
[0.271s] INFO:colcon.colcon_core.shell:Creating environment hook '/home/hyh/install/my_first_package/share/my_first_package/hook/ament_prefix_path.ps1'
[0.271s] INFO:colcon.colcon_core.shell:Creating environment descriptor '/home/hyh/install/my_first_package/share/my_first_package/hook/ament_prefix_path.dsv'
[0.271s] INFO:colcon.colcon_core.shell:Creating environment hook '/home/hyh/install/my_first_package/share/my_first_package/hook/ament_prefix_path.sh'
[0.272s] INFO:colcon.colcon_core.shell:Skip shell extension 'powershell' for command environment: Not usable outside of PowerShell
[0.272s] DEBUG:colcon.colcon_core.shell:Skip shell extension 'dsv' for command environment
[0.274s] INFO:colcon.colcon_ros.task.ament_cmake.build:Building ROS package in '/home/hyh/ros2_study/src/my_first_package_msgs' with build type 'ament_cmake'
[0.275s] INFO:colcon.colcon_cmake.task.cmake.build:Building CMake package in '/home/hyh/ros2_study/src/my_first_package_msgs'
[0.275s] INFO:colcon.colcon_core.shell:Skip shell extension 'powershell' for command environment: Not usable outside of PowerShell
[0.275s] DEBUG:colcon.colcon_core.shell:Skip shell extension 'dsv' for command environment
[0.277s] INFO:colcon.colcon_ros.task.ament_python.build:Building ROS package in '/home/hyh/ros2_prct/src/practice_package' with build type 'ament_python'
[0.277s] Level 1:colcon.colcon_core.shell:create_environment_hook('practice_package', 'ament_prefix_path')
[0.278s] INFO:colcon.colcon_core.shell:Creating environment hook '/home/hyh/install/practice_package/share/practice_package/hook/ament_prefix_path.ps1'
[0.278s] INFO:colcon.colcon_core.shell:Creating environment descriptor '/home/hyh/install/practice_package/share/practice_package/hook/ament_prefix_path.dsv'
[0.279s] INFO:colcon.colcon_core.shell:Creating environment hook '/home/hyh/install/practice_package/share/practice_package/hook/ament_prefix_path.sh'
[0.279s] INFO:colcon.colcon_core.shell:Skip shell extension 'powershell' for command environment: Not usable outside of PowerShell
[0.279s] DEBUG:colcon.colcon_core.shell:Skip shell extension 'dsv' for command environment
[0.281s] INFO:colcon.colcon_ros.task.ament_cmake.build:Building ROS package in '/home/hyh/ros2_prct/src/practice_package_msgs' with build type 'ament_cmake'
[0.281s] INFO:colcon.colcon_cmake.task.cmake.build:Building CMake package in '/home/hyh/ros2_prct/src/practice_package_msgs'
[0.281s] INFO:colcon.colcon_core.shell:Skip shell extension 'powershell' for command environment: Not usable outside of PowerShell
[0.281s] DEBUG:colcon.colcon_core.shell:Skip shell extension 'dsv' for command environment
[0.427s] INFO:colcon.colcon_core.task.python.build:Building Python package in '/home/hyh/ros2_study/src/my_first_package'
[0.428s] INFO:colcon.colcon_core.shell:Skip shell extension 'powershell' for command environment: Not usable outside of PowerShell
[0.428s] DEBUG:colcon.colcon_core.shell:Skip shell extension 'dsv' for command environment
[0.433s] DEBUG:colcon.colcon_core.event_handler.log_command:Invoking command in '/home/hyh/build/my_first_package_msgs': CMAKE_PREFIX_PATH=${CMAKE_PREFIX_PATH}:/home/hyh/ros2_prct/install/practice_package:/home/hyh/ros2_study/install/my_first_package:/opt/ros/humble /usr/bin/cmake --build /home/hyh/build/my_first_package_msgs -- -j20 -l20
[0.587s] INFO:colcon.colcon_core.task.python.build:Building Python package in '/home/hyh/ros2_prct/src/practice_package'
[0.587s] INFO:colcon.colcon_core.shell:Skip shell extension 'powershell' for command environment: Not usable outside of PowerShell
[0.587s] DEBUG:colcon.colcon_core.shell:Skip shell extension 'dsv' for command environment
[0.596s] DEBUG:colcon.colcon_core.event_handler.log_command:Invoking command in '/home/hyh/build/practice_package_msgs': CMAKE_PREFIX_PATH=${CMAKE_PREFIX_PATH}:/home/hyh/ros2_prct/install/practice_package:/home/hyh/ros2_study/install/my_first_package:/opt/ros/humble /usr/bin/cmake --build /home/hyh/build/practice_package_msgs -- -j20 -l20
[0.648s] DEBUG:colcon.colcon_core.event_handler.log_command:Invoked command in '/home/hyh/build/my_first_package_msgs' returned '0': CMAKE_PREFIX_PATH=${CMAKE_PREFIX_PATH}:/home/hyh/ros2_prct/install/practice_package:/home/hyh/ros2_study/install/my_first_package:/opt/ros/humble /usr/bin/cmake --build /home/hyh/build/my_first_package_msgs -- -j20 -l20
[0.654s] DEBUG:colcon.colcon_core.event_handler.log_command:Invoking command in '/home/hyh/build/my_first_package_msgs': CMAKE_PREFIX_PATH=${CMAKE_PREFIX_PATH}:/home/hyh/ros2_prct/install/practice_package:/home/hyh/ros2_study/install/my_first_package:/opt/ros/humble /usr/bin/cmake --install /home/hyh/build/my_first_package_msgs
[0.693s] Level 1:colcon.colcon_core.environment:create_environment_scripts_only(my_first_package_msgs)
[0.697s] Level 1:colcon.colcon_core.environment:checking '/home/hyh/install/my_first_package_msgs' for CMake module files
[0.698s] Level 1:colcon.colcon_core.environment:checking '/home/hyh/install/my_first_package_msgs' for CMake config files
[0.699s] DEBUG:colcon.colcon_core.event_handler.log_command:Invoked command in '/home/hyh/build/my_first_package_msgs' returned '0': CMAKE_PREFIX_PATH=${CMAKE_PREFIX_PATH}:/home/hyh/ros2_prct/install/practice_package:/home/hyh/ros2_study/install/my_first_package:/opt/ros/humble /usr/bin/cmake --install /home/hyh/build/my_first_package_msgs
[0.699s] Level 1:colcon.colcon_core.shell:create_environment_hook('my_first_package_msgs', 'cmake_prefix_path')
[0.700s] INFO:colcon.colcon_core.shell:Creating environment hook '/home/hyh/install/my_first_package_msgs/share/my_first_package_msgs/hook/cmake_prefix_path.ps1'
[0.700s] INFO:colcon.colcon_core.shell:Creating environment descriptor '/home/hyh/install/my_first_package_msgs/share/my_first_package_msgs/hook/cmake_prefix_path.dsv'
[0.700s] INFO:colcon.colcon_core.shell:Creating environment hook '/home/hyh/install/my_first_package_msgs/share/my_first_package_msgs/hook/cmake_prefix_path.sh'
[0.701s] Level 1:colcon.colcon_core.environment:checking '/home/hyh/install/my_first_package_msgs/lib'
[0.701s] Level 1:colcon.colcon_core.shell:create_environment_hook('my_first_package_msgs', 'ld_library_path_lib')
[0.701s] INFO:colcon.colcon_core.shell:Creating environment hook '/home/hyh/install/my_first_package_msgs/share/my_first_package_msgs/hook/ld_library_path_lib.ps1'
[0.701s] INFO:colcon.colcon_core.shell:Creating environment descriptor '/home/hyh/install/my_first_package_msgs/share/my_first_package_msgs/hook/ld_library_path_lib.dsv'
[0.701s] INFO:colcon.colcon_core.shell:Creating environment hook '/home/hyh/install/my_first_package_msgs/share/my_first_package_msgs/hook/ld_library_path_lib.sh'
[0.702s] Level 1:colcon.colcon_core.environment:checking '/home/hyh/install/my_first_package_msgs/bin'
[0.702s] Level 1:colcon.colcon_core.environment:checking '/home/hyh/install/my_first_package_msgs/lib/pkgconfig/my_first_package_msgs.pc'
[0.702s] Level 1:colcon.colcon_core.environment:checking '/home/hyh/install/my_first_package_msgs/lib/python3.10/site-packages'
[0.702s] Level 1:colcon.colcon_core.environment:checking '/home/hyh/install/my_first_package_msgs/bin'
[0.702s] INFO:colcon.colcon_core.shell:Creating package script '/home/hyh/install/my_first_package_msgs/share/my_first_package_msgs/package.ps1'
[0.703s] INFO:colcon.colcon_core.shell:Creating package descriptor '/home/hyh/install/my_first_package_msgs/share/my_first_package_msgs/package.dsv'
[0.703s] INFO:colcon.colcon_core.shell:Creating package script '/home/hyh/install/my_first_package_msgs/share/my_first_package_msgs/package.sh'
[0.704s] INFO:colcon.colcon_core.shell:Creating package script '/home/hyh/install/my_first_package_msgs/share/my_first_package_msgs/package.bash'
[0.704s] INFO:colcon.colcon_core.shell:Creating package script '/home/hyh/install/my_first_package_msgs/share/my_first_package_msgs/package.zsh'
[0.704s] Level 1:colcon.colcon_core.environment:create_file_with_runtime_dependencies(/home/hyh/install/my_first_package_msgs/share/colcon-core/packages/my_first_package_msgs)
[0.705s] Level 1:colcon.colcon_core.environment:create_environment_scripts_only(my_first_package_msgs)
[0.705s] Level 1:colcon.colcon_core.environment:checking '/home/hyh/install/my_first_package_msgs' for CMake module files
[0.705s] Level 1:colcon.colcon_core.environment:checking '/home/hyh/install/my_first_package_msgs' for CMake config files
[0.706s] Level 1:colcon.colcon_core.shell:create_environment_hook('my_first_package_msgs', 'cmake_prefix_path')
[0.706s] INFO:colcon.colcon_core.shell:Creating environment hook '/home/hyh/install/my_first_package_msgs/share/my_first_package_msgs/hook/cmake_prefix_path.ps1'
[0.706s] INFO:colcon.colcon_core.shell:Creating environment descriptor '/home/hyh/install/my_first_package_msgs/share/my_first_package_msgs/hook/cmake_prefix_path.dsv'
[0.706s] INFO:colcon.colcon_core.shell:Creating environment hook '/home/hyh/install/my_first_package_msgs/share/my_first_package_msgs/hook/cmake_prefix_path.sh'
[0.707s] Level 1:colcon.colcon_core.environment:checking '/home/hyh/install/my_first_package_msgs/lib'
[0.707s] Level 1:colcon.colcon_core.shell:create_environment_hook('my_first_package_msgs', 'ld_library_path_lib')
[0.707s] INFO:colcon.colcon_core.shell:Creating environment hook '/home/hyh/install/my_first_package_msgs/share/my_first_package_msgs/hook/ld_library_path_lib.ps1'
[0.707s] INFO:colcon.colcon_core.shell:Creating environment descriptor '/home/hyh/install/my_first_package_msgs/share/my_first_package_msgs/hook/ld_library_path_lib.dsv'
[0.707s] INFO:colcon.colcon_core.shell:Creating environment hook '/home/hyh/install/my_first_package_msgs/share/my_first_package_msgs/hook/ld_library_path_lib.sh'
[0.707s] Level 1:colcon.colcon_core.environment:checking '/home/hyh/install/my_first_package_msgs/bin'
[0.708s] Level 1:colcon.colcon_core.environment:checking '/home/hyh/install/my_first_package_msgs/lib/pkgconfig/my_first_package_msgs.pc'
[0.708s] Level 1:colcon.colcon_core.environment:checking '/home/hyh/install/my_first_package_msgs/lib/python3.10/site-packages'
[0.708s] Level 1:colcon.colcon_core.environment:checking '/home/hyh/install/my_first_package_msgs/bin'
[0.708s] INFO:colcon.colcon_core.shell:Creating package script '/home/hyh/install/my_first_package_msgs/share/my_first_package_msgs/package.ps1'
[0.708s] INFO:colcon.colcon_core.shell:Creating package descriptor '/home/hyh/install/my_first_package_msgs/share/my_first_package_msgs/package.dsv'
[0.709s] INFO:colcon.colcon_core.shell:Creating package script '/home/hyh/install/my_first_package_msgs/share/my_first_package_msgs/package.sh'
[0.709s] INFO:colcon.colcon_core.shell:Creating package script '/home/hyh/install/my_first_package_msgs/share/my_first_package_msgs/package.bash'
[0.709s] INFO:colcon.colcon_core.shell:Creating package script '/home/hyh/install/my_first_package_msgs/share/my_first_package_msgs/package.zsh'
[0.709s] Level 1:colcon.colcon_core.environment:create_file_with_runtime_dependencies(/home/hyh/install/my_first_package_msgs/share/colcon-core/packages/my_first_package_msgs)
[0.806s] DEBUG:colcon.colcon_core.event_handler.log_command:Invoked command in '/home/hyh/build/practice_package_msgs' returned '0': CMAKE_PREFIX_PATH=${CMAKE_PREFIX_PATH}:/home/hyh/ros2_prct/install/practice_package:/home/hyh/ros2_study/install/my_first_package:/opt/ros/humble /usr/bin/cmake --build /home/hyh/build/practice_package_msgs -- -j20 -l20
[0.807s] DEBUG:colcon.colcon_core.event_handler.log_command:Invoking command in '/home/hyh/build/practice_package_msgs': CMAKE_PREFIX_PATH=${CMAKE_PREFIX_PATH}:/home/hyh/ros2_prct/install/practice_package:/home/hyh/ros2_study/install/my_first_package:/opt/ros/humble /usr/bin/cmake --install /home/hyh/build/practice_package_msgs
[0.822s] DEBUG:colcon.colcon_core.event_handler.log_command:Invoking command in '/home/hyh/ros2_study/src/my_first_package': PYTHONPATH=/home/hyh/build/my_first_package/prefix_override:/usr/lib/python3/dist-packages/colcon_core/task/python/colcon_distutils_commands:/home/hyh/install/my_first_package/lib/python3.10/site-packages:${PYTHONPATH} /usr/bin/python3 -W ignore:setup.py install is deprecated -W ignore:easy_install command is deprecated setup.py egg_info --egg-base ../../../build/my_first_package build --build-base /home/hyh/build/my_first_package/build install --record /home/hyh/build/my_first_package/install.log --single-version-externally-managed install_data
[0.823s] DEBUG:colcon.colcon_core.event_handler.log_command:Invoking command in '/home/hyh/ros2_prct/src/practice_package': PYTHONPATH=/home/hyh/build/practice_package/prefix_override:/usr/lib/python3/dist-packages/colcon_core/task/python/colcon_distutils_commands:/home/hyh/install/practice_package/lib/python3.10/site-packages:${PYTHONPATH} /usr/bin/python3 -W ignore:setup.py install is deprecated -W ignore:easy_install command is deprecated setup.py egg_info --egg-base ../../../build/practice_package build --build-base /home/hyh/build/practice_package/build install --record /home/hyh/build/practice_package/install.log --single-version-externally-managed install_data
[0.842s] Level 1:colcon.colcon_core.environment:create_environment_scripts_only(practice_package_msgs)
[0.843s] Level 1:colcon.colcon_core.environment:checking '/home/hyh/install/practice_package_msgs' for CMake module files
[0.844s] Level 1:colcon.colcon_core.environment:checking '/home/hyh/install/practice_package_msgs' for CMake config files
[0.845s] Level 1:colcon.colcon_core.shell:create_environment_hook('practice_package_msgs', 'cmake_prefix_path')
[0.845s] INFO:colcon.colcon_core.shell:Creating environment hook '/home/hyh/install/practice_package_msgs/share/practice_package_msgs/hook/cmake_prefix_path.ps1'
[0.846s] INFO:colcon.colcon_core.shell:Creating environment descriptor '/home/hyh/install/practice_package_msgs/share/practice_package_msgs/hook/cmake_prefix_path.dsv'
[0.846s] INFO:colcon.colcon_core.shell:Creating environment hook '/home/hyh/install/practice_package_msgs/share/practice_package_msgs/hook/cmake_prefix_path.sh'
[0.847s] DEBUG:colcon.colcon_core.event_handler.log_command:Invoked command in '/home/hyh/build/practice_package_msgs' returned '0': CMAKE_PREFIX_PATH=${CMAKE_PREFIX_PATH}:/home/hyh/ros2_prct/install/practice_package:/home/hyh/ros2_study/install/my_first_package:/opt/ros/humble /usr/bin/cmake --install /home/hyh/build/practice_package_msgs
[0.847s] Level 1:colcon.colcon_core.environment:checking '/home/hyh/install/practice_package_msgs/lib'
[0.847s] Level 1:colcon.colcon_core.shell:create_environment_hook('practice_package_msgs', 'ld_library_path_lib')
[0.847s] INFO:colcon.colcon_core.shell:Creating environment hook '/home/hyh/install/practice_package_msgs/share/practice_package_msgs/hook/ld_library_path_lib.ps1'
[0.847s] INFO:colcon.colcon_core.shell:Creating environment descriptor '/home/hyh/install/practice_package_msgs/share/practice_package_msgs/hook/ld_library_path_lib.dsv'
[0.848s] INFO:colcon.colcon_core.shell:Creating environment hook '/home/hyh/install/practice_package_msgs/share/practice_package_msgs/hook/ld_library_path_lib.sh'
[0.848s] Level 1:colcon.colcon_core.environment:checking '/home/hyh/install/practice_package_msgs/bin'
[0.848s] Level 1:colcon.colcon_core.environment:checking '/home/hyh/install/practice_package_msgs/lib/pkgconfig/practice_package_msgs.pc'
[0.848s] Level 1:colcon.colcon_core.environment:checking '/home/hyh/install/practice_package_msgs/lib/python3.10/site-packages'
[0.848s] Level 1:colcon.colcon_core.environment:checking '/home/hyh/install/practice_package_msgs/bin'
[0.849s] INFO:colcon.colcon_core.shell:Creating package script '/home/hyh/install/practice_package_msgs/share/practice_package_msgs/package.ps1'
[0.849s] INFO:colcon.colcon_core.shell:Creating package descriptor '/home/hyh/install/practice_package_msgs/share/practice_package_msgs/package.dsv'
[0.849s] INFO:colcon.colcon_core.shell:Creating package script '/home/hyh/install/practice_package_msgs/share/practice_package_msgs/package.sh'
[0.849s] INFO:colcon.colcon_core.shell:Creating package script '/home/hyh/install/practice_package_msgs/share/practice_package_msgs/package.bash'
[0.850s] INFO:colcon.colcon_core.shell:Creating package script '/home/hyh/install/practice_package_msgs/share/practice_package_msgs/package.zsh'
[0.850s] Level 1:colcon.colcon_core.environment:create_file_with_runtime_dependencies(/home/hyh/install/practice_package_msgs/share/colcon-core/packages/practice_package_msgs)
[0.850s] Level 1:colcon.colcon_core.environment:create_environment_scripts_only(practice_package_msgs)
[0.850s] Level 1:colcon.colcon_core.environment:checking '/home/hyh/install/practice_package_msgs' for CMake module files
[0.851s] Level 1:colcon.colcon_core.environment:checking '/home/hyh/install/practice_package_msgs' for CMake config files
[0.851s] Level 1:colcon.colcon_core.shell:create_environment_hook('practice_package_msgs', 'cmake_prefix_path')
[0.851s] INFO:colcon.colcon_core.shell:Creating environment hook '/home/hyh/install/practice_package_msgs/share/practice_package_msgs/hook/cmake_prefix_path.ps1'
[0.851s] INFO:colcon.colcon_core.shell:Creating environment descriptor '/home/hyh/install/practice_package_msgs/share/practice_package_msgs/hook/cmake_prefix_path.dsv'
[0.852s] INFO:colcon.colcon_core.shell:Creating environment hook '/home/hyh/install/practice_package_msgs/share/practice_package_msgs/hook/cmake_prefix_path.sh'
[0.852s] Level 1:colcon.colcon_core.environment:checking '/home/hyh/install/practice_package_msgs/lib'
[0.852s] Level 1:colcon.colcon_core.shell:create_environment_hook('practice_package_msgs', 'ld_library_path_lib')
[0.852s] INFO:colcon.colcon_core.shell:Creating environment hook '/home/hyh/install/practice_package_msgs/share/practice_package_msgs/hook/ld_library_path_lib.ps1'
[0.852s] INFO:colcon.colcon_core.shell:Creating environment descriptor '/home/hyh/install/practice_package_msgs/share/practice_package_msgs/hook/ld_library_path_lib.dsv'
[0.852s] INFO:colcon.colcon_core.shell:Creating environment hook '/home/hyh/install/practice_package_msgs/share/practice_package_msgs/hook/ld_library_path_lib.sh'
[0.853s] Level 1:colcon.colcon_core.environment:checking '/home/hyh/install/practice_package_msgs/bin'
[0.853s] Level 1:colcon.colcon_core.environment:checking '/home/hyh/install/practice_package_msgs/lib/pkgconfig/practice_package_msgs.pc'
[0.853s] Level 1:colcon.colcon_core.environment:checking '/home/hyh/install/practice_package_msgs/lib/python3.10/site-packages'
[0.853s] Level 1:colcon.colcon_core.environment:checking '/home/hyh/install/practice_package_msgs/bin'
[0.853s] INFO:colcon.colcon_core.shell:Creating package script '/home/hyh/install/practice_package_msgs/share/practice_package_msgs/package.ps1'
[0.854s] INFO:colcon.colcon_core.shell:Creating package descriptor '/home/hyh/install/practice_package_msgs/share/practice_package_msgs/package.dsv'
[0.854s] INFO:colcon.colcon_core.shell:Creating package script '/home/hyh/install/practice_package_msgs/share/practice_package_msgs/package.sh'
[0.854s] INFO:colcon.colcon_core.shell:Creating package script '/home/hyh/install/practice_package_msgs/share/practice_package_msgs/package.bash'
[0.854s] INFO:colcon.colcon_core.shell:Creating package script '/home/hyh/install/practice_package_msgs/share/practice_package_msgs/package.zsh'
[0.855s] Level 1:colcon.colcon_core.environment:create_file_with_runtime_dependencies(/home/hyh/install/practice_package_msgs/share/colcon-core/packages/practice_package_msgs)
[0.989s] Level 1:colcon.colcon_core.environment:checking '/home/hyh/install/practice_package' for CMake module files
[0.989s] DEBUG:colcon.colcon_core.event_handler.log_command:Invoked command in '/home/hyh/ros2_prct/src/practice_package' returned '0': PYTHONPATH=/home/hyh/build/practice_package/prefix_override:/usr/lib/python3/dist-packages/colcon_core/task/python/colcon_distutils_commands:/home/hyh/install/practice_package/lib/python3.10/site-packages:${PYTHONPATH} /usr/bin/python3 -W ignore:setup.py install is deprecated -W ignore:easy_install command is deprecated setup.py egg_info --egg-base ../../../build/practice_package build --build-base /home/hyh/build/practice_package/build install --record /home/hyh/build/practice_package/install.log --single-version-externally-managed install_data
[0.990s] Level 1:colcon.colcon_core.environment:checking '/home/hyh/install/practice_package' for CMake config files
[0.990s] Level 1:colcon.colcon_core.environment:checking '/home/hyh/install/practice_package/lib'
[0.990s] Level 1:colcon.colcon_core.environment:checking '/home/hyh/install/practice_package/bin'
[0.990s] Level 1:colcon.colcon_core.environment:checking '/home/hyh/install/practice_package/lib/pkgconfig/practice_package.pc'
[0.990s] Level 1:colcon.colcon_core.environment:checking '/home/hyh/install/practice_package/lib/python3.10/site-packages'
[0.990s] Level 1:colcon.colcon_core.shell:create_environment_hook('practice_package', 'pythonpath')
[0.991s] INFO:colcon.colcon_core.shell:Creating environment hook '/home/hyh/install/practice_package/share/practice_package/hook/pythonpath.ps1'
[0.991s] INFO:colcon.colcon_core.shell:Creating environment descriptor '/home/hyh/install/practice_package/share/practice_package/hook/pythonpath.dsv'
[0.991s] INFO:colcon.colcon_core.shell:Creating environment hook '/home/hyh/install/practice_package/share/practice_package/hook/pythonpath.sh'
[0.992s] Level 1:colcon.colcon_core.environment:checking '/home/hyh/install/practice_package/bin'
[0.992s] Level 1:colcon.colcon_core.environment:create_environment_scripts_only(practice_package)
[0.992s] INFO:colcon.colcon_core.shell:Creating package script '/home/hyh/install/practice_package/share/practice_package/package.ps1'
[0.992s] INFO:colcon.colcon_core.shell:Creating package descriptor '/home/hyh/install/practice_package/share/practice_package/package.dsv'
[0.992s] INFO:colcon.colcon_core.shell:Creating package script '/home/hyh/install/practice_package/share/practice_package/package.sh'
[0.993s] INFO:colcon.colcon_core.shell:Creating package script '/home/hyh/install/practice_package/share/practice_package/package.bash'
[0.993s] INFO:colcon.colcon_core.shell:Creating package script '/home/hyh/install/practice_package/share/practice_package/package.zsh'
[0.993s] Level 1:colcon.colcon_core.environment:create_file_with_runtime_dependencies(/home/hyh/install/practice_package/share/colcon-core/packages/practice_package)
[0.994s] Level 1:colcon.colcon_core.environment:checking '/home/hyh/install/my_first_package' for CMake module files
[0.995s] DEBUG:colcon.colcon_core.event_handler.log_command:Invoked command in '/home/hyh/ros2_study/src/my_first_package' returned '0': PYTHONPATH=/home/hyh/build/my_first_package/prefix_override:/usr/lib/python3/dist-packages/colcon_core/task/python/colcon_distutils_commands:/home/hyh/install/my_first_package/lib/python3.10/site-packages:${PYTHONPATH} /usr/bin/python3 -W ignore:setup.py install is deprecated -W ignore:easy_install command is deprecated setup.py egg_info --egg-base ../../../build/my_first_package build --build-base /home/hyh/build/my_first_package/build install --record /home/hyh/build/my_first_package/install.log --single-version-externally-managed install_data
[0.995s] Level 1:colcon.colcon_core.environment:checking '/home/hyh/install/my_first_package' for CMake config files
[0.995s] Level 1:colcon.colcon_core.environment:checking '/home/hyh/install/my_first_package/lib'
[0.995s] Level 1:colcon.colcon_core.environment:checking '/home/hyh/install/my_first_package/bin'
[0.995s] Level 1:colcon.colcon_core.environment:checking '/home/hyh/install/my_first_package/lib/pkgconfig/my_first_package.pc'
[0.995s] Level 1:colcon.colcon_core.environment:checking '/home/hyh/install/my_first_package/lib/python3.10/site-packages'
[0.995s] Level 1:colcon.colcon_core.shell:create_environment_hook('my_first_package', 'pythonpath')
[0.996s] INFO:colcon.colcon_core.shell:Creating environment hook '/home/hyh/install/my_first_package/share/my_first_package/hook/pythonpath.ps1'
[0.996s] INFO:colcon.colcon_core.shell:Creating environment descriptor '/home/hyh/install/my_first_package/share/my_first_package/hook/pythonpath.dsv'
[0.996s] INFO:colcon.colcon_core.shell:Creating environment hook '/home/hyh/install/my_first_package/share/my_first_package/hook/pythonpath.sh'
[0.996s] Level 1:colcon.colcon_core.environment:checking '/home/hyh/install/my_first_package/bin'
[0.996s] Level 1:colcon.colcon_core.environment:create_environment_scripts_only(my_first_package)
[0.997s] INFO:colcon.colcon_core.shell:Creating package script '/home/hyh/install/my_first_package/share/my_first_package/package.ps1'
[0.997s] INFO:colcon.colcon_core.shell:Creating package descriptor '/home/hyh/install/my_first_package/share/my_first_package/package.dsv'
[0.997s] INFO:colcon.colcon_core.shell:Creating package script '/home/hyh/install/my_first_package/share/my_first_package/package.sh'
[0.998s] INFO:colcon.colcon_core.shell:Creating package script '/home/hyh/install/my_first_package/share/my_first_package/package.bash'
[0.998s] INFO:colcon.colcon_core.shell:Creating package script '/home/hyh/install/my_first_package/share/my_first_package/package.zsh'
[0.998s] Level 1:colcon.colcon_core.environment:create_file_with_runtime_dependencies(/home/hyh/install/my_first_package/share/colcon-core/packages/my_first_package)
[0.998s] DEBUG:colcon.colcon_parallel_executor.executor.parallel:closing loop
[0.998s] DEBUG:colcon.colcon_parallel_executor.executor.parallel:loop closed
[0.999s] DEBUG:colcon.colcon_parallel_executor.executor.parallel:run_until_complete finished with '0'
[0.999s] DEBUG:colcon.colcon_core.event_reactor:joining thread
[1.018s] INFO:colcon.colcon_core.plugin_system:Skipping extension 'colcon_notification.desktop_notification.notify_send': Could not find 'notify-send'
[1.018s] INFO:colcon.colcon_core.plugin_system:Skipping extension 'colcon_notification.desktop_notification.terminal_notifier': Not used on non-Darwin systems
[1.019s] INFO:colcon.colcon_core.plugin_system:Skipping extension 'colcon_notification.desktop_notification.win32': Not used on non-Windows systems
[1.019s] INFO:colcon.colcon_notification.desktop_notification:Sending desktop notification using 'notify2'
[1.019s] DEBUG:colcon.colcon_notification.desktop_notification.notify2:Failed to initialize notify2: org.freedesktop.DBus.Error.FileNotFound: Failed to connect to socket /run/user/1000/bus: No such file or directory
[1.019s] DEBUG:colcon.colcon_core.event_reactor:joined thread
[1.019s] INFO:colcon.colcon_core.shell:Creating prefix script '/home/hyh/install/local_setup.ps1'
[1.020s] INFO:colcon.colcon_core.shell:Creating prefix util module '/home/hyh/install/_local_setup_util_ps1.py'
[1.020s] INFO:colcon.colcon_core.shell:Creating prefix chain script '/home/hyh/install/setup.ps1'
[1.021s] INFO:colcon.colcon_core.shell:Creating prefix script '/home/hyh/install/local_setup.sh'
[1.021s] INFO:colcon.colcon_core.shell:Creating prefix util module '/home/hyh/install/_local_setup_util_sh.py'
[1.021s] INFO:colcon.colcon_core.shell:Creating prefix chain script '/home/hyh/install/setup.sh'
[1.022s] INFO:colcon.colcon_core.shell:Creating prefix script '/home/hyh/install/local_setup.bash'
[1.022s] INFO:colcon.colcon_core.shell:Creating prefix chain script '/home/hyh/install/setup.bash'
[1.023s] INFO:colcon.colcon_core.shell:Creating prefix script '/home/hyh/install/local_setup.zsh'
[1.023s] INFO:colcon.colcon_core.shell:Creating prefix chain script '/home/hyh/install/setup.zsh'
