[0.151s] Invoking command in '/home/hyh/ros2_study/build/my_first_package_msgs': CMAKE_PREFIX_PATH=${CMAKE_PREFIX_PATH}:/home/hyh/ros2/ros2_study/install/my_first_package:/home/hyh/ros2_study/install/my_first_package:/opt/ros/humble /usr/bin/cmake --build /home/hyh/ros2_study/build/my_first_package_msgs -- -j20 -l20
[0.189s] -- Found ament_cmake: 1.3.12 (/opt/ros/humble/share/ament_cmake/cmake)
[0.283s] -- Found rosidl_default_generators: 1.2.0 (/opt/ros/humble/share/rosidl_default_generators/cmake)
[0.286s] -- Using all available rosidl_typesupport_c: rosidl_typesupport_fastrtps_c;rosidl_typesupport_introspection_c
[0.289s] -- Found rosidl_adapter: 3.1.7 (/opt/ros/humble/share/rosidl_adapter/cmake)
[0.371s] -- Using all available rosidl_typesupport_cpp: rosidl_typesupport_fastrtps_cpp;rosidl_typesupport_introspection_cpp
[0.594s] -- Found ament_cmake_ros: 0.10.0 (/opt/ros/humble/share/ament_cmake_ros/cmake)
[0.704s] -- Using all available rosidl_typesupport_c: rosidl_typesupport_fastrtps_c;rosidl_typesupport_introspection_c
[0.848s] -- Using all available rosidl_typesupport_cpp: rosidl_typesupport_fastrtps_cpp;rosidl_typesupport_introspection_cpp
[0.861s] -- Found python_cmake_module: 0.10.0 (/opt/ros/humble/share/python_cmake_module/cmake)
[0.875s] -- Using PYTHON_EXECUTABLE: /usr/bin/python3
[0.875s] -- Using PYTHON_INCLUDE_DIRS: /usr/include/python3.10
[0.875s] -- Using PYTHON_LIBRARIES: /usr/lib/x86_64-linux-gnu/libpython3.10.so
[0.887s] -- Found ament_lint_auto: 0.12.14 (/opt/ros/humble/share/ament_lint_auto/cmake)
[0.902s] -- Added test 'lint_cmake' to check CMake code style
[0.903s] -- Added test 'xmllint' to check XML markup files
[0.905s] -- Configuring done
[0.938s] -- Generating done
[0.946s] -- Build files have been written to: /home/hyh/ros2_study/build/my_first_package_msgs
[0.961s] [  2%] [34m[1mGenerating C code for ROS interfaces[0m
[0.966s] [  4%] [34m[1mGenerating C++ code for ROS interfaces[0m
[0.976s] [  4%] Built target ament_cmake_python_copy_my_first_package_msgs
[1.115s] running egg_info
[1.115s] writing my_first_package_msgs.egg-info/PKG-INFO
[1.116s] writing dependency_links to my_first_package_msgs.egg-info/dependency_links.txt
[1.116s] writing top-level names to my_first_package_msgs.egg-info/top_level.txt
[1.117s] reading manifest file 'my_first_package_msgs.egg-info/SOURCES.txt'
[1.118s] writing manifest file 'my_first_package_msgs.egg-info/SOURCES.txt'
[1.132s] [  4%] Built target ament_cmake_python_build_my_first_package_msgs_egg
[1.272s] [35m[1mConsolidate compiler generated dependencies of target my_first_package_msgs__rosidl_generator_c[0m
[1.284s] [  4%] Built target my_first_package_msgs__cpp
[1.285s] [  6%] [32mBuilding C object CMakeFiles/my_first_package_msgs__rosidl_generator_c.dir/rosidl_generator_c/my_first_package_msgs/msg/detail/cmd_and_pose_vel__functions.c.o[0m
[1.286s] [  8%] [32mBuilding C object CMakeFiles/my_first_package_msgs__rosidl_generator_c.dir/rosidl_generator_c/my_first_package_msgs/srv/detail/multi_spawn__functions.c.o[0m
[1.286s] [ 10%] [32mBuilding C object CMakeFiles/my_first_package_msgs__rosidl_generator_c.dir/rosidl_generator_c/my_first_package_msgs/action/detail/dis_turtle__functions.c.o[0m
[1.290s] [ 17%] [34m[1mGenerating C++ introspection for ROS interfaces[0m
[1.290s] [ 17%] [34m[1mGenerating C++ type support for eProsima Fast-RTPS[0m
[1.290s] [ 17%] [34m[1mGenerating C++ type support dispatch for ROS interfaces[0m
[1.396s] [ 19%] [32m[1mLinking C shared library libmy_first_package_msgs__rosidl_generator_c.so[0m
[1.452s] [ 19%] Built target my_first_package_msgs__rosidl_generator_c
[1.458s] [ 23%] [34m[1mGenerating C type support dispatch for ROS interfaces[0m
[1.458s] [ 23%] [34m[1mGenerating C type support for eProsima Fast-RTPS[0m
[1.458s] [ 25%] [34m[1mGenerating C introspection for ROS interfaces[0m
[1.508s] [35m[1mConsolidate compiler generated dependencies of target my_first_package_msgs__rosidl_typesupport_cpp[0m
[1.521s] [ 31%] [32mBuilding CXX object CMakeFiles/my_first_package_msgs__rosidl_typesupport_cpp.dir/rosidl_typesupport_cpp/my_first_package_msgs/msg/cmd_and_pose_vel__type_support.cpp.o[0m
[1.521s] [ 31%] [32mBuilding CXX object CMakeFiles/my_first_package_msgs__rosidl_typesupport_cpp.dir/rosidl_typesupport_cpp/my_first_package_msgs/action/dis_turtle__type_support.cpp.o[0m
[1.521s] [ 31%] [32mBuilding CXX object CMakeFiles/my_first_package_msgs__rosidl_typesupport_cpp.dir/rosidl_typesupport_cpp/my_first_package_msgs/srv/multi_spawn__type_support.cpp.o[0m
[1.541s] [35m[1mConsolidate compiler generated dependencies of target my_first_package_msgs__rosidl_typesupport_introspection_cpp[0m
[1.551s] [ 34%] [32mBuilding CXX object CMakeFiles/my_first_package_msgs__rosidl_typesupport_introspection_cpp.dir/rosidl_typesupport_introspection_cpp/my_first_package_msgs/msg/detail/cmd_and_pose_vel__type_support.cpp.o[0m
[1.552s] [ 38%] [32mBuilding CXX object CMakeFiles/my_first_package_msgs__rosidl_typesupport_introspection_cpp.dir/rosidl_typesupport_introspection_cpp/my_first_package_msgs/srv/detail/multi_spawn__type_support.cpp.o[0m
[1.552s] [ 38%] [32mBuilding CXX object CMakeFiles/my_first_package_msgs__rosidl_typesupport_introspection_cpp.dir/rosidl_typesupport_introspection_cpp/my_first_package_msgs/action/detail/dis_turtle__type_support.cpp.o[0m
[1.588s] [35m[1mConsolidate compiler generated dependencies of target my_first_package_msgs__rosidl_typesupport_fastrtps_cpp[0m
[1.600s] [ 42%] [32mBuilding CXX object CMakeFiles/my_first_package_msgs__rosidl_typesupport_fastrtps_cpp.dir/rosidl_typesupport_fastrtps_cpp/my_first_package_msgs/action/detail/dds_fastrtps/dis_turtle__type_support.cpp.o[0m
[1.600s] [ 42%] [32mBuilding CXX object CMakeFiles/my_first_package_msgs__rosidl_typesupport_fastrtps_cpp.dir/rosidl_typesupport_fastrtps_cpp/my_first_package_msgs/msg/detail/dds_fastrtps/cmd_and_pose_vel__type_support.cpp.o[0m
[1.601s] [ 44%] [32mBuilding CXX object CMakeFiles/my_first_package_msgs__rosidl_typesupport_fastrtps_cpp.dir/rosidl_typesupport_fastrtps_cpp/my_first_package_msgs/srv/detail/dds_fastrtps/multi_spawn__type_support.cpp.o[0m
[1.719s] [35m[1mConsolidate compiler generated dependencies of target my_first_package_msgs__rosidl_typesupport_c[0m
[1.729s] [ 46%] [32mBuilding CXX object CMakeFiles/my_first_package_msgs__rosidl_typesupport_c.dir/rosidl_typesupport_c/my_first_package_msgs/action/dis_turtle__type_support.cpp.o[0m
[1.731s] [ 48%] [32mBuilding CXX object CMakeFiles/my_first_package_msgs__rosidl_typesupport_c.dir/rosidl_typesupport_c/my_first_package_msgs/srv/multi_spawn__type_support.cpp.o[0m
[1.731s] [ 51%] [32mBuilding CXX object CMakeFiles/my_first_package_msgs__rosidl_typesupport_c.dir/rosidl_typesupport_c/my_first_package_msgs/msg/cmd_and_pose_vel__type_support.cpp.o[0m
[1.778s] [ 53%] [32m[1mLinking CXX shared library libmy_first_package_msgs__rosidl_typesupport_c.so[0m
[1.783s] [35m[1mConsolidate compiler generated dependencies of target my_first_package_msgs__rosidl_typesupport_fastrtps_c[0m
[1.794s] [ 55%] [32mBuilding CXX object CMakeFiles/my_first_package_msgs__rosidl_typesupport_fastrtps_c.dir/rosidl_typesupport_fastrtps_c/my_first_package_msgs/srv/detail/multi_spawn__type_support_c.cpp.o[0m
[1.796s] [ 57%] [32mBuilding CXX object CMakeFiles/my_first_package_msgs__rosidl_typesupport_fastrtps_c.dir/rosidl_typesupport_fastrtps_c/my_first_package_msgs/action/detail/dis_turtle__type_support_c.cpp.o[0m
[1.796s] [ 59%] [32mBuilding CXX object CMakeFiles/my_first_package_msgs__rosidl_typesupport_fastrtps_c.dir/rosidl_typesupport_fastrtps_c/my_first_package_msgs/msg/detail/cmd_and_pose_vel__type_support_c.cpp.o[0m
[1.846s] [35m[1mConsolidate compiler generated dependencies of target my_first_package_msgs__rosidl_typesupport_introspection_c[0m
[1.855s] [ 61%] [32mBuilding C object CMakeFiles/my_first_package_msgs__rosidl_typesupport_introspection_c.dir/rosidl_typesupport_introspection_c/my_first_package_msgs/msg/detail/cmd_and_pose_vel__type_support.c.o[0m
[1.858s] [ 63%] [32mBuilding C object CMakeFiles/my_first_package_msgs__rosidl_typesupport_introspection_c.dir/rosidl_typesupport_introspection_c/my_first_package_msgs/action/detail/dis_turtle__type_support.c.o[0m
[1.858s] [ 65%] [32mBuilding C object CMakeFiles/my_first_package_msgs__rosidl_typesupport_introspection_c.dir/rosidl_typesupport_introspection_c/my_first_package_msgs/srv/detail/multi_spawn__type_support.c.o[0m
[1.897s] [ 65%] Built target my_first_package_msgs__rosidl_typesupport_c
[1.904s] [ 68%] [32m[1mLinking C shared library libmy_first_package_msgs__rosidl_typesupport_introspection_c.so[0m
[1.921s] [ 70%] [32m[1mLinking CXX shared library libmy_first_package_msgs__rosidl_typesupport_cpp.so[0m
[1.967s] [ 70%] Built target my_first_package_msgs__rosidl_typesupport_introspection_c
[1.979s] [ 72%] [32m[1mLinking CXX shared library libmy_first_package_msgs__rosidl_typesupport_introspection_cpp.so[0m
[1.989s] [ 74%] [32m[1mLinking CXX shared library libmy_first_package_msgs__rosidl_typesupport_fastrtps_cpp.so[0m
[1.990s] [ 74%] Built target my_first_package_msgs__rosidl_typesupport_cpp
[2.050s] [ 76%] [32m[1mLinking CXX shared library libmy_first_package_msgs__rosidl_typesupport_fastrtps_c.so[0m
[2.062s] [ 76%] Built target my_first_package_msgs__rosidl_typesupport_introspection_cpp
[2.069s] [ 76%] Built target my_first_package_msgs__rosidl_typesupport_fastrtps_cpp
[2.122s] [ 76%] Built target my_first_package_msgs__rosidl_typesupport_fastrtps_c
[2.132s] [ 76%] Built target my_first_package_msgs
[2.143s] [ 78%] [34m[1mGenerating Python code for ROS interfaces[0m
[2.642s] [ 78%] Built target my_first_package_msgs__py
[2.648s] [35m[1mConsolidate compiler generated dependencies of target my_first_package_msgs__rosidl_generator_py[0m
[2.656s] [ 80%] [32mBuilding C object CMakeFiles/my_first_package_msgs__rosidl_generator_py.dir/rosidl_generator_py/my_first_package_msgs/msg/_cmd_and_pose_vel_s.c.o[0m
[2.657s] [ 82%] [32mBuilding C object CMakeFiles/my_first_package_msgs__rosidl_generator_py.dir/rosidl_generator_py/my_first_package_msgs/srv/_multi_spawn_s.c.o[0m
[2.657s] [ 85%] [32mBuilding C object CMakeFiles/my_first_package_msgs__rosidl_generator_py.dir/rosidl_generator_py/my_first_package_msgs/action/_dis_turtle_s.c.o[0m
[2.765s] [ 87%] [32m[1mLinking C shared library rosidl_generator_py/my_first_package_msgs/libmy_first_package_msgs__rosidl_generator_py.so[0m
[2.818s] [ 87%] Built target my_first_package_msgs__rosidl_generator_py
[2.824s] [35m[1mConsolidate compiler generated dependencies of target my_first_package_msgs__rosidl_typesupport_fastrtps_c__pyext[0m
[2.824s] [35m[1mConsolidate compiler generated dependencies of target my_first_package_msgs__rosidl_typesupport_c__pyext[0m
[2.824s] [35m[1mConsolidate compiler generated dependencies of target my_first_package_msgs__rosidl_typesupport_introspection_c__pyext[0m
[2.831s] [ 93%] [32mBuilding C object CMakeFiles/my_first_package_msgs__rosidl_typesupport_c__pyext.dir/rosidl_generator_py/my_first_package_msgs/_my_first_package_msgs_s.ep.rosidl_typesupport_c.c.o[0m
[2.831s] [ 93%] [32mBuilding C object CMakeFiles/my_first_package_msgs__rosidl_typesupport_fastrtps_c__pyext.dir/rosidl_generator_py/my_first_package_msgs/_my_first_package_msgs_s.ep.rosidl_typesupport_fastrtps_c.c.o[0m
[2.831s] [ 93%] [32mBuilding C object CMakeFiles/my_first_package_msgs__rosidl_typesupport_introspection_c__pyext.dir/rosidl_generator_py/my_first_package_msgs/_my_first_package_msgs_s.ep.rosidl_typesupport_introspection_c.c.o[0m
[2.900s] [100%] [32m[1mLinking C shared library rosidl_generator_py/my_first_package_msgs/my_first_package_msgs_s__rosidl_typesupport_c.cpython-310-x86_64-linux-gnu.so[0m
[2.900s] [100%] [32m[1mLinking C shared library rosidl_generator_py/my_first_package_msgs/my_first_package_msgs_s__rosidl_typesupport_fastrtps_c.cpython-310-x86_64-linux-gnu.so[0m
[2.900s] [100%] [32m[1mLinking C shared library rosidl_generator_py/my_first_package_msgs/my_first_package_msgs_s__rosidl_typesupport_introspection_c.cpython-310-x86_64-linux-gnu.so[0m
[2.936s] [100%] Built target my_first_package_msgs__rosidl_typesupport_c__pyext
[2.936s] [100%] Built target my_first_package_msgs__rosidl_typesupport_fastrtps_c__pyext
[2.936s] [100%] Built target my_first_package_msgs__rosidl_typesupport_introspection_c__pyext
[2.943s] Invoked command in '/home/hyh/ros2_study/build/my_first_package_msgs' returned '0': CMAKE_PREFIX_PATH=${CMAKE_PREFIX_PATH}:/home/hyh/ros2/ros2_study/install/my_first_package:/home/hyh/ros2_study/install/my_first_package:/opt/ros/humble /usr/bin/cmake --build /home/hyh/ros2_study/build/my_first_package_msgs -- -j20 -l20
[2.948s] Invoking command in '/home/hyh/ros2_study/build/my_first_package_msgs': CMAKE_PREFIX_PATH=${CMAKE_PREFIX_PATH}:/home/hyh/ros2/ros2_study/install/my_first_package:/home/hyh/ros2_study/install/my_first_package:/opt/ros/humble /usr/bin/cmake --install /home/hyh/ros2_study/build/my_first_package_msgs
[2.952s] -- Install configuration: ""
[2.952s] -- Installing: /home/hyh/ros2_study/install/my_first_package_msgs/share/ament_index/resource_index/rosidl_interfaces/my_first_package_msgs
[2.952s] -- Up-to-date: /home/hyh/ros2_study/install/my_first_package_msgs/include/my_first_package_msgs/my_first_package_msgs
[2.952s] -- Up-to-date: /home/hyh/ros2_study/install/my_first_package_msgs/include/my_first_package_msgs/my_first_package_msgs/msg
[2.952s] -- Up-to-date: /home/hyh/ros2_study/install/my_first_package_msgs/include/my_first_package_msgs/my_first_package_msgs/msg/detail
[2.953s] -- Installing: /home/hyh/ros2_study/install/my_first_package_msgs/include/my_first_package_msgs/my_first_package_msgs/msg/detail/cmd_and_pose_vel__functions.h
[2.953s] -- Installing: /home/hyh/ros2_study/install/my_first_package_msgs/include/my_first_package_msgs/my_first_package_msgs/msg/detail/cmd_and_pose_vel__struct.h
[2.953s] -- Installing: /home/hyh/ros2_study/install/my_first_package_msgs/include/my_first_package_msgs/my_first_package_msgs/msg/detail/cmd_and_pose_vel__type_support.h
[2.953s] -- Installing: /home/hyh/ros2_study/install/my_first_package_msgs/include/my_first_package_msgs/my_first_package_msgs/msg/detail/cmd_and_pose_vel__functions.c
[2.953s] -- Up-to-date: /home/hyh/ros2_study/install/my_first_package_msgs/include/my_first_package_msgs/my_first_package_msgs/msg/rosidl_generator_c__visibility_control.h
[2.953s] -- Installing: /home/hyh/ros2_study/install/my_first_package_msgs/include/my_first_package_msgs/my_first_package_msgs/msg/cmd_and_pose_vel.h
[2.953s] -- Installing: /home/hyh/ros2_study/install/my_first_package_msgs/include/my_first_package_msgs/my_first_package_msgs/action
[2.953s] -- Installing: /home/hyh/ros2_study/install/my_first_package_msgs/include/my_first_package_msgs/my_first_package_msgs/action/detail
[2.953s] -- Installing: /home/hyh/ros2_study/install/my_first_package_msgs/include/my_first_package_msgs/my_first_package_msgs/action/detail/dis_turtle__struct.h
[2.953s] -- Installing: /home/hyh/ros2_study/install/my_first_package_msgs/include/my_first_package_msgs/my_first_package_msgs/action/detail/dis_turtle__functions.h
[2.953s] -- Installing: /home/hyh/ros2_study/install/my_first_package_msgs/include/my_first_package_msgs/my_first_package_msgs/action/detail/dis_turtle__type_support.h
[2.953s] -- Installing: /home/hyh/ros2_study/install/my_first_package_msgs/include/my_first_package_msgs/my_first_package_msgs/action/detail/dis_turtle__functions.c
[2.953s] -- Installing: /home/hyh/ros2_study/install/my_first_package_msgs/include/my_first_package_msgs/my_first_package_msgs/action/dis_turtle.h
[2.954s] -- Up-to-date: /home/hyh/ros2_study/install/my_first_package_msgs/include/my_first_package_msgs/my_first_package_msgs/srv
[2.954s] -- Installing: /home/hyh/ros2_study/install/my_first_package_msgs/include/my_first_package_msgs/my_first_package_msgs/srv/multi_spawn.h
[2.954s] -- Up-to-date: /home/hyh/ros2_study/install/my_first_package_msgs/include/my_first_package_msgs/my_first_package_msgs/srv/detail
[2.954s] -- Installing: /home/hyh/ros2_study/install/my_first_package_msgs/include/my_first_package_msgs/my_first_package_msgs/srv/detail/multi_spawn__struct.h
[2.954s] -- Installing: /home/hyh/ros2_study/install/my_first_package_msgs/include/my_first_package_msgs/my_first_package_msgs/srv/detail/multi_spawn__type_support.h
[2.954s] -- Installing: /home/hyh/ros2_study/install/my_first_package_msgs/include/my_first_package_msgs/my_first_package_msgs/srv/detail/multi_spawn__functions.c
[2.954s] -- Installing: /home/hyh/ros2_study/install/my_first_package_msgs/include/my_first_package_msgs/my_first_package_msgs/srv/detail/multi_spawn__functions.h
[2.954s] -- Up-to-date: /home/hyh/ros2_study/install/my_first_package_msgs/share/my_first_package_msgs/environment/library_path.sh
[2.954s] -- Installing: /home/hyh/ros2_study/install/my_first_package_msgs/share/my_first_package_msgs/environment/library_path.dsv
[2.955s] -- Installing: /home/hyh/ros2_study/install/my_first_package_msgs/lib/libmy_first_package_msgs__rosidl_generator_c.so
[2.955s] -- Set runtime path of "/home/hyh/ros2_study/install/my_first_package_msgs/lib/libmy_first_package_msgs__rosidl_generator_c.so" to ""
[2.955s] -- Up-to-date: /home/hyh/ros2_study/install/my_first_package_msgs/include/my_first_package_msgs/my_first_package_msgs
[2.955s] -- Up-to-date: /home/hyh/ros2_study/install/my_first_package_msgs/include/my_first_package_msgs/my_first_package_msgs/msg
[2.955s] -- Up-to-date: /home/hyh/ros2_study/install/my_first_package_msgs/include/my_first_package_msgs/my_first_package_msgs/msg/detail
[2.955s] -- Installing: /home/hyh/ros2_study/install/my_first_package_msgs/include/my_first_package_msgs/my_first_package_msgs/msg/detail/cmd_and_pose_vel__rosidl_typesupport_fastrtps_c.h
[2.956s] -- Up-to-date: /home/hyh/ros2_study/install/my_first_package_msgs/include/my_first_package_msgs/my_first_package_msgs/msg/rosidl_typesupport_fastrtps_c__visibility_control.h
[2.956s] -- Up-to-date: /home/hyh/ros2_study/install/my_first_package_msgs/include/my_first_package_msgs/my_first_package_msgs/action
[2.956s] -- Up-to-date: /home/hyh/ros2_study/install/my_first_package_msgs/include/my_first_package_msgs/my_first_package_msgs/action/detail
[2.956s] -- Installing: /home/hyh/ros2_study/install/my_first_package_msgs/include/my_first_package_msgs/my_first_package_msgs/action/detail/dis_turtle__rosidl_typesupport_fastrtps_c.h
[2.956s] -- Up-to-date: /home/hyh/ros2_study/install/my_first_package_msgs/include/my_first_package_msgs/my_first_package_msgs/srv
[2.956s] -- Up-to-date: /home/hyh/ros2_study/install/my_first_package_msgs/include/my_first_package_msgs/my_first_package_msgs/srv/detail
[2.956s] -- Installing: /home/hyh/ros2_study/install/my_first_package_msgs/include/my_first_package_msgs/my_first_package_msgs/srv/detail/multi_spawn__rosidl_typesupport_fastrtps_c.h
[2.956s] -- Installing: /home/hyh/ros2_study/install/my_first_package_msgs/lib/libmy_first_package_msgs__rosidl_typesupport_fastrtps_c.so
[2.957s] -- Set runtime path of "/home/hyh/ros2_study/install/my_first_package_msgs/lib/libmy_first_package_msgs__rosidl_typesupport_fastrtps_c.so" to ""
[2.957s] -- Up-to-date: /home/hyh/ros2_study/install/my_first_package_msgs/include/my_first_package_msgs/my_first_package_msgs
[2.957s] -- Up-to-date: /home/hyh/ros2_study/install/my_first_package_msgs/include/my_first_package_msgs/my_first_package_msgs/msg
[2.957s] -- Up-to-date: /home/hyh/ros2_study/install/my_first_package_msgs/include/my_first_package_msgs/my_first_package_msgs/msg/detail
[2.957s] -- Installing: /home/hyh/ros2_study/install/my_first_package_msgs/include/my_first_package_msgs/my_first_package_msgs/msg/detail/cmd_and_pose_vel__type_support.c
[2.957s] -- Installing: /home/hyh/ros2_study/install/my_first_package_msgs/include/my_first_package_msgs/my_first_package_msgs/msg/detail/cmd_and_pose_vel__rosidl_typesupport_introspection_c.h
[2.957s] -- Up-to-date: /home/hyh/ros2_study/install/my_first_package_msgs/include/my_first_package_msgs/my_first_package_msgs/msg/rosidl_typesupport_introspection_c__visibility_control.h
[2.957s] -- Up-to-date: /home/hyh/ros2_study/install/my_first_package_msgs/include/my_first_package_msgs/my_first_package_msgs/action
[2.957s] -- Up-to-date: /home/hyh/ros2_study/install/my_first_package_msgs/include/my_first_package_msgs/my_first_package_msgs/action/detail
[2.957s] -- Installing: /home/hyh/ros2_study/install/my_first_package_msgs/include/my_first_package_msgs/my_first_package_msgs/action/detail/dis_turtle__type_support.c
[2.957s] -- Installing: /home/hyh/ros2_study/install/my_first_package_msgs/include/my_first_package_msgs/my_first_package_msgs/action/detail/dis_turtle__rosidl_typesupport_introspection_c.h
[2.957s] -- Up-to-date: /home/hyh/ros2_study/install/my_first_package_msgs/include/my_first_package_msgs/my_first_package_msgs/srv
[2.957s] -- Up-to-date: /home/hyh/ros2_study/install/my_first_package_msgs/include/my_first_package_msgs/my_first_package_msgs/srv/detail
[2.957s] -- Installing: /home/hyh/ros2_study/install/my_first_package_msgs/include/my_first_package_msgs/my_first_package_msgs/srv/detail/multi_spawn__type_support.c
[2.957s] -- Installing: /home/hyh/ros2_study/install/my_first_package_msgs/include/my_first_package_msgs/my_first_package_msgs/srv/detail/multi_spawn__rosidl_typesupport_introspection_c.h
[2.958s] -- Installing: /home/hyh/ros2_study/install/my_first_package_msgs/lib/libmy_first_package_msgs__rosidl_typesupport_introspection_c.so
[2.958s] -- Set runtime path of "/home/hyh/ros2_study/install/my_first_package_msgs/lib/libmy_first_package_msgs__rosidl_typesupport_introspection_c.so" to ""
[2.959s] -- Installing: /home/hyh/ros2_study/install/my_first_package_msgs/lib/libmy_first_package_msgs__rosidl_typesupport_c.so
[2.959s] -- Set runtime path of "/home/hyh/ros2_study/install/my_first_package_msgs/lib/libmy_first_package_msgs__rosidl_typesupport_c.so" to ""
[2.959s] -- Up-to-date: /home/hyh/ros2_study/install/my_first_package_msgs/include/my_first_package_msgs/my_first_package_msgs
[2.959s] -- Up-to-date: /home/hyh/ros2_study/install/my_first_package_msgs/include/my_first_package_msgs/my_first_package_msgs/msg
[2.959s] -- Up-to-date: /home/hyh/ros2_study/install/my_first_package_msgs/include/my_first_package_msgs/my_first_package_msgs/msg/detail
[2.959s] -- Installing: /home/hyh/ros2_study/install/my_first_package_msgs/include/my_first_package_msgs/my_first_package_msgs/msg/detail/cmd_and_pose_vel__traits.hpp
[2.959s] -- Installing: /home/hyh/ros2_study/install/my_first_package_msgs/include/my_first_package_msgs/my_first_package_msgs/msg/detail/cmd_and_pose_vel__type_support.hpp
[2.959s] -- Installing: /home/hyh/ros2_study/install/my_first_package_msgs/include/my_first_package_msgs/my_first_package_msgs/msg/detail/cmd_and_pose_vel__builder.hpp
[2.959s] -- Installing: /home/hyh/ros2_study/install/my_first_package_msgs/include/my_first_package_msgs/my_first_package_msgs/msg/detail/cmd_and_pose_vel__struct.hpp
[2.959s] -- Up-to-date: /home/hyh/ros2_study/install/my_first_package_msgs/include/my_first_package_msgs/my_first_package_msgs/msg/rosidl_generator_cpp__visibility_control.hpp
[2.960s] -- Installing: /home/hyh/ros2_study/install/my_first_package_msgs/include/my_first_package_msgs/my_first_package_msgs/msg/cmd_and_pose_vel.hpp
[2.960s] -- Up-to-date: /home/hyh/ros2_study/install/my_first_package_msgs/include/my_first_package_msgs/my_first_package_msgs/action
[2.960s] -- Up-to-date: /home/hyh/ros2_study/install/my_first_package_msgs/include/my_first_package_msgs/my_first_package_msgs/action/detail
[2.960s] -- Installing: /home/hyh/ros2_study/install/my_first_package_msgs/include/my_first_package_msgs/my_first_package_msgs/action/detail/dis_turtle__type_support.hpp
[2.960s] -- Installing: /home/hyh/ros2_study/install/my_first_package_msgs/include/my_first_package_msgs/my_first_package_msgs/action/detail/dis_turtle__struct.hpp
[2.960s] -- Installing: /home/hyh/ros2_study/install/my_first_package_msgs/include/my_first_package_msgs/my_first_package_msgs/action/detail/dis_turtle__builder.hpp
[2.960s] -- Installing: /home/hyh/ros2_study/install/my_first_package_msgs/include/my_first_package_msgs/my_first_package_msgs/action/detail/dis_turtle__traits.hpp
[2.960s] -- Installing: /home/hyh/ros2_study/install/my_first_package_msgs/include/my_first_package_msgs/my_first_package_msgs/action/dis_turtle.hpp
[2.960s] -- Up-to-date: /home/hyh/ros2_study/install/my_first_package_msgs/include/my_first_package_msgs/my_first_package_msgs/srv
[2.960s] -- Installing: /home/hyh/ros2_study/install/my_first_package_msgs/include/my_first_package_msgs/my_first_package_msgs/srv/multi_spawn.hpp
[2.960s] -- Up-to-date: /home/hyh/ros2_study/install/my_first_package_msgs/include/my_first_package_msgs/my_first_package_msgs/srv/detail
[2.960s] -- Installing: /home/hyh/ros2_study/install/my_first_package_msgs/include/my_first_package_msgs/my_first_package_msgs/srv/detail/multi_spawn__traits.hpp
[2.960s] -- Installing: /home/hyh/ros2_study/install/my_first_package_msgs/include/my_first_package_msgs/my_first_package_msgs/srv/detail/multi_spawn__struct.hpp
[2.961s] -- Installing: /home/hyh/ros2_study/install/my_first_package_msgs/include/my_first_package_msgs/my_first_package_msgs/srv/detail/multi_spawn__builder.hpp
[2.961s] -- Installing: /home/hyh/ros2_study/install/my_first_package_msgs/include/my_first_package_msgs/my_first_package_msgs/srv/detail/multi_spawn__type_support.hpp
[2.961s] -- Up-to-date: /home/hyh/ros2_study/install/my_first_package_msgs/include/my_first_package_msgs/my_first_package_msgs
[2.961s] -- Up-to-date: /home/hyh/ros2_study/install/my_first_package_msgs/include/my_first_package_msgs/my_first_package_msgs/msg
[2.961s] -- Up-to-date: /home/hyh/ros2_study/install/my_first_package_msgs/include/my_first_package_msgs/my_first_package_msgs/msg/detail
[2.961s] -- Up-to-date: /home/hyh/ros2_study/install/my_first_package_msgs/include/my_first_package_msgs/my_first_package_msgs/msg/detail/dds_fastrtps
[2.961s] -- Installing: /home/hyh/ros2_study/install/my_first_package_msgs/include/my_first_package_msgs/my_first_package_msgs/msg/detail/cmd_and_pose_vel__rosidl_typesupport_fastrtps_cpp.hpp
[2.961s] -- Up-to-date: /home/hyh/ros2_study/install/my_first_package_msgs/include/my_first_package_msgs/my_first_package_msgs/msg/rosidl_typesupport_fastrtps_cpp__visibility_control.h
[2.961s] -- Up-to-date: /home/hyh/ros2_study/install/my_first_package_msgs/include/my_first_package_msgs/my_first_package_msgs/action
[2.961s] -- Up-to-date: /home/hyh/ros2_study/install/my_first_package_msgs/include/my_first_package_msgs/my_first_package_msgs/action/detail
[2.961s] -- Installing: /home/hyh/ros2_study/install/my_first_package_msgs/include/my_first_package_msgs/my_first_package_msgs/action/detail/dds_fastrtps
[2.961s] -- Installing: /home/hyh/ros2_study/install/my_first_package_msgs/include/my_first_package_msgs/my_first_package_msgs/action/detail/dis_turtle__rosidl_typesupport_fastrtps_cpp.hpp
[2.961s] -- Up-to-date: /home/hyh/ros2_study/install/my_first_package_msgs/include/my_first_package_msgs/my_first_package_msgs/srv
[2.961s] -- Up-to-date: /home/hyh/ros2_study/install/my_first_package_msgs/include/my_first_package_msgs/my_first_package_msgs/srv/detail
[2.961s] -- Up-to-date: /home/hyh/ros2_study/install/my_first_package_msgs/include/my_first_package_msgs/my_first_package_msgs/srv/detail/dds_fastrtps
[2.961s] -- Installing: /home/hyh/ros2_study/install/my_first_package_msgs/include/my_first_package_msgs/my_first_package_msgs/srv/detail/multi_spawn__rosidl_typesupport_fastrtps_cpp.hpp
[2.961s] -- Installing: /home/hyh/ros2_study/install/my_first_package_msgs/lib/libmy_first_package_msgs__rosidl_typesupport_fastrtps_cpp.so
[2.962s] -- Set runtime path of "/home/hyh/ros2_study/install/my_first_package_msgs/lib/libmy_first_package_msgs__rosidl_typesupport_fastrtps_cpp.so" to ""
[2.962s] -- Up-to-date: /home/hyh/ros2_study/install/my_first_package_msgs/include/my_first_package_msgs/my_first_package_msgs
[2.962s] -- Up-to-date: /home/hyh/ros2_study/install/my_first_package_msgs/include/my_first_package_msgs/my_first_package_msgs/msg
[2.962s] -- Up-to-date: /home/hyh/ros2_study/install/my_first_package_msgs/include/my_first_package_msgs/my_first_package_msgs/msg/detail
[2.962s] -- Installing: /home/hyh/ros2_study/install/my_first_package_msgs/include/my_first_package_msgs/my_first_package_msgs/msg/detail/cmd_and_pose_vel__type_support.cpp
[2.962s] -- Installing: /home/hyh/ros2_study/install/my_first_package_msgs/include/my_first_package_msgs/my_first_package_msgs/msg/detail/cmd_and_pose_vel__rosidl_typesupport_introspection_cpp.hpp
[2.962s] -- Up-to-date: /home/hyh/ros2_study/install/my_first_package_msgs/include/my_first_package_msgs/my_first_package_msgs/action
[2.962s] -- Up-to-date: /home/hyh/ros2_study/install/my_first_package_msgs/include/my_first_package_msgs/my_first_package_msgs/action/detail
[2.962s] -- Installing: /home/hyh/ros2_study/install/my_first_package_msgs/include/my_first_package_msgs/my_first_package_msgs/action/detail/dis_turtle__rosidl_typesupport_introspection_cpp.hpp
[2.962s] -- Installing: /home/hyh/ros2_study/install/my_first_package_msgs/include/my_first_package_msgs/my_first_package_msgs/action/detail/dis_turtle__type_support.cpp
[2.963s] -- Up-to-date: /home/hyh/ros2_study/install/my_first_package_msgs/include/my_first_package_msgs/my_first_package_msgs/srv
[2.963s] -- Up-to-date: /home/hyh/ros2_study/install/my_first_package_msgs/include/my_first_package_msgs/my_first_package_msgs/srv/detail
[2.963s] -- Installing: /home/hyh/ros2_study/install/my_first_package_msgs/include/my_first_package_msgs/my_first_package_msgs/srv/detail/multi_spawn__rosidl_typesupport_introspection_cpp.hpp
[2.963s] -- Installing: /home/hyh/ros2_study/install/my_first_package_msgs/include/my_first_package_msgs/my_first_package_msgs/srv/detail/multi_spawn__type_support.cpp
[2.963s] -- Installing: /home/hyh/ros2_study/install/my_first_package_msgs/lib/libmy_first_package_msgs__rosidl_typesupport_introspection_cpp.so
[2.963s] -- Set runtime path of "/home/hyh/ros2_study/install/my_first_package_msgs/lib/libmy_first_package_msgs__rosidl_typesupport_introspection_cpp.so" to ""
[2.964s] -- Installing: /home/hyh/ros2_study/install/my_first_package_msgs/lib/libmy_first_package_msgs__rosidl_typesupport_cpp.so
[2.964s] -- Set runtime path of "/home/hyh/ros2_study/install/my_first_package_msgs/lib/libmy_first_package_msgs__rosidl_typesupport_cpp.so" to ""
[2.964s] -- Up-to-date: /home/hyh/ros2_study/install/my_first_package_msgs/share/my_first_package_msgs/environment/pythonpath.sh
[2.964s] -- Installing: /home/hyh/ros2_study/install/my_first_package_msgs/share/my_first_package_msgs/environment/pythonpath.dsv
[2.964s] -- Up-to-date: /home/hyh/ros2_study/install/my_first_package_msgs/local/lib/python3.10/dist-packages/my_first_package_msgs-0.0.0-py3.10.egg-info
[2.964s] -- Installing: /home/hyh/ros2_study/install/my_first_package_msgs/local/lib/python3.10/dist-packages/my_first_package_msgs-0.0.0-py3.10.egg-info/dependency_links.txt
[2.964s] -- Installing: /home/hyh/ros2_study/install/my_first_package_msgs/local/lib/python3.10/dist-packages/my_first_package_msgs-0.0.0-py3.10.egg-info/SOURCES.txt
[2.964s] -- Installing: /home/hyh/ros2_study/install/my_first_package_msgs/local/lib/python3.10/dist-packages/my_first_package_msgs-0.0.0-py3.10.egg-info/PKG-INFO
[2.964s] -- Installing: /home/hyh/ros2_study/install/my_first_package_msgs/local/lib/python3.10/dist-packages/my_first_package_msgs-0.0.0-py3.10.egg-info/top_level.txt
[2.965s] -- Up-to-date: /home/hyh/ros2_study/install/my_first_package_msgs/local/lib/python3.10/dist-packages/my_first_package_msgs
[2.965s] -- Installing: /home/hyh/ros2_study/install/my_first_package_msgs/local/lib/python3.10/dist-packages/my_first_package_msgs/__init__.py
[2.965s] -- Up-to-date: /home/hyh/ros2_study/install/my_first_package_msgs/local/lib/python3.10/dist-packages/my_first_package_msgs/msg
[2.965s] -- Installing: /home/hyh/ros2_study/install/my_first_package_msgs/local/lib/python3.10/dist-packages/my_first_package_msgs/msg/_cmd_and_pose_vel.py
[2.965s] -- Installing: /home/hyh/ros2_study/install/my_first_package_msgs/local/lib/python3.10/dist-packages/my_first_package_msgs/msg/__init__.py
[2.965s] -- Installing: /home/hyh/ros2_study/install/my_first_package_msgs/local/lib/python3.10/dist-packages/my_first_package_msgs/msg/_cmd_and_pose_vel_s.c
[2.965s] -- Installing: /home/hyh/ros2_study/install/my_first_package_msgs/local/lib/python3.10/dist-packages/my_first_package_msgs/my_first_package_msgs_s__rosidl_typesupport_fastrtps_c.cpython-310-x86_64-linux-gnu.so
[2.965s] -- Installing: /home/hyh/ros2_study/install/my_first_package_msgs/local/lib/python3.10/dist-packages/my_first_package_msgs/_my_first_package_msgs_s.ep.rosidl_typesupport_fastrtps_c.c
[2.965s] -- Installing: /home/hyh/ros2_study/install/my_first_package_msgs/local/lib/python3.10/dist-packages/my_first_package_msgs/my_first_package_msgs_s__rosidl_typesupport_c.cpython-310-x86_64-linux-gnu.so
[2.965s] -- Installing: /home/hyh/ros2_study/install/my_first_package_msgs/local/lib/python3.10/dist-packages/my_first_package_msgs/action
[2.966s] -- Installing: /home/hyh/ros2_study/install/my_first_package_msgs/local/lib/python3.10/dist-packages/my_first_package_msgs/action/__init__.py
[2.966s] -- Installing: /home/hyh/ros2_study/install/my_first_package_msgs/local/lib/python3.10/dist-packages/my_first_package_msgs/action/_dis_turtle.py
[2.966s] -- Installing: /home/hyh/ros2_study/install/my_first_package_msgs/local/lib/python3.10/dist-packages/my_first_package_msgs/action/_dis_turtle_s.c
[2.966s] -- Up-to-date: /home/hyh/ros2_study/install/my_first_package_msgs/local/lib/python3.10/dist-packages/my_first_package_msgs/srv
[2.966s] -- Installing: /home/hyh/ros2_study/install/my_first_package_msgs/local/lib/python3.10/dist-packages/my_first_package_msgs/srv/__init__.py
[2.966s] -- Installing: /home/hyh/ros2_study/install/my_first_package_msgs/local/lib/python3.10/dist-packages/my_first_package_msgs/srv/_multi_spawn.py
[2.966s] -- Installing: /home/hyh/ros2_study/install/my_first_package_msgs/local/lib/python3.10/dist-packages/my_first_package_msgs/srv/_multi_spawn_s.c
[2.966s] -- Installing: /home/hyh/ros2_study/install/my_first_package_msgs/local/lib/python3.10/dist-packages/my_first_package_msgs/my_first_package_msgs_s__rosidl_typesupport_introspection_c.cpython-310-x86_64-linux-gnu.so
[2.966s] -- Installing: /home/hyh/ros2_study/install/my_first_package_msgs/local/lib/python3.10/dist-packages/my_first_package_msgs/_my_first_package_msgs_s.ep.rosidl_typesupport_introspection_c.c
[2.966s] -- Installing: /home/hyh/ros2_study/install/my_first_package_msgs/local/lib/python3.10/dist-packages/my_first_package_msgs/libmy_first_package_msgs__rosidl_generator_py.so
[2.967s] -- Installing: /home/hyh/ros2_study/install/my_first_package_msgs/local/lib/python3.10/dist-packages/my_first_package_msgs/_my_first_package_msgs_s.ep.rosidl_typesupport_c.c
[2.994s] Listing '/home/hyh/ros2_study/install/my_first_package_msgs/local/lib/python3.10/dist-packages/my_first_package_msgs'...
[2.994s] Compiling '/home/hyh/ros2_study/install/my_first_package_msgs/local/lib/python3.10/dist-packages/my_first_package_msgs/__init__.py'...
[2.994s] Listing '/home/hyh/ros2_study/install/my_first_package_msgs/local/lib/python3.10/dist-packages/my_first_package_msgs/action'...
[2.994s] Compiling '/home/hyh/ros2_study/install/my_first_package_msgs/local/lib/python3.10/dist-packages/my_first_package_msgs/action/__init__.py'...
[2.994s] Compiling '/home/hyh/ros2_study/install/my_first_package_msgs/local/lib/python3.10/dist-packages/my_first_package_msgs/action/_dis_turtle.py'...
[2.994s] Listing '/home/hyh/ros2_study/install/my_first_package_msgs/local/lib/python3.10/dist-packages/my_first_package_msgs/msg'...
[2.994s] Compiling '/home/hyh/ros2_study/install/my_first_package_msgs/local/lib/python3.10/dist-packages/my_first_package_msgs/msg/__init__.py'...
[2.994s] Compiling '/home/hyh/ros2_study/install/my_first_package_msgs/local/lib/python3.10/dist-packages/my_first_package_msgs/msg/_cmd_and_pose_vel.py'...
[2.994s] Listing '/home/hyh/ros2_study/install/my_first_package_msgs/local/lib/python3.10/dist-packages/my_first_package_msgs/srv'...
[2.994s] Compiling '/home/hyh/ros2_study/install/my_first_package_msgs/local/lib/python3.10/dist-packages/my_first_package_msgs/srv/__init__.py'...
[2.994s] Compiling '/home/hyh/ros2_study/install/my_first_package_msgs/local/lib/python3.10/dist-packages/my_first_package_msgs/srv/_multi_spawn.py'...
[2.996s] -- Installing: /home/hyh/ros2_study/install/my_first_package_msgs/local/lib/python3.10/dist-packages/my_first_package_msgs/my_first_package_msgs_s__rosidl_typesupport_fastrtps_c.cpython-310-x86_64-linux-gnu.so
[2.997s] -- Set runtime path of "/home/hyh/ros2_study/install/my_first_package_msgs/local/lib/python3.10/dist-packages/my_first_package_msgs/my_first_package_msgs_s__rosidl_typesupport_fastrtps_c.cpython-310-x86_64-linux-gnu.so" to ""
[2.997s] -- Installing: /home/hyh/ros2_study/install/my_first_package_msgs/local/lib/python3.10/dist-packages/my_first_package_msgs/my_first_package_msgs_s__rosidl_typesupport_introspection_c.cpython-310-x86_64-linux-gnu.so
[2.997s] -- Set runtime path of "/home/hyh/ros2_study/install/my_first_package_msgs/local/lib/python3.10/dist-packages/my_first_package_msgs/my_first_package_msgs_s__rosidl_typesupport_introspection_c.cpython-310-x86_64-linux-gnu.so" to ""
[2.997s] -- Installing: /home/hyh/ros2_study/install/my_first_package_msgs/local/lib/python3.10/dist-packages/my_first_package_msgs/my_first_package_msgs_s__rosidl_typesupport_c.cpython-310-x86_64-linux-gnu.so
[2.997s] -- Set runtime path of "/home/hyh/ros2_study/install/my_first_package_msgs/local/lib/python3.10/dist-packages/my_first_package_msgs/my_first_package_msgs_s__rosidl_typesupport_c.cpython-310-x86_64-linux-gnu.so" to ""
[2.998s] -- Installing: /home/hyh/ros2_study/install/my_first_package_msgs/lib/libmy_first_package_msgs__rosidl_generator_py.so
[2.998s] -- Set runtime path of "/home/hyh/ros2_study/install/my_first_package_msgs/lib/libmy_first_package_msgs__rosidl_generator_py.so" to ""
[2.998s] -- Up-to-date: /home/hyh/ros2_study/install/my_first_package_msgs/share/my_first_package_msgs/msg/CmdAndPoseVel.idl
[2.998s] -- Up-to-date: /home/hyh/ros2_study/install/my_first_package_msgs/share/my_first_package_msgs/srv/MultiSpawn.idl
[2.998s] -- Installing: /home/hyh/ros2_study/install/my_first_package_msgs/share/my_first_package_msgs/action/DisTurtle.idl
[2.998s] -- Up-to-date: /home/hyh/ros2_study/install/my_first_package_msgs/share/my_first_package_msgs/msg/CmdAndPoseVel.msg
[2.998s] -- Up-to-date: /home/hyh/ros2_study/install/my_first_package_msgs/share/my_first_package_msgs/srv/MultiSpawn.srv
[2.999s] -- Up-to-date: /home/hyh/ros2_study/install/my_first_package_msgs/share/my_first_package_msgs/srv/MultiSpawn_Request.msg
[2.999s] -- Up-to-date: /home/hyh/ros2_study/install/my_first_package_msgs/share/my_first_package_msgs/srv/MultiSpawn_Response.msg
[2.999s] -- Installing: /home/hyh/ros2_study/install/my_first_package_msgs/share/my_first_package_msgs/action/DisTurtle.action
[2.999s] -- Installing: /home/hyh/ros2_study/install/my_first_package_msgs/share/ament_index/resource_index/package_run_dependencies/my_first_package_msgs
[2.999s] -- Installing: /home/hyh/ros2_study/install/my_first_package_msgs/share/ament_index/resource_index/parent_prefix_path/my_first_package_msgs
[2.999s] -- Up-to-date: /home/hyh/ros2_study/install/my_first_package_msgs/share/my_first_package_msgs/environment/ament_prefix_path.sh
[2.999s] -- Installing: /home/hyh/ros2_study/install/my_first_package_msgs/share/my_first_package_msgs/environment/ament_prefix_path.dsv
[2.999s] -- Up-to-date: /home/hyh/ros2_study/install/my_first_package_msgs/share/my_first_package_msgs/environment/path.sh
[2.999s] -- Installing: /home/hyh/ros2_study/install/my_first_package_msgs/share/my_first_package_msgs/environment/path.dsv
[2.999s] -- Up-to-date: /home/hyh/ros2_study/install/my_first_package_msgs/share/my_first_package_msgs/local_setup.bash
[2.999s] -- Up-to-date: /home/hyh/ros2_study/install/my_first_package_msgs/share/my_first_package_msgs/local_setup.sh
[2.999s] -- Up-to-date: /home/hyh/ros2_study/install/my_first_package_msgs/share/my_first_package_msgs/local_setup.zsh
[2.999s] -- Installing: /home/hyh/ros2_study/install/my_first_package_msgs/share/my_first_package_msgs/local_setup.dsv
[3.000s] -- Installing: /home/hyh/ros2_study/install/my_first_package_msgs/share/my_first_package_msgs/package.dsv
[3.000s] -- Up-to-date: /home/hyh/ros2_study/install/my_first_package_msgs/share/ament_index/resource_index/packages/my_first_package_msgs
[3.000s] -- Old export file "/home/hyh/ros2_study/install/my_first_package_msgs/share/my_first_package_msgs/cmake/export_my_first_package_msgs__rosidl_generator_cExport.cmake" will be replaced.  Removing files [/home/hyh/ros2_study/install/my_first_package_msgs/share/my_first_package_msgs/cmake/export_my_first_package_msgs__rosidl_generator_cExport-noconfig.cmake].
[3.000s] -- Installing: /home/hyh/ros2_study/install/my_first_package_msgs/share/my_first_package_msgs/cmake/export_my_first_package_msgs__rosidl_generator_cExport.cmake
[3.000s] -- Installing: /home/hyh/ros2_study/install/my_first_package_msgs/share/my_first_package_msgs/cmake/export_my_first_package_msgs__rosidl_generator_cExport-noconfig.cmake
[3.000s] -- Old export file "/home/hyh/ros2_study/install/my_first_package_msgs/share/my_first_package_msgs/cmake/export_my_first_package_msgs__rosidl_typesupport_fastrtps_cExport.cmake" will be replaced.  Removing files [/home/hyh/ros2_study/install/my_first_package_msgs/share/my_first_package_msgs/cmake/export_my_first_package_msgs__rosidl_typesupport_fastrtps_cExport-noconfig.cmake].
[3.000s] -- Installing: /home/hyh/ros2_study/install/my_first_package_msgs/share/my_first_package_msgs/cmake/export_my_first_package_msgs__rosidl_typesupport_fastrtps_cExport.cmake
[3.000s] -- Installing: /home/hyh/ros2_study/install/my_first_package_msgs/share/my_first_package_msgs/cmake/export_my_first_package_msgs__rosidl_typesupport_fastrtps_cExport-noconfig.cmake
[3.000s] -- Old export file "/home/hyh/ros2_study/install/my_first_package_msgs/share/my_first_package_msgs/cmake/my_first_package_msgs__rosidl_typesupport_introspection_cExport.cmake" will be replaced.  Removing files [/home/hyh/ros2_study/install/my_first_package_msgs/share/my_first_package_msgs/cmake/my_first_package_msgs__rosidl_typesupport_introspection_cExport-noconfig.cmake].
[3.000s] -- Installing: /home/hyh/ros2_study/install/my_first_package_msgs/share/my_first_package_msgs/cmake/my_first_package_msgs__rosidl_typesupport_introspection_cExport.cmake
[3.000s] -- Installing: /home/hyh/ros2_study/install/my_first_package_msgs/share/my_first_package_msgs/cmake/my_first_package_msgs__rosidl_typesupport_introspection_cExport-noconfig.cmake
[3.000s] -- Old export file "/home/hyh/ros2_study/install/my_first_package_msgs/share/my_first_package_msgs/cmake/my_first_package_msgs__rosidl_typesupport_cExport.cmake" will be replaced.  Removing files [/home/hyh/ros2_study/install/my_first_package_msgs/share/my_first_package_msgs/cmake/my_first_package_msgs__rosidl_typesupport_cExport-noconfig.cmake].
[3.001s] -- Installing: /home/hyh/ros2_study/install/my_first_package_msgs/share/my_first_package_msgs/cmake/my_first_package_msgs__rosidl_typesupport_cExport.cmake
[3.001s] -- Installing: /home/hyh/ros2_study/install/my_first_package_msgs/share/my_first_package_msgs/cmake/my_first_package_msgs__rosidl_typesupport_cExport-noconfig.cmake
[3.001s] -- Installing: /home/hyh/ros2_study/install/my_first_package_msgs/share/my_first_package_msgs/cmake/export_my_first_package_msgs__rosidl_generator_cppExport.cmake
[3.001s] -- Old export file "/home/hyh/ros2_study/install/my_first_package_msgs/share/my_first_package_msgs/cmake/export_my_first_package_msgs__rosidl_typesupport_fastrtps_cppExport.cmake" will be replaced.  Removing files [/home/hyh/ros2_study/install/my_first_package_msgs/share/my_first_package_msgs/cmake/export_my_first_package_msgs__rosidl_typesupport_fastrtps_cppExport-noconfig.cmake].
[3.001s] -- Installing: /home/hyh/ros2_study/install/my_first_package_msgs/share/my_first_package_msgs/cmake/export_my_first_package_msgs__rosidl_typesupport_fastrtps_cppExport.cmake
[3.001s] -- Installing: /home/hyh/ros2_study/install/my_first_package_msgs/share/my_first_package_msgs/cmake/export_my_first_package_msgs__rosidl_typesupport_fastrtps_cppExport-noconfig.cmake
[3.001s] -- Old export file "/home/hyh/ros2_study/install/my_first_package_msgs/share/my_first_package_msgs/cmake/my_first_package_msgs__rosidl_typesupport_introspection_cppExport.cmake" will be replaced.  Removing files [/home/hyh/ros2_study/install/my_first_package_msgs/share/my_first_package_msgs/cmake/my_first_package_msgs__rosidl_typesupport_introspection_cppExport-noconfig.cmake].
[3.001s] -- Installing: /home/hyh/ros2_study/install/my_first_package_msgs/share/my_first_package_msgs/cmake/my_first_package_msgs__rosidl_typesupport_introspection_cppExport.cmake
[3.001s] -- Installing: /home/hyh/ros2_study/install/my_first_package_msgs/share/my_first_package_msgs/cmake/my_first_package_msgs__rosidl_typesupport_introspection_cppExport-noconfig.cmake
[3.001s] -- Old export file "/home/hyh/ros2_study/install/my_first_package_msgs/share/my_first_package_msgs/cmake/my_first_package_msgs__rosidl_typesupport_cppExport.cmake" will be replaced.  Removing files [/home/hyh/ros2_study/install/my_first_package_msgs/share/my_first_package_msgs/cmake/my_first_package_msgs__rosidl_typesupport_cppExport-noconfig.cmake].
[3.002s] -- Installing: /home/hyh/ros2_study/install/my_first_package_msgs/share/my_first_package_msgs/cmake/my_first_package_msgs__rosidl_typesupport_cppExport.cmake
[3.002s] -- Installing: /home/hyh/ros2_study/install/my_first_package_msgs/share/my_first_package_msgs/cmake/my_first_package_msgs__rosidl_typesupport_cppExport-noconfig.cmake
[3.002s] -- Old export file "/home/hyh/ros2_study/install/my_first_package_msgs/share/my_first_package_msgs/cmake/export_my_first_package_msgs__rosidl_generator_pyExport.cmake" will be replaced.  Removing files [/home/hyh/ros2_study/install/my_first_package_msgs/share/my_first_package_msgs/cmake/export_my_first_package_msgs__rosidl_generator_pyExport-noconfig.cmake].
[3.002s] -- Installing: /home/hyh/ros2_study/install/my_first_package_msgs/share/my_first_package_msgs/cmake/export_my_first_package_msgs__rosidl_generator_pyExport.cmake
[3.002s] -- Installing: /home/hyh/ros2_study/install/my_first_package_msgs/share/my_first_package_msgs/cmake/export_my_first_package_msgs__rosidl_generator_pyExport-noconfig.cmake
[3.002s] -- Installing: /home/hyh/ros2_study/install/my_first_package_msgs/share/my_first_package_msgs/cmake/rosidl_cmake-extras.cmake
[3.002s] -- Installing: /home/hyh/ros2_study/install/my_first_package_msgs/share/my_first_package_msgs/cmake/ament_cmake_export_dependencies-extras.cmake
[3.002s] -- Up-to-date: /home/hyh/ros2_study/install/my_first_package_msgs/share/my_first_package_msgs/cmake/ament_cmake_export_include_directories-extras.cmake
[3.002s] -- Up-to-date: /home/hyh/ros2_study/install/my_first_package_msgs/share/my_first_package_msgs/cmake/ament_cmake_export_libraries-extras.cmake
[3.002s] -- Up-to-date: /home/hyh/ros2_study/install/my_first_package_msgs/share/my_first_package_msgs/cmake/ament_cmake_export_targets-extras.cmake
[3.002s] -- Up-to-date: /home/hyh/ros2_study/install/my_first_package_msgs/share/my_first_package_msgs/cmake/rosidl_cmake_export_typesupport_targets-extras.cmake
[3.002s] -- Up-to-date: /home/hyh/ros2_study/install/my_first_package_msgs/share/my_first_package_msgs/cmake/rosidl_cmake_export_typesupport_libraries-extras.cmake
[3.003s] -- Installing: /home/hyh/ros2_study/install/my_first_package_msgs/share/my_first_package_msgs/cmake/my_first_package_msgsConfig.cmake
[3.003s] -- Up-to-date: /home/hyh/ros2_study/install/my_first_package_msgs/share/my_first_package_msgs/cmake/my_first_package_msgsConfig-version.cmake
[3.003s] -- Installing: /home/hyh/ros2_study/install/my_first_package_msgs/share/my_first_package_msgs/package.xml
[3.004s] Invoked command in '/home/hyh/ros2_study/build/my_first_package_msgs' returned '0': CMAKE_PREFIX_PATH=${CMAKE_PREFIX_PATH}:/home/hyh/ros2/ros2_study/install/my_first_package:/home/hyh/ros2_study/install/my_first_package:/opt/ros/humble /usr/bin/cmake --install /home/hyh/ros2_study/build/my_first_package_msgs
