[0.153s] Invoking command in '/home/hyh/ros2_laser/build/laser_package_msgs': CMAKE_PREFIX_PATH=${CMAKE_PREFIX_PATH}:/home/hyh/ros2_prct/install/practice_package:/home/hyh/ros2_study/install/my_first_package:/opt/ros/humble /usr/bin/cmake /home/hyh/ros2_laser/src/laser_package_msgs -DCMAKE_INSTALL_PREFIX=/home/hyh/ros2_laser/install/laser_package_msgs
[0.159s] -- Found ament_cmake: 1.3.12 (/opt/ros/humble/share/ament_cmake/cmake)
[0.237s] -- Found rosidl_default_generators: 1.2.0 (/opt/ros/humble/share/rosidl_default_generators/cmake)
[0.238s] -- Using all available rosidl_typesupport_c: rosidl_typesupport_fastrtps_c;rosidl_typesupport_introspection_c
[0.240s] -- Found rosidl_adapter: 3.1.7 (/opt/ros/humble/share/rosidl_adapter/cmake)
[0.317s] -- Using all available rosidl_typesupport_cpp: rosidl_typesupport_fastrtps_cpp;rosidl_typesupport_introspection_cpp
[0.493s] -- Found ament_cmake_ros: 0.10.0 (/opt/ros/humble/share/ament_cmake_ros/cmake)
[0.609s] -- Using all available rosidl_typesupport_c: rosidl_typesupport_fastrtps_c;rosidl_typesupport_introspection_c
[0.752s] -- Using all available rosidl_typesupport_cpp: rosidl_typesupport_fastrtps_cpp;rosidl_typesupport_introspection_cpp
[0.863s] -- Found PythonInterp: /usr/bin/python3 (found suitable version "3.10.12", minimum required is "3.6") 
[0.864s] -- Found python_cmake_module: 0.10.0 (/opt/ros/humble/share/python_cmake_module/cmake)
[1.068s] -- Found PythonLibs: /usr/lib/x86_64-linux-gnu/libpython3.10.so (found suitable version "3.10.12", minimum required is "3.5") 
[1.068s] -- Using PYTHON_EXECUTABLE: /usr/bin/python3
[1.068s] -- Using PYTHON_INCLUDE_DIRS: /usr/include/python3.10
[1.068s] -- Using PYTHON_LIBRARIES: /usr/lib/x86_64-linux-gnu/libpython3.10.so
[1.081s] -- Found PythonExtra: .so  
[1.120s] -- Found ament_lint_auto: 0.12.14 (/opt/ros/humble/share/ament_lint_auto/cmake)
[1.141s] -- Added test 'lint_cmake' to check CMake code style
[1.142s] -- Added test 'xmllint' to check XML markup files
[1.145s] -- Configuring done
[1.165s] -- Generating done
[1.171s] -- Build files have been written to: /home/hyh/ros2_laser/build/laser_package_msgs
[1.175s] Invoked command in '/home/hyh/ros2_laser/build/laser_package_msgs' returned '0': CMAKE_PREFIX_PATH=${CMAKE_PREFIX_PATH}:/home/hyh/ros2_prct/install/practice_package:/home/hyh/ros2_study/install/my_first_package:/opt/ros/humble /usr/bin/cmake /home/hyh/ros2_laser/src/laser_package_msgs -DCMAKE_INSTALL_PREFIX=/home/hyh/ros2_laser/install/laser_package_msgs
[1.177s] Invoking command in '/home/hyh/ros2_laser/build/laser_package_msgs': CMAKE_PREFIX_PATH=${CMAKE_PREFIX_PATH}:/home/hyh/ros2_prct/install/practice_package:/home/hyh/ros2_study/install/my_first_package:/opt/ros/humble /usr/bin/cmake --build /home/hyh/ros2_laser/build/laser_package_msgs -- -j20 -l20
[1.198s] [  3%] [34m[1mGenerating C code for ROS interfaces[0m
[1.205s] [  6%] [34m[1mGenerating C++ code for ROS interfaces[0m
[1.208s] [  6%] Built target ament_cmake_python_copy_laser_package_msgs
[1.351s] running egg_info
[1.351s] creating laser_package_msgs.egg-info
[1.351s] writing laser_package_msgs.egg-info/PKG-INFO
[1.351s] writing dependency_links to laser_package_msgs.egg-info/dependency_links.txt
[1.352s] writing top-level names to laser_package_msgs.egg-info/top_level.txt
[1.352s] writing manifest file 'laser_package_msgs.egg-info/SOURCES.txt'
[1.353s] reading manifest file 'laser_package_msgs.egg-info/SOURCES.txt'
[1.353s] [  6%] Built target laser_package_msgs__cpp
[1.353s] writing manifest file 'laser_package_msgs.egg-info/SOURCES.txt'
[1.358s] [  9%] [32mBuilding C object CMakeFiles/laser_package_msgs__rosidl_generator_c.dir/rosidl_generator_c/laser_package_msgs/msg/detail/laser__functions.c.o[0m
[1.359s] [ 12%] [34m[1mGenerating C++ type support for eProsima Fast-RTPS[0m
[1.359s] [ 19%] [34m[1mGenerating C++ introspection for ROS interfaces[0m
[1.359s] [ 19%] [34m[1mGenerating C++ type support dispatch for ROS interfaces[0m
[1.372s] [ 19%] Built target ament_cmake_python_build_laser_package_msgs_egg
[1.407s] [ 22%] [32m[1mLinking C shared library liblaser_package_msgs__rosidl_generator_c.so[0m
[1.480s] [ 22%] Built target laser_package_msgs__rosidl_generator_c
[1.487s] [ 32%] [34m[1mGenerating C type support dispatch for ROS interfaces[0m
[1.487s] [ 32%] [34m[1mGenerating C introspection for ROS interfaces[0m
[1.487s] [ 32%] [34m[1mGenerating C type support for eProsima Fast-RTPS[0m
[1.496s] [ 35%] [32mBuilding CXX object CMakeFiles/laser_package_msgs__rosidl_typesupport_cpp.dir/rosidl_typesupport_cpp/laser_package_msgs/msg/laser__type_support.cpp.o[0m
[1.508s] [ 38%] [32mBuilding CXX object CMakeFiles/laser_package_msgs__rosidl_typesupport_introspection_cpp.dir/rosidl_typesupport_introspection_cpp/laser_package_msgs/msg/detail/laser__type_support.cpp.o[0m
[1.511s] [ 41%] [32mBuilding CXX object CMakeFiles/laser_package_msgs__rosidl_typesupport_fastrtps_cpp.dir/rosidl_typesupport_fastrtps_cpp/laser_package_msgs/msg/detail/dds_fastrtps/laser__type_support.cpp.o[0m
[1.633s] [ 45%] [32mBuilding CXX object CMakeFiles/laser_package_msgs__rosidl_typesupport_c.dir/rosidl_typesupport_c/laser_package_msgs/msg/laser__type_support.cpp.o[0m
[1.643s] [ 48%] [32mBuilding CXX object CMakeFiles/laser_package_msgs__rosidl_typesupport_fastrtps_c.dir/rosidl_typesupport_fastrtps_c/laser_package_msgs/msg/detail/laser__type_support_c.cpp.o[0m
[1.644s] [ 51%] [32mBuilding C object CMakeFiles/laser_package_msgs__rosidl_typesupport_introspection_c.dir/rosidl_typesupport_introspection_c/laser_package_msgs/msg/detail/laser__type_support.c.o[0m
[1.653s] [ 54%] [32m[1mLinking CXX shared library liblaser_package_msgs__rosidl_typesupport_c.so[0m
[1.668s] [ 58%] [32m[1mLinking CXX shared library liblaser_package_msgs__rosidl_typesupport_cpp.so[0m
[1.668s] [ 61%] [32m[1mLinking C shared library liblaser_package_msgs__rosidl_typesupport_introspection_c.so[0m
[1.708s] [ 61%] Built target laser_package_msgs__rosidl_typesupport_introspection_c
[1.715s] [ 61%] Built target laser_package_msgs__rosidl_typesupport_c
[1.715s] [ 61%] Built target laser_package_msgs__rosidl_typesupport_cpp
[1.760s] [ 64%] [32m[1mLinking CXX shared library liblaser_package_msgs__rosidl_typesupport_introspection_cpp.so[0m
[1.778s] [ 67%] [32m[1mLinking CXX shared library liblaser_package_msgs__rosidl_typesupport_fastrtps_cpp.so[0m
[1.833s] [ 70%] [32m[1mLinking CXX shared library liblaser_package_msgs__rosidl_typesupport_fastrtps_c.so[0m
[1.856s] [ 70%] Built target laser_package_msgs__rosidl_typesupport_introspection_cpp
[1.870s] [ 70%] Built target laser_package_msgs__rosidl_typesupport_fastrtps_cpp
[1.908s] [ 70%] Built target laser_package_msgs__rosidl_typesupport_fastrtps_c
[1.923s] [ 70%] Built target laser_package_msgs
[1.938s] [ 74%] [34m[1mGenerating Python code for ROS interfaces[0m
[2.134s] [ 74%] Built target laser_package_msgs__py
[2.144s] [ 77%] [32mBuilding C object CMakeFiles/laser_package_msgs__rosidl_generator_py.dir/rosidl_generator_py/laser_package_msgs/msg/_laser_s.c.o[0m
[2.230s] [ 80%] [32m[1mLinking C shared library rosidl_generator_py/laser_package_msgs/liblaser_package_msgs__rosidl_generator_py.so[0m
[2.281s] [ 80%] Built target laser_package_msgs__rosidl_generator_py
[2.293s] [ 83%] [32mBuilding C object CMakeFiles/laser_package_msgs__rosidl_typesupport_fastrtps_c__pyext.dir/rosidl_generator_py/laser_package_msgs/_laser_package_msgs_s.ep.rosidl_typesupport_fastrtps_c.c.o[0m
[2.293s] [ 90%] [32mBuilding C object CMakeFiles/laser_package_msgs__rosidl_typesupport_c__pyext.dir/rosidl_generator_py/laser_package_msgs/_laser_package_msgs_s.ep.rosidl_typesupport_c.c.o[0m
[2.293s] [ 90%] [32mBuilding C object CMakeFiles/laser_package_msgs__rosidl_typesupport_introspection_c__pyext.dir/rosidl_generator_py/laser_package_msgs/_laser_package_msgs_s.ep.rosidl_typesupport_introspection_c.c.o[0m
[2.342s] [ 93%] [32m[1mLinking C shared library rosidl_generator_py/laser_package_msgs/laser_package_msgs_s__rosidl_typesupport_introspection_c.cpython-310-x86_64-linux-gnu.so[0m
[2.342s] [ 96%] [32m[1mLinking C shared library rosidl_generator_py/laser_package_msgs/laser_package_msgs_s__rosidl_typesupport_c.cpython-310-x86_64-linux-gnu.so[0m
[2.345s] [100%] [32m[1mLinking C shared library rosidl_generator_py/laser_package_msgs/laser_package_msgs_s__rosidl_typesupport_fastrtps_c.cpython-310-x86_64-linux-gnu.so[0m
[2.385s] [100%] Built target laser_package_msgs__rosidl_typesupport_introspection_c__pyext
[2.388s] [100%] Built target laser_package_msgs__rosidl_typesupport_c__pyext
[2.402s] [100%] Built target laser_package_msgs__rosidl_typesupport_fastrtps_c__pyext
[2.409s] Invoked command in '/home/hyh/ros2_laser/build/laser_package_msgs' returned '0': CMAKE_PREFIX_PATH=${CMAKE_PREFIX_PATH}:/home/hyh/ros2_prct/install/practice_package:/home/hyh/ros2_study/install/my_first_package:/opt/ros/humble /usr/bin/cmake --build /home/hyh/ros2_laser/build/laser_package_msgs -- -j20 -l20
[2.414s] Invoking command in '/home/hyh/ros2_laser/build/laser_package_msgs': CMAKE_PREFIX_PATH=${CMAKE_PREFIX_PATH}:/home/hyh/ros2_prct/install/practice_package:/home/hyh/ros2_study/install/my_first_package:/opt/ros/humble /usr/bin/cmake --install /home/hyh/ros2_laser/build/laser_package_msgs
[2.419s] -- Install configuration: ""
[2.419s] -- Installing: /home/hyh/ros2_laser/install/laser_package_msgs/share/ament_index/resource_index/rosidl_interfaces/laser_package_msgs
[2.419s] -- Installing: /home/hyh/ros2_laser/install/laser_package_msgs/include/laser_package_msgs/laser_package_msgs
[2.420s] -- Installing: /home/hyh/ros2_laser/install/laser_package_msgs/include/laser_package_msgs/laser_package_msgs/msg
[2.420s] -- Installing: /home/hyh/ros2_laser/install/laser_package_msgs/include/laser_package_msgs/laser_package_msgs/msg/detail
[2.420s] -- Installing: /home/hyh/ros2_laser/install/laser_package_msgs/include/laser_package_msgs/laser_package_msgs/msg/detail/laser__functions.h
[2.420s] -- Installing: /home/hyh/ros2_laser/install/laser_package_msgs/include/laser_package_msgs/laser_package_msgs/msg/detail/laser__struct.h
[2.420s] -- Installing: /home/hyh/ros2_laser/install/laser_package_msgs/include/laser_package_msgs/laser_package_msgs/msg/detail/laser__type_support.h
[2.420s] -- Installing: /home/hyh/ros2_laser/install/laser_package_msgs/include/laser_package_msgs/laser_package_msgs/msg/detail/laser__functions.c
[2.420s] -- Installing: /home/hyh/ros2_laser/install/laser_package_msgs/include/laser_package_msgs/laser_package_msgs/msg/rosidl_generator_c__visibility_control.h
[2.420s] -- Installing: /home/hyh/ros2_laser/install/laser_package_msgs/include/laser_package_msgs/laser_package_msgs/msg/laser.h
[2.421s] -- Installing: /home/hyh/ros2_laser/install/laser_package_msgs/share/laser_package_msgs/environment/library_path.sh
[2.421s] -- Installing: /home/hyh/ros2_laser/install/laser_package_msgs/share/laser_package_msgs/environment/library_path.dsv
[2.421s] -- Installing: /home/hyh/ros2_laser/install/laser_package_msgs/lib/liblaser_package_msgs__rosidl_generator_c.so
[2.421s] -- Set runtime path of "/home/hyh/ros2_laser/install/laser_package_msgs/lib/liblaser_package_msgs__rosidl_generator_c.so" to ""
[2.421s] -- Up-to-date: /home/hyh/ros2_laser/install/laser_package_msgs/include/laser_package_msgs/laser_package_msgs
[2.421s] -- Up-to-date: /home/hyh/ros2_laser/install/laser_package_msgs/include/laser_package_msgs/laser_package_msgs/msg
[2.421s] -- Up-to-date: /home/hyh/ros2_laser/install/laser_package_msgs/include/laser_package_msgs/laser_package_msgs/msg/detail
[2.421s] -- Installing: /home/hyh/ros2_laser/install/laser_package_msgs/include/laser_package_msgs/laser_package_msgs/msg/detail/laser__rosidl_typesupport_fastrtps_c.h
[2.421s] -- Installing: /home/hyh/ros2_laser/install/laser_package_msgs/include/laser_package_msgs/laser_package_msgs/msg/rosidl_typesupport_fastrtps_c__visibility_control.h
[2.422s] -- Installing: /home/hyh/ros2_laser/install/laser_package_msgs/lib/liblaser_package_msgs__rosidl_typesupport_fastrtps_c.so
[2.422s] -- Set runtime path of "/home/hyh/ros2_laser/install/laser_package_msgs/lib/liblaser_package_msgs__rosidl_typesupport_fastrtps_c.so" to ""
[2.422s] -- Up-to-date: /home/hyh/ros2_laser/install/laser_package_msgs/include/laser_package_msgs/laser_package_msgs
[2.422s] -- Up-to-date: /home/hyh/ros2_laser/install/laser_package_msgs/include/laser_package_msgs/laser_package_msgs/msg
[2.422s] -- Up-to-date: /home/hyh/ros2_laser/install/laser_package_msgs/include/laser_package_msgs/laser_package_msgs/msg/detail
[2.422s] -- Installing: /home/hyh/ros2_laser/install/laser_package_msgs/include/laser_package_msgs/laser_package_msgs/msg/detail/laser__type_support.c
[2.422s] -- Installing: /home/hyh/ros2_laser/install/laser_package_msgs/include/laser_package_msgs/laser_package_msgs/msg/detail/laser__rosidl_typesupport_introspection_c.h
[2.422s] -- Installing: /home/hyh/ros2_laser/install/laser_package_msgs/include/laser_package_msgs/laser_package_msgs/msg/rosidl_typesupport_introspection_c__visibility_control.h
[2.422s] -- Installing: /home/hyh/ros2_laser/install/laser_package_msgs/lib/liblaser_package_msgs__rosidl_typesupport_introspection_c.so
[2.423s] -- Set runtime path of "/home/hyh/ros2_laser/install/laser_package_msgs/lib/liblaser_package_msgs__rosidl_typesupport_introspection_c.so" to ""
[2.423s] -- Installing: /home/hyh/ros2_laser/install/laser_package_msgs/lib/liblaser_package_msgs__rosidl_typesupport_c.so
[2.423s] -- Set runtime path of "/home/hyh/ros2_laser/install/laser_package_msgs/lib/liblaser_package_msgs__rosidl_typesupport_c.so" to ""
[2.423s] -- Up-to-date: /home/hyh/ros2_laser/install/laser_package_msgs/include/laser_package_msgs/laser_package_msgs
[2.423s] -- Up-to-date: /home/hyh/ros2_laser/install/laser_package_msgs/include/laser_package_msgs/laser_package_msgs/msg
[2.423s] -- Up-to-date: /home/hyh/ros2_laser/install/laser_package_msgs/include/laser_package_msgs/laser_package_msgs/msg/detail
[2.423s] -- Installing: /home/hyh/ros2_laser/install/laser_package_msgs/include/laser_package_msgs/laser_package_msgs/msg/detail/laser__type_support.hpp
[2.423s] -- Installing: /home/hyh/ros2_laser/install/laser_package_msgs/include/laser_package_msgs/laser_package_msgs/msg/detail/laser__traits.hpp
[2.423s] -- Installing: /home/hyh/ros2_laser/install/laser_package_msgs/include/laser_package_msgs/laser_package_msgs/msg/detail/laser__struct.hpp
[2.424s] -- Installing: /home/hyh/ros2_laser/install/laser_package_msgs/include/laser_package_msgs/laser_package_msgs/msg/detail/laser__builder.hpp
[2.424s] -- Installing: /home/hyh/ros2_laser/install/laser_package_msgs/include/laser_package_msgs/laser_package_msgs/msg/laser.hpp
[2.424s] -- Installing: /home/hyh/ros2_laser/install/laser_package_msgs/include/laser_package_msgs/laser_package_msgs/msg/rosidl_generator_cpp__visibility_control.hpp
[2.424s] -- Up-to-date: /home/hyh/ros2_laser/install/laser_package_msgs/include/laser_package_msgs/laser_package_msgs
[2.424s] -- Up-to-date: /home/hyh/ros2_laser/install/laser_package_msgs/include/laser_package_msgs/laser_package_msgs/msg
[2.424s] -- Up-to-date: /home/hyh/ros2_laser/install/laser_package_msgs/include/laser_package_msgs/laser_package_msgs/msg/detail
[2.424s] -- Installing: /home/hyh/ros2_laser/install/laser_package_msgs/include/laser_package_msgs/laser_package_msgs/msg/detail/dds_fastrtps
[2.424s] -- Installing: /home/hyh/ros2_laser/install/laser_package_msgs/include/laser_package_msgs/laser_package_msgs/msg/detail/laser__rosidl_typesupport_fastrtps_cpp.hpp
[2.424s] -- Installing: /home/hyh/ros2_laser/install/laser_package_msgs/include/laser_package_msgs/laser_package_msgs/msg/rosidl_typesupport_fastrtps_cpp__visibility_control.h
[2.424s] -- Installing: /home/hyh/ros2_laser/install/laser_package_msgs/lib/liblaser_package_msgs__rosidl_typesupport_fastrtps_cpp.so
[2.425s] -- Set runtime path of "/home/hyh/ros2_laser/install/laser_package_msgs/lib/liblaser_package_msgs__rosidl_typesupport_fastrtps_cpp.so" to ""
[2.425s] -- Up-to-date: /home/hyh/ros2_laser/install/laser_package_msgs/include/laser_package_msgs/laser_package_msgs
[2.425s] -- Up-to-date: /home/hyh/ros2_laser/install/laser_package_msgs/include/laser_package_msgs/laser_package_msgs/msg
[2.425s] -- Up-to-date: /home/hyh/ros2_laser/install/laser_package_msgs/include/laser_package_msgs/laser_package_msgs/msg/detail
[2.425s] -- Installing: /home/hyh/ros2_laser/install/laser_package_msgs/include/laser_package_msgs/laser_package_msgs/msg/detail/laser__type_support.cpp
[2.425s] -- Installing: /home/hyh/ros2_laser/install/laser_package_msgs/include/laser_package_msgs/laser_package_msgs/msg/detail/laser__rosidl_typesupport_introspection_cpp.hpp
[2.425s] -- Installing: /home/hyh/ros2_laser/install/laser_package_msgs/lib/liblaser_package_msgs__rosidl_typesupport_introspection_cpp.so
[2.425s] -- Set runtime path of "/home/hyh/ros2_laser/install/laser_package_msgs/lib/liblaser_package_msgs__rosidl_typesupport_introspection_cpp.so" to ""
[2.425s] -- Installing: /home/hyh/ros2_laser/install/laser_package_msgs/lib/liblaser_package_msgs__rosidl_typesupport_cpp.so
[2.425s] -- Set runtime path of "/home/hyh/ros2_laser/install/laser_package_msgs/lib/liblaser_package_msgs__rosidl_typesupport_cpp.so" to ""
[2.425s] -- Installing: /home/hyh/ros2_laser/install/laser_package_msgs/share/laser_package_msgs/environment/pythonpath.sh
[2.426s] -- Installing: /home/hyh/ros2_laser/install/laser_package_msgs/share/laser_package_msgs/environment/pythonpath.dsv
[2.426s] -- Installing: /home/hyh/ros2_laser/install/laser_package_msgs/local/lib/python3.10/dist-packages/laser_package_msgs-0.0.0-py3.10.egg-info
[2.426s] -- Installing: /home/hyh/ros2_laser/install/laser_package_msgs/local/lib/python3.10/dist-packages/laser_package_msgs-0.0.0-py3.10.egg-info/dependency_links.txt
[2.426s] -- Installing: /home/hyh/ros2_laser/install/laser_package_msgs/local/lib/python3.10/dist-packages/laser_package_msgs-0.0.0-py3.10.egg-info/SOURCES.txt
[2.426s] -- Installing: /home/hyh/ros2_laser/install/laser_package_msgs/local/lib/python3.10/dist-packages/laser_package_msgs-0.0.0-py3.10.egg-info/PKG-INFO
[2.426s] -- Installing: /home/hyh/ros2_laser/install/laser_package_msgs/local/lib/python3.10/dist-packages/laser_package_msgs-0.0.0-py3.10.egg-info/top_level.txt
[2.426s] -- Installing: /home/hyh/ros2_laser/install/laser_package_msgs/local/lib/python3.10/dist-packages/laser_package_msgs
[2.426s] -- Installing: /home/hyh/ros2_laser/install/laser_package_msgs/local/lib/python3.10/dist-packages/laser_package_msgs/__init__.py
[2.426s] -- Installing: /home/hyh/ros2_laser/install/laser_package_msgs/local/lib/python3.10/dist-packages/laser_package_msgs/laser_package_msgs_s__rosidl_typesupport_c.cpython-310-x86_64-linux-gnu.so
[2.426s] -- Installing: /home/hyh/ros2_laser/install/laser_package_msgs/local/lib/python3.10/dist-packages/laser_package_msgs/msg
[2.426s] -- Installing: /home/hyh/ros2_laser/install/laser_package_msgs/local/lib/python3.10/dist-packages/laser_package_msgs/msg/__init__.py
[2.426s] -- Installing: /home/hyh/ros2_laser/install/laser_package_msgs/local/lib/python3.10/dist-packages/laser_package_msgs/msg/_laser_s.c
[2.426s] -- Installing: /home/hyh/ros2_laser/install/laser_package_msgs/local/lib/python3.10/dist-packages/laser_package_msgs/msg/_laser.py
[2.426s] -- Installing: /home/hyh/ros2_laser/install/laser_package_msgs/local/lib/python3.10/dist-packages/laser_package_msgs/liblaser_package_msgs__rosidl_generator_py.so
[2.427s] -- Installing: /home/hyh/ros2_laser/install/laser_package_msgs/local/lib/python3.10/dist-packages/laser_package_msgs/_laser_package_msgs_s.ep.rosidl_typesupport_introspection_c.c
[2.427s] -- Installing: /home/hyh/ros2_laser/install/laser_package_msgs/local/lib/python3.10/dist-packages/laser_package_msgs/laser_package_msgs_s__rosidl_typesupport_fastrtps_c.cpython-310-x86_64-linux-gnu.so
[2.427s] -- Installing: /home/hyh/ros2_laser/install/laser_package_msgs/local/lib/python3.10/dist-packages/laser_package_msgs/_laser_package_msgs_s.ep.rosidl_typesupport_c.c
[2.427s] -- Installing: /home/hyh/ros2_laser/install/laser_package_msgs/local/lib/python3.10/dist-packages/laser_package_msgs/_laser_package_msgs_s.ep.rosidl_typesupport_fastrtps_c.c
[2.427s] -- Installing: /home/hyh/ros2_laser/install/laser_package_msgs/local/lib/python3.10/dist-packages/laser_package_msgs/laser_package_msgs_s__rosidl_typesupport_introspection_c.cpython-310-x86_64-linux-gnu.so
[2.448s] Listing '/home/hyh/ros2_laser/install/laser_package_msgs/local/lib/python3.10/dist-packages/laser_package_msgs'...
[2.448s] Compiling '/home/hyh/ros2_laser/install/laser_package_msgs/local/lib/python3.10/dist-packages/laser_package_msgs/__init__.py'...
[2.449s] Listing '/home/hyh/ros2_laser/install/laser_package_msgs/local/lib/python3.10/dist-packages/laser_package_msgs/msg'...
[2.449s] Compiling '/home/hyh/ros2_laser/install/laser_package_msgs/local/lib/python3.10/dist-packages/laser_package_msgs/msg/__init__.py'...
[2.449s] Compiling '/home/hyh/ros2_laser/install/laser_package_msgs/local/lib/python3.10/dist-packages/laser_package_msgs/msg/_laser.py'...
[2.451s] -- Installing: /home/hyh/ros2_laser/install/laser_package_msgs/local/lib/python3.10/dist-packages/laser_package_msgs/laser_package_msgs_s__rosidl_typesupport_fastrtps_c.cpython-310-x86_64-linux-gnu.so
[2.452s] -- Set runtime path of "/home/hyh/ros2_laser/install/laser_package_msgs/local/lib/python3.10/dist-packages/laser_package_msgs/laser_package_msgs_s__rosidl_typesupport_fastrtps_c.cpython-310-x86_64-linux-gnu.so" to ""
[2.452s] -- Installing: /home/hyh/ros2_laser/install/laser_package_msgs/local/lib/python3.10/dist-packages/laser_package_msgs/laser_package_msgs_s__rosidl_typesupport_introspection_c.cpython-310-x86_64-linux-gnu.so
[2.452s] -- Set runtime path of "/home/hyh/ros2_laser/install/laser_package_msgs/local/lib/python3.10/dist-packages/laser_package_msgs/laser_package_msgs_s__rosidl_typesupport_introspection_c.cpython-310-x86_64-linux-gnu.so" to ""
[2.452s] -- Installing: /home/hyh/ros2_laser/install/laser_package_msgs/local/lib/python3.10/dist-packages/laser_package_msgs/laser_package_msgs_s__rosidl_typesupport_c.cpython-310-x86_64-linux-gnu.so
[2.452s] -- Set runtime path of "/home/hyh/ros2_laser/install/laser_package_msgs/local/lib/python3.10/dist-packages/laser_package_msgs/laser_package_msgs_s__rosidl_typesupport_c.cpython-310-x86_64-linux-gnu.so" to ""
[2.452s] -- Installing: /home/hyh/ros2_laser/install/laser_package_msgs/lib/liblaser_package_msgs__rosidl_generator_py.so
[2.452s] -- Set runtime path of "/home/hyh/ros2_laser/install/laser_package_msgs/lib/liblaser_package_msgs__rosidl_generator_py.so" to ""
[2.452s] -- Installing: /home/hyh/ros2_laser/install/laser_package_msgs/share/laser_package_msgs/msg/Laser.idl
[2.453s] -- Installing: /home/hyh/ros2_laser/install/laser_package_msgs/share/laser_package_msgs/msg/Laser.msg
[2.453s] -- Installing: /home/hyh/ros2_laser/install/laser_package_msgs/share/ament_index/resource_index/package_run_dependencies/laser_package_msgs
[2.453s] -- Installing: /home/hyh/ros2_laser/install/laser_package_msgs/share/ament_index/resource_index/parent_prefix_path/laser_package_msgs
[2.453s] -- Installing: /home/hyh/ros2_laser/install/laser_package_msgs/share/laser_package_msgs/environment/ament_prefix_path.sh
[2.453s] -- Installing: /home/hyh/ros2_laser/install/laser_package_msgs/share/laser_package_msgs/environment/ament_prefix_path.dsv
[2.453s] -- Installing: /home/hyh/ros2_laser/install/laser_package_msgs/share/laser_package_msgs/environment/path.sh
[2.453s] -- Installing: /home/hyh/ros2_laser/install/laser_package_msgs/share/laser_package_msgs/environment/path.dsv
[2.453s] -- Installing: /home/hyh/ros2_laser/install/laser_package_msgs/share/laser_package_msgs/local_setup.bash
[2.454s] -- Installing: /home/hyh/ros2_laser/install/laser_package_msgs/share/laser_package_msgs/local_setup.sh
[2.454s] -- Installing: /home/hyh/ros2_laser/install/laser_package_msgs/share/laser_package_msgs/local_setup.zsh
[2.454s] -- Installing: /home/hyh/ros2_laser/install/laser_package_msgs/share/laser_package_msgs/local_setup.dsv
[2.454s] -- Installing: /home/hyh/ros2_laser/install/laser_package_msgs/share/laser_package_msgs/package.dsv
[2.454s] -- Installing: /home/hyh/ros2_laser/install/laser_package_msgs/share/ament_index/resource_index/packages/laser_package_msgs
[2.454s] -- Installing: /home/hyh/ros2_laser/install/laser_package_msgs/share/laser_package_msgs/cmake/export_laser_package_msgs__rosidl_generator_cExport.cmake
[2.454s] -- Installing: /home/hyh/ros2_laser/install/laser_package_msgs/share/laser_package_msgs/cmake/export_laser_package_msgs__rosidl_generator_cExport-noconfig.cmake
[2.454s] -- Installing: /home/hyh/ros2_laser/install/laser_package_msgs/share/laser_package_msgs/cmake/export_laser_package_msgs__rosidl_typesupport_fastrtps_cExport.cmake
[2.454s] -- Installing: /home/hyh/ros2_laser/install/laser_package_msgs/share/laser_package_msgs/cmake/export_laser_package_msgs__rosidl_typesupport_fastrtps_cExport-noconfig.cmake
[2.454s] -- Installing: /home/hyh/ros2_laser/install/laser_package_msgs/share/laser_package_msgs/cmake/laser_package_msgs__rosidl_typesupport_introspection_cExport.cmake
[2.454s] -- Installing: /home/hyh/ros2_laser/install/laser_package_msgs/share/laser_package_msgs/cmake/laser_package_msgs__rosidl_typesupport_introspection_cExport-noconfig.cmake
[2.455s] -- Installing: /home/hyh/ros2_laser/install/laser_package_msgs/share/laser_package_msgs/cmake/laser_package_msgs__rosidl_typesupport_cExport.cmake
[2.455s] -- Installing: /home/hyh/ros2_laser/install/laser_package_msgs/share/laser_package_msgs/cmake/laser_package_msgs__rosidl_typesupport_cExport-noconfig.cmake
[2.455s] -- Installing: /home/hyh/ros2_laser/install/laser_package_msgs/share/laser_package_msgs/cmake/export_laser_package_msgs__rosidl_generator_cppExport.cmake
[2.455s] -- Installing: /home/hyh/ros2_laser/install/laser_package_msgs/share/laser_package_msgs/cmake/export_laser_package_msgs__rosidl_typesupport_fastrtps_cppExport.cmake
[2.455s] -- Installing: /home/hyh/ros2_laser/install/laser_package_msgs/share/laser_package_msgs/cmake/export_laser_package_msgs__rosidl_typesupport_fastrtps_cppExport-noconfig.cmake
[2.455s] -- Installing: /home/hyh/ros2_laser/install/laser_package_msgs/share/laser_package_msgs/cmake/laser_package_msgs__rosidl_typesupport_introspection_cppExport.cmake
[2.455s] -- Installing: /home/hyh/ros2_laser/install/laser_package_msgs/share/laser_package_msgs/cmake/laser_package_msgs__rosidl_typesupport_introspection_cppExport-noconfig.cmake
[2.455s] -- Installing: /home/hyh/ros2_laser/install/laser_package_msgs/share/laser_package_msgs/cmake/laser_package_msgs__rosidl_typesupport_cppExport.cmake
[2.455s] -- Installing: /home/hyh/ros2_laser/install/laser_package_msgs/share/laser_package_msgs/cmake/laser_package_msgs__rosidl_typesupport_cppExport-noconfig.cmake
[2.455s] -- Installing: /home/hyh/ros2_laser/install/laser_package_msgs/share/laser_package_msgs/cmake/export_laser_package_msgs__rosidl_generator_pyExport.cmake
[2.456s] -- Installing: /home/hyh/ros2_laser/install/laser_package_msgs/share/laser_package_msgs/cmake/export_laser_package_msgs__rosidl_generator_pyExport-noconfig.cmake
[2.456s] -- Installing: /home/hyh/ros2_laser/install/laser_package_msgs/share/laser_package_msgs/cmake/rosidl_cmake-extras.cmake
[2.456s] -- Installing: /home/hyh/ros2_laser/install/laser_package_msgs/share/laser_package_msgs/cmake/ament_cmake_export_include_directories-extras.cmake
[2.456s] -- Installing: /home/hyh/ros2_laser/install/laser_package_msgs/share/laser_package_msgs/cmake/ament_cmake_export_libraries-extras.cmake
[2.456s] -- Installing: /home/hyh/ros2_laser/install/laser_package_msgs/share/laser_package_msgs/cmake/ament_cmake_export_targets-extras.cmake
[2.456s] -- Installing: /home/hyh/ros2_laser/install/laser_package_msgs/share/laser_package_msgs/cmake/rosidl_cmake_export_typesupport_targets-extras.cmake
[2.456s] -- Installing: /home/hyh/ros2_laser/install/laser_package_msgs/share/laser_package_msgs/cmake/ament_cmake_export_dependencies-extras.cmake
[2.456s] -- Installing: /home/hyh/ros2_laser/install/laser_package_msgs/share/laser_package_msgs/cmake/rosidl_cmake_export_typesupport_libraries-extras.cmake
[2.456s] -- Installing: /home/hyh/ros2_laser/install/laser_package_msgs/share/laser_package_msgs/cmake/laser_package_msgsConfig.cmake
[2.456s] -- Installing: /home/hyh/ros2_laser/install/laser_package_msgs/share/laser_package_msgs/cmake/laser_package_msgsConfig-version.cmake
[2.456s] -- Installing: /home/hyh/ros2_laser/install/laser_package_msgs/share/laser_package_msgs/package.xml
[2.458s] Invoked command in '/home/hyh/ros2_laser/build/laser_package_msgs' returned '0': CMAKE_PREFIX_PATH=${CMAKE_PREFIX_PATH}:/home/hyh/ros2_prct/install/practice_package:/home/hyh/ros2_study/install/my_first_package:/opt/ros/humble /usr/bin/cmake --install /home/hyh/ros2_laser/build/laser_package_msgs
