running egg_info
writing ../../build/laser_package/laser_package.egg-info/PKG-INFO
writing dependency_links to ../../build/laser_package/laser_package.egg-info/dependency_links.txt
writing entry points to ../../build/laser_package/laser_package.egg-info/entry_points.txt
writing requirements to ../../build/laser_package/laser_package.egg-info/requires.txt
writing top-level names to ../../build/laser_package/laser_package.egg-info/top_level.txt
reading manifest file '../../build/laser_package/laser_package.egg-info/SOURCES.txt'
writing manifest file '../../build/laser_package/laser_package.egg-info/SOURCES.txt'
running build
running build_py
copying laser_package/laser_pub.py -> /home/hyh/ros2_laser/build/laser_package/build/lib/laser_package
running install
running install_lib
copying /home/hyh/ros2_laser/build/laser_package/build/lib/laser_package/laser_pub.py -> /home/hyh/ros2_laser/install/laser_package/lib/python3.10/site-packages/laser_package
byte-compiling /home/hyh/ros2_laser/install/laser_package/lib/python3.10/site-packages/laser_package/laser_pub.py to laser_pub.cpython-310.pyc
running install_data
running install_egg_info
removing '/home/hyh/ros2_laser/install/laser_package/lib/python3.10/site-packages/laser_package-0.0.0-py3.10.egg-info' (and everything under it)
Copying ../../build/laser_package/laser_package.egg-info to /home/hyh/ros2_laser/install/laser_package/lib/python3.10/site-packages/laser_package-0.0.0-py3.10.egg-info
running install_scripts
Installing laser_node = laser_package.laser_node:mainlaser_pub script to /home/hyh/ros2_laser/install/laser_package/lib/laser_package
writing list of installed files to '/home/hyh/ros2_laser/build/laser_package/install.log'
