[0.414s] Invoking command in '/home/hyh/ros2_study/src/my_first_package': PYTHONPATH=/home/hyh/ros2_study/build/my_first_package/prefix_override:/usr/lib/python3/dist-packages/colcon_core/task/python/colcon_distutils_commands:/home/hyh/ros2_study/install/my_first_package/lib/python3.10/site-packages:${PYTHONPATH} /usr/bin/python3 -W ignore:setup.py install is deprecated -W ignore:easy_install command is deprecated setup.py egg_info --egg-base ../../build/my_first_package build --build-base /home/hyh/ros2_study/build/my_first_package/build install --record /home/hyh/ros2_study/build/my_first_package/install.log --single-version-externally-managed install_data
[0.543s] running egg_info
[0.543s] writing ../../build/my_first_package/my_first_package.egg-info/PKG-INFO
[0.544s] writing dependency_links to ../../build/my_first_package/my_first_package.egg-info/dependency_links.txt
[0.544s] writing entry points to ../../build/my_first_package/my_first_package.egg-info/entry_points.txt
[0.545s] writing requirements to ../../build/my_first_package/my_first_package.egg-info/requires.txt
[0.545s] writing top-level names to ../../build/my_first_package/my_first_package.egg-info/top_level.txt
[0.546s] reading manifest file '../../build/my_first_package/my_first_package.egg-info/SOURCES.txt'
[0.547s] writing manifest file '../../build/my_first_package/my_first_package.egg-info/SOURCES.txt'
[0.547s] running build
[0.547s] running build_py
[0.547s] copying my_first_package/dist_turtle_action_server.py -> /home/hyh/ros2_study/build/my_first_package/build/lib/my_first_package
[0.547s] running install
[0.548s] running install_lib
[0.548s] copying /home/hyh/ros2_study/build/my_first_package/build/lib/my_first_package/dist_turtle_action_server.py -> /home/hyh/ros2_study/install/my_first_package/lib/python3.10/site-packages/my_first_package
[0.549s] byte-compiling /home/hyh/ros2_study/install/my_first_package/lib/python3.10/site-packages/my_first_package/dist_turtle_action_server.py to dist_turtle_action_server.cpython-310.pyc
[0.550s] running install_data
[0.550s] running install_egg_info
[0.551s] removing '/home/hyh/ros2_study/install/my_first_package/lib/python3.10/site-packages/my_first_package-0.0.0-py3.10.egg-info' (and everything under it)
[0.551s] Copying ../../build/my_first_package/my_first_package.egg-info to /home/hyh/ros2_study/install/my_first_package/lib/python3.10/site-packages/my_first_package-0.0.0-py3.10.egg-info
[0.552s] running install_scripts
[0.563s] Installing dist_turtle_action_server script to /home/hyh/ros2_study/install/my_first_package/lib/my_first_package
[0.563s] Installing my_custom_publisher script to /home/hyh/ros2_study/install/my_first_package/lib/my_first_package
[0.563s] Installing my_first_node script to /home/hyh/ros2_study/install/my_first_package/lib/my_first_package
[0.563s] Installing my_multi_thread script to /home/hyh/ros2_study/install/my_first_package/lib/my_first_package
[0.563s] Installing my_publisher script to /home/hyh/ros2_study/install/my_first_package/lib/my_first_package
[0.564s] Installing my_service_server script to /home/hyh/ros2_study/install/my_first_package/lib/my_first_package
[0.564s] Installing my_subscriber script to /home/hyh/ros2_study/install/my_first_package/lib/my_first_package
[0.564s] Installing turtle_cmd_and_pose script to /home/hyh/ros2_study/install/my_first_package/lib/my_first_package
[0.564s] writing list of installed files to '/home/hyh/ros2_study/build/my_first_package/install.log'
[0.577s] Invoked command in '/home/hyh/ros2_study/src/my_first_package' returned '0': PYTHONPATH=/home/hyh/ros2_study/build/my_first_package/prefix_override:/usr/lib/python3/dist-packages/colcon_core/task/python/colcon_distutils_commands:/home/hyh/ros2_study/install/my_first_package/lib/python3.10/site-packages:${PYTHONPATH} /usr/bin/python3 -W ignore:setup.py install is deprecated -W ignore:easy_install command is deprecated setup.py egg_info --egg-base ../../build/my_first_package build --build-base /home/hyh/ros2_study/build/my_first_package/build install --record /home/hyh/ros2_study/build/my_first_package/install.log --single-version-externally-managed install_data
