[0.154s] Invoking command in '/home/hyh/ros2_laser/build/laser_package_msgs': CMAKE_PREFIX_PATH=${CMAKE_PREFIX_PATH}:/home/hyh/ros2_prct/install/practice_package:/home/hyh/ros2_study/install/my_first_package:/opt/ros/humble /usr/bin/cmake /home/hyh/ros2_laser/src/laser_package_msgs -DCMAKE_INSTALL_PREFIX=/home/hyh/ros2_laser/install/laser_package_msgs
[0.289s] -- The C compiler identification is GNU 11.4.0
[0.560s] -- The CXX compiler identification is GNU 11.4.0
[0.769s] -- Detecting C compiler ABI info
[0.842s] -- Detecting C compiler ABI info - done
[0.846s] -- Check for working C compiler: /usr/bin/cc - skipped
[0.847s] -- Detecting C compile features
[0.848s] -- Detecting C compile features - done
[0.850s] -- Detecting CXX compiler ABI info
[0.927s] -- Detecting CXX compiler ABI info - done
[0.931s] -- Check for working CXX compiler: /usr/bin/c++ - skipped
[0.931s] -- Detecting CXX compile features
[0.931s] -- Detecting CXX compile features - done
[0.941s] -- Found ament_cmake: 1.3.12 (/opt/ros/humble/share/ament_cmake/cmake)
[1.034s] -- Found Python3: /usr/bin/python3 (found version "3.10.12") found components: Interpreter 
[1.100s] [31mCMake Error at CMakeLists.txt:14 (ind_package):
[1.100s]   Unknown CMake command "ind_package".
[1.100s] 
[1.100s] [0m
[1.100s] -- Configuring incomplete, errors occurred!
[1.100s] See also "/home/hyh/ros2_laser/build/laser_package_msgs/CMakeFiles/CMakeOutput.log".
[1.103s] Invoked command in '/home/hyh/ros2_laser/build/laser_package_msgs' returned '1': CMAKE_PREFIX_PATH=${CMAKE_PREFIX_PATH}:/home/hyh/ros2_prct/install/practice_package:/home/hyh/ros2_study/install/my_first_package:/opt/ros/humble /usr/bin/cmake /home/hyh/ros2_laser/src/laser_package_msgs -DCMAKE_INSTALL_PREFIX=/home/hyh/ros2_laser/install/laser_package_msgs
