[0.155s] Invoking command in '/home/hyh/ros2_laser/build/laser_package_msgs': CMAKE_PREFIX_PATH=${CMAKE_PREFIX_PATH}:/home/hyh/ros2_prct/install/practice_package:/home/hyh/ros2_study/install/my_first_package:/opt/ros/humble /usr/bin/cmake /home/hyh/ros2_laser/src/laser_package_msgs -DCMAKE_INSTALL_PREFIX=/home/hyh/ros2_laser/install/laser_package_msgs
[0.161s] -- Found ament_cmake: 1.3.12 (/opt/ros/humble/share/ament_cmake/cmake)
[0.242s] -- Found rosidl_default_generators: 1.2.0 (/opt/ros/humble/share/rosidl_default_generators/cmake)
[0.246s] -- Using all available rosidl_typesupport_c: rosidl_typesupport_fastrtps_c;rosidl_typesupport_introspection_c
[0.253s] -- Found rosidl_adapter: 3.1.7 (/opt/ros/humble/share/rosidl_adapter/cmake)
[0.343s] -- Using all available rosidl_typesupport_cpp: rosidl_typesupport_fastrtps_cpp;rosidl_typesupport_introspection_cpp
[0.481s] [31mCMake Error at /opt/ros/humble/share/rosidl_adapter/cmake/rosidl_adapt_interfaces.cmake:59 (message):
[0.481s]   execute_process(/usr/bin/python3 -m rosidl_adapter --package-name
[0.481s]   laser_package_msgs --arguments-file
[0.481s]   /home/hyh/ros2_laser/build/laser_package_msgs/rosidl_adapter__arguments__laser_package_msgs.json
[0.481s]   --output-dir
[0.481s]   /home/hyh/ros2_laser/build/laser_package_msgs/rosidl_adapter/laser_package_msgs
[0.481s]   --output-file
[0.481s]   /home/hyh/ros2_laser/build/laser_package_msgs/rosidl_adapter/laser_package_msgs.idls)
[0.481s]   returned error code 1:
[0.481s] 
[0.481s]   Traceback (most recent call last):
[0.481s] 
[0.481s]     File "/usr/lib/python3.10/runpy.py", line 196, in _run_module_as_main
[0.482s]       return _run_code(code, main_globals, None,
[0.482s]     File "/usr/lib/python3.10/runpy.py", line 86, in _run_code
[0.482s]       exec(code, run_globals)
[0.482s]     File "/opt/ros/humble/local/lib/python3.10/dist-packages/rosidl_adapter/__main__.py", line 19, in <module>
[0.482s]       sys.exit(main())
[0.482s]     File "/opt/ros/humble/local/lib/python3.10/dist-packages/rosidl_adapter/main.py", line 53, in main
[0.482s]       abs_idl_file = convert_to_idl(
[0.482s]     File "/opt/ros/humble/local/lib/python3.10/dist-packages/rosidl_adapter/__init__.py", line 19, in convert_to_idl
[0.482s]       return convert_msg_to_idl(
[0.482s]     File "/opt/ros/humble/local/lib/python3.10/dist-packages/rosidl_adapter/msg/__init__.py", line 28, in convert_msg_to_idl
[0.482s]       msg = parse_message_string(package_name, input_file.stem, content)
[0.482s]     File "/opt/ros/humble/local/lib/python3.10/dist-packages/rosidl_adapter/parser.py", line 544, in parse_message_string
[0.482s]       msg = MessageSpecification(pkg_name, msg_name, fields, constants)
[0.482s]     File "/opt/ros/humble/local/lib/python3.10/dist-packages/rosidl_adapter/parser.py", line 388, in __init__
[0.482s]       self.base_type = BaseType(
[0.483s]     File "/opt/ros/humble/local/lib/python3.10/dist-packages/rosidl_adapter/parser.py", line 205, in __init__
[0.483s]       raise InvalidResourceName(
[0.483s] 
[0.483s]   rosidl_adapter.parser.InvalidResourceName: 'laser' is an invalid message
[0.483s]   name.  It should have the pattern '^[A-Z][A-Za-z0-9]*$'
[0.483s] 
[0.483s] Call Stack (most recent call first):
[0.483s]   /opt/ros/humble/share/rosidl_cmake/cmake/rosidl_generate_interfaces.cmake:130 (rosidl_adapt_interfaces)
[0.483s]   CMakeLists.txt:15 (rosidl_generate_interfaces)
[0.483s] 
[0.483s] [0m
[0.483s] -- Configuring incomplete, errors occurred!
[0.483s] See also "/home/hyh/ros2_laser/build/laser_package_msgs/CMakeFiles/CMakeOutput.log".
[0.484s] Invoked command in '/home/hyh/ros2_laser/build/laser_package_msgs' returned '1': CMAKE_PREFIX_PATH=${CMAKE_PREFIX_PATH}:/home/hyh/ros2_prct/install/practice_package:/home/hyh/ros2_study/install/my_first_package:/opt/ros/humble /usr/bin/cmake /home/hyh/ros2_laser/src/laser_package_msgs -DCMAKE_INSTALL_PREFIX=/home/hyh/ros2_laser/install/laser_package_msgs
