[0.133s] DEBUG:colcon:Command line arguments: ['/usr/bin/colcon', 'build']
[0.133s] DEBUG:colcon:Parsed command line arguments: Namespace(log_base=None, log_level=None, verb_name='build', build_base='build', install_base='install', merge_install=False, symlink_install=False, test_result_base=None, continue_on_error=False, executor='parallel', parallel_workers=20, event_handlers=None, ignore_user_meta=False, metas=['./colcon.meta'], base_paths=['.'], packages_ignore=None, packages_ignore_regex=None, paths=None, packages_up_to=None, packages_up_to_regex=None, packages_above=None, packages_above_and_dependencies=None, packages_above_depth=None, packages_select_by_dep=None, packages_skip_by_dep=None, packages_skip_up_to=None, packages_select_build_failed=False, packages_skip_build_finished=False, packages_select_test_failures=False, packages_skip_test_passed=False, packages_select=None, packages_skip=None, packages_select_regex=None, packages_skip_regex=None, packages_start=None, packages_end=None, allow_overriding=[], cmake_args=None, cmake_target=None, cmake_target_skip_unavailable=False, cmake_clean_cache=False, cmake_clean_first=False, cmake_force_configure=False, ament_cmake_args=None, catkin_cmake_args=None, catkin_skip_building_tests=False, mixin_files=None, mixin=None, verb_parser=<colcon_mixin.mixin.mixin_argument.MixinArgumentDecorator object at 0x7e9d2a584520>, verb_extension=<colcon_core.verb.build.BuildVerb object at 0x7e9d2a681ae0>, main=<bound method BuildVerb.main of <colcon_core.verb.build.BuildVerb object at 0x7e9d2a681ae0>>, mixin_verb=('build',))
[0.220s] Level 1:colcon.colcon_core.package_discovery:discover_packages(colcon_meta) check parameters
[0.220s] Level 1:colcon.colcon_core.package_discovery:discover_packages(recursive) check parameters
[0.220s] Level 1:colcon.colcon_core.package_discovery:discover_packages(ignore) check parameters
[0.220s] Level 1:colcon.colcon_core.package_discovery:discover_packages(path) check parameters
[0.220s] Level 1:colcon.colcon_core.package_discovery:discover_packages(colcon_meta) discover
[0.220s] Level 1:colcon.colcon_core.package_discovery:discover_packages(recursive) discover
[0.220s] INFO:colcon.colcon_core.package_discovery:Crawling recursively for packages in '/home/hyh'
[0.220s] Level 1:colcon.colcon_core.package_identification:_identify(.) by extensions ['ignore', 'ignore_ament_install']
[0.220s] Level 1:colcon.colcon_core.package_identification:_identify(.) by extension 'ignore'
[0.220s] Level 1:colcon.colcon_core.package_identification:_identify(.) by extension 'ignore_ament_install'
[0.220s] Level 1:colcon.colcon_core.package_identification:_identify(.) by extensions ['colcon_pkg']
[0.220s] Level 1:colcon.colcon_core.package_identification:_identify(.) by extension 'colcon_pkg'
[0.220s] Level 1:colcon.colcon_core.package_identification:_identify(.) by extensions ['colcon_meta']
[0.220s] Level 1:colcon.colcon_core.package_identification:_identify(.) by extension 'colcon_meta'
[0.220s] Level 1:colcon.colcon_core.package_identification:_identify(.) by extensions ['ros']
[0.220s] Level 1:colcon.colcon_core.package_identification:_identify(.) by extension 'ros'
[0.238s] Level 1:colcon.colcon_core.package_identification:_identify(.) by extensions ['cmake', 'python']
[0.238s] Level 1:colcon.colcon_core.package_identification:_identify(.) by extension 'cmake'
[0.238s] Level 1:colcon.colcon_core.package_identification:_identify(.) by extension 'python'
[0.238s] Level 1:colcon.colcon_core.package_identification:_identify(.) by extensions ['python_setup_py']
[0.238s] Level 1:colcon.colcon_core.package_identification:_identify(.) by extension 'python_setup_py'
[0.239s] Level 1:colcon.colcon_core.package_identification:_identify(build) by extensions ['ignore', 'ignore_ament_install']
[0.239s] Level 1:colcon.colcon_core.package_identification:_identify(build) by extension 'ignore'
[0.239s] Level 1:colcon.colcon_core.package_identification:_identify(build) ignored
[0.240s] Level 1:colcon.colcon_core.package_identification:_identify(install) by extensions ['ignore', 'ignore_ament_install']
[0.240s] Level 1:colcon.colcon_core.package_identification:_identify(install) by extension 'ignore'
[0.240s] Level 1:colcon.colcon_core.package_identification:_identify(install) ignored
[0.240s] Level 1:colcon.colcon_core.package_identification:_identify(linktest) by extensions ['ignore', 'ignore_ament_install']
[0.240s] Level 1:colcon.colcon_core.package_identification:_identify(linktest) by extension 'ignore'
[0.241s] Level 1:colcon.colcon_core.package_identification:_identify(linktest) by extension 'ignore_ament_install'
[0.241s] Level 1:colcon.colcon_core.package_identification:_identify(linktest) by extensions ['colcon_pkg']
[0.241s] Level 1:colcon.colcon_core.package_identification:_identify(linktest) by extension 'colcon_pkg'
[0.241s] Level 1:colcon.colcon_core.package_identification:_identify(linktest) by extensions ['colcon_meta']
[0.241s] Level 1:colcon.colcon_core.package_identification:_identify(linktest) by extension 'colcon_meta'
[0.241s] Level 1:colcon.colcon_core.package_identification:_identify(linktest) by extensions ['ros']
[0.241s] Level 1:colcon.colcon_core.package_identification:_identify(linktest) by extension 'ros'
[0.241s] Level 1:colcon.colcon_core.package_identification:_identify(linktest) by extensions ['cmake', 'python']
[0.241s] Level 1:colcon.colcon_core.package_identification:_identify(linktest) by extension 'cmake'
[0.241s] Level 1:colcon.colcon_core.package_identification:_identify(linktest) by extension 'python'
[0.241s] Level 1:colcon.colcon_core.package_identification:_identify(linktest) by extensions ['python_setup_py']
[0.241s] Level 1:colcon.colcon_core.package_identification:_identify(linktest) by extension 'python_setup_py'
[0.241s] Level 1:colcon.colcon_core.package_identification:_identify(log) by extensions ['ignore', 'ignore_ament_install']
[0.241s] Level 1:colcon.colcon_core.package_identification:_identify(log) by extension 'ignore'
[0.241s] Level 1:colcon.colcon_core.package_identification:_identify(log) ignored
[0.242s] Level 1:colcon.colcon_core.package_identification:_identify(new-dir) by extensions ['ignore', 'ignore_ament_install']
[0.242s] Level 1:colcon.colcon_core.package_identification:_identify(new-dir) by extension 'ignore'
[0.242s] Level 1:colcon.colcon_core.package_identification:_identify(new-dir) by extension 'ignore_ament_install'
[0.242s] Level 1:colcon.colcon_core.package_identification:_identify(new-dir) by extensions ['colcon_pkg']
[0.242s] Level 1:colcon.colcon_core.package_identification:_identify(new-dir) by extension 'colcon_pkg'
[0.242s] Level 1:colcon.colcon_core.package_identification:_identify(new-dir) by extensions ['colcon_meta']
[0.242s] Level 1:colcon.colcon_core.package_identification:_identify(new-dir) by extension 'colcon_meta'
[0.242s] Level 1:colcon.colcon_core.package_identification:_identify(new-dir) by extensions ['ros']
[0.242s] Level 1:colcon.colcon_core.package_identification:_identify(new-dir) by extension 'ros'
[0.242s] Level 1:colcon.colcon_core.package_identification:_identify(new-dir) by extensions ['cmake', 'python']
[0.242s] Level 1:colcon.colcon_core.package_identification:_identify(new-dir) by extension 'cmake'
[0.242s] Level 1:colcon.colcon_core.package_identification:_identify(new-dir) by extension 'python'
[0.242s] Level 1:colcon.colcon_core.package_identification:_identify(new-dir) by extensions ['python_setup_py']
[0.242s] Level 1:colcon.colcon_core.package_identification:_identify(new-dir) by extension 'python_setup_py'
[0.242s] Level 1:colcon.colcon_core.package_identification:_identify(python) by extensions ['ignore', 'ignore_ament_install']
[0.242s] Level 1:colcon.colcon_core.package_identification:_identify(python) by extension 'ignore'
[0.242s] Level 1:colcon.colcon_core.package_identification:_identify(python) by extension 'ignore_ament_install'
[0.242s] Level 1:colcon.colcon_core.package_identification:_identify(python) by extensions ['colcon_pkg']
[0.243s] Level 1:colcon.colcon_core.package_identification:_identify(python) by extension 'colcon_pkg'
[0.243s] Level 1:colcon.colcon_core.package_identification:_identify(python) by extensions ['colcon_meta']
[0.243s] Level 1:colcon.colcon_core.package_identification:_identify(python) by extension 'colcon_meta'
[0.243s] Level 1:colcon.colcon_core.package_identification:_identify(python) by extensions ['ros']
[0.243s] Level 1:colcon.colcon_core.package_identification:_identify(python) by extension 'ros'
[0.243s] Level 1:colcon.colcon_core.package_identification:_identify(python) by extensions ['cmake', 'python']
[0.243s] Level 1:colcon.colcon_core.package_identification:_identify(python) by extension 'cmake'
[0.243s] Level 1:colcon.colcon_core.package_identification:_identify(python) by extension 'python'
[0.243s] Level 1:colcon.colcon_core.package_identification:_identify(python) by extensions ['python_setup_py']
[0.243s] Level 1:colcon.colcon_core.package_identification:_identify(python) by extension 'python_setup_py'
[0.243s] Level 1:colcon.colcon_core.package_identification:_identify(ros2) by extensions ['ignore', 'ignore_ament_install']
[0.243s] Level 1:colcon.colcon_core.package_identification:_identify(ros2) by extension 'ignore'
[0.243s] Level 1:colcon.colcon_core.package_identification:_identify(ros2) by extension 'ignore_ament_install'
[0.243s] Level 1:colcon.colcon_core.package_identification:_identify(ros2) by extensions ['colcon_pkg']
[0.243s] Level 1:colcon.colcon_core.package_identification:_identify(ros2) by extension 'colcon_pkg'
[0.243s] Level 1:colcon.colcon_core.package_identification:_identify(ros2) by extensions ['colcon_meta']
[0.243s] Level 1:colcon.colcon_core.package_identification:_identify(ros2) by extension 'colcon_meta'
[0.243s] Level 1:colcon.colcon_core.package_identification:_identify(ros2) by extensions ['ros']
[0.243s] Level 1:colcon.colcon_core.package_identification:_identify(ros2) by extension 'ros'
[0.243s] Level 1:colcon.colcon_core.package_identification:_identify(ros2) by extensions ['cmake', 'python']
[0.243s] Level 1:colcon.colcon_core.package_identification:_identify(ros2) by extension 'cmake'
[0.244s] Level 1:colcon.colcon_core.package_identification:_identify(ros2) by extension 'python'
[0.244s] Level 1:colcon.colcon_core.package_identification:_identify(ros2) by extensions ['python_setup_py']
[0.244s] Level 1:colcon.colcon_core.package_identification:_identify(ros2) by extension 'python_setup_py'
[0.244s] Level 1:colcon.colcon_core.package_identification:_identify(ros2_prct) by extensions ['ignore', 'ignore_ament_install']
[0.244s] Level 1:colcon.colcon_core.package_identification:_identify(ros2_prct) by extension 'ignore'
[0.244s] Level 1:colcon.colcon_core.package_identification:_identify(ros2_prct) by extension 'ignore_ament_install'
[0.244s] Level 1:colcon.colcon_core.package_identification:_identify(ros2_prct) by extensions ['colcon_pkg']
[0.244s] Level 1:colcon.colcon_core.package_identification:_identify(ros2_prct) by extension 'colcon_pkg'
[0.244s] Level 1:colcon.colcon_core.package_identification:_identify(ros2_prct) by extensions ['colcon_meta']
[0.244s] Level 1:colcon.colcon_core.package_identification:_identify(ros2_prct) by extension 'colcon_meta'
[0.244s] Level 1:colcon.colcon_core.package_identification:_identify(ros2_prct) by extensions ['ros']
[0.244s] Level 1:colcon.colcon_core.package_identification:_identify(ros2_prct) by extension 'ros'
[0.244s] Level 1:colcon.colcon_core.package_identification:_identify(ros2_prct) by extensions ['cmake', 'python']
[0.244s] Level 1:colcon.colcon_core.package_identification:_identify(ros2_prct) by extension 'cmake'
[0.244s] Level 1:colcon.colcon_core.package_identification:_identify(ros2_prct) by extension 'python'
[0.244s] Level 1:colcon.colcon_core.package_identification:_identify(ros2_prct) by extensions ['python_setup_py']
[0.244s] Level 1:colcon.colcon_core.package_identification:_identify(ros2_prct) by extension 'python_setup_py'
[0.244s] Level 1:colcon.colcon_core.package_identification:_identify(ros2_prct/build) by extensions ['ignore', 'ignore_ament_install']
[0.244s] Level 1:colcon.colcon_core.package_identification:_identify(ros2_prct/build) by extension 'ignore'
[0.244s] Level 1:colcon.colcon_core.package_identification:_identify(ros2_prct/build) ignored
[0.244s] Level 1:colcon.colcon_core.package_identification:_identify(ros2_prct/install) by extensions ['ignore', 'ignore_ament_install']
[0.244s] Level 1:colcon.colcon_core.package_identification:_identify(ros2_prct/install) by extension 'ignore'
[0.244s] Level 1:colcon.colcon_core.package_identification:_identify(ros2_prct/install) ignored
[0.244s] Level 1:colcon.colcon_core.package_identification:_identify(ros2_prct/log) by extensions ['ignore', 'ignore_ament_install']
[0.244s] Level 1:colcon.colcon_core.package_identification:_identify(ros2_prct/log) by extension 'ignore'
[0.245s] Level 1:colcon.colcon_core.package_identification:_identify(ros2_prct/log) ignored
[0.245s] Level 1:colcon.colcon_core.package_identification:_identify(ros2_prct/src) by extensions ['ignore', 'ignore_ament_install']
[0.245s] Level 1:colcon.colcon_core.package_identification:_identify(ros2_prct/src) by extension 'ignore'
[0.245s] Level 1:colcon.colcon_core.package_identification:_identify(ros2_prct/src) by extension 'ignore_ament_install'
[0.245s] Level 1:colcon.colcon_core.package_identification:_identify(ros2_prct/src) by extensions ['colcon_pkg']
[0.245s] Level 1:colcon.colcon_core.package_identification:_identify(ros2_prct/src) by extension 'colcon_pkg'
[0.245s] Level 1:colcon.colcon_core.package_identification:_identify(ros2_prct/src) by extensions ['colcon_meta']
[0.245s] Level 1:colcon.colcon_core.package_identification:_identify(ros2_prct/src) by extension 'colcon_meta'
[0.245s] Level 1:colcon.colcon_core.package_identification:_identify(ros2_prct/src) by extensions ['ros']
[0.245s] Level 1:colcon.colcon_core.package_identification:_identify(ros2_prct/src) by extension 'ros'
[0.245s] Level 1:colcon.colcon_core.package_identification:_identify(ros2_prct/src) by extensions ['cmake', 'python']
[0.245s] Level 1:colcon.colcon_core.package_identification:_identify(ros2_prct/src) by extension 'cmake'
[0.245s] Level 1:colcon.colcon_core.package_identification:_identify(ros2_prct/src) by extension 'python'
[0.245s] Level 1:colcon.colcon_core.package_identification:_identify(ros2_prct/src) by extensions ['python_setup_py']
[0.245s] Level 1:colcon.colcon_core.package_identification:_identify(ros2_prct/src) by extension 'python_setup_py'
[0.245s] Level 1:colcon.colcon_core.package_identification:_identify(ros2_prct/src/practice_package) by extensions ['ignore', 'ignore_ament_install']
[0.245s] Level 1:colcon.colcon_core.package_identification:_identify(ros2_prct/src/practice_package) by extension 'ignore'
[0.245s] Level 1:colcon.colcon_core.package_identification:_identify(ros2_prct/src/practice_package) by extension 'ignore_ament_install'
[0.245s] Level 1:colcon.colcon_core.package_identification:_identify(ros2_prct/src/practice_package) by extensions ['colcon_pkg']
[0.245s] Level 1:colcon.colcon_core.package_identification:_identify(ros2_prct/src/practice_package) by extension 'colcon_pkg'
[0.245s] Level 1:colcon.colcon_core.package_identification:_identify(ros2_prct/src/practice_package) by extensions ['colcon_meta']
[0.245s] Level 1:colcon.colcon_core.package_identification:_identify(ros2_prct/src/practice_package) by extension 'colcon_meta'
[0.245s] Level 1:colcon.colcon_core.package_identification:_identify(ros2_prct/src/practice_package) by extensions ['ros']
[0.245s] Level 1:colcon.colcon_core.package_identification:_identify(ros2_prct/src/practice_package) by extension 'ros'
[0.247s] DEBUG:colcon.colcon_core.package_identification:Package 'ros2_prct/src/practice_package' with type 'ros.ament_python' and name 'practice_package'
[0.247s] Level 1:colcon.colcon_core.package_identification:_identify(ros2_prct/src/practice_package_msgs) by extensions ['ignore', 'ignore_ament_install']
[0.247s] Level 1:colcon.colcon_core.package_identification:_identify(ros2_prct/src/practice_package_msgs) by extension 'ignore'
[0.247s] Level 1:colcon.colcon_core.package_identification:_identify(ros2_prct/src/practice_package_msgs) by extension 'ignore_ament_install'
[0.247s] Level 1:colcon.colcon_core.package_identification:_identify(ros2_prct/src/practice_package_msgs) by extensions ['colcon_pkg']
[0.247s] Level 1:colcon.colcon_core.package_identification:_identify(ros2_prct/src/practice_package_msgs) by extension 'colcon_pkg'
[0.247s] Level 1:colcon.colcon_core.package_identification:_identify(ros2_prct/src/practice_package_msgs) by extensions ['colcon_meta']
[0.247s] Level 1:colcon.colcon_core.package_identification:_identify(ros2_prct/src/practice_package_msgs) by extension 'colcon_meta'
[0.247s] Level 1:colcon.colcon_core.package_identification:_identify(ros2_prct/src/practice_package_msgs) by extensions ['ros']
[0.247s] Level 1:colcon.colcon_core.package_identification:_identify(ros2_prct/src/practice_package_msgs) by extension 'ros'
[0.247s] DEBUG:colcon.colcon_core.package_identification:Package 'ros2_prct/src/practice_package_msgs' with type 'ros.ament_cmake' and name 'practice_package_msgs'
[0.248s] Level 1:colcon.colcon_core.package_identification:_identify(ros2_study) by extensions ['ignore', 'ignore_ament_install']
[0.248s] Level 1:colcon.colcon_core.package_identification:_identify(ros2_study) by extension 'ignore'
[0.248s] Level 1:colcon.colcon_core.package_identification:_identify(ros2_study) by extension 'ignore_ament_install'
[0.248s] Level 1:colcon.colcon_core.package_identification:_identify(ros2_study) by extensions ['colcon_pkg']
[0.248s] Level 1:colcon.colcon_core.package_identification:_identify(ros2_study) by extension 'colcon_pkg'
[0.248s] Level 1:colcon.colcon_core.package_identification:_identify(ros2_study) by extensions ['colcon_meta']
[0.248s] Level 1:colcon.colcon_core.package_identification:_identify(ros2_study) by extension 'colcon_meta'
[0.248s] Level 1:colcon.colcon_core.package_identification:_identify(ros2_study) by extensions ['ros']
[0.248s] Level 1:colcon.colcon_core.package_identification:_identify(ros2_study) by extension 'ros'
[0.248s] Level 1:colcon.colcon_core.package_identification:_identify(ros2_study) by extensions ['cmake', 'python']
[0.248s] Level 1:colcon.colcon_core.package_identification:_identify(ros2_study) by extension 'cmake'
[0.248s] Level 1:colcon.colcon_core.package_identification:_identify(ros2_study) by extension 'python'
[0.248s] Level 1:colcon.colcon_core.package_identification:_identify(ros2_study) by extensions ['python_setup_py']
[0.248s] Level 1:colcon.colcon_core.package_identification:_identify(ros2_study) by extension 'python_setup_py'
[0.248s] Level 1:colcon.colcon_core.package_identification:_identify(ros2_study/build) by extensions ['ignore', 'ignore_ament_install']
[0.248s] Level 1:colcon.colcon_core.package_identification:_identify(ros2_study/build) by extension 'ignore'
[0.248s] Level 1:colcon.colcon_core.package_identification:_identify(ros2_study/build) ignored
[0.249s] Level 1:colcon.colcon_core.package_identification:_identify(ros2_study/install) by extensions ['ignore', 'ignore_ament_install']
[0.249s] Level 1:colcon.colcon_core.package_identification:_identify(ros2_study/install) by extension 'ignore'
[0.249s] Level 1:colcon.colcon_core.package_identification:_identify(ros2_study/install) ignored
[0.249s] Level 1:colcon.colcon_core.package_identification:_identify(ros2_study/log) by extensions ['ignore', 'ignore_ament_install']
[0.249s] Level 1:colcon.colcon_core.package_identification:_identify(ros2_study/log) by extension 'ignore'
[0.249s] Level 1:colcon.colcon_core.package_identification:_identify(ros2_study/log) ignored
[0.249s] Level 1:colcon.colcon_core.package_identification:_identify(ros2_study/src) by extensions ['ignore', 'ignore_ament_install']
[0.250s] Level 1:colcon.colcon_core.package_identification:_identify(ros2_study/src) by extension 'ignore'
[0.250s] Level 1:colcon.colcon_core.package_identification:_identify(ros2_study/src) by extension 'ignore_ament_install'
[0.250s] Level 1:colcon.colcon_core.package_identification:_identify(ros2_study/src) by extensions ['colcon_pkg']
[0.250s] Level 1:colcon.colcon_core.package_identification:_identify(ros2_study/src) by extension 'colcon_pkg'
[0.250s] Level 1:colcon.colcon_core.package_identification:_identify(ros2_study/src) by extensions ['colcon_meta']
[0.250s] Level 1:colcon.colcon_core.package_identification:_identify(ros2_study/src) by extension 'colcon_meta'
[0.250s] Level 1:colcon.colcon_core.package_identification:_identify(ros2_study/src) by extensions ['ros']
[0.250s] Level 1:colcon.colcon_core.package_identification:_identify(ros2_study/src) by extension 'ros'
[0.250s] Level 1:colcon.colcon_core.package_identification:_identify(ros2_study/src) by extensions ['cmake', 'python']
[0.250s] Level 1:colcon.colcon_core.package_identification:_identify(ros2_study/src) by extension 'cmake'
[0.250s] Level 1:colcon.colcon_core.package_identification:_identify(ros2_study/src) by extension 'python'
[0.250s] Level 1:colcon.colcon_core.package_identification:_identify(ros2_study/src) by extensions ['python_setup_py']
[0.250s] Level 1:colcon.colcon_core.package_identification:_identify(ros2_study/src) by extension 'python_setup_py'
[0.250s] Level 1:colcon.colcon_core.package_identification:_identify(ros2_study/src/my_first_package) by extensions ['ignore', 'ignore_ament_install']
[0.250s] Level 1:colcon.colcon_core.package_identification:_identify(ros2_study/src/my_first_package) by extension 'ignore'
[0.250s] Level 1:colcon.colcon_core.package_identification:_identify(ros2_study/src/my_first_package) by extension 'ignore_ament_install'
[0.250s] Level 1:colcon.colcon_core.package_identification:_identify(ros2_study/src/my_first_package) by extensions ['colcon_pkg']
[0.250s] Level 1:colcon.colcon_core.package_identification:_identify(ros2_study/src/my_first_package) by extension 'colcon_pkg'
[0.250s] Level 1:colcon.colcon_core.package_identification:_identify(ros2_study/src/my_first_package) by extensions ['colcon_meta']
[0.250s] Level 1:colcon.colcon_core.package_identification:_identify(ros2_study/src/my_first_package) by extension 'colcon_meta'
[0.250s] Level 1:colcon.colcon_core.package_identification:_identify(ros2_study/src/my_first_package) by extensions ['ros']
[0.250s] Level 1:colcon.colcon_core.package_identification:_identify(ros2_study/src/my_first_package) by extension 'ros'
[0.251s] DEBUG:colcon.colcon_core.package_identification:Package 'ros2_study/src/my_first_package' with type 'ros.ament_python' and name 'my_first_package'
[0.251s] Level 1:colcon.colcon_core.package_identification:_identify(ros2_study/src/my_first_package_msgs) by extensions ['ignore', 'ignore_ament_install']
[0.251s] Level 1:colcon.colcon_core.package_identification:_identify(ros2_study/src/my_first_package_msgs) by extension 'ignore'
[0.251s] Level 1:colcon.colcon_core.package_identification:_identify(ros2_study/src/my_first_package_msgs) by extension 'ignore_ament_install'
[0.252s] Level 1:colcon.colcon_core.package_identification:_identify(ros2_study/src/my_first_package_msgs) by extensions ['colcon_pkg']
[0.252s] Level 1:colcon.colcon_core.package_identification:_identify(ros2_study/src/my_first_package_msgs) by extension 'colcon_pkg'
[0.252s] Level 1:colcon.colcon_core.package_identification:_identify(ros2_study/src/my_first_package_msgs) by extensions ['colcon_meta']
[0.252s] Level 1:colcon.colcon_core.package_identification:_identify(ros2_study/src/my_first_package_msgs) by extension 'colcon_meta'
[0.252s] Level 1:colcon.colcon_core.package_identification:_identify(ros2_study/src/my_first_package_msgs) by extensions ['ros']
[0.252s] Level 1:colcon.colcon_core.package_identification:_identify(ros2_study/src/my_first_package_msgs) by extension 'ros'
[0.252s] DEBUG:colcon.colcon_core.package_identification:Package 'ros2_study/src/my_first_package_msgs' with type 'ros.ament_cmake' and name 'my_first_package_msgs'
[0.252s] Level 1:colcon.colcon_core.package_identification:_identify(secret_dir) by extensions ['ignore', 'ignore_ament_install']
[0.252s] Level 1:colcon.colcon_core.package_identification:_identify(secret_dir) by extension 'ignore'
[0.252s] Level 1:colcon.colcon_core.package_identification:_identify(secret_dir) by extension 'ignore_ament_install'
[0.253s] Level 1:colcon.colcon_core.package_identification:_identify(secret_dir) by extensions ['colcon_pkg']
[0.253s] Level 1:colcon.colcon_core.package_identification:_identify(secret_dir) by extension 'colcon_pkg'
[0.253s] Level 1:colcon.colcon_core.package_identification:_identify(secret_dir) by extensions ['colcon_meta']
[0.253s] Level 1:colcon.colcon_core.package_identification:_identify(secret_dir) by extension 'colcon_meta'
[0.253s] Level 1:colcon.colcon_core.package_identification:_identify(secret_dir) by extensions ['ros']
[0.253s] Level 1:colcon.colcon_core.package_identification:_identify(secret_dir) by extension 'ros'
[0.253s] Level 1:colcon.colcon_core.package_identification:_identify(secret_dir) by extensions ['cmake', 'python']
[0.253s] Level 1:colcon.colcon_core.package_identification:_identify(secret_dir) by extension 'cmake'
[0.253s] Level 1:colcon.colcon_core.package_identification:_identify(secret_dir) by extension 'python'
[0.253s] Level 1:colcon.colcon_core.package_identification:_identify(secret_dir) by extensions ['python_setup_py']
[0.253s] Level 1:colcon.colcon_core.package_identification:_identify(secret_dir) by extension 'python_setup_py'
[0.253s] Level 1:colcon.colcon_core.package_identification:_identify(snap) by extensions ['ignore', 'ignore_ament_install']
[0.253s] Level 1:colcon.colcon_core.package_identification:_identify(snap) by extension 'ignore'
[0.253s] Level 1:colcon.colcon_core.package_identification:_identify(snap) by extension 'ignore_ament_install'
[0.253s] Level 1:colcon.colcon_core.package_identification:_identify(snap) by extensions ['colcon_pkg']
[0.253s] Level 1:colcon.colcon_core.package_identification:_identify(snap) by extension 'colcon_pkg'
[0.253s] Level 1:colcon.colcon_core.package_identification:_identify(snap) by extensions ['colcon_meta']
[0.253s] Level 1:colcon.colcon_core.package_identification:_identify(snap) by extension 'colcon_meta'
[0.253s] Level 1:colcon.colcon_core.package_identification:_identify(snap) by extensions ['ros']
[0.253s] Level 1:colcon.colcon_core.package_identification:_identify(snap) by extension 'ros'
[0.253s] Level 1:colcon.colcon_core.package_identification:_identify(snap) by extensions ['cmake', 'python']
[0.253s] Level 1:colcon.colcon_core.package_identification:_identify(snap) by extension 'cmake'
[0.253s] Level 1:colcon.colcon_core.package_identification:_identify(snap) by extension 'python'
[0.253s] Level 1:colcon.colcon_core.package_identification:_identify(snap) by extensions ['python_setup_py']
[0.254s] Level 1:colcon.colcon_core.package_identification:_identify(snap) by extension 'python_setup_py'
[0.254s] Level 1:colcon.colcon_core.package_identification:_identify(tar_test) by extensions ['ignore', 'ignore_ament_install']
[0.254s] Level 1:colcon.colcon_core.package_identification:_identify(tar_test) by extension 'ignore'
[0.254s] Level 1:colcon.colcon_core.package_identification:_identify(tar_test) by extension 'ignore_ament_install'
[0.254s] Level 1:colcon.colcon_core.package_identification:_identify(tar_test) by extensions ['colcon_pkg']
[0.254s] Level 1:colcon.colcon_core.package_identification:_identify(tar_test) by extension 'colcon_pkg'
[0.254s] Level 1:colcon.colcon_core.package_identification:_identify(tar_test) by extensions ['colcon_meta']
[0.254s] Level 1:colcon.colcon_core.package_identification:_identify(tar_test) by extension 'colcon_meta'
[0.254s] Level 1:colcon.colcon_core.package_identification:_identify(tar_test) by extensions ['ros']
[0.254s] Level 1:colcon.colcon_core.package_identification:_identify(tar_test) by extension 'ros'
[0.254s] Level 1:colcon.colcon_core.package_identification:_identify(tar_test) by extensions ['cmake', 'python']
[0.254s] Level 1:colcon.colcon_core.package_identification:_identify(tar_test) by extension 'cmake'
[0.254s] Level 1:colcon.colcon_core.package_identification:_identify(tar_test) by extension 'python'
[0.254s] Level 1:colcon.colcon_core.package_identification:_identify(tar_test) by extensions ['python_setup_py']
[0.254s] Level 1:colcon.colcon_core.package_identification:_identify(tar_test) by extension 'python_setup_py'
[0.255s] Level 1:colcon.colcon_core.package_identification:_identify(test) by extensions ['ignore', 'ignore_ament_install']
[0.255s] Level 1:colcon.colcon_core.package_identification:_identify(test) by extension 'ignore'
[0.255s] Level 1:colcon.colcon_core.package_identification:_identify(test) by extension 'ignore_ament_install'
[0.255s] Level 1:colcon.colcon_core.package_identification:_identify(test) by extensions ['colcon_pkg']
[0.255s] Level 1:colcon.colcon_core.package_identification:_identify(test) by extension 'colcon_pkg'
[0.255s] Level 1:colcon.colcon_core.package_identification:_identify(test) by extensions ['colcon_meta']
[0.255s] Level 1:colcon.colcon_core.package_identification:_identify(test) by extension 'colcon_meta'
[0.255s] Level 1:colcon.colcon_core.package_identification:_identify(test) by extensions ['ros']
[0.255s] Level 1:colcon.colcon_core.package_identification:_identify(test) by extension 'ros'
[0.255s] Level 1:colcon.colcon_core.package_identification:_identify(test) by extensions ['cmake', 'python']
[0.255s] Level 1:colcon.colcon_core.package_identification:_identify(test) by extension 'cmake'
[0.255s] Level 1:colcon.colcon_core.package_identification:_identify(test) by extension 'python'
[0.255s] Level 1:colcon.colcon_core.package_identification:_identify(test) by extensions ['python_setup_py']
[0.255s] Level 1:colcon.colcon_core.package_identification:_identify(test) by extension 'python_setup_py'
[0.255s] Level 1:colcon.colcon_core.package_identification:_identify(tgz-test) by extensions ['ignore', 'ignore_ament_install']
[0.255s] Level 1:colcon.colcon_core.package_identification:_identify(tgz-test) by extension 'ignore'
[0.255s] Level 1:colcon.colcon_core.package_identification:_identify(tgz-test) by extension 'ignore_ament_install'
[0.255s] Level 1:colcon.colcon_core.package_identification:_identify(tgz-test) by extensions ['colcon_pkg']
[0.256s] Level 1:colcon.colcon_core.package_identification:_identify(tgz-test) by extension 'colcon_pkg'
[0.256s] Level 1:colcon.colcon_core.package_identification:_identify(tgz-test) by extensions ['colcon_meta']
[0.256s] Level 1:colcon.colcon_core.package_identification:_identify(tgz-test) by extension 'colcon_meta'
[0.256s] Level 1:colcon.colcon_core.package_identification:_identify(tgz-test) by extensions ['ros']
[0.256s] Level 1:colcon.colcon_core.package_identification:_identify(tgz-test) by extension 'ros'
[0.256s] Level 1:colcon.colcon_core.package_identification:_identify(tgz-test) by extensions ['cmake', 'python']
[0.256s] Level 1:colcon.colcon_core.package_identification:_identify(tgz-test) by extension 'cmake'
[0.256s] Level 1:colcon.colcon_core.package_identification:_identify(tgz-test) by extension 'python'
[0.256s] Level 1:colcon.colcon_core.package_identification:_identify(tgz-test) by extensions ['python_setup_py']
[0.256s] Level 1:colcon.colcon_core.package_identification:_identify(tgz-test) by extension 'python_setup_py'
[0.256s] Level 1:colcon.colcon_core.package_discovery:discover_packages(recursive) using defaults
[0.256s] Level 1:colcon.colcon_core.package_discovery:discover_packages(ignore) discover
[0.256s] Level 1:colcon.colcon_core.package_discovery:discover_packages(ignore) using defaults
[0.256s] Level 1:colcon.colcon_core.package_discovery:discover_packages(path) discover
[0.256s] Level 1:colcon.colcon_core.package_discovery:discover_packages(path) using defaults
[0.267s] Level 1:colcon.colcon_core.package_discovery:discover_packages(prefix_path) check parameters
[0.267s] Level 1:colcon.colcon_core.package_discovery:discover_packages(prefix_path) discover
[0.268s] DEBUG:colcon.colcon_installed_package_information.package_discovery:Found 2 installed packages in /home/hyh/ros2_prct/install
[0.268s] DEBUG:colcon.colcon_installed_package_information.package_discovery:Found 2 installed packages in /home/hyh/ros2_study/install
[0.269s] DEBUG:colcon.colcon_installed_package_information.package_discovery:Found 273 installed packages in /opt/ros/humble
[0.269s] Level 1:colcon.colcon_core.package_discovery:discover_packages(prefix_path) using defaults
[0.286s] Level 5:colcon.colcon_core.verb:set package 'my_first_package' build argument 'cmake_args' from command line to 'None'
[0.286s] Level 5:colcon.colcon_core.verb:set package 'my_first_package' build argument 'cmake_target' from command line to 'None'
[0.286s] Level 5:colcon.colcon_core.verb:set package 'my_first_package' build argument 'cmake_target_skip_unavailable' from command line to 'False'
[0.286s] Level 5:colcon.colcon_core.verb:set package 'my_first_package' build argument 'cmake_clean_cache' from command line to 'False'
[0.286s] Level 5:colcon.colcon_core.verb:set package 'my_first_package' build argument 'cmake_clean_first' from command line to 'False'
[0.286s] Level 5:colcon.colcon_core.verb:set package 'my_first_package' build argument 'cmake_force_configure' from command line to 'False'
[0.286s] Level 5:colcon.colcon_core.verb:set package 'my_first_package' build argument 'ament_cmake_args' from command line to 'None'
[0.286s] Level 5:colcon.colcon_core.verb:set package 'my_first_package' build argument 'catkin_cmake_args' from command line to 'None'
[0.286s] Level 5:colcon.colcon_core.verb:set package 'my_first_package' build argument 'catkin_skip_building_tests' from command line to 'False'
[0.286s] DEBUG:colcon.colcon_core.verb:Building package 'my_first_package' with the following arguments: {'ament_cmake_args': None, 'build_base': '/home/hyh/build/my_first_package', 'catkin_cmake_args': None, 'catkin_skip_building_tests': False, 'cmake_args': None, 'cmake_clean_cache': False, 'cmake_clean_first': False, 'cmake_force_configure': False, 'cmake_target': None, 'cmake_target_skip_unavailable': False, 'install_base': '/home/hyh/install/my_first_package', 'merge_install': False, 'path': '/home/hyh/ros2_study/src/my_first_package', 'symlink_install': False, 'test_result_base': None}
[0.286s] Level 5:colcon.colcon_core.verb:set package 'my_first_package_msgs' build argument 'cmake_args' from command line to 'None'
[0.286s] Level 5:colcon.colcon_core.verb:set package 'my_first_package_msgs' build argument 'cmake_target' from command line to 'None'
[0.286s] Level 5:colcon.colcon_core.verb:set package 'my_first_package_msgs' build argument 'cmake_target_skip_unavailable' from command line to 'False'
[0.286s] Level 5:colcon.colcon_core.verb:set package 'my_first_package_msgs' build argument 'cmake_clean_cache' from command line to 'False'
[0.286s] Level 5:colcon.colcon_core.verb:set package 'my_first_package_msgs' build argument 'cmake_clean_first' from command line to 'False'
[0.286s] Level 5:colcon.colcon_core.verb:set package 'my_first_package_msgs' build argument 'cmake_force_configure' from command line to 'False'
[0.286s] Level 5:colcon.colcon_core.verb:set package 'my_first_package_msgs' build argument 'ament_cmake_args' from command line to 'None'
[0.286s] Level 5:colcon.colcon_core.verb:set package 'my_first_package_msgs' build argument 'catkin_cmake_args' from command line to 'None'
[0.286s] Level 5:colcon.colcon_core.verb:set package 'my_first_package_msgs' build argument 'catkin_skip_building_tests' from command line to 'False'
[0.286s] DEBUG:colcon.colcon_core.verb:Building package 'my_first_package_msgs' with the following arguments: {'ament_cmake_args': None, 'build_base': '/home/hyh/build/my_first_package_msgs', 'catkin_cmake_args': None, 'catkin_skip_building_tests': False, 'cmake_args': None, 'cmake_clean_cache': False, 'cmake_clean_first': False, 'cmake_force_configure': False, 'cmake_target': None, 'cmake_target_skip_unavailable': False, 'install_base': '/home/hyh/install/my_first_package_msgs', 'merge_install': False, 'path': '/home/hyh/ros2_study/src/my_first_package_msgs', 'symlink_install': False, 'test_result_base': None}
[0.287s] Level 5:colcon.colcon_core.verb:set package 'practice_package' build argument 'cmake_args' from command line to 'None'
[0.287s] Level 5:colcon.colcon_core.verb:set package 'practice_package' build argument 'cmake_target' from command line to 'None'
[0.287s] Level 5:colcon.colcon_core.verb:set package 'practice_package' build argument 'cmake_target_skip_unavailable' from command line to 'False'
[0.287s] Level 5:colcon.colcon_core.verb:set package 'practice_package' build argument 'cmake_clean_cache' from command line to 'False'
[0.287s] Level 5:colcon.colcon_core.verb:set package 'practice_package' build argument 'cmake_clean_first' from command line to 'False'
[0.287s] Level 5:colcon.colcon_core.verb:set package 'practice_package' build argument 'cmake_force_configure' from command line to 'False'
[0.287s] Level 5:colcon.colcon_core.verb:set package 'practice_package' build argument 'ament_cmake_args' from command line to 'None'
[0.287s] Level 5:colcon.colcon_core.verb:set package 'practice_package' build argument 'catkin_cmake_args' from command line to 'None'
[0.287s] Level 5:colcon.colcon_core.verb:set package 'practice_package' build argument 'catkin_skip_building_tests' from command line to 'False'
[0.287s] DEBUG:colcon.colcon_core.verb:Building package 'practice_package' with the following arguments: {'ament_cmake_args': None, 'build_base': '/home/hyh/build/practice_package', 'catkin_cmake_args': None, 'catkin_skip_building_tests': False, 'cmake_args': None, 'cmake_clean_cache': False, 'cmake_clean_first': False, 'cmake_force_configure': False, 'cmake_target': None, 'cmake_target_skip_unavailable': False, 'install_base': '/home/hyh/install/practice_package', 'merge_install': False, 'path': '/home/hyh/ros2_prct/src/practice_package', 'symlink_install': False, 'test_result_base': None}
[0.287s] Level 5:colcon.colcon_core.verb:set package 'practice_package_msgs' build argument 'cmake_args' from command line to 'None'
[0.287s] Level 5:colcon.colcon_core.verb:set package 'practice_package_msgs' build argument 'cmake_target' from command line to 'None'
[0.287s] Level 5:colcon.colcon_core.verb:set package 'practice_package_msgs' build argument 'cmake_target_skip_unavailable' from command line to 'False'
[0.287s] Level 5:colcon.colcon_core.verb:set package 'practice_package_msgs' build argument 'cmake_clean_cache' from command line to 'False'
[0.287s] Level 5:colcon.colcon_core.verb:set package 'practice_package_msgs' build argument 'cmake_clean_first' from command line to 'False'
[0.287s] Level 5:colcon.colcon_core.verb:set package 'practice_package_msgs' build argument 'cmake_force_configure' from command line to 'False'
[0.287s] Level 5:colcon.colcon_core.verb:set package 'practice_package_msgs' build argument 'ament_cmake_args' from command line to 'None'
[0.287s] Level 5:colcon.colcon_core.verb:set package 'practice_package_msgs' build argument 'catkin_cmake_args' from command line to 'None'
[0.287s] Level 5:colcon.colcon_core.verb:set package 'practice_package_msgs' build argument 'catkin_skip_building_tests' from command line to 'False'
[0.287s] DEBUG:colcon.colcon_core.verb:Building package 'practice_package_msgs' with the following arguments: {'ament_cmake_args': None, 'build_base': '/home/hyh/build/practice_package_msgs', 'catkin_cmake_args': None, 'catkin_skip_building_tests': False, 'cmake_args': None, 'cmake_clean_cache': False, 'cmake_clean_first': False, 'cmake_force_configure': False, 'cmake_target': None, 'cmake_target_skip_unavailable': False, 'install_base': '/home/hyh/install/practice_package_msgs', 'merge_install': False, 'path': '/home/hyh/ros2_prct/src/practice_package_msgs', 'symlink_install': False, 'test_result_base': None}
[0.287s] INFO:colcon.colcon_core.executor:Executing jobs using 'parallel' executor
[0.288s] DEBUG:colcon.colcon_parallel_executor.executor.parallel:run_until_complete
[0.288s] INFO:colcon.colcon_ros.task.ament_python.build:Building ROS package in '/home/hyh/ros2_study/src/my_first_package' with build type 'ament_python'
[0.288s] Level 1:colcon.colcon_core.shell:create_environment_hook('my_first_package', 'ament_prefix_path')
[0.290s] INFO:colcon.colcon_core.plugin_system:Skipping extension 'colcon_core.shell.bat': Not used on non-Windows systems
[0.290s] INFO:colcon.colcon_core.shell:Creating environment hook '/home/hyh/install/my_first_package/share/my_first_package/hook/ament_prefix_path.ps1'
[0.290s] INFO:colcon.colcon_core.shell:Creating environment descriptor '/home/hyh/install/my_first_package/share/my_first_package/hook/ament_prefix_path.dsv'
[0.291s] INFO:colcon.colcon_core.shell:Creating environment hook '/home/hyh/install/my_first_package/share/my_first_package/hook/ament_prefix_path.sh'
[0.291s] INFO:colcon.colcon_core.shell:Skip shell extension 'powershell' for command environment: Not usable outside of PowerShell
[0.291s] DEBUG:colcon.colcon_core.shell:Skip shell extension 'dsv' for command environment
[0.293s] INFO:colcon.colcon_ros.task.ament_cmake.build:Building ROS package in '/home/hyh/ros2_study/src/my_first_package_msgs' with build type 'ament_cmake'
[0.294s] INFO:colcon.colcon_cmake.task.cmake.build:Building CMake package in '/home/hyh/ros2_study/src/my_first_package_msgs'
[0.294s] INFO:colcon.colcon_core.shell:Skip shell extension 'powershell' for command environment: Not usable outside of PowerShell
[0.294s] DEBUG:colcon.colcon_core.shell:Skip shell extension 'dsv' for command environment
[0.296s] INFO:colcon.colcon_ros.task.ament_python.build:Building ROS package in '/home/hyh/ros2_prct/src/practice_package' with build type 'ament_python'
[0.297s] Level 1:colcon.colcon_core.shell:create_environment_hook('practice_package', 'ament_prefix_path')
[0.297s] INFO:colcon.colcon_core.shell:Creating environment hook '/home/hyh/install/practice_package/share/practice_package/hook/ament_prefix_path.ps1'
[0.298s] INFO:colcon.colcon_core.shell:Creating environment descriptor '/home/hyh/install/practice_package/share/practice_package/hook/ament_prefix_path.dsv'
[0.298s] INFO:colcon.colcon_core.shell:Creating environment hook '/home/hyh/install/practice_package/share/practice_package/hook/ament_prefix_path.sh'
[0.298s] INFO:colcon.colcon_core.shell:Skip shell extension 'powershell' for command environment: Not usable outside of PowerShell
[0.298s] DEBUG:colcon.colcon_core.shell:Skip shell extension 'dsv' for command environment
[0.300s] INFO:colcon.colcon_ros.task.ament_cmake.build:Building ROS package in '/home/hyh/ros2_prct/src/practice_package_msgs' with build type 'ament_cmake'
[0.300s] INFO:colcon.colcon_cmake.task.cmake.build:Building CMake package in '/home/hyh/ros2_prct/src/practice_package_msgs'
[0.300s] INFO:colcon.colcon_core.shell:Skip shell extension 'powershell' for command environment: Not usable outside of PowerShell
[0.301s] DEBUG:colcon.colcon_core.shell:Skip shell extension 'dsv' for command environment
[0.454s] INFO:colcon.colcon_core.task.python.build:Building Python package in '/home/hyh/ros2_study/src/my_first_package'
[0.454s] INFO:colcon.colcon_core.shell:Skip shell extension 'powershell' for command environment: Not usable outside of PowerShell
[0.454s] DEBUG:colcon.colcon_core.shell:Skip shell extension 'dsv' for command environment
[0.459s] DEBUG:colcon.colcon_core.event_handler.log_command:Invoking command in '/home/hyh/build/my_first_package_msgs': CMAKE_PREFIX_PATH=${CMAKE_PREFIX_PATH}:/home/hyh/ros2_prct/install/practice_package:/home/hyh/ros2_study/install/my_first_package:/opt/ros/humble /usr/bin/cmake /home/hyh/ros2_study/src/my_first_package_msgs -DCMAKE_INSTALL_PREFIX=/home/hyh/install/my_first_package_msgs
[0.612s] INFO:colcon.colcon_core.task.python.build:Building Python package in '/home/hyh/ros2_prct/src/practice_package'
[0.613s] INFO:colcon.colcon_core.shell:Skip shell extension 'powershell' for command environment: Not usable outside of PowerShell
[0.613s] DEBUG:colcon.colcon_core.shell:Skip shell extension 'dsv' for command environment
[0.620s] DEBUG:colcon.colcon_core.event_handler.log_command:Invoking command in '/home/hyh/build/practice_package_msgs': CMAKE_PREFIX_PATH=${CMAKE_PREFIX_PATH}:/home/hyh/ros2_prct/install/practice_package:/home/hyh/ros2_study/install/my_first_package:/opt/ros/humble /usr/bin/cmake /home/hyh/ros2_prct/src/practice_package_msgs -DCMAKE_INSTALL_PREFIX=/home/hyh/install/practice_package_msgs
[0.836s] DEBUG:colcon.colcon_core.event_handler.log_command:Invoking command in '/home/hyh/ros2_prct/src/practice_package': PYTHONPATH=/home/hyh/build/practice_package/prefix_override:/usr/lib/python3/dist-packages/colcon_core/task/python/colcon_distutils_commands:/home/hyh/install/practice_package/lib/python3.10/site-packages:${PYTHONPATH} /usr/bin/python3 -W ignore:setup.py install is deprecated -W ignore:easy_install command is deprecated setup.py egg_info --egg-base ../../../build/practice_package build --build-base /home/hyh/build/practice_package/build install --record /home/hyh/build/practice_package/install.log --single-version-externally-managed install_data
[0.838s] DEBUG:colcon.colcon_core.event_handler.log_command:Invoking command in '/home/hyh/ros2_study/src/my_first_package': PYTHONPATH=/home/hyh/build/my_first_package/prefix_override:/usr/lib/python3/dist-packages/colcon_core/task/python/colcon_distutils_commands:/home/hyh/install/my_first_package/lib/python3.10/site-packages:${PYTHONPATH} /usr/bin/python3 -W ignore:setup.py install is deprecated -W ignore:easy_install command is deprecated setup.py egg_info --egg-base ../../../build/my_first_package build --build-base /home/hyh/build/my_first_package/build install --record /home/hyh/build/my_first_package/install.log --single-version-externally-managed install_data
[1.010s] DEBUG:colcon.colcon_core.event_handler.log_command:Invoked command in '/home/hyh/ros2_prct/src/practice_package' returned '0': PYTHONPATH=/home/hyh/build/practice_package/prefix_override:/usr/lib/python3/dist-packages/colcon_core/task/python/colcon_distutils_commands:/home/hyh/install/practice_package/lib/python3.10/site-packages:${PYTHONPATH} /usr/bin/python3 -W ignore:setup.py install is deprecated -W ignore:easy_install command is deprecated setup.py egg_info --egg-base ../../../build/practice_package build --build-base /home/hyh/build/practice_package/build install --record /home/hyh/build/practice_package/install.log --single-version-externally-managed install_data
[1.012s] Level 1:colcon.colcon_core.environment:checking '/home/hyh/install/practice_package' for CMake module files
[1.012s] Level 1:colcon.colcon_core.environment:checking '/home/hyh/install/practice_package' for CMake config files
[1.012s] Level 1:colcon.colcon_core.environment:checking '/home/hyh/install/practice_package/lib'
[1.013s] Level 1:colcon.colcon_core.environment:checking '/home/hyh/install/practice_package/bin'
[1.013s] Level 1:colcon.colcon_core.environment:checking '/home/hyh/install/practice_package/lib/pkgconfig/practice_package.pc'
[1.013s] Level 1:colcon.colcon_core.environment:checking '/home/hyh/install/practice_package/lib/python3.10/site-packages'
[1.013s] Level 1:colcon.colcon_core.shell:create_environment_hook('practice_package', 'pythonpath')
[1.013s] INFO:colcon.colcon_core.shell:Creating environment hook '/home/hyh/install/practice_package/share/practice_package/hook/pythonpath.ps1'
[1.013s] INFO:colcon.colcon_core.shell:Creating environment descriptor '/home/hyh/install/practice_package/share/practice_package/hook/pythonpath.dsv'
[1.013s] INFO:colcon.colcon_core.shell:Creating environment hook '/home/hyh/install/practice_package/share/practice_package/hook/pythonpath.sh'
[1.014s] Level 1:colcon.colcon_core.environment:checking '/home/hyh/install/practice_package/bin'
[1.014s] Level 1:colcon.colcon_core.environment:create_environment_scripts_only(practice_package)
[1.014s] INFO:colcon.colcon_core.shell:Creating package script '/home/hyh/install/practice_package/share/practice_package/package.ps1'
[1.015s] INFO:colcon.colcon_core.shell:Creating package descriptor '/home/hyh/install/practice_package/share/practice_package/package.dsv'
[1.015s] INFO:colcon.colcon_core.shell:Creating package script '/home/hyh/install/practice_package/share/practice_package/package.sh'
[1.015s] INFO:colcon.colcon_core.shell:Creating package script '/home/hyh/install/practice_package/share/practice_package/package.bash'
[1.016s] INFO:colcon.colcon_core.shell:Creating package script '/home/hyh/install/practice_package/share/practice_package/package.zsh'
[1.016s] Level 1:colcon.colcon_core.environment:create_file_with_runtime_dependencies(/home/hyh/install/practice_package/share/colcon-core/packages/practice_package)
[1.018s] Level 1:colcon.colcon_core.environment:checking '/home/hyh/install/my_first_package' for CMake module files
[1.019s] DEBUG:colcon.colcon_core.event_handler.log_command:Invoked command in '/home/hyh/ros2_study/src/my_first_package' returned '0': PYTHONPATH=/home/hyh/build/my_first_package/prefix_override:/usr/lib/python3/dist-packages/colcon_core/task/python/colcon_distutils_commands:/home/hyh/install/my_first_package/lib/python3.10/site-packages:${PYTHONPATH} /usr/bin/python3 -W ignore:setup.py install is deprecated -W ignore:easy_install command is deprecated setup.py egg_info --egg-base ../../../build/my_first_package build --build-base /home/hyh/build/my_first_package/build install --record /home/hyh/build/my_first_package/install.log --single-version-externally-managed install_data
[1.019s] Level 1:colcon.colcon_core.environment:checking '/home/hyh/install/my_first_package' for CMake config files
[1.021s] Level 1:colcon.colcon_core.environment:checking '/home/hyh/install/my_first_package/lib'
[1.021s] Level 1:colcon.colcon_core.environment:checking '/home/hyh/install/my_first_package/bin'
[1.021s] Level 1:colcon.colcon_core.environment:checking '/home/hyh/install/my_first_package/lib/pkgconfig/my_first_package.pc'
[1.021s] Level 1:colcon.colcon_core.environment:checking '/home/hyh/install/my_first_package/lib/python3.10/site-packages'
[1.021s] Level 1:colcon.colcon_core.shell:create_environment_hook('my_first_package', 'pythonpath')
[1.021s] INFO:colcon.colcon_core.shell:Creating environment hook '/home/hyh/install/my_first_package/share/my_first_package/hook/pythonpath.ps1'
[1.022s] INFO:colcon.colcon_core.shell:Creating environment descriptor '/home/hyh/install/my_first_package/share/my_first_package/hook/pythonpath.dsv'
[1.022s] INFO:colcon.colcon_core.shell:Creating environment hook '/home/hyh/install/my_first_package/share/my_first_package/hook/pythonpath.sh'
[1.023s] Level 1:colcon.colcon_core.environment:checking '/home/hyh/install/my_first_package/bin'
[1.023s] Level 1:colcon.colcon_core.environment:create_environment_scripts_only(my_first_package)
[1.023s] INFO:colcon.colcon_core.shell:Creating package script '/home/hyh/install/my_first_package/share/my_first_package/package.ps1'
[1.023s] INFO:colcon.colcon_core.shell:Creating package descriptor '/home/hyh/install/my_first_package/share/my_first_package/package.dsv'
[1.024s] INFO:colcon.colcon_core.shell:Creating package script '/home/hyh/install/my_first_package/share/my_first_package/package.sh'
[1.024s] INFO:colcon.colcon_core.shell:Creating package script '/home/hyh/install/my_first_package/share/my_first_package/package.bash'
[1.025s] INFO:colcon.colcon_core.shell:Creating package script '/home/hyh/install/my_first_package/share/my_first_package/package.zsh'
[1.025s] Level 1:colcon.colcon_core.environment:create_file_with_runtime_dependencies(/home/hyh/install/my_first_package/share/colcon-core/packages/my_first_package)
[2.220s] DEBUG:colcon.colcon_core.event_handler.log_command:Invoked command in '/home/hyh/build/practice_package_msgs' returned '0': CMAKE_PREFIX_PATH=${CMAKE_PREFIX_PATH}:/home/hyh/ros2_prct/install/practice_package:/home/hyh/ros2_study/install/my_first_package:/opt/ros/humble /usr/bin/cmake /home/hyh/ros2_prct/src/practice_package_msgs -DCMAKE_INSTALL_PREFIX=/home/hyh/install/practice_package_msgs
[2.220s] DEBUG:colcon.colcon_core.event_handler.log_command:Invoking command in '/home/hyh/build/practice_package_msgs': CMAKE_PREFIX_PATH=${CMAKE_PREFIX_PATH}:/home/hyh/ros2_prct/install/practice_package:/home/hyh/ros2_study/install/my_first_package:/opt/ros/humble /usr/bin/cmake --build /home/hyh/build/practice_package_msgs -- -j20 -l20
[2.251s] DEBUG:colcon.colcon_core.event_handler.log_command:Invoked command in '/home/hyh/build/my_first_package_msgs' returned '0': CMAKE_PREFIX_PATH=${CMAKE_PREFIX_PATH}:/home/hyh/ros2_prct/install/practice_package:/home/hyh/ros2_study/install/my_first_package:/opt/ros/humble /usr/bin/cmake /home/hyh/ros2_study/src/my_first_package_msgs -DCMAKE_INSTALL_PREFIX=/home/hyh/install/my_first_package_msgs
[2.252s] DEBUG:colcon.colcon_core.event_handler.log_command:Invoking command in '/home/hyh/build/my_first_package_msgs': CMAKE_PREFIX_PATH=${CMAKE_PREFIX_PATH}:/home/hyh/ros2_prct/install/practice_package:/home/hyh/ros2_study/install/my_first_package:/opt/ros/humble /usr/bin/cmake --build /home/hyh/build/my_first_package_msgs -- -j20 -l20
[3.721s] DEBUG:colcon.colcon_core.event_handler.log_command:Invoked command in '/home/hyh/build/practice_package_msgs' returned '0': CMAKE_PREFIX_PATH=${CMAKE_PREFIX_PATH}:/home/hyh/ros2_prct/install/practice_package:/home/hyh/ros2_study/install/my_first_package:/opt/ros/humble /usr/bin/cmake --build /home/hyh/build/practice_package_msgs -- -j20 -l20
[3.728s] DEBUG:colcon.colcon_core.event_handler.log_command:Invoking command in '/home/hyh/build/practice_package_msgs': CMAKE_PREFIX_PATH=${CMAKE_PREFIX_PATH}:/home/hyh/ros2_prct/install/practice_package:/home/hyh/ros2_study/install/my_first_package:/opt/ros/humble /usr/bin/cmake --install /home/hyh/build/practice_package_msgs
[3.773s] Level 1:colcon.colcon_core.environment:create_environment_scripts_only(practice_package_msgs)
[3.773s] Level 1:colcon.colcon_core.environment:checking '/home/hyh/install/practice_package_msgs' for CMake module files
[3.773s] DEBUG:colcon.colcon_core.event_handler.log_command:Invoked command in '/home/hyh/build/practice_package_msgs' returned '0': CMAKE_PREFIX_PATH=${CMAKE_PREFIX_PATH}:/home/hyh/ros2_prct/install/practice_package:/home/hyh/ros2_study/install/my_first_package:/opt/ros/humble /usr/bin/cmake --install /home/hyh/build/practice_package_msgs
[3.774s] Level 1:colcon.colcon_core.environment:checking '/home/hyh/install/practice_package_msgs' for CMake config files
[3.774s] Level 1:colcon.colcon_core.shell:create_environment_hook('practice_package_msgs', 'cmake_prefix_path')
[3.774s] INFO:colcon.colcon_core.shell:Creating environment hook '/home/hyh/install/practice_package_msgs/share/practice_package_msgs/hook/cmake_prefix_path.ps1'
[3.774s] INFO:colcon.colcon_core.shell:Creating environment descriptor '/home/hyh/install/practice_package_msgs/share/practice_package_msgs/hook/cmake_prefix_path.dsv'
[3.774s] INFO:colcon.colcon_core.shell:Creating environment hook '/home/hyh/install/practice_package_msgs/share/practice_package_msgs/hook/cmake_prefix_path.sh'
[3.775s] Level 1:colcon.colcon_core.environment:checking '/home/hyh/install/practice_package_msgs/lib'
[3.775s] Level 1:colcon.colcon_core.shell:create_environment_hook('practice_package_msgs', 'ld_library_path_lib')
[3.775s] INFO:colcon.colcon_core.shell:Creating environment hook '/home/hyh/install/practice_package_msgs/share/practice_package_msgs/hook/ld_library_path_lib.ps1'
[3.775s] INFO:colcon.colcon_core.shell:Creating environment descriptor '/home/hyh/install/practice_package_msgs/share/practice_package_msgs/hook/ld_library_path_lib.dsv'
[3.775s] INFO:colcon.colcon_core.shell:Creating environment hook '/home/hyh/install/practice_package_msgs/share/practice_package_msgs/hook/ld_library_path_lib.sh'
[3.776s] Level 1:colcon.colcon_core.environment:checking '/home/hyh/install/practice_package_msgs/bin'
[3.776s] Level 1:colcon.colcon_core.environment:checking '/home/hyh/install/practice_package_msgs/lib/pkgconfig/practice_package_msgs.pc'
[3.776s] Level 1:colcon.colcon_core.environment:checking '/home/hyh/install/practice_package_msgs/lib/python3.10/site-packages'
[3.776s] Level 1:colcon.colcon_core.environment:checking '/home/hyh/install/practice_package_msgs/bin'
[3.776s] INFO:colcon.colcon_core.shell:Creating package script '/home/hyh/install/practice_package_msgs/share/practice_package_msgs/package.ps1'
[3.777s] INFO:colcon.colcon_core.shell:Creating package descriptor '/home/hyh/install/practice_package_msgs/share/practice_package_msgs/package.dsv'
[3.777s] INFO:colcon.colcon_core.shell:Creating package script '/home/hyh/install/practice_package_msgs/share/practice_package_msgs/package.sh'
[3.777s] INFO:colcon.colcon_core.shell:Creating package script '/home/hyh/install/practice_package_msgs/share/practice_package_msgs/package.bash'
[3.777s] INFO:colcon.colcon_core.shell:Creating package script '/home/hyh/install/practice_package_msgs/share/practice_package_msgs/package.zsh'
[3.777s] Level 1:colcon.colcon_core.environment:create_file_with_runtime_dependencies(/home/hyh/install/practice_package_msgs/share/colcon-core/packages/practice_package_msgs)
[3.778s] Level 1:colcon.colcon_core.environment:create_environment_scripts_only(practice_package_msgs)
[3.778s] Level 1:colcon.colcon_core.environment:checking '/home/hyh/install/practice_package_msgs' for CMake module files
[3.778s] Level 1:colcon.colcon_core.environment:checking '/home/hyh/install/practice_package_msgs' for CMake config files
[3.779s] Level 1:colcon.colcon_core.shell:create_environment_hook('practice_package_msgs', 'cmake_prefix_path')
[3.779s] INFO:colcon.colcon_core.shell:Creating environment hook '/home/hyh/install/practice_package_msgs/share/practice_package_msgs/hook/cmake_prefix_path.ps1'
[3.779s] INFO:colcon.colcon_core.shell:Creating environment descriptor '/home/hyh/install/practice_package_msgs/share/practice_package_msgs/hook/cmake_prefix_path.dsv'
[3.779s] INFO:colcon.colcon_core.shell:Creating environment hook '/home/hyh/install/practice_package_msgs/share/practice_package_msgs/hook/cmake_prefix_path.sh'
[3.780s] Level 1:colcon.colcon_core.environment:checking '/home/hyh/install/practice_package_msgs/lib'
[3.780s] Level 1:colcon.colcon_core.shell:create_environment_hook('practice_package_msgs', 'ld_library_path_lib')
[3.780s] INFO:colcon.colcon_core.shell:Creating environment hook '/home/hyh/install/practice_package_msgs/share/practice_package_msgs/hook/ld_library_path_lib.ps1'
[3.780s] INFO:colcon.colcon_core.shell:Creating environment descriptor '/home/hyh/install/practice_package_msgs/share/practice_package_msgs/hook/ld_library_path_lib.dsv'
[3.780s] INFO:colcon.colcon_core.shell:Creating environment hook '/home/hyh/install/practice_package_msgs/share/practice_package_msgs/hook/ld_library_path_lib.sh'
[3.780s] Level 1:colcon.colcon_core.environment:checking '/home/hyh/install/practice_package_msgs/bin'
[3.780s] Level 1:colcon.colcon_core.environment:checking '/home/hyh/install/practice_package_msgs/lib/pkgconfig/practice_package_msgs.pc'
[3.781s] Level 1:colcon.colcon_core.environment:checking '/home/hyh/install/practice_package_msgs/lib/python3.10/site-packages'
[3.781s] Level 1:colcon.colcon_core.environment:checking '/home/hyh/install/practice_package_msgs/bin'
[3.781s] INFO:colcon.colcon_core.shell:Creating package script '/home/hyh/install/practice_package_msgs/share/practice_package_msgs/package.ps1'
[3.781s] INFO:colcon.colcon_core.shell:Creating package descriptor '/home/hyh/install/practice_package_msgs/share/practice_package_msgs/package.dsv'
[3.782s] INFO:colcon.colcon_core.shell:Creating package script '/home/hyh/install/practice_package_msgs/share/practice_package_msgs/package.sh'
[3.782s] INFO:colcon.colcon_core.shell:Creating package script '/home/hyh/install/practice_package_msgs/share/practice_package_msgs/package.bash'
[3.782s] INFO:colcon.colcon_core.shell:Creating package script '/home/hyh/install/practice_package_msgs/share/practice_package_msgs/package.zsh'
[3.782s] Level 1:colcon.colcon_core.environment:create_file_with_runtime_dependencies(/home/hyh/install/practice_package_msgs/share/colcon-core/packages/practice_package_msgs)
[4.444s] DEBUG:colcon.colcon_core.event_handler.log_command:Invoked command in '/home/hyh/build/my_first_package_msgs' returned '0': CMAKE_PREFIX_PATH=${CMAKE_PREFIX_PATH}:/home/hyh/ros2_prct/install/practice_package:/home/hyh/ros2_study/install/my_first_package:/opt/ros/humble /usr/bin/cmake --build /home/hyh/build/my_first_package_msgs -- -j20 -l20
[4.445s] DEBUG:colcon.colcon_core.event_handler.log_command:Invoking command in '/home/hyh/build/my_first_package_msgs': CMAKE_PREFIX_PATH=${CMAKE_PREFIX_PATH}:/home/hyh/ros2_prct/install/practice_package:/home/hyh/ros2_study/install/my_first_package:/opt/ros/humble /usr/bin/cmake --install /home/hyh/build/my_first_package_msgs
[4.498s] Level 1:colcon.colcon_core.environment:create_environment_scripts_only(my_first_package_msgs)
[4.498s] Level 1:colcon.colcon_core.environment:checking '/home/hyh/install/my_first_package_msgs' for CMake module files
[4.498s] DEBUG:colcon.colcon_core.event_handler.log_command:Invoked command in '/home/hyh/build/my_first_package_msgs' returned '0': CMAKE_PREFIX_PATH=${CMAKE_PREFIX_PATH}:/home/hyh/ros2_prct/install/practice_package:/home/hyh/ros2_study/install/my_first_package:/opt/ros/humble /usr/bin/cmake --install /home/hyh/build/my_first_package_msgs
[4.499s] Level 1:colcon.colcon_core.environment:checking '/home/hyh/install/my_first_package_msgs' for CMake config files
[4.499s] Level 1:colcon.colcon_core.shell:create_environment_hook('my_first_package_msgs', 'cmake_prefix_path')
[4.499s] INFO:colcon.colcon_core.shell:Creating environment hook '/home/hyh/install/my_first_package_msgs/share/my_first_package_msgs/hook/cmake_prefix_path.ps1'
[4.500s] INFO:colcon.colcon_core.shell:Creating environment descriptor '/home/hyh/install/my_first_package_msgs/share/my_first_package_msgs/hook/cmake_prefix_path.dsv'
[4.500s] INFO:colcon.colcon_core.shell:Creating environment hook '/home/hyh/install/my_first_package_msgs/share/my_first_package_msgs/hook/cmake_prefix_path.sh'
[4.500s] Level 1:colcon.colcon_core.environment:checking '/home/hyh/install/my_first_package_msgs/lib'
[4.500s] Level 1:colcon.colcon_core.shell:create_environment_hook('my_first_package_msgs', 'ld_library_path_lib')
[4.500s] INFO:colcon.colcon_core.shell:Creating environment hook '/home/hyh/install/my_first_package_msgs/share/my_first_package_msgs/hook/ld_library_path_lib.ps1'
[4.501s] INFO:colcon.colcon_core.shell:Creating environment descriptor '/home/hyh/install/my_first_package_msgs/share/my_first_package_msgs/hook/ld_library_path_lib.dsv'
[4.501s] INFO:colcon.colcon_core.shell:Creating environment hook '/home/hyh/install/my_first_package_msgs/share/my_first_package_msgs/hook/ld_library_path_lib.sh'
[4.501s] Level 1:colcon.colcon_core.environment:checking '/home/hyh/install/my_first_package_msgs/bin'
[4.501s] Level 1:colcon.colcon_core.environment:checking '/home/hyh/install/my_first_package_msgs/lib/pkgconfig/my_first_package_msgs.pc'
[4.501s] Level 1:colcon.colcon_core.environment:checking '/home/hyh/install/my_first_package_msgs/lib/python3.10/site-packages'
[4.501s] Level 1:colcon.colcon_core.environment:checking '/home/hyh/install/my_first_package_msgs/bin'
[4.501s] INFO:colcon.colcon_core.shell:Creating package script '/home/hyh/install/my_first_package_msgs/share/my_first_package_msgs/package.ps1'
[4.502s] INFO:colcon.colcon_core.shell:Creating package descriptor '/home/hyh/install/my_first_package_msgs/share/my_first_package_msgs/package.dsv'
[4.502s] INFO:colcon.colcon_core.shell:Creating package script '/home/hyh/install/my_first_package_msgs/share/my_first_package_msgs/package.sh'
[4.502s] INFO:colcon.colcon_core.shell:Creating package script '/home/hyh/install/my_first_package_msgs/share/my_first_package_msgs/package.bash'
[4.503s] INFO:colcon.colcon_core.shell:Creating package script '/home/hyh/install/my_first_package_msgs/share/my_first_package_msgs/package.zsh'
[4.503s] Level 1:colcon.colcon_core.environment:create_file_with_runtime_dependencies(/home/hyh/install/my_first_package_msgs/share/colcon-core/packages/my_first_package_msgs)
[4.503s] Level 1:colcon.colcon_core.environment:create_environment_scripts_only(my_first_package_msgs)
[4.503s] Level 1:colcon.colcon_core.environment:checking '/home/hyh/install/my_first_package_msgs' for CMake module files
[4.504s] Level 1:colcon.colcon_core.environment:checking '/home/hyh/install/my_first_package_msgs' for CMake config files
[4.504s] Level 1:colcon.colcon_core.shell:create_environment_hook('my_first_package_msgs', 'cmake_prefix_path')
[4.504s] INFO:colcon.colcon_core.shell:Creating environment hook '/home/hyh/install/my_first_package_msgs/share/my_first_package_msgs/hook/cmake_prefix_path.ps1'
[4.504s] INFO:colcon.colcon_core.shell:Creating environment descriptor '/home/hyh/install/my_first_package_msgs/share/my_first_package_msgs/hook/cmake_prefix_path.dsv'
[4.504s] INFO:colcon.colcon_core.shell:Creating environment hook '/home/hyh/install/my_first_package_msgs/share/my_first_package_msgs/hook/cmake_prefix_path.sh'
[4.505s] Level 1:colcon.colcon_core.environment:checking '/home/hyh/install/my_first_package_msgs/lib'
[4.505s] Level 1:colcon.colcon_core.shell:create_environment_hook('my_first_package_msgs', 'ld_library_path_lib')
[4.505s] INFO:colcon.colcon_core.shell:Creating environment hook '/home/hyh/install/my_first_package_msgs/share/my_first_package_msgs/hook/ld_library_path_lib.ps1'
[4.505s] INFO:colcon.colcon_core.shell:Creating environment descriptor '/home/hyh/install/my_first_package_msgs/share/my_first_package_msgs/hook/ld_library_path_lib.dsv'
[4.505s] INFO:colcon.colcon_core.shell:Creating environment hook '/home/hyh/install/my_first_package_msgs/share/my_first_package_msgs/hook/ld_library_path_lib.sh'
[4.506s] Level 1:colcon.colcon_core.environment:checking '/home/hyh/install/my_first_package_msgs/bin'
[4.506s] Level 1:colcon.colcon_core.environment:checking '/home/hyh/install/my_first_package_msgs/lib/pkgconfig/my_first_package_msgs.pc'
[4.506s] Level 1:colcon.colcon_core.environment:checking '/home/hyh/install/my_first_package_msgs/lib/python3.10/site-packages'
[4.506s] Level 1:colcon.colcon_core.environment:checking '/home/hyh/install/my_first_package_msgs/bin'
[4.506s] INFO:colcon.colcon_core.shell:Creating package script '/home/hyh/install/my_first_package_msgs/share/my_first_package_msgs/package.ps1'
[4.506s] INFO:colcon.colcon_core.shell:Creating package descriptor '/home/hyh/install/my_first_package_msgs/share/my_first_package_msgs/package.dsv'
[4.507s] INFO:colcon.colcon_core.shell:Creating package script '/home/hyh/install/my_first_package_msgs/share/my_first_package_msgs/package.sh'
[4.507s] INFO:colcon.colcon_core.shell:Creating package script '/home/hyh/install/my_first_package_msgs/share/my_first_package_msgs/package.bash'
[4.507s] INFO:colcon.colcon_core.shell:Creating package script '/home/hyh/install/my_first_package_msgs/share/my_first_package_msgs/package.zsh'
[4.508s] Level 1:colcon.colcon_core.environment:create_file_with_runtime_dependencies(/home/hyh/install/my_first_package_msgs/share/colcon-core/packages/my_first_package_msgs)
[4.508s] DEBUG:colcon.colcon_parallel_executor.executor.parallel:closing loop
[4.508s] DEBUG:colcon.colcon_parallel_executor.executor.parallel:loop closed
[4.508s] DEBUG:colcon.colcon_parallel_executor.executor.parallel:run_until_complete finished with '0'
[4.508s] DEBUG:colcon.colcon_core.event_reactor:joining thread
[4.528s] INFO:colcon.colcon_core.plugin_system:Skipping extension 'colcon_notification.desktop_notification.notify_send': Could not find 'notify-send'
[4.528s] INFO:colcon.colcon_core.plugin_system:Skipping extension 'colcon_notification.desktop_notification.terminal_notifier': Not used on non-Darwin systems
[4.528s] INFO:colcon.colcon_core.plugin_system:Skipping extension 'colcon_notification.desktop_notification.win32': Not used on non-Windows systems
[4.528s] INFO:colcon.colcon_notification.desktop_notification:Sending desktop notification using 'notify2'
[4.528s] DEBUG:colcon.colcon_notification.desktop_notification.notify2:Failed to initialize notify2: org.freedesktop.DBus.Error.FileNotFound: Failed to connect to socket /run/user/1000/bus: No such file or directory
[4.528s] DEBUG:colcon.colcon_core.event_reactor:joined thread
[4.528s] INFO:colcon.colcon_core.shell:Creating prefix script '/home/hyh/install/local_setup.ps1'
[4.529s] INFO:colcon.colcon_core.shell:Creating prefix util module '/home/hyh/install/_local_setup_util_ps1.py'
[4.530s] INFO:colcon.colcon_core.shell:Creating prefix chain script '/home/hyh/install/setup.ps1'
[4.530s] INFO:colcon.colcon_core.shell:Creating prefix script '/home/hyh/install/local_setup.sh'
[4.531s] INFO:colcon.colcon_core.shell:Creating prefix util module '/home/hyh/install/_local_setup_util_sh.py'
[4.531s] INFO:colcon.colcon_core.shell:Creating prefix chain script '/home/hyh/install/setup.sh'
[4.532s] INFO:colcon.colcon_core.shell:Creating prefix script '/home/hyh/install/local_setup.bash'
[4.532s] INFO:colcon.colcon_core.shell:Creating prefix chain script '/home/hyh/install/setup.bash'
[4.532s] INFO:colcon.colcon_core.shell:Creating prefix script '/home/hyh/install/local_setup.zsh'
[4.533s] INFO:colcon.colcon_core.shell:Creating prefix chain script '/home/hyh/install/setup.zsh'
