[0.343s] Invoking command in '/home/hyh/ros2_prct/src/practice_package': PYTHONPATH=/home/hyh/ros2_prct/build/practice_package/prefix_override:/usr/lib/python3/dist-packages/colcon_core/task/python/colcon_distutils_commands:/home/hyh/ros2_prct/install/practice_package/lib/python3.10/site-packages:${PYTHONPATH} /usr/bin/python3 -W ignore:setup.py install is deprecated -W ignore:easy_install command is deprecated setup.py egg_info --egg-base ../../build/practice_package build --build-base /home/hyh/ros2_prct/build/practice_package/build install --record /home/hyh/ros2_prct/build/practice_package/install.log --single-version-externally-managed install_data
[0.475s] running egg_info
[0.476s] writing ../../build/practice_package/practice_package.egg-info/PKG-INFO
[0.476s] writing dependency_links to ../../build/practice_package/practice_package.egg-info/dependency_links.txt
[0.476s] writing entry points to ../../build/practice_package/practice_package.egg-info/entry_points.txt
[0.476s] writing requirements to ../../build/practice_package/practice_package.egg-info/requires.txt
[0.477s] writing top-level names to ../../build/practice_package/practice_package.egg-info/top_level.txt
[0.477s] reading manifest file '../../build/practice_package/practice_package.egg-info/SOURCES.txt'
[0.478s] writing manifest file '../../build/practice_package/practice_package.egg-info/SOURCES.txt'
[0.478s] running build
[0.478s] running build_py
[0.478s] running install
[0.478s] running install_lib
[0.479s] running install_data
[0.479s] running install_egg_info
[0.480s] removing '/home/hyh/ros2_prct/install/practice_package/lib/python3.10/site-packages/practice_package-0.0.0-py3.10.egg-info' (and everything under it)
[0.480s] Copying ../../build/practice_package/practice_package.egg-info to /home/hyh/ros2_prct/install/practice_package/lib/python3.10/site-packages/practice_package-0.0.0-py3.10.egg-info
[0.481s] running install_scripts
[0.493s] Installing practice_node script to /home/hyh/ros2_prct/install/practice_package/lib/practice_package
[0.493s] writing list of installed files to '/home/hyh/ros2_prct/build/practice_package/install.log'
