[0.165s] Invoking command in '/home/hyh/build/my_first_package_msgs': CMAKE_PREFIX_PATH=${CMAKE_PREFIX_PATH}:/home/hyh/ros2_prct/install/practice_package:/home/hyh/ros2_study/install/my_first_package:/opt/ros/humble /usr/bin/cmake /home/hyh/ros2_study/src/my_first_package_msgs -DCMAKE_INSTALL_PREFIX=/home/hyh/install/my_first_package_msgs
[0.323s] -- The C compiler identification is GNU 11.4.0
[0.502s] -- The CXX compiler identification is GNU 11.4.0
[0.654s] -- Detecting C compiler ABI info
[0.726s] -- Detecting C compiler ABI info - done
[0.731s] -- Check for working C compiler: /usr/bin/cc - skipped
[0.731s] -- Detecting C compile features
[0.732s] -- Detecting C compile features - done
[0.734s] -- Detecting CXX compiler ABI info
[0.812s] -- Detecting CXX compiler ABI info - done
[0.816s] -- Check for working CXX compiler: /usr/bin/c++ - skipped
[0.817s] -- Detecting CXX compile features
[0.817s] -- Detecting CXX compile features - done
[0.827s] -- Found ament_cmake: 1.3.12 (/opt/ros/humble/share/ament_cmake/cmake)
[0.918s] -- Found Python3: /usr/bin/python3 (found version "3.10.12") found components: Interpreter 
[0.985s] -- Found rosidl_default_generators: 1.2.0 (/opt/ros/humble/share/rosidl_default_generators/cmake)
[0.989s] -- Using all available rosidl_typesupport_c: rosidl_typesupport_fastrtps_c;rosidl_typesupport_introspection_c
[0.996s] -- Found rosidl_adapter: 3.1.7 (/opt/ros/humble/share/rosidl_adapter/cmake)
[1.101s] -- Using all available rosidl_typesupport_cpp: rosidl_typesupport_fastrtps_cpp;rosidl_typesupport_introspection_cpp
[1.329s] -- Found ament_cmake_ros: 0.10.0 (/opt/ros/humble/share/ament_cmake_ros/cmake)
[1.440s] -- Using all available rosidl_typesupport_c: rosidl_typesupport_fastrtps_c;rosidl_typesupport_introspection_c
[1.585s] -- Using all available rosidl_typesupport_cpp: rosidl_typesupport_fastrtps_cpp;rosidl_typesupport_introspection_cpp
[1.644s] -- Found PythonInterp: /usr/bin/python3 (found suitable version "3.10.12", minimum required is "3.6") 
[1.645s] -- Found python_cmake_module: 0.10.0 (/opt/ros/humble/share/python_cmake_module/cmake)
[1.846s] -- Found PythonLibs: /usr/lib/x86_64-linux-gnu/libpython3.10.so (found suitable version "3.10.12", minimum required is "3.5") 
[1.846s] -- Using PYTHON_EXECUTABLE: /usr/bin/python3
[1.846s] -- Using PYTHON_INCLUDE_DIRS: /usr/include/python3.10
[1.846s] -- Using PYTHON_LIBRARIES: /usr/lib/x86_64-linux-gnu/libpython3.10.so
[1.859s] -- Found PythonExtra: .so  
[1.900s] -- Found ament_lint_auto: 0.12.14 (/opt/ros/humble/share/ament_lint_auto/cmake)
[1.912s] -- Added test 'lint_cmake' to check CMake code style
[1.913s] -- Added test 'xmllint' to check XML markup files
[1.915s] -- Configuring done
[1.943s] -- Generating done
[1.953s] -- Build files have been written to: /home/hyh/build/my_first_package_msgs
[1.957s] Invoked command in '/home/hyh/build/my_first_package_msgs' returned '0': CMAKE_PREFIX_PATH=${CMAKE_PREFIX_PATH}:/home/hyh/ros2_prct/install/practice_package:/home/hyh/ros2_study/install/my_first_package:/opt/ros/humble /usr/bin/cmake /home/hyh/ros2_study/src/my_first_package_msgs -DCMAKE_INSTALL_PREFIX=/home/hyh/install/my_first_package_msgs
[1.958s] Invoking command in '/home/hyh/build/my_first_package_msgs': CMAKE_PREFIX_PATH=${CMAKE_PREFIX_PATH}:/home/hyh/ros2_prct/install/practice_package:/home/hyh/ros2_study/install/my_first_package:/opt/ros/humble /usr/bin/cmake --build /home/hyh/build/my_first_package_msgs -- -j20 -l20
[1.981s] [  2%] [34m[1mGenerating C code for ROS interfaces[0m
[1.987s] [  4%] [34m[1mGenerating C++ code for ROS interfaces[0m
[1.992s] [  4%] Built target ament_cmake_python_copy_my_first_package_msgs
[2.195s] running egg_info
[2.195s] creating my_first_package_msgs.egg-info
[2.196s] writing my_first_package_msgs.egg-info/PKG-INFO
[2.196s] writing dependency_links to my_first_package_msgs.egg-info/dependency_links.txt
[2.196s] writing top-level names to my_first_package_msgs.egg-info/top_level.txt
[2.196s] writing manifest file 'my_first_package_msgs.egg-info/SOURCES.txt'
[2.198s] reading manifest file 'my_first_package_msgs.egg-info/SOURCES.txt'
[2.199s] writing manifest file 'my_first_package_msgs.egg-info/SOURCES.txt'
[2.218s] [  4%] Built target ament_cmake_python_build_my_first_package_msgs_egg
[2.379s] [  6%] [32mBuilding C object CMakeFiles/my_first_package_msgs__rosidl_generator_c.dir/rosidl_generator_c/my_first_package_msgs/srv/detail/multi_spawn__functions.c.o[0m
[2.379s] [  8%] [32mBuilding C object CMakeFiles/my_first_package_msgs__rosidl_generator_c.dir/rosidl_generator_c/my_first_package_msgs/action/detail/dist_turtle__functions.c.o[0m
[2.380s] [ 10%] [32mBuilding C object CMakeFiles/my_first_package_msgs__rosidl_generator_c.dir/rosidl_generator_c/my_first_package_msgs/msg/detail/cmd_and_pose_vel__functions.c.o[0m
[2.406s] [ 10%] Built target my_first_package_msgs__cpp
[2.412s] [ 12%] [34m[1mGenerating C++ type support dispatch for ROS interfaces[0m
[2.413s] [ 14%] [34m[1mGenerating C++ type support for eProsima Fast-RTPS[0m
[2.414s] [ 17%] [34m[1mGenerating C++ introspection for ROS interfaces[0m
[2.491s] [ 19%] [32m[1mLinking C shared library libmy_first_package_msgs__rosidl_generator_c.so[0m
[2.560s] [ 19%] Built target my_first_package_msgs__rosidl_generator_c
[2.566s] [ 21%] [34m[1mGenerating C type support for eProsima Fast-RTPS[0m
[2.567s] [ 23%] [34m[1mGenerating C type support dispatch for ROS interfaces[0m
[2.567s] [ 25%] [34m[1mGenerating C introspection for ROS interfaces[0m
[2.675s] [ 29%] [32mBuilding CXX object CMakeFiles/my_first_package_msgs__rosidl_typesupport_cpp.dir/rosidl_typesupport_cpp/my_first_package_msgs/msg/cmd_and_pose_vel__type_support.cpp.o[0m
[2.675s] [ 29%] [32mBuilding CXX object CMakeFiles/my_first_package_msgs__rosidl_typesupport_cpp.dir/rosidl_typesupport_cpp/my_first_package_msgs/srv/multi_spawn__type_support.cpp.o[0m
[2.678s] [ 31%] [32mBuilding CXX object CMakeFiles/my_first_package_msgs__rosidl_typesupport_cpp.dir/rosidl_typesupport_cpp/my_first_package_msgs/action/dist_turtle__type_support.cpp.o[0m
[2.737s] [ 34%] [32mBuilding CXX object CMakeFiles/my_first_package_msgs__rosidl_typesupport_introspection_cpp.dir/rosidl_typesupport_introspection_cpp/my_first_package_msgs/msg/detail/cmd_and_pose_vel__type_support.cpp.o[0m
[2.739s] [ 36%] [32mBuilding CXX object CMakeFiles/my_first_package_msgs__rosidl_typesupport_introspection_cpp.dir/rosidl_typesupport_introspection_cpp/my_first_package_msgs/action/detail/dist_turtle__type_support.cpp.o[0m
[2.739s] [ 38%] [32mBuilding CXX object CMakeFiles/my_first_package_msgs__rosidl_typesupport_introspection_cpp.dir/rosidl_typesupport_introspection_cpp/my_first_package_msgs/srv/detail/multi_spawn__type_support.cpp.o[0m
[2.785s] [ 40%] [32mBuilding CXX object CMakeFiles/my_first_package_msgs__rosidl_typesupport_fastrtps_cpp.dir/rosidl_typesupport_fastrtps_cpp/my_first_package_msgs/msg/detail/dds_fastrtps/cmd_and_pose_vel__type_support.cpp.o[0m
[2.786s] [ 42%] [32mBuilding CXX object CMakeFiles/my_first_package_msgs__rosidl_typesupport_fastrtps_cpp.dir/rosidl_typesupport_fastrtps_cpp/my_first_package_msgs/action/detail/dds_fastrtps/dist_turtle__type_support.cpp.o[0m
[2.786s] [ 44%] [32mBuilding CXX object CMakeFiles/my_first_package_msgs__rosidl_typesupport_fastrtps_cpp.dir/rosidl_typesupport_fastrtps_cpp/my_first_package_msgs/srv/detail/dds_fastrtps/multi_spawn__type_support.cpp.o[0m
[2.810s] [ 46%] [32mBuilding CXX object CMakeFiles/my_first_package_msgs__rosidl_typesupport_c.dir/rosidl_typesupport_c/my_first_package_msgs/msg/cmd_and_pose_vel__type_support.cpp.o[0m
[2.813s] [ 48%] [32mBuilding CXX object CMakeFiles/my_first_package_msgs__rosidl_typesupport_c.dir/rosidl_typesupport_c/my_first_package_msgs/srv/multi_spawn__type_support.cpp.o[0m
[2.814s] [ 51%] [32mBuilding CXX object CMakeFiles/my_first_package_msgs__rosidl_typesupport_c.dir/rosidl_typesupport_c/my_first_package_msgs/action/dist_turtle__type_support.cpp.o[0m
[2.853s] [ 53%] [32m[1mLinking CXX shared library libmy_first_package_msgs__rosidl_typesupport_c.so[0m
[2.928s] [ 55%] [32mBuilding C object CMakeFiles/my_first_package_msgs__rosidl_typesupport_introspection_c.dir/rosidl_typesupport_introspection_c/my_first_package_msgs/srv/detail/multi_spawn__type_support.c.o[0m
[2.928s] [ 57%] [32mBuilding C object CMakeFiles/my_first_package_msgs__rosidl_typesupport_introspection_c.dir/rosidl_typesupport_introspection_c/my_first_package_msgs/action/detail/dist_turtle__type_support.c.o[0m
[2.929s] [ 59%] [32mBuilding C object CMakeFiles/my_first_package_msgs__rosidl_typesupport_introspection_c.dir/rosidl_typesupport_introspection_c/my_first_package_msgs/msg/detail/cmd_and_pose_vel__type_support.c.o[0m
[2.961s] [ 63%] [32mBuilding CXX object CMakeFiles/my_first_package_msgs__rosidl_typesupport_fastrtps_c.dir/rosidl_typesupport_fastrtps_c/my_first_package_msgs/srv/detail/multi_spawn__type_support_c.cpp.o[0m
[2.962s] [ 63%] [32mBuilding CXX object CMakeFiles/my_first_package_msgs__rosidl_typesupport_fastrtps_c.dir/rosidl_typesupport_fastrtps_c/my_first_package_msgs/msg/detail/cmd_and_pose_vel__type_support_c.cpp.o[0m
[2.962s] [ 65%] [32mBuilding CXX object CMakeFiles/my_first_package_msgs__rosidl_typesupport_fastrtps_c.dir/rosidl_typesupport_fastrtps_c/my_first_package_msgs/action/detail/dist_turtle__type_support_c.cpp.o[0m
[2.976s] [ 68%] [32m[1mLinking C shared library libmy_first_package_msgs__rosidl_typesupport_introspection_c.so[0m
[2.979s] [ 68%] Built target my_first_package_msgs__rosidl_typesupport_c
[3.042s] [ 70%] [32m[1mLinking CXX shared library libmy_first_package_msgs__rosidl_typesupport_cpp.so[0m
[3.075s] [ 70%] Built target my_first_package_msgs__rosidl_typesupport_introspection_c
[3.135s] [ 70%] Built target my_first_package_msgs__rosidl_typesupport_cpp
[3.181s] [ 72%] [32m[1mLinking CXX shared library libmy_first_package_msgs__rosidl_typesupport_introspection_cpp.so[0m
[3.206s] [ 74%] [32m[1mLinking CXX shared library libmy_first_package_msgs__rosidl_typesupport_fastrtps_cpp.so[0m
[3.213s] [ 76%] [32m[1mLinking CXX shared library libmy_first_package_msgs__rosidl_typesupport_fastrtps_c.so[0m
[3.275s] [ 76%] Built target my_first_package_msgs__rosidl_typesupport_introspection_cpp
[3.287s] [ 76%] Built target my_first_package_msgs__rosidl_typesupport_fastrtps_cpp
[3.298s] [ 76%] Built target my_first_package_msgs__rosidl_typesupport_fastrtps_c
[3.310s] [ 76%] Built target my_first_package_msgs
[3.322s] [ 78%] [34m[1mGenerating Python code for ROS interfaces[0m
[3.873s] [ 78%] Built target my_first_package_msgs__py
[3.884s] [ 80%] [32mBuilding C object CMakeFiles/my_first_package_msgs__rosidl_generator_py.dir/rosidl_generator_py/my_first_package_msgs/msg/_cmd_and_pose_vel_s.c.o[0m
[3.884s] [ 82%] [32mBuilding C object CMakeFiles/my_first_package_msgs__rosidl_generator_py.dir/rosidl_generator_py/my_first_package_msgs/srv/_multi_spawn_s.c.o[0m
[3.884s] [ 85%] [32mBuilding C object CMakeFiles/my_first_package_msgs__rosidl_generator_py.dir/rosidl_generator_py/my_first_package_msgs/action/_dist_turtle_s.c.o[0m
[3.960s] [ 87%] [32m[1mLinking C shared library rosidl_generator_py/my_first_package_msgs/libmy_first_package_msgs__rosidl_generator_py.so[0m
[4.023s] [ 87%] Built target my_first_package_msgs__rosidl_generator_py
[4.035s] [ 89%] [32mBuilding C object CMakeFiles/my_first_package_msgs__rosidl_typesupport_introspection_c__pyext.dir/rosidl_generator_py/my_first_package_msgs/_my_first_package_msgs_s.ep.rosidl_typesupport_introspection_c.c.o[0m
[4.035s] [ 91%] [32mBuilding C object CMakeFiles/my_first_package_msgs__rosidl_typesupport_fastrtps_c__pyext.dir/rosidl_generator_py/my_first_package_msgs/_my_first_package_msgs_s.ep.rosidl_typesupport_fastrtps_c.c.o[0m
[4.035s] [ 93%] [32mBuilding C object CMakeFiles/my_first_package_msgs__rosidl_typesupport_c__pyext.dir/rosidl_generator_py/my_first_package_msgs/_my_first_package_msgs_s.ep.rosidl_typesupport_c.c.o[0m
[4.103s] [ 95%] [32m[1mLinking C shared library rosidl_generator_py/my_first_package_msgs/my_first_package_msgs_s__rosidl_typesupport_introspection_c.cpython-310-x86_64-linux-gnu.so[0m
[4.103s] [100%] [32m[1mLinking C shared library rosidl_generator_py/my_first_package_msgs/my_first_package_msgs_s__rosidl_typesupport_fastrtps_c.cpython-310-x86_64-linux-gnu.so[0m
[4.103s] [100%] [32m[1mLinking C shared library rosidl_generator_py/my_first_package_msgs/my_first_package_msgs_s__rosidl_typesupport_c.cpython-310-x86_64-linux-gnu.so[0m
[4.143s] [100%] Built target my_first_package_msgs__rosidl_typesupport_fastrtps_c__pyext
[4.143s] [100%] Built target my_first_package_msgs__rosidl_typesupport_introspection_c__pyext
[4.143s] [100%] Built target my_first_package_msgs__rosidl_typesupport_c__pyext
[4.150s] Invoked command in '/home/hyh/build/my_first_package_msgs' returned '0': CMAKE_PREFIX_PATH=${CMAKE_PREFIX_PATH}:/home/hyh/ros2_prct/install/practice_package:/home/hyh/ros2_study/install/my_first_package:/opt/ros/humble /usr/bin/cmake --build /home/hyh/build/my_first_package_msgs -- -j20 -l20
[4.151s] Invoking command in '/home/hyh/build/my_first_package_msgs': CMAKE_PREFIX_PATH=${CMAKE_PREFIX_PATH}:/home/hyh/ros2_prct/install/practice_package:/home/hyh/ros2_study/install/my_first_package:/opt/ros/humble /usr/bin/cmake --install /home/hyh/build/my_first_package_msgs
[4.156s] -- Install configuration: ""
[4.156s] -- Installing: /home/hyh/install/my_first_package_msgs/share/ament_index/resource_index/rosidl_interfaces/my_first_package_msgs
[4.156s] -- Installing: /home/hyh/install/my_first_package_msgs/include/my_first_package_msgs/my_first_package_msgs
[4.156s] -- Installing: /home/hyh/install/my_first_package_msgs/include/my_first_package_msgs/my_first_package_msgs/msg
[4.157s] -- Installing: /home/hyh/install/my_first_package_msgs/include/my_first_package_msgs/my_first_package_msgs/msg/detail
[4.157s] -- Installing: /home/hyh/install/my_first_package_msgs/include/my_first_package_msgs/my_first_package_msgs/msg/detail/cmd_and_pose_vel__functions.h
[4.157s] -- Installing: /home/hyh/install/my_first_package_msgs/include/my_first_package_msgs/my_first_package_msgs/msg/detail/cmd_and_pose_vel__struct.h
[4.157s] -- Installing: /home/hyh/install/my_first_package_msgs/include/my_first_package_msgs/my_first_package_msgs/msg/detail/cmd_and_pose_vel__type_support.h
[4.157s] -- Installing: /home/hyh/install/my_first_package_msgs/include/my_first_package_msgs/my_first_package_msgs/msg/detail/cmd_and_pose_vel__functions.c
[4.157s] -- Installing: /home/hyh/install/my_first_package_msgs/include/my_first_package_msgs/my_first_package_msgs/msg/rosidl_generator_c__visibility_control.h
[4.157s] -- Installing: /home/hyh/install/my_first_package_msgs/include/my_first_package_msgs/my_first_package_msgs/msg/cmd_and_pose_vel.h
[4.157s] -- Installing: /home/hyh/install/my_first_package_msgs/include/my_first_package_msgs/my_first_package_msgs/action
[4.157s] -- Installing: /home/hyh/install/my_first_package_msgs/include/my_first_package_msgs/my_first_package_msgs/action/detail
[4.158s] -- Installing: /home/hyh/install/my_first_package_msgs/include/my_first_package_msgs/my_first_package_msgs/action/detail/dist_turtle__type_support.h
[4.158s] -- Installing: /home/hyh/install/my_first_package_msgs/include/my_first_package_msgs/my_first_package_msgs/action/detail/dist_turtle__struct.h
[4.158s] -- Installing: /home/hyh/install/my_first_package_msgs/include/my_first_package_msgs/my_first_package_msgs/action/detail/dist_turtle__functions.c
[4.158s] -- Installing: /home/hyh/install/my_first_package_msgs/include/my_first_package_msgs/my_first_package_msgs/action/detail/dist_turtle__functions.h
[4.158s] -- Installing: /home/hyh/install/my_first_package_msgs/include/my_first_package_msgs/my_first_package_msgs/action/dist_turtle.h
[4.158s] -- Installing: /home/hyh/install/my_first_package_msgs/include/my_first_package_msgs/my_first_package_msgs/srv
[4.158s] -- Installing: /home/hyh/install/my_first_package_msgs/include/my_first_package_msgs/my_first_package_msgs/srv/multi_spawn.h
[4.158s] -- Installing: /home/hyh/install/my_first_package_msgs/include/my_first_package_msgs/my_first_package_msgs/srv/detail
[4.158s] -- Installing: /home/hyh/install/my_first_package_msgs/include/my_first_package_msgs/my_first_package_msgs/srv/detail/multi_spawn__struct.h
[4.158s] -- Installing: /home/hyh/install/my_first_package_msgs/include/my_first_package_msgs/my_first_package_msgs/srv/detail/multi_spawn__type_support.h
[4.158s] -- Installing: /home/hyh/install/my_first_package_msgs/include/my_first_package_msgs/my_first_package_msgs/srv/detail/multi_spawn__functions.c
[4.159s] -- Installing: /home/hyh/install/my_first_package_msgs/include/my_first_package_msgs/my_first_package_msgs/srv/detail/multi_spawn__functions.h
[4.159s] -- Installing: /home/hyh/install/my_first_package_msgs/share/my_first_package_msgs/environment/library_path.sh
[4.159s] -- Installing: /home/hyh/install/my_first_package_msgs/share/my_first_package_msgs/environment/library_path.dsv
[4.159s] -- Installing: /home/hyh/install/my_first_package_msgs/lib/libmy_first_package_msgs__rosidl_generator_c.so
[4.159s] -- Set runtime path of "/home/hyh/install/my_first_package_msgs/lib/libmy_first_package_msgs__rosidl_generator_c.so" to ""
[4.159s] -- Up-to-date: /home/hyh/install/my_first_package_msgs/include/my_first_package_msgs/my_first_package_msgs
[4.159s] -- Up-to-date: /home/hyh/install/my_first_package_msgs/include/my_first_package_msgs/my_first_package_msgs/msg
[4.159s] -- Up-to-date: /home/hyh/install/my_first_package_msgs/include/my_first_package_msgs/my_first_package_msgs/msg/detail
[4.159s] -- Installing: /home/hyh/install/my_first_package_msgs/include/my_first_package_msgs/my_first_package_msgs/msg/detail/cmd_and_pose_vel__rosidl_typesupport_fastrtps_c.h
[4.160s] -- Installing: /home/hyh/install/my_first_package_msgs/include/my_first_package_msgs/my_first_package_msgs/msg/rosidl_typesupport_fastrtps_c__visibility_control.h
[4.160s] -- Up-to-date: /home/hyh/install/my_first_package_msgs/include/my_first_package_msgs/my_first_package_msgs/action
[4.160s] -- Up-to-date: /home/hyh/install/my_first_package_msgs/include/my_first_package_msgs/my_first_package_msgs/action/detail
[4.160s] -- Installing: /home/hyh/install/my_first_package_msgs/include/my_first_package_msgs/my_first_package_msgs/action/detail/dist_turtle__rosidl_typesupport_fastrtps_c.h
[4.160s] -- Up-to-date: /home/hyh/install/my_first_package_msgs/include/my_first_package_msgs/my_first_package_msgs/srv
[4.160s] -- Up-to-date: /home/hyh/install/my_first_package_msgs/include/my_first_package_msgs/my_first_package_msgs/srv/detail
[4.160s] -- Installing: /home/hyh/install/my_first_package_msgs/include/my_first_package_msgs/my_first_package_msgs/srv/detail/multi_spawn__rosidl_typesupport_fastrtps_c.h
[4.160s] -- Installing: /home/hyh/install/my_first_package_msgs/lib/libmy_first_package_msgs__rosidl_typesupport_fastrtps_c.so
[4.160s] -- Set runtime path of "/home/hyh/install/my_first_package_msgs/lib/libmy_first_package_msgs__rosidl_typesupport_fastrtps_c.so" to ""
[4.161s] -- Up-to-date: /home/hyh/install/my_first_package_msgs/include/my_first_package_msgs/my_first_package_msgs
[4.161s] -- Up-to-date: /home/hyh/install/my_first_package_msgs/include/my_first_package_msgs/my_first_package_msgs/msg
[4.161s] -- Up-to-date: /home/hyh/install/my_first_package_msgs/include/my_first_package_msgs/my_first_package_msgs/msg/detail
[4.161s] -- Installing: /home/hyh/install/my_first_package_msgs/include/my_first_package_msgs/my_first_package_msgs/msg/detail/cmd_and_pose_vel__type_support.c
[4.161s] -- Installing: /home/hyh/install/my_first_package_msgs/include/my_first_package_msgs/my_first_package_msgs/msg/detail/cmd_and_pose_vel__rosidl_typesupport_introspection_c.h
[4.161s] -- Installing: /home/hyh/install/my_first_package_msgs/include/my_first_package_msgs/my_first_package_msgs/msg/rosidl_typesupport_introspection_c__visibility_control.h
[4.161s] -- Up-to-date: /home/hyh/install/my_first_package_msgs/include/my_first_package_msgs/my_first_package_msgs/action
[4.161s] -- Up-to-date: /home/hyh/install/my_first_package_msgs/include/my_first_package_msgs/my_first_package_msgs/action/detail
[4.161s] -- Installing: /home/hyh/install/my_first_package_msgs/include/my_first_package_msgs/my_first_package_msgs/action/detail/dist_turtle__type_support.c
[4.162s] -- Installing: /home/hyh/install/my_first_package_msgs/include/my_first_package_msgs/my_first_package_msgs/action/detail/dist_turtle__rosidl_typesupport_introspection_c.h
[4.162s] -- Up-to-date: /home/hyh/install/my_first_package_msgs/include/my_first_package_msgs/my_first_package_msgs/srv
[4.162s] -- Up-to-date: /home/hyh/install/my_first_package_msgs/include/my_first_package_msgs/my_first_package_msgs/srv/detail
[4.162s] -- Installing: /home/hyh/install/my_first_package_msgs/include/my_first_package_msgs/my_first_package_msgs/srv/detail/multi_spawn__type_support.c
[4.162s] -- Installing: /home/hyh/install/my_first_package_msgs/include/my_first_package_msgs/my_first_package_msgs/srv/detail/multi_spawn__rosidl_typesupport_introspection_c.h
[4.162s] -- Installing: /home/hyh/install/my_first_package_msgs/lib/libmy_first_package_msgs__rosidl_typesupport_introspection_c.so
[4.162s] -- Set runtime path of "/home/hyh/install/my_first_package_msgs/lib/libmy_first_package_msgs__rosidl_typesupport_introspection_c.so" to ""
[4.162s] -- Installing: /home/hyh/install/my_first_package_msgs/lib/libmy_first_package_msgs__rosidl_typesupport_c.so
[4.162s] -- Set runtime path of "/home/hyh/install/my_first_package_msgs/lib/libmy_first_package_msgs__rosidl_typesupport_c.so" to ""
[4.163s] -- Up-to-date: /home/hyh/install/my_first_package_msgs/include/my_first_package_msgs/my_first_package_msgs
[4.163s] -- Up-to-date: /home/hyh/install/my_first_package_msgs/include/my_first_package_msgs/my_first_package_msgs/msg
[4.163s] -- Up-to-date: /home/hyh/install/my_first_package_msgs/include/my_first_package_msgs/my_first_package_msgs/msg/detail
[4.163s] -- Installing: /home/hyh/install/my_first_package_msgs/include/my_first_package_msgs/my_first_package_msgs/msg/detail/cmd_and_pose_vel__traits.hpp
[4.163s] -- Installing: /home/hyh/install/my_first_package_msgs/include/my_first_package_msgs/my_first_package_msgs/msg/detail/cmd_and_pose_vel__type_support.hpp
[4.163s] -- Installing: /home/hyh/install/my_first_package_msgs/include/my_first_package_msgs/my_first_package_msgs/msg/detail/cmd_and_pose_vel__builder.hpp
[4.163s] -- Installing: /home/hyh/install/my_first_package_msgs/include/my_first_package_msgs/my_first_package_msgs/msg/detail/cmd_and_pose_vel__struct.hpp
[4.163s] -- Installing: /home/hyh/install/my_first_package_msgs/include/my_first_package_msgs/my_first_package_msgs/msg/rosidl_generator_cpp__visibility_control.hpp
[4.163s] -- Installing: /home/hyh/install/my_first_package_msgs/include/my_first_package_msgs/my_first_package_msgs/msg/cmd_and_pose_vel.hpp
[4.164s] -- Up-to-date: /home/hyh/install/my_first_package_msgs/include/my_first_package_msgs/my_first_package_msgs/action
[4.164s] -- Installing: /home/hyh/install/my_first_package_msgs/include/my_first_package_msgs/my_first_package_msgs/action/dist_turtle.hpp
[4.164s] -- Up-to-date: /home/hyh/install/my_first_package_msgs/include/my_first_package_msgs/my_first_package_msgs/action/detail
[4.164s] -- Installing: /home/hyh/install/my_first_package_msgs/include/my_first_package_msgs/my_first_package_msgs/action/detail/dist_turtle__traits.hpp
[4.164s] -- Installing: /home/hyh/install/my_first_package_msgs/include/my_first_package_msgs/my_first_package_msgs/action/detail/dist_turtle__builder.hpp
[4.164s] -- Installing: /home/hyh/install/my_first_package_msgs/include/my_first_package_msgs/my_first_package_msgs/action/detail/dist_turtle__struct.hpp
[4.164s] -- Installing: /home/hyh/install/my_first_package_msgs/include/my_first_package_msgs/my_first_package_msgs/action/detail/dist_turtle__type_support.hpp
[4.164s] -- Up-to-date: /home/hyh/install/my_first_package_msgs/include/my_first_package_msgs/my_first_package_msgs/srv
[4.164s] -- Installing: /home/hyh/install/my_first_package_msgs/include/my_first_package_msgs/my_first_package_msgs/srv/multi_spawn.hpp
[4.164s] -- Up-to-date: /home/hyh/install/my_first_package_msgs/include/my_first_package_msgs/my_first_package_msgs/srv/detail
[4.164s] -- Installing: /home/hyh/install/my_first_package_msgs/include/my_first_package_msgs/my_first_package_msgs/srv/detail/multi_spawn__traits.hpp
[4.165s] -- Installing: /home/hyh/install/my_first_package_msgs/include/my_first_package_msgs/my_first_package_msgs/srv/detail/multi_spawn__struct.hpp
[4.165s] -- Installing: /home/hyh/install/my_first_package_msgs/include/my_first_package_msgs/my_first_package_msgs/srv/detail/multi_spawn__builder.hpp
[4.165s] -- Installing: /home/hyh/install/my_first_package_msgs/include/my_first_package_msgs/my_first_package_msgs/srv/detail/multi_spawn__type_support.hpp
[4.165s] -- Up-to-date: /home/hyh/install/my_first_package_msgs/include/my_first_package_msgs/my_first_package_msgs
[4.165s] -- Up-to-date: /home/hyh/install/my_first_package_msgs/include/my_first_package_msgs/my_first_package_msgs/msg
[4.165s] -- Up-to-date: /home/hyh/install/my_first_package_msgs/include/my_first_package_msgs/my_first_package_msgs/msg/detail
[4.165s] -- Installing: /home/hyh/install/my_first_package_msgs/include/my_first_package_msgs/my_first_package_msgs/msg/detail/dds_fastrtps
[4.165s] -- Installing: /home/hyh/install/my_first_package_msgs/include/my_first_package_msgs/my_first_package_msgs/msg/detail/cmd_and_pose_vel__rosidl_typesupport_fastrtps_cpp.hpp
[4.165s] -- Installing: /home/hyh/install/my_first_package_msgs/include/my_first_package_msgs/my_first_package_msgs/msg/rosidl_typesupport_fastrtps_cpp__visibility_control.h
[4.166s] -- Up-to-date: /home/hyh/install/my_first_package_msgs/include/my_first_package_msgs/my_first_package_msgs/action
[4.166s] -- Up-to-date: /home/hyh/install/my_first_package_msgs/include/my_first_package_msgs/my_first_package_msgs/action/detail
[4.166s] -- Installing: /home/hyh/install/my_first_package_msgs/include/my_first_package_msgs/my_first_package_msgs/action/detail/dds_fastrtps
[4.166s] -- Installing: /home/hyh/install/my_first_package_msgs/include/my_first_package_msgs/my_first_package_msgs/action/detail/dist_turtle__rosidl_typesupport_fastrtps_cpp.hpp
[4.166s] -- Up-to-date: /home/hyh/install/my_first_package_msgs/include/my_first_package_msgs/my_first_package_msgs/srv
[4.166s] -- Up-to-date: /home/hyh/install/my_first_package_msgs/include/my_first_package_msgs/my_first_package_msgs/srv/detail
[4.166s] -- Installing: /home/hyh/install/my_first_package_msgs/include/my_first_package_msgs/my_first_package_msgs/srv/detail/dds_fastrtps
[4.166s] -- Installing: /home/hyh/install/my_first_package_msgs/include/my_first_package_msgs/my_first_package_msgs/srv/detail/multi_spawn__rosidl_typesupport_fastrtps_cpp.hpp
[4.166s] -- Installing: /home/hyh/install/my_first_package_msgs/lib/libmy_first_package_msgs__rosidl_typesupport_fastrtps_cpp.so
[4.166s] -- Set runtime path of "/home/hyh/install/my_first_package_msgs/lib/libmy_first_package_msgs__rosidl_typesupport_fastrtps_cpp.so" to ""
[4.166s] -- Up-to-date: /home/hyh/install/my_first_package_msgs/include/my_first_package_msgs/my_first_package_msgs
[4.167s] -- Up-to-date: /home/hyh/install/my_first_package_msgs/include/my_first_package_msgs/my_first_package_msgs/msg
[4.167s] -- Up-to-date: /home/hyh/install/my_first_package_msgs/include/my_first_package_msgs/my_first_package_msgs/msg/detail
[4.167s] -- Installing: /home/hyh/install/my_first_package_msgs/include/my_first_package_msgs/my_first_package_msgs/msg/detail/cmd_and_pose_vel__type_support.cpp
[4.167s] -- Installing: /home/hyh/install/my_first_package_msgs/include/my_first_package_msgs/my_first_package_msgs/msg/detail/cmd_and_pose_vel__rosidl_typesupport_introspection_cpp.hpp
[4.167s] -- Up-to-date: /home/hyh/install/my_first_package_msgs/include/my_first_package_msgs/my_first_package_msgs/action
[4.167s] -- Up-to-date: /home/hyh/install/my_first_package_msgs/include/my_first_package_msgs/my_first_package_msgs/action/detail
[4.167s] -- Installing: /home/hyh/install/my_first_package_msgs/include/my_first_package_msgs/my_first_package_msgs/action/detail/dist_turtle__rosidl_typesupport_introspection_cpp.hpp
[4.167s] -- Installing: /home/hyh/install/my_first_package_msgs/include/my_first_package_msgs/my_first_package_msgs/action/detail/dist_turtle__type_support.cpp
[4.167s] -- Up-to-date: /home/hyh/install/my_first_package_msgs/include/my_first_package_msgs/my_first_package_msgs/srv
[4.167s] -- Up-to-date: /home/hyh/install/my_first_package_msgs/include/my_first_package_msgs/my_first_package_msgs/srv/detail
[4.167s] -- Installing: /home/hyh/install/my_first_package_msgs/include/my_first_package_msgs/my_first_package_msgs/srv/detail/multi_spawn__rosidl_typesupport_introspection_cpp.hpp
[4.167s] -- Installing: /home/hyh/install/my_first_package_msgs/include/my_first_package_msgs/my_first_package_msgs/srv/detail/multi_spawn__type_support.cpp
[4.167s] -- Installing: /home/hyh/install/my_first_package_msgs/lib/libmy_first_package_msgs__rosidl_typesupport_introspection_cpp.so
[4.167s] -- Set runtime path of "/home/hyh/install/my_first_package_msgs/lib/libmy_first_package_msgs__rosidl_typesupport_introspection_cpp.so" to ""
[4.167s] -- Installing: /home/hyh/install/my_first_package_msgs/lib/libmy_first_package_msgs__rosidl_typesupport_cpp.so
[4.167s] -- Set runtime path of "/home/hyh/install/my_first_package_msgs/lib/libmy_first_package_msgs__rosidl_typesupport_cpp.so" to ""
[4.168s] -- Installing: /home/hyh/install/my_first_package_msgs/share/my_first_package_msgs/environment/pythonpath.sh
[4.168s] -- Installing: /home/hyh/install/my_first_package_msgs/share/my_first_package_msgs/environment/pythonpath.dsv
[4.168s] -- Installing: /home/hyh/install/my_first_package_msgs/local/lib/python3.10/dist-packages/my_first_package_msgs-0.0.0-py3.10.egg-info
[4.168s] -- Installing: /home/hyh/install/my_first_package_msgs/local/lib/python3.10/dist-packages/my_first_package_msgs-0.0.0-py3.10.egg-info/dependency_links.txt
[4.168s] -- Installing: /home/hyh/install/my_first_package_msgs/local/lib/python3.10/dist-packages/my_first_package_msgs-0.0.0-py3.10.egg-info/SOURCES.txt
[4.168s] -- Installing: /home/hyh/install/my_first_package_msgs/local/lib/python3.10/dist-packages/my_first_package_msgs-0.0.0-py3.10.egg-info/PKG-INFO
[4.168s] -- Installing: /home/hyh/install/my_first_package_msgs/local/lib/python3.10/dist-packages/my_first_package_msgs-0.0.0-py3.10.egg-info/top_level.txt
[4.168s] -- Installing: /home/hyh/install/my_first_package_msgs/local/lib/python3.10/dist-packages/my_first_package_msgs
[4.168s] -- Installing: /home/hyh/install/my_first_package_msgs/local/lib/python3.10/dist-packages/my_first_package_msgs/__init__.py
[4.168s] -- Installing: /home/hyh/install/my_first_package_msgs/local/lib/python3.10/dist-packages/my_first_package_msgs/msg
[4.168s] -- Installing: /home/hyh/install/my_first_package_msgs/local/lib/python3.10/dist-packages/my_first_package_msgs/msg/_cmd_and_pose_vel.py
[4.168s] -- Installing: /home/hyh/install/my_first_package_msgs/local/lib/python3.10/dist-packages/my_first_package_msgs/msg/__init__.py
[4.168s] -- Installing: /home/hyh/install/my_first_package_msgs/local/lib/python3.10/dist-packages/my_first_package_msgs/msg/_cmd_and_pose_vel_s.c
[4.168s] -- Installing: /home/hyh/install/my_first_package_msgs/local/lib/python3.10/dist-packages/my_first_package_msgs/my_first_package_msgs_s__rosidl_typesupport_fastrtps_c.cpython-310-x86_64-linux-gnu.so
[4.168s] -- Installing: /home/hyh/install/my_first_package_msgs/local/lib/python3.10/dist-packages/my_first_package_msgs/_my_first_package_msgs_s.ep.rosidl_typesupport_fastrtps_c.c
[4.169s] -- Installing: /home/hyh/install/my_first_package_msgs/local/lib/python3.10/dist-packages/my_first_package_msgs/my_first_package_msgs_s__rosidl_typesupport_c.cpython-310-x86_64-linux-gnu.so
[4.169s] -- Installing: /home/hyh/install/my_first_package_msgs/local/lib/python3.10/dist-packages/my_first_package_msgs/action
[4.169s] -- Installing: /home/hyh/install/my_first_package_msgs/local/lib/python3.10/dist-packages/my_first_package_msgs/action/__init__.py
[4.169s] -- Installing: /home/hyh/install/my_first_package_msgs/local/lib/python3.10/dist-packages/my_first_package_msgs/action/_dist_turtle_s.c
[4.169s] -- Installing: /home/hyh/install/my_first_package_msgs/local/lib/python3.10/dist-packages/my_first_package_msgs/action/_dist_turtle.py
[4.169s] -- Installing: /home/hyh/install/my_first_package_msgs/local/lib/python3.10/dist-packages/my_first_package_msgs/srv
[4.169s] -- Installing: /home/hyh/install/my_first_package_msgs/local/lib/python3.10/dist-packages/my_first_package_msgs/srv/__init__.py
[4.169s] -- Installing: /home/hyh/install/my_first_package_msgs/local/lib/python3.10/dist-packages/my_first_package_msgs/srv/_multi_spawn.py
[4.169s] -- Installing: /home/hyh/install/my_first_package_msgs/local/lib/python3.10/dist-packages/my_first_package_msgs/srv/_multi_spawn_s.c
[4.169s] -- Installing: /home/hyh/install/my_first_package_msgs/local/lib/python3.10/dist-packages/my_first_package_msgs/my_first_package_msgs_s__rosidl_typesupport_introspection_c.cpython-310-x86_64-linux-gnu.so
[4.169s] -- Installing: /home/hyh/install/my_first_package_msgs/local/lib/python3.10/dist-packages/my_first_package_msgs/_my_first_package_msgs_s.ep.rosidl_typesupport_introspection_c.c
[4.169s] -- Installing: /home/hyh/install/my_first_package_msgs/local/lib/python3.10/dist-packages/my_first_package_msgs/libmy_first_package_msgs__rosidl_generator_py.so
[4.169s] -- Installing: /home/hyh/install/my_first_package_msgs/local/lib/python3.10/dist-packages/my_first_package_msgs/_my_first_package_msgs_s.ep.rosidl_typesupport_c.c
[4.193s] Listing '/home/hyh/install/my_first_package_msgs/local/lib/python3.10/dist-packages/my_first_package_msgs'...
[4.194s] Compiling '/home/hyh/install/my_first_package_msgs/local/lib/python3.10/dist-packages/my_first_package_msgs/__init__.py'...
[4.194s] Listing '/home/hyh/install/my_first_package_msgs/local/lib/python3.10/dist-packages/my_first_package_msgs/action'...
[4.194s] Compiling '/home/hyh/install/my_first_package_msgs/local/lib/python3.10/dist-packages/my_first_package_msgs/action/__init__.py'...
[4.194s] Compiling '/home/hyh/install/my_first_package_msgs/local/lib/python3.10/dist-packages/my_first_package_msgs/action/_dist_turtle.py'...
[4.194s] Listing '/home/hyh/install/my_first_package_msgs/local/lib/python3.10/dist-packages/my_first_package_msgs/msg'...
[4.194s] Compiling '/home/hyh/install/my_first_package_msgs/local/lib/python3.10/dist-packages/my_first_package_msgs/msg/__init__.py'...
[4.194s] Compiling '/home/hyh/install/my_first_package_msgs/local/lib/python3.10/dist-packages/my_first_package_msgs/msg/_cmd_and_pose_vel.py'...
[4.194s] Listing '/home/hyh/install/my_first_package_msgs/local/lib/python3.10/dist-packages/my_first_package_msgs/srv'...
[4.194s] Compiling '/home/hyh/install/my_first_package_msgs/local/lib/python3.10/dist-packages/my_first_package_msgs/srv/__init__.py'...
[4.194s] Compiling '/home/hyh/install/my_first_package_msgs/local/lib/python3.10/dist-packages/my_first_package_msgs/srv/_multi_spawn.py'...
[4.197s] -- Installing: /home/hyh/install/my_first_package_msgs/local/lib/python3.10/dist-packages/my_first_package_msgs/my_first_package_msgs_s__rosidl_typesupport_fastrtps_c.cpython-310-x86_64-linux-gnu.so
[4.197s] -- Set runtime path of "/home/hyh/install/my_first_package_msgs/local/lib/python3.10/dist-packages/my_first_package_msgs/my_first_package_msgs_s__rosidl_typesupport_fastrtps_c.cpython-310-x86_64-linux-gnu.so" to ""
[4.197s] -- Installing: /home/hyh/install/my_first_package_msgs/local/lib/python3.10/dist-packages/my_first_package_msgs/my_first_package_msgs_s__rosidl_typesupport_introspection_c.cpython-310-x86_64-linux-gnu.so
[4.198s] -- Set runtime path of "/home/hyh/install/my_first_package_msgs/local/lib/python3.10/dist-packages/my_first_package_msgs/my_first_package_msgs_s__rosidl_typesupport_introspection_c.cpython-310-x86_64-linux-gnu.so" to ""
[4.198s] -- Installing: /home/hyh/install/my_first_package_msgs/local/lib/python3.10/dist-packages/my_first_package_msgs/my_first_package_msgs_s__rosidl_typesupport_c.cpython-310-x86_64-linux-gnu.so
[4.198s] -- Set runtime path of "/home/hyh/install/my_first_package_msgs/local/lib/python3.10/dist-packages/my_first_package_msgs/my_first_package_msgs_s__rosidl_typesupport_c.cpython-310-x86_64-linux-gnu.so" to ""
[4.198s] -- Installing: /home/hyh/install/my_first_package_msgs/lib/libmy_first_package_msgs__rosidl_generator_py.so
[4.198s] -- Set runtime path of "/home/hyh/install/my_first_package_msgs/lib/libmy_first_package_msgs__rosidl_generator_py.so" to ""
[4.198s] -- Installing: /home/hyh/install/my_first_package_msgs/share/my_first_package_msgs/msg/CmdAndPoseVel.idl
[4.199s] -- Installing: /home/hyh/install/my_first_package_msgs/share/my_first_package_msgs/srv/MultiSpawn.idl
[4.199s] -- Installing: /home/hyh/install/my_first_package_msgs/share/my_first_package_msgs/action/DistTurtle.idl
[4.199s] -- Installing: /home/hyh/install/my_first_package_msgs/share/my_first_package_msgs/msg/CmdAndPoseVel.msg
[4.199s] -- Installing: /home/hyh/install/my_first_package_msgs/share/my_first_package_msgs/srv/MultiSpawn.srv
[4.199s] -- Installing: /home/hyh/install/my_first_package_msgs/share/my_first_package_msgs/srv/MultiSpawn_Request.msg
[4.199s] -- Installing: /home/hyh/install/my_first_package_msgs/share/my_first_package_msgs/srv/MultiSpawn_Response.msg
[4.200s] -- Installing: /home/hyh/install/my_first_package_msgs/share/my_first_package_msgs/action/DistTurtle.action
[4.200s] -- Installing: /home/hyh/install/my_first_package_msgs/share/ament_index/resource_index/package_run_dependencies/my_first_package_msgs
[4.200s] -- Installing: /home/hyh/install/my_first_package_msgs/share/ament_index/resource_index/parent_prefix_path/my_first_package_msgs
[4.200s] -- Installing: /home/hyh/install/my_first_package_msgs/share/my_first_package_msgs/environment/ament_prefix_path.sh
[4.200s] -- Installing: /home/hyh/install/my_first_package_msgs/share/my_first_package_msgs/environment/ament_prefix_path.dsv
[4.200s] -- Installing: /home/hyh/install/my_first_package_msgs/share/my_first_package_msgs/environment/path.sh
[4.200s] -- Installing: /home/hyh/install/my_first_package_msgs/share/my_first_package_msgs/environment/path.dsv
[4.201s] -- Installing: /home/hyh/install/my_first_package_msgs/share/my_first_package_msgs/local_setup.bash
[4.201s] -- Installing: /home/hyh/install/my_first_package_msgs/share/my_first_package_msgs/local_setup.sh
[4.201s] -- Installing: /home/hyh/install/my_first_package_msgs/share/my_first_package_msgs/local_setup.zsh
[4.201s] -- Installing: /home/hyh/install/my_first_package_msgs/share/my_first_package_msgs/local_setup.dsv
[4.201s] -- Installing: /home/hyh/install/my_first_package_msgs/share/my_first_package_msgs/package.dsv
[4.201s] -- Installing: /home/hyh/install/my_first_package_msgs/share/ament_index/resource_index/packages/my_first_package_msgs
[4.201s] -- Installing: /home/hyh/install/my_first_package_msgs/share/my_first_package_msgs/cmake/export_my_first_package_msgs__rosidl_generator_cExport.cmake
[4.201s] -- Installing: /home/hyh/install/my_first_package_msgs/share/my_first_package_msgs/cmake/export_my_first_package_msgs__rosidl_generator_cExport-noconfig.cmake
[4.202s] -- Installing: /home/hyh/install/my_first_package_msgs/share/my_first_package_msgs/cmake/export_my_first_package_msgs__rosidl_typesupport_fastrtps_cExport.cmake
[4.202s] -- Installing: /home/hyh/install/my_first_package_msgs/share/my_first_package_msgs/cmake/export_my_first_package_msgs__rosidl_typesupport_fastrtps_cExport-noconfig.cmake
[4.202s] -- Installing: /home/hyh/install/my_first_package_msgs/share/my_first_package_msgs/cmake/my_first_package_msgs__rosidl_typesupport_introspection_cExport.cmake
[4.202s] -- Installing: /home/hyh/install/my_first_package_msgs/share/my_first_package_msgs/cmake/my_first_package_msgs__rosidl_typesupport_introspection_cExport-noconfig.cmake
[4.202s] -- Installing: /home/hyh/install/my_first_package_msgs/share/my_first_package_msgs/cmake/my_first_package_msgs__rosidl_typesupport_cExport.cmake
[4.202s] -- Installing: /home/hyh/install/my_first_package_msgs/share/my_first_package_msgs/cmake/my_first_package_msgs__rosidl_typesupport_cExport-noconfig.cmake
[4.202s] -- Installing: /home/hyh/install/my_first_package_msgs/share/my_first_package_msgs/cmake/export_my_first_package_msgs__rosidl_generator_cppExport.cmake
[4.202s] -- Installing: /home/hyh/install/my_first_package_msgs/share/my_first_package_msgs/cmake/export_my_first_package_msgs__rosidl_typesupport_fastrtps_cppExport.cmake
[4.202s] -- Installing: /home/hyh/install/my_first_package_msgs/share/my_first_package_msgs/cmake/export_my_first_package_msgs__rosidl_typesupport_fastrtps_cppExport-noconfig.cmake
[4.202s] -- Installing: /home/hyh/install/my_first_package_msgs/share/my_first_package_msgs/cmake/my_first_package_msgs__rosidl_typesupport_introspection_cppExport.cmake
[4.203s] -- Installing: /home/hyh/install/my_first_package_msgs/share/my_first_package_msgs/cmake/my_first_package_msgs__rosidl_typesupport_introspection_cppExport-noconfig.cmake
[4.203s] -- Installing: /home/hyh/install/my_first_package_msgs/share/my_first_package_msgs/cmake/my_first_package_msgs__rosidl_typesupport_cppExport.cmake
[4.203s] -- Installing: /home/hyh/install/my_first_package_msgs/share/my_first_package_msgs/cmake/my_first_package_msgs__rosidl_typesupport_cppExport-noconfig.cmake
[4.203s] -- Installing: /home/hyh/install/my_first_package_msgs/share/my_first_package_msgs/cmake/export_my_first_package_msgs__rosidl_generator_pyExport.cmake
[4.203s] -- Installing: /home/hyh/install/my_first_package_msgs/share/my_first_package_msgs/cmake/export_my_first_package_msgs__rosidl_generator_pyExport-noconfig.cmake
[4.203s] -- Installing: /home/hyh/install/my_first_package_msgs/share/my_first_package_msgs/cmake/rosidl_cmake-extras.cmake
[4.203s] -- Installing: /home/hyh/install/my_first_package_msgs/share/my_first_package_msgs/cmake/ament_cmake_export_dependencies-extras.cmake
[4.203s] -- Installing: /home/hyh/install/my_first_package_msgs/share/my_first_package_msgs/cmake/ament_cmake_export_include_directories-extras.cmake
[4.203s] -- Installing: /home/hyh/install/my_first_package_msgs/share/my_first_package_msgs/cmake/ament_cmake_export_libraries-extras.cmake
[4.203s] -- Installing: /home/hyh/install/my_first_package_msgs/share/my_first_package_msgs/cmake/ament_cmake_export_targets-extras.cmake
[4.203s] -- Installing: /home/hyh/install/my_first_package_msgs/share/my_first_package_msgs/cmake/rosidl_cmake_export_typesupport_targets-extras.cmake
[4.203s] -- Installing: /home/hyh/install/my_first_package_msgs/share/my_first_package_msgs/cmake/rosidl_cmake_export_typesupport_libraries-extras.cmake
[4.204s] -- Installing: /home/hyh/install/my_first_package_msgs/share/my_first_package_msgs/cmake/my_first_package_msgsConfig.cmake
[4.204s] -- Installing: /home/hyh/install/my_first_package_msgs/share/my_first_package_msgs/cmake/my_first_package_msgsConfig-version.cmake
[4.204s] -- Installing: /home/hyh/install/my_first_package_msgs/share/my_first_package_msgs/package.xml
[4.205s] Invoked command in '/home/hyh/build/my_first_package_msgs' returned '0': CMAKE_PREFIX_PATH=${CMAKE_PREFIX_PATH}:/home/hyh/ros2_prct/install/practice_package:/home/hyh/ros2_study/install/my_first_package:/opt/ros/humble /usr/bin/cmake --install /home/hyh/build/my_first_package_msgs
