[0.318s] Invoking command in '/home/hyh/build/practice_package_msgs': CMAKE_PREFIX_PATH=${CMAKE_PREFIX_PATH}:/home/hyh/ros2_prct/install/practice_package:/home/hyh/ros2_study/install/my_first_package:/opt/ros/humble /usr/bin/cmake --build /home/hyh/build/practice_package_msgs -- -j20 -l20
[0.341s] [35m[1mConsolidate compiler generated dependencies of target practice_package_msgs__rosidl_generator_c[0m
[0.347s] [  3%] Built target practice_package_msgs__cpp
[0.347s] [ 12%] Built target practice_package_msgs__rosidl_generator_c
[0.354s] [35m[1mConsolidate compiler generated dependencies of target practice_package_msgs__rosidl_typesupport_introspection_cpp[0m
[0.354s] [35m[1mConsolidate compiler generated dependencies of target practice_package_msgs__rosidl_typesupport_introspection_c[0m
[0.354s] [ 12%] Built target ament_cmake_python_copy_practice_package_msgs
[0.354s] [35m[1mConsolidate compiler generated dependencies of target practice_package_msgs__rosidl_typesupport_cpp[0m
[0.354s] [35m[1mConsolidate compiler generated dependencies of target practice_package_msgs__rosidl_typesupport_fastrtps_cpp[0m
[0.354s] [35m[1mConsolidate compiler generated dependencies of target practice_package_msgs__rosidl_typesupport_fastrtps_c[0m
[0.356s] [35m[1mConsolidate compiler generated dependencies of target practice_package_msgs__rosidl_typesupport_c[0m
[0.361s] [ 22%] Built target practice_package_msgs__rosidl_typesupport_introspection_c
[0.362s] [ 32%] Built target practice_package_msgs__rosidl_typesupport_cpp
[0.362s] [ 41%] Built target practice_package_msgs__rosidl_typesupport_introspection_cpp
[0.363s] [ 51%] Built target practice_package_msgs__rosidl_typesupport_fastrtps_cpp
[0.363s] [ 61%] Built target practice_package_msgs__rosidl_typesupport_fastrtps_c
[0.365s] [ 70%] Built target practice_package_msgs__rosidl_typesupport_c
[0.376s] [ 70%] Built target practice_package_msgs
[0.395s] [ 74%] Built target practice_package_msgs__py
[0.396s] [35m[1mConsolidate compiler generated dependencies of target practice_package_msgs__rosidl_generator_py[0m
[0.403s] [ 80%] Built target practice_package_msgs__rosidl_generator_py
[0.409s] [35m[1mConsolidate compiler generated dependencies of target practice_package_msgs__rosidl_typesupport_fastrtps_c__pyext[0m
[0.409s] [35m[1mConsolidate compiler generated dependencies of target practice_package_msgs__rosidl_typesupport_introspection_c__pyext[0m
[0.409s] [35m[1mConsolidate compiler generated dependencies of target practice_package_msgs__rosidl_typesupport_c__pyext[0m
[0.424s] [ 93%] Built target practice_package_msgs__rosidl_typesupport_fastrtps_c__pyext
[0.424s] [ 93%] Built target practice_package_msgs__rosidl_typesupport_introspection_c__pyext
[0.425s] [100%] Built target practice_package_msgs__rosidl_typesupport_c__pyext
[0.501s] running egg_info
[0.502s] writing practice_package_msgs.egg-info/PKG-INFO
[0.502s] writing dependency_links to practice_package_msgs.egg-info/dependency_links.txt
[0.502s] writing top-level names to practice_package_msgs.egg-info/top_level.txt
[0.504s] reading manifest file 'practice_package_msgs.egg-info/SOURCES.txt'
[0.504s] writing manifest file 'practice_package_msgs.egg-info/SOURCES.txt'
[0.521s] [100%] Built target ament_cmake_python_build_practice_package_msgs_egg
[0.529s] Invoked command in '/home/hyh/build/practice_package_msgs' returned '0': CMAKE_PREFIX_PATH=${CMAKE_PREFIX_PATH}:/home/hyh/ros2_prct/install/practice_package:/home/hyh/ros2_study/install/my_first_package:/opt/ros/humble /usr/bin/cmake --build /home/hyh/build/practice_package_msgs -- -j20 -l20
[0.531s] Invoking command in '/home/hyh/build/practice_package_msgs': CMAKE_PREFIX_PATH=${CMAKE_PREFIX_PATH}:/home/hyh/ros2_prct/install/practice_package:/home/hyh/ros2_study/install/my_first_package:/opt/ros/humble /usr/bin/cmake --install /home/hyh/build/practice_package_msgs
[0.535s] -- Install configuration: ""
[0.535s] -- Up-to-date: /home/hyh/install/practice_package_msgs/share/ament_index/resource_index/rosidl_interfaces/practice_package_msgs
[0.535s] -- Up-to-date: /home/hyh/install/practice_package_msgs/include/practice_package_msgs/practice_package_msgs
[0.536s] -- Up-to-date: /home/hyh/install/practice_package_msgs/include/practice_package_msgs/practice_package_msgs/msg
[0.536s] -- Up-to-date: /home/hyh/install/practice_package_msgs/include/practice_package_msgs/practice_package_msgs/msg/detail
[0.536s] -- Up-to-date: /home/hyh/install/practice_package_msgs/include/practice_package_msgs/practice_package_msgs/msg/detail/pose_to_val__functions.c
[0.536s] -- Up-to-date: /home/hyh/install/practice_package_msgs/include/practice_package_msgs/practice_package_msgs/msg/detail/pose_to_val__struct.h
[0.536s] -- Up-to-date: /home/hyh/install/practice_package_msgs/include/practice_package_msgs/practice_package_msgs/msg/detail/pose_to_val__functions.h
[0.536s] -- Up-to-date: /home/hyh/install/practice_package_msgs/include/practice_package_msgs/practice_package_msgs/msg/detail/pose_to_val__type_support.h
[0.537s] -- Up-to-date: /home/hyh/install/practice_package_msgs/include/practice_package_msgs/practice_package_msgs/msg/rosidl_generator_c__visibility_control.h
[0.537s] -- Up-to-date: /home/hyh/install/practice_package_msgs/include/practice_package_msgs/practice_package_msgs/msg/pose_to_val.h
[0.537s] -- Up-to-date: /home/hyh/install/practice_package_msgs/share/practice_package_msgs/environment/library_path.sh
[0.538s] -- Up-to-date: /home/hyh/install/practice_package_msgs/share/practice_package_msgs/environment/library_path.dsv
[0.539s] -- Up-to-date: /home/hyh/install/practice_package_msgs/lib/libpractice_package_msgs__rosidl_generator_c.so
[0.539s] -- Up-to-date: /home/hyh/install/practice_package_msgs/include/practice_package_msgs/practice_package_msgs
[0.540s] -- Up-to-date: /home/hyh/install/practice_package_msgs/include/practice_package_msgs/practice_package_msgs/msg
[0.540s] -- Up-to-date: /home/hyh/install/practice_package_msgs/include/practice_package_msgs/practice_package_msgs/msg/detail
[0.540s] -- Up-to-date: /home/hyh/install/practice_package_msgs/include/practice_package_msgs/practice_package_msgs/msg/detail/pose_to_val__rosidl_typesupport_fastrtps_c.h
[0.540s] -- Up-to-date: /home/hyh/install/practice_package_msgs/include/practice_package_msgs/practice_package_msgs/msg/rosidl_typesupport_fastrtps_c__visibility_control.h
[0.540s] -- Up-to-date: /home/hyh/install/practice_package_msgs/lib/libpractice_package_msgs__rosidl_typesupport_fastrtps_c.so
[0.540s] -- Up-to-date: /home/hyh/install/practice_package_msgs/include/practice_package_msgs/practice_package_msgs
[0.540s] -- Up-to-date: /home/hyh/install/practice_package_msgs/include/practice_package_msgs/practice_package_msgs/msg
[0.540s] -- Up-to-date: /home/hyh/install/practice_package_msgs/include/practice_package_msgs/practice_package_msgs/msg/detail
[0.540s] -- Up-to-date: /home/hyh/install/practice_package_msgs/include/practice_package_msgs/practice_package_msgs/msg/detail/pose_to_val__rosidl_typesupport_introspection_c.h
[0.541s] -- Up-to-date: /home/hyh/install/practice_package_msgs/include/practice_package_msgs/practice_package_msgs/msg/detail/pose_to_val__type_support.c
[0.541s] -- Up-to-date: /home/hyh/install/practice_package_msgs/include/practice_package_msgs/practice_package_msgs/msg/rosidl_typesupport_introspection_c__visibility_control.h
[0.542s] -- Up-to-date: /home/hyh/install/practice_package_msgs/lib/libpractice_package_msgs__rosidl_typesupport_introspection_c.so
[0.543s] -- Up-to-date: /home/hyh/install/practice_package_msgs/lib/libpractice_package_msgs__rosidl_typesupport_c.so
[0.543s] -- Up-to-date: /home/hyh/install/practice_package_msgs/include/practice_package_msgs/practice_package_msgs
[0.543s] -- Up-to-date: /home/hyh/install/practice_package_msgs/include/practice_package_msgs/practice_package_msgs/msg
[0.543s] -- Up-to-date: /home/hyh/install/practice_package_msgs/include/practice_package_msgs/practice_package_msgs/msg/detail
[0.543s] -- Up-to-date: /home/hyh/install/practice_package_msgs/include/practice_package_msgs/practice_package_msgs/msg/detail/pose_to_val__struct.hpp
[0.543s] -- Up-to-date: /home/hyh/install/practice_package_msgs/include/practice_package_msgs/practice_package_msgs/msg/detail/pose_to_val__traits.hpp
[0.543s] -- Up-to-date: /home/hyh/install/practice_package_msgs/include/practice_package_msgs/practice_package_msgs/msg/detail/pose_to_val__builder.hpp
[0.543s] -- Up-to-date: /home/hyh/install/practice_package_msgs/include/practice_package_msgs/practice_package_msgs/msg/detail/pose_to_val__type_support.hpp
[0.543s] -- Up-to-date: /home/hyh/install/practice_package_msgs/include/practice_package_msgs/practice_package_msgs/msg/rosidl_generator_cpp__visibility_control.hpp
[0.543s] -- Up-to-date: /home/hyh/install/practice_package_msgs/include/practice_package_msgs/practice_package_msgs/msg/pose_to_val.hpp
[0.543s] -- Up-to-date: /home/hyh/install/practice_package_msgs/include/practice_package_msgs/practice_package_msgs
[0.544s] -- Up-to-date: /home/hyh/install/practice_package_msgs/include/practice_package_msgs/practice_package_msgs/msg
[0.544s] -- Up-to-date: /home/hyh/install/practice_package_msgs/include/practice_package_msgs/practice_package_msgs/msg/detail
[0.544s] -- Up-to-date: /home/hyh/install/practice_package_msgs/include/practice_package_msgs/practice_package_msgs/msg/detail/dds_fastrtps
[0.544s] -- Up-to-date: /home/hyh/install/practice_package_msgs/include/practice_package_msgs/practice_package_msgs/msg/detail/pose_to_val__rosidl_typesupport_fastrtps_cpp.hpp
[0.544s] -- Up-to-date: /home/hyh/install/practice_package_msgs/include/practice_package_msgs/practice_package_msgs/msg/rosidl_typesupport_fastrtps_cpp__visibility_control.h
[0.544s] -- Up-to-date: /home/hyh/install/practice_package_msgs/lib/libpractice_package_msgs__rosidl_typesupport_fastrtps_cpp.so
[0.544s] -- Up-to-date: /home/hyh/install/practice_package_msgs/include/practice_package_msgs/practice_package_msgs
[0.544s] -- Up-to-date: /home/hyh/install/practice_package_msgs/include/practice_package_msgs/practice_package_msgs/msg
[0.544s] -- Up-to-date: /home/hyh/install/practice_package_msgs/include/practice_package_msgs/practice_package_msgs/msg/detail
[0.544s] -- Up-to-date: /home/hyh/install/practice_package_msgs/include/practice_package_msgs/practice_package_msgs/msg/detail/pose_to_val__type_support.cpp
[0.544s] -- Up-to-date: /home/hyh/install/practice_package_msgs/include/practice_package_msgs/practice_package_msgs/msg/detail/pose_to_val__rosidl_typesupport_introspection_cpp.hpp
[0.544s] -- Up-to-date: /home/hyh/install/practice_package_msgs/lib/libpractice_package_msgs__rosidl_typesupport_introspection_cpp.so
[0.544s] -- Up-to-date: /home/hyh/install/practice_package_msgs/lib/libpractice_package_msgs__rosidl_typesupport_cpp.so
[0.544s] -- Up-to-date: /home/hyh/install/practice_package_msgs/share/practice_package_msgs/environment/pythonpath.sh
[0.545s] -- Up-to-date: /home/hyh/install/practice_package_msgs/share/practice_package_msgs/environment/pythonpath.dsv
[0.545s] -- Up-to-date: /home/hyh/install/practice_package_msgs/local/lib/python3.10/dist-packages/practice_package_msgs-0.0.0-py3.10.egg-info
[0.545s] -- Installing: /home/hyh/install/practice_package_msgs/local/lib/python3.10/dist-packages/practice_package_msgs-0.0.0-py3.10.egg-info/dependency_links.txt
[0.545s] -- Installing: /home/hyh/install/practice_package_msgs/local/lib/python3.10/dist-packages/practice_package_msgs-0.0.0-py3.10.egg-info/SOURCES.txt
[0.545s] -- Installing: /home/hyh/install/practice_package_msgs/local/lib/python3.10/dist-packages/practice_package_msgs-0.0.0-py3.10.egg-info/PKG-INFO
[0.545s] -- Installing: /home/hyh/install/practice_package_msgs/local/lib/python3.10/dist-packages/practice_package_msgs-0.0.0-py3.10.egg-info/top_level.txt
[0.545s] -- Up-to-date: /home/hyh/install/practice_package_msgs/local/lib/python3.10/dist-packages/practice_package_msgs
[0.545s] -- Up-to-date: /home/hyh/install/practice_package_msgs/local/lib/python3.10/dist-packages/practice_package_msgs/__init__.py
[0.546s] -- Up-to-date: /home/hyh/install/practice_package_msgs/local/lib/python3.10/dist-packages/practice_package_msgs/msg
[0.546s] -- Up-to-date: /home/hyh/install/practice_package_msgs/local/lib/python3.10/dist-packages/practice_package_msgs/msg/__init__.py
[0.546s] -- Up-to-date: /home/hyh/install/practice_package_msgs/local/lib/python3.10/dist-packages/practice_package_msgs/msg/_pose_to_val.py
[0.546s] -- Up-to-date: /home/hyh/install/practice_package_msgs/local/lib/python3.10/dist-packages/practice_package_msgs/msg/_pose_to_val_s.c
[0.546s] -- Up-to-date: /home/hyh/install/practice_package_msgs/local/lib/python3.10/dist-packages/practice_package_msgs/libpractice_package_msgs__rosidl_generator_py.so
[0.546s] -- Up-to-date: /home/hyh/install/practice_package_msgs/local/lib/python3.10/dist-packages/practice_package_msgs/practice_package_msgs_s__rosidl_typesupport_fastrtps_c.cpython-310-x86_64-linux-gnu.so
[0.546s] -- Up-to-date: /home/hyh/install/practice_package_msgs/local/lib/python3.10/dist-packages/practice_package_msgs/_practice_package_msgs_s.ep.rosidl_typesupport_c.c
[0.546s] -- Up-to-date: /home/hyh/install/practice_package_msgs/local/lib/python3.10/dist-packages/practice_package_msgs/practice_package_msgs_s__rosidl_typesupport_introspection_c.cpython-310-x86_64-linux-gnu.so
[0.546s] -- Up-to-date: /home/hyh/install/practice_package_msgs/local/lib/python3.10/dist-packages/practice_package_msgs/_practice_package_msgs_s.ep.rosidl_typesupport_fastrtps_c.c
[0.546s] -- Up-to-date: /home/hyh/install/practice_package_msgs/local/lib/python3.10/dist-packages/practice_package_msgs/_practice_package_msgs_s.ep.rosidl_typesupport_introspection_c.c
[0.546s] -- Up-to-date: /home/hyh/install/practice_package_msgs/local/lib/python3.10/dist-packages/practice_package_msgs/practice_package_msgs_s__rosidl_typesupport_c.cpython-310-x86_64-linux-gnu.so
[0.558s] Listing '/home/hyh/install/practice_package_msgs/local/lib/python3.10/dist-packages/practice_package_msgs'...
[0.558s] Listing '/home/hyh/install/practice_package_msgs/local/lib/python3.10/dist-packages/practice_package_msgs/msg'...
[0.561s] -- Up-to-date: /home/hyh/install/practice_package_msgs/local/lib/python3.10/dist-packages/practice_package_msgs/practice_package_msgs_s__rosidl_typesupport_fastrtps_c.cpython-310-x86_64-linux-gnu.so
[0.561s] -- Up-to-date: /home/hyh/install/practice_package_msgs/local/lib/python3.10/dist-packages/practice_package_msgs/practice_package_msgs_s__rosidl_typesupport_introspection_c.cpython-310-x86_64-linux-gnu.so
[0.561s] -- Up-to-date: /home/hyh/install/practice_package_msgs/local/lib/python3.10/dist-packages/practice_package_msgs/practice_package_msgs_s__rosidl_typesupport_c.cpython-310-x86_64-linux-gnu.so
[0.561s] -- Up-to-date: /home/hyh/install/practice_package_msgs/lib/libpractice_package_msgs__rosidl_generator_py.so
[0.561s] -- Up-to-date: /home/hyh/install/practice_package_msgs/share/practice_package_msgs/msg/PoseToVal.idl
[0.562s] -- Up-to-date: /home/hyh/install/practice_package_msgs/share/practice_package_msgs/msg/PoseToVal.msg
[0.562s] -- Up-to-date: /home/hyh/install/practice_package_msgs/share/ament_index/resource_index/package_run_dependencies/practice_package_msgs
[0.562s] -- Up-to-date: /home/hyh/install/practice_package_msgs/share/ament_index/resource_index/parent_prefix_path/practice_package_msgs
[0.562s] -- Up-to-date: /home/hyh/install/practice_package_msgs/share/practice_package_msgs/environment/ament_prefix_path.sh
[0.562s] -- Up-to-date: /home/hyh/install/practice_package_msgs/share/practice_package_msgs/environment/ament_prefix_path.dsv
[0.562s] -- Up-to-date: /home/hyh/install/practice_package_msgs/share/practice_package_msgs/environment/path.sh
[0.562s] -- Up-to-date: /home/hyh/install/practice_package_msgs/share/practice_package_msgs/environment/path.dsv
[0.562s] -- Up-to-date: /home/hyh/install/practice_package_msgs/share/practice_package_msgs/local_setup.bash
[0.562s] -- Up-to-date: /home/hyh/install/practice_package_msgs/share/practice_package_msgs/local_setup.sh
[0.562s] -- Up-to-date: /home/hyh/install/practice_package_msgs/share/practice_package_msgs/local_setup.zsh
[0.563s] -- Up-to-date: /home/hyh/install/practice_package_msgs/share/practice_package_msgs/local_setup.dsv
[0.563s] -- Installing: /home/hyh/install/practice_package_msgs/share/practice_package_msgs/package.dsv
[0.563s] -- Up-to-date: /home/hyh/install/practice_package_msgs/share/ament_index/resource_index/packages/practice_package_msgs
[0.563s] -- Up-to-date: /home/hyh/install/practice_package_msgs/share/practice_package_msgs/cmake/export_practice_package_msgs__rosidl_generator_cExport.cmake
[0.563s] -- Up-to-date: /home/hyh/install/practice_package_msgs/share/practice_package_msgs/cmake/export_practice_package_msgs__rosidl_generator_cExport-noconfig.cmake
[0.563s] -- Up-to-date: /home/hyh/install/practice_package_msgs/share/practice_package_msgs/cmake/export_practice_package_msgs__rosidl_typesupport_fastrtps_cExport.cmake
[0.563s] -- Up-to-date: /home/hyh/install/practice_package_msgs/share/practice_package_msgs/cmake/export_practice_package_msgs__rosidl_typesupport_fastrtps_cExport-noconfig.cmake
[0.563s] -- Up-to-date: /home/hyh/install/practice_package_msgs/share/practice_package_msgs/cmake/practice_package_msgs__rosidl_typesupport_introspection_cExport.cmake
[0.563s] -- Up-to-date: /home/hyh/install/practice_package_msgs/share/practice_package_msgs/cmake/practice_package_msgs__rosidl_typesupport_introspection_cExport-noconfig.cmake
[0.564s] -- Up-to-date: /home/hyh/install/practice_package_msgs/share/practice_package_msgs/cmake/practice_package_msgs__rosidl_typesupport_cExport.cmake
[0.564s] -- Up-to-date: /home/hyh/install/practice_package_msgs/share/practice_package_msgs/cmake/practice_package_msgs__rosidl_typesupport_cExport-noconfig.cmake
[0.564s] -- Up-to-date: /home/hyh/install/practice_package_msgs/share/practice_package_msgs/cmake/export_practice_package_msgs__rosidl_generator_cppExport.cmake
[0.564s] -- Up-to-date: /home/hyh/install/practice_package_msgs/share/practice_package_msgs/cmake/export_practice_package_msgs__rosidl_typesupport_fastrtps_cppExport.cmake
[0.564s] -- Up-to-date: /home/hyh/install/practice_package_msgs/share/practice_package_msgs/cmake/export_practice_package_msgs__rosidl_typesupport_fastrtps_cppExport-noconfig.cmake
[0.564s] -- Up-to-date: /home/hyh/install/practice_package_msgs/share/practice_package_msgs/cmake/practice_package_msgs__rosidl_typesupport_introspection_cppExport.cmake
[0.564s] -- Up-to-date: /home/hyh/install/practice_package_msgs/share/practice_package_msgs/cmake/practice_package_msgs__rosidl_typesupport_introspection_cppExport-noconfig.cmake
[0.564s] -- Up-to-date: /home/hyh/install/practice_package_msgs/share/practice_package_msgs/cmake/practice_package_msgs__rosidl_typesupport_cppExport.cmake
[0.564s] -- Up-to-date: /home/hyh/install/practice_package_msgs/share/practice_package_msgs/cmake/practice_package_msgs__rosidl_typesupport_cppExport-noconfig.cmake
[0.564s] -- Up-to-date: /home/hyh/install/practice_package_msgs/share/practice_package_msgs/cmake/export_practice_package_msgs__rosidl_generator_pyExport.cmake
[0.564s] -- Up-to-date: /home/hyh/install/practice_package_msgs/share/practice_package_msgs/cmake/export_practice_package_msgs__rosidl_generator_pyExport-noconfig.cmake
[0.564s] -- Up-to-date: /home/hyh/install/practice_package_msgs/share/practice_package_msgs/cmake/rosidl_cmake-extras.cmake
[0.564s] -- Up-to-date: /home/hyh/install/practice_package_msgs/share/practice_package_msgs/cmake/ament_cmake_export_include_directories-extras.cmake
[0.564s] -- Up-to-date: /home/hyh/install/practice_package_msgs/share/practice_package_msgs/cmake/ament_cmake_export_libraries-extras.cmake
[0.565s] -- Up-to-date: /home/hyh/install/practice_package_msgs/share/practice_package_msgs/cmake/ament_cmake_export_targets-extras.cmake
[0.566s] -- Up-to-date: /home/hyh/install/practice_package_msgs/share/practice_package_msgs/cmake/rosidl_cmake_export_typesupport_targets-extras.cmake
[0.566s] -- Up-to-date: /home/hyh/install/practice_package_msgs/share/practice_package_msgs/cmake/ament_cmake_export_dependencies-extras.cmake
[0.566s] -- Up-to-date: /home/hyh/install/practice_package_msgs/share/practice_package_msgs/cmake/rosidl_cmake_export_typesupport_libraries-extras.cmake
[0.566s] -- Up-to-date: /home/hyh/install/practice_package_msgs/share/practice_package_msgs/cmake/practice_package_msgsConfig.cmake
[0.567s] -- Up-to-date: /home/hyh/install/practice_package_msgs/share/practice_package_msgs/cmake/practice_package_msgsConfig-version.cmake
[0.567s] -- Up-to-date: /home/hyh/install/practice_package_msgs/share/practice_package_msgs/package.xml
[0.567s] Invoked command in '/home/hyh/build/practice_package_msgs' returned '0': CMAKE_PREFIX_PATH=${CMAKE_PREFIX_PATH}:/home/hyh/ros2_prct/install/practice_package:/home/hyh/ros2_study/install/my_first_package:/opt/ros/humble /usr/bin/cmake --install /home/hyh/build/practice_package_msgs
