[0.334s] Invoking command in '/home/hyh/ros2_study/src/my_first_package': PYTHONPATH=/home/hyh/ros2_study/build/my_first_package/prefix_override:/usr/lib/python3/dist-packages/colcon_core/task/python/colcon_distutils_commands:/home/hyh/ros2_study/install/my_first_package/lib/python3.10/site-packages:${PYTHONPATH} /usr/bin/python3 -W ignore:setup.py install is deprecated -W ignore:easy_install command is deprecated setup.py egg_info --egg-base ../../build/my_first_package build --build-base /home/hyh/ros2_study/build/my_first_package/build install --record /home/hyh/ros2_study/build/my_first_package/install.log --single-version-externally-managed install_data
[0.459s] running egg_info
[0.459s] writing ../../build/my_first_package/my_first_package.egg-info/PKG-INFO
[0.459s] writing dependency_links to ../../build/my_first_package/my_first_package.egg-info/dependency_links.txt
[0.460s] writing entry points to ../../build/my_first_package/my_first_package.egg-info/entry_points.txt
[0.460s] writing requirements to ../../build/my_first_package/my_first_package.egg-info/requires.txt
[0.460s] writing top-level names to ../../build/my_first_package/my_first_package.egg-info/top_level.txt
[0.461s] reading manifest file '../../build/my_first_package/my_first_package.egg-info/SOURCES.txt'
[0.462s] writing manifest file '../../build/my_first_package/my_first_package.egg-info/SOURCES.txt'
[0.462s] running build
[0.462s] running build_py
[0.462s] copying my_first_package/my_subscriber.py -> /home/hyh/ros2_study/build/my_first_package/build/lib/my_first_package
[0.462s] running install
[0.462s] running install_lib
[0.463s] copying /home/hyh/ros2_study/build/my_first_package/build/lib/my_first_package/my_subscriber.py -> /home/hyh/ros2_study/install/my_first_package/lib/python3.10/site-packages/my_first_package
[0.463s] byte-compiling /home/hyh/ros2_study/install/my_first_package/lib/python3.10/site-packages/my_first_package/my_subscriber.py to my_subscriber.cpython-310.pyc
[0.463s] running install_data
[0.463s] running install_egg_info
[0.464s] removing '/home/hyh/ros2_study/install/my_first_package/lib/python3.10/site-packages/my_first_package-0.0.0-py3.10.egg-info' (and everything under it)
[0.465s] Copying ../../build/my_first_package/my_first_package.egg-info to /home/hyh/ros2_study/install/my_first_package/lib/python3.10/site-packages/my_first_package-0.0.0-py3.10.egg-info
[0.465s] running install_scripts
[0.476s] Installing my_first_node script to /home/hyh/ros2_study/install/my_first_package/lib/my_first_package
[0.476s] Installing my_subscriber script to /home/hyh/ros2_study/install/my_first_package/lib/my_first_package
[0.477s] writing list of installed files to '/home/hyh/ros2_study/build/my_first_package/install.log'
[0.489s] Invoked command in '/home/hyh/ros2_study/src/my_first_package' returned '0': PYTHONPATH=/home/hyh/ros2_study/build/my_first_package/prefix_override:/usr/lib/python3/dist-packages/colcon_core/task/python/colcon_distutils_commands:/home/hyh/ros2_study/install/my_first_package/lib/python3.10/site-packages:${PYTHONPATH} /usr/bin/python3 -W ignore:setup.py install is deprecated -W ignore:easy_install command is deprecated setup.py egg_info --egg-base ../../build/my_first_package build --build-base /home/hyh/ros2_study/build/my_first_package/build install --record /home/hyh/ros2_study/build/my_first_package/install.log --single-version-externally-managed install_data
