[0.427s] Invoking command in '/home/hyh/ros2_laser/src/laser_package': PYTHONPATH=/home/hyh/ros2_laser/src/build/laser_package/prefix_override:/usr/lib/python3/dist-packages/colcon_core/task/python/colcon_distutils_commands:/home/hyh/ros2_laser/src/install/laser_package/lib/python3.10/site-packages:${PYTHONPATH} /usr/bin/python3 -W ignore:setup.py install is deprecated -W ignore:easy_install command is deprecated setup.py egg_info --egg-base ../build/laser_package build --build-base /home/hyh/ros2_laser/src/build/laser_package/build install --record /home/hyh/ros2_laser/src/build/laser_package/install.log --single-version-externally-managed install_data
[0.567s] running egg_info
[0.568s] creating ../build/laser_package/laser_package.egg-info
[0.568s] writing ../build/laser_package/laser_package.egg-info/PKG-INFO
[0.568s] writing dependency_links to ../build/laser_package/laser_package.egg-info/dependency_links.txt
[0.568s] writing entry points to ../build/laser_package/laser_package.egg-info/entry_points.txt
[0.568s] writing requirements to ../build/laser_package/laser_package.egg-info/requires.txt
[0.568s] writing top-level names to ../build/laser_package/laser_package.egg-info/top_level.txt
[0.568s] writing manifest file '../build/laser_package/laser_package.egg-info/SOURCES.txt'
[0.570s] reading manifest file '../build/laser_package/laser_package.egg-info/SOURCES.txt'
[0.570s] writing manifest file '../build/laser_package/laser_package.egg-info/SOURCES.txt'
[0.570s] running build
[0.570s] running build_py
[0.570s] creating /home/hyh/ros2_laser/src/build/laser_package/build
[0.571s] creating /home/hyh/ros2_laser/src/build/laser_package/build/lib
[0.571s] creating /home/hyh/ros2_laser/src/build/laser_package/build/lib/laser_package
[0.571s] copying laser_package/__init__.py -> /home/hyh/ros2_laser/src/build/laser_package/build/lib/laser_package
[0.571s] copying laser_package/laser_pub.py -> /home/hyh/ros2_laser/src/build/laser_package/build/lib/laser_package
[0.571s] copying laser_package/laser_node.py -> /home/hyh/ros2_laser/src/build/laser_package/build/lib/laser_package
[0.571s] running install
[0.571s] running install_lib
[0.572s] creating /home/hyh/ros2_laser/src/install/laser_package/lib/python3.10/site-packages/laser_package
[0.572s] copying /home/hyh/ros2_laser/src/build/laser_package/build/lib/laser_package/__init__.py -> /home/hyh/ros2_laser/src/install/laser_package/lib/python3.10/site-packages/laser_package
[0.572s] copying /home/hyh/ros2_laser/src/build/laser_package/build/lib/laser_package/laser_pub.py -> /home/hyh/ros2_laser/src/install/laser_package/lib/python3.10/site-packages/laser_package
[0.572s] copying /home/hyh/ros2_laser/src/build/laser_package/build/lib/laser_package/laser_node.py -> /home/hyh/ros2_laser/src/install/laser_package/lib/python3.10/site-packages/laser_package
[0.573s] byte-compiling /home/hyh/ros2_laser/src/install/laser_package/lib/python3.10/site-packages/laser_package/__init__.py to __init__.cpython-310.pyc
[0.573s] byte-compiling /home/hyh/ros2_laser/src/install/laser_package/lib/python3.10/site-packages/laser_package/laser_pub.py to laser_pub.cpython-310.pyc
[0.573s] byte-compiling /home/hyh/ros2_laser/src/install/laser_package/lib/python3.10/site-packages/laser_package/laser_node.py to laser_node.cpython-310.pyc
[0.574s] running install_data
[0.574s] creating /home/hyh/ros2_laser/src/install/laser_package/share/ament_index
[0.574s] creating /home/hyh/ros2_laser/src/install/laser_package/share/ament_index/resource_index
[0.575s] creating /home/hyh/ros2_laser/src/install/laser_package/share/ament_index/resource_index/packages
[0.575s] copying resource/laser_package -> /home/hyh/ros2_laser/src/install/laser_package/share/ament_index/resource_index/packages
[0.575s] copying package.xml -> /home/hyh/ros2_laser/src/install/laser_package/share/laser_package
[0.575s] running install_egg_info
[0.576s] Copying ../build/laser_package/laser_package.egg-info to /home/hyh/ros2_laser/src/install/laser_package/lib/python3.10/site-packages/laser_package-0.0.0-py3.10.egg-info
[0.576s] running install_scripts
[0.589s] Installing laser_node = laser_package.laser_node:mainlaser_pub script to /home/hyh/ros2_laser/src/install/laser_package/lib/laser_package
[0.589s] writing list of installed files to '/home/hyh/ros2_laser/src/build/laser_package/install.log'
[0.602s] Invoked command in '/home/hyh/ros2_laser/src/laser_package' returned '0': PYTHONPATH=/home/hyh/ros2_laser/src/build/laser_package/prefix_override:/usr/lib/python3/dist-packages/colcon_core/task/python/colcon_distutils_commands:/home/hyh/ros2_laser/src/install/laser_package/lib/python3.10/site-packages:${PYTHONPATH} /usr/bin/python3 -W ignore:setup.py install is deprecated -W ignore:easy_install command is deprecated setup.py egg_info --egg-base ../build/laser_package build --build-base /home/hyh/ros2_laser/src/build/laser_package/build install --record /home/hyh/ros2_laser/src/build/laser_package/install.log --single-version-externally-managed install_data
