[0.320s] Invoking command in '/home/hyh/build/practice_package_msgs': CMAKE_PREFIX_PATH=${CMAKE_PREFIX_PATH}:/home/hyh/ros2_prct/install/practice_package:/home/hyh/ros2_study/install/my_first_package:/opt/ros/humble /usr/bin/cmake /home/hyh/ros2_prct/src/practice_package_msgs -DCMAKE_INSTALL_PREFIX=/home/hyh/install/practice_package_msgs
[0.378s] -- The C compiler identification is GNU 11.4.0
[0.559s] -- The CXX compiler identification is GNU 11.4.0
[0.728s] -- Detecting C compiler ABI info
[0.794s] -- Detecting C compiler ABI info - done
[0.799s] -- Check for working C compiler: /usr/bin/cc - skipped
[0.799s] -- Detecting C compile features
[0.799s] -- Detecting C compile features - done
[0.801s] -- Detecting CXX compiler ABI info
[0.885s] -- Detecting CXX compiler ABI info - done
[0.889s] -- Check for working CXX compiler: /usr/bin/c++ - skipped
[0.889s] -- Detecting CXX compile features
[0.889s] -- Detecting CXX compile features - done
[0.891s] -- Found ament_cmake: 1.3.12 (/opt/ros/humble/share/ament_cmake/cmake)
[1.011s] -- Found Python3: /usr/bin/python3 (found version "3.10.12") found components: Interpreter 
[1.064s] -- Found rosidl_default_generators: 1.2.0 (/opt/ros/humble/share/rosidl_default_generators/cmake)
[1.066s] -- Using all available rosidl_typesupport_c: rosidl_typesupport_fastrtps_c;rosidl_typesupport_introspection_c
[1.069s] -- Found rosidl_adapter: 3.1.7 (/opt/ros/humble/share/rosidl_adapter/cmake)
[1.143s] -- Using all available rosidl_typesupport_cpp: rosidl_typesupport_fastrtps_cpp;rosidl_typesupport_introspection_cpp
[1.314s] -- Found ament_cmake_ros: 0.10.0 (/opt/ros/humble/share/ament_cmake_ros/cmake)
[1.419s] -- Using all available rosidl_typesupport_c: rosidl_typesupport_fastrtps_c;rosidl_typesupport_introspection_c
[1.556s] -- Using all available rosidl_typesupport_cpp: rosidl_typesupport_fastrtps_cpp;rosidl_typesupport_introspection_cpp
[1.632s] -- Found PythonInterp: /usr/bin/python3 (found suitable version "3.10.12", minimum required is "3.6") 
[1.633s] -- Found python_cmake_module: 0.10.0 (/opt/ros/humble/share/python_cmake_module/cmake)
[1.824s] -- Found PythonLibs: /usr/lib/x86_64-linux-gnu/libpython3.10.so (found suitable version "3.10.12", minimum required is "3.5") 
[1.824s] -- Using PYTHON_EXECUTABLE: /usr/bin/python3
[1.824s] -- Using PYTHON_INCLUDE_DIRS: /usr/include/python3.10
[1.824s] -- Using PYTHON_LIBRARIES: /usr/lib/x86_64-linux-gnu/libpython3.10.so
[1.837s] -- Found PythonExtra: .so  
[1.873s] -- Found ament_lint_auto: 0.12.14 (/opt/ros/humble/share/ament_lint_auto/cmake)
[1.884s] -- Added test 'lint_cmake' to check CMake code style
[1.885s] -- Added test 'xmllint' to check XML markup files
[1.887s] -- Configuring done
[1.908s] -- Generating done
[1.914s] -- Build files have been written to: /home/hyh/build/practice_package_msgs
[1.919s] Invoked command in '/home/hyh/build/practice_package_msgs' returned '0': CMAKE_PREFIX_PATH=${CMAKE_PREFIX_PATH}:/home/hyh/ros2_prct/install/practice_package:/home/hyh/ros2_study/install/my_first_package:/opt/ros/humble /usr/bin/cmake /home/hyh/ros2_prct/src/practice_package_msgs -DCMAKE_INSTALL_PREFIX=/home/hyh/install/practice_package_msgs
[1.920s] Invoking command in '/home/hyh/build/practice_package_msgs': CMAKE_PREFIX_PATH=${CMAKE_PREFIX_PATH}:/home/hyh/ros2_prct/install/practice_package:/home/hyh/ros2_study/install/my_first_package:/opt/ros/humble /usr/bin/cmake --build /home/hyh/build/practice_package_msgs -- -j20 -l20
[1.940s] [  3%] [34m[1mGenerating C code for ROS interfaces[0m
[1.946s] [  6%] [34m[1mGenerating C++ code for ROS interfaces[0m
[1.952s] [  6%] Built target ament_cmake_python_copy_practice_package_msgs
[2.139s] [  9%] [32mBuilding C object CMakeFiles/practice_package_msgs__rosidl_generator_c.dir/rosidl_generator_c/practice_package_msgs/msg/detail/pose_to_val__functions.c.o[0m
[2.150s] [  9%] Built target practice_package_msgs__cpp
[2.158s] [ 16%] [34m[1mGenerating C++ type support for eProsima Fast-RTPS[0m
[2.159s] [ 16%] [34m[1mGenerating C++ introspection for ROS interfaces[0m
[2.159s] [ 19%] [34m[1mGenerating C++ type support dispatch for ROS interfaces[0m
[2.169s] running egg_info
[2.170s] creating practice_package_msgs.egg-info
[2.170s] writing practice_package_msgs.egg-info/PKG-INFO
[2.171s] writing dependency_links to practice_package_msgs.egg-info/dependency_links.txt
[2.171s] writing top-level names to practice_package_msgs.egg-info/top_level.txt
[2.171s] writing manifest file 'practice_package_msgs.egg-info/SOURCES.txt'
[2.173s] reading manifest file 'practice_package_msgs.egg-info/SOURCES.txt'
[2.174s] writing manifest file 'practice_package_msgs.egg-info/SOURCES.txt'
[2.195s] [ 22%] [32m[1mLinking C shared library libpractice_package_msgs__rosidl_generator_c.so[0m
[2.199s] [ 22%] Built target ament_cmake_python_build_practice_package_msgs_egg
[2.267s] [ 22%] Built target practice_package_msgs__rosidl_generator_c
[2.275s] [ 29%] [34m[1mGenerating C type support dispatch for ROS interfaces[0m
[2.275s] [ 29%] [34m[1mGenerating C type support for eProsima Fast-RTPS[0m
[2.276s] [ 32%] [34m[1mGenerating C introspection for ROS interfaces[0m
[2.304s] [ 35%] [32mBuilding CXX object CMakeFiles/practice_package_msgs__rosidl_typesupport_cpp.dir/rosidl_typesupport_cpp/practice_package_msgs/msg/pose_to_val__type_support.cpp.o[0m
[2.322s] [ 38%] [32mBuilding CXX object CMakeFiles/practice_package_msgs__rosidl_typesupport_introspection_cpp.dir/rosidl_typesupport_introspection_cpp/practice_package_msgs/msg/detail/pose_to_val__type_support.cpp.o[0m
[2.327s] [ 41%] [32mBuilding CXX object CMakeFiles/practice_package_msgs__rosidl_typesupport_fastrtps_cpp.dir/rosidl_typesupport_fastrtps_cpp/practice_package_msgs/msg/detail/dds_fastrtps/pose_to_val__type_support.cpp.o[0m
[2.438s] [ 45%] [32mBuilding C object CMakeFiles/practice_package_msgs__rosidl_typesupport_introspection_c.dir/rosidl_typesupport_introspection_c/practice_package_msgs/msg/detail/pose_to_val__type_support.c.o[0m
[2.445s] [ 48%] [32mBuilding CXX object CMakeFiles/practice_package_msgs__rosidl_typesupport_c.dir/rosidl_typesupport_c/practice_package_msgs/msg/pose_to_val__type_support.cpp.o[0m
[2.463s] [ 51%] [32m[1mLinking C shared library libpractice_package_msgs__rosidl_typesupport_introspection_c.so[0m
[2.464s] [ 54%] [32mBuilding CXX object CMakeFiles/practice_package_msgs__rosidl_typesupport_fastrtps_c.dir/rosidl_typesupport_fastrtps_c/practice_package_msgs/msg/detail/pose_to_val__type_support_c.cpp.o[0m
[2.470s] [ 58%] [32m[1mLinking CXX shared library libpractice_package_msgs__rosidl_typesupport_c.so[0m
[2.515s] [ 61%] [32m[1mLinking CXX shared library libpractice_package_msgs__rosidl_typesupport_cpp.so[0m
[2.521s] [ 61%] Built target practice_package_msgs__rosidl_typesupport_introspection_c
[2.526s] [ 61%] Built target practice_package_msgs__rosidl_typesupport_c
[2.580s] [ 64%] [32m[1mLinking CXX shared library libpractice_package_msgs__rosidl_typesupport_introspection_cpp.so[0m
[2.591s] [ 67%] [32m[1mLinking CXX shared library libpractice_package_msgs__rosidl_typesupport_fastrtps_cpp.so[0m
[2.599s] [ 67%] Built target practice_package_msgs__rosidl_typesupport_cpp
[2.663s] [ 67%] Built target practice_package_msgs__rosidl_typesupport_introspection_cpp
[2.669s] [ 70%] [32m[1mLinking CXX shared library libpractice_package_msgs__rosidl_typesupport_fastrtps_c.so[0m
[2.694s] [ 70%] Built target practice_package_msgs__rosidl_typesupport_fastrtps_cpp
[2.812s] [ 70%] Built target practice_package_msgs__rosidl_typesupport_fastrtps_c
[2.833s] [ 70%] Built target practice_package_msgs
[2.850s] [ 74%] [34m[1mGenerating Python code for ROS interfaces[0m
[3.090s] [ 74%] Built target practice_package_msgs__py
[3.106s] [ 77%] [32mBuilding C object CMakeFiles/practice_package_msgs__rosidl_generator_py.dir/rosidl_generator_py/practice_package_msgs/msg/_pose_to_val_s.c.o[0m
[3.192s] [ 80%] [32m[1mLinking C shared library rosidl_generator_py/practice_package_msgs/libpractice_package_msgs__rosidl_generator_py.so[0m
[3.254s] [ 80%] Built target practice_package_msgs__rosidl_generator_py
[3.268s] [ 90%] [32mBuilding C object CMakeFiles/practice_package_msgs__rosidl_typesupport_c__pyext.dir/rosidl_generator_py/practice_package_msgs/_practice_package_msgs_s.ep.rosidl_typesupport_c.c.o[0m
[3.268s] [ 90%] [32mBuilding C object CMakeFiles/practice_package_msgs__rosidl_typesupport_introspection_c__pyext.dir/rosidl_generator_py/practice_package_msgs/_practice_package_msgs_s.ep.rosidl_typesupport_introspection_c.c.o[0m
[3.268s] [ 90%] [32mBuilding C object CMakeFiles/practice_package_msgs__rosidl_typesupport_fastrtps_c__pyext.dir/rosidl_generator_py/practice_package_msgs/_practice_package_msgs_s.ep.rosidl_typesupport_fastrtps_c.c.o[0m
[3.318s] [ 96%] [32m[1mLinking C shared library rosidl_generator_py/practice_package_msgs/practice_package_msgs_s__rosidl_typesupport_introspection_c.cpython-310-x86_64-linux-gnu.so[0m
[3.318s] [ 96%] [32m[1mLinking C shared library rosidl_generator_py/practice_package_msgs/practice_package_msgs_s__rosidl_typesupport_c.cpython-310-x86_64-linux-gnu.so[0m
[3.320s] [100%] [32m[1mLinking C shared library rosidl_generator_py/practice_package_msgs/practice_package_msgs_s__rosidl_typesupport_fastrtps_c.cpython-310-x86_64-linux-gnu.so[0m
[3.372s] [100%] Built target practice_package_msgs__rosidl_typesupport_c__pyext
[3.377s] [100%] Built target practice_package_msgs__rosidl_typesupport_introspection_c__pyext
[3.412s] [100%] Built target practice_package_msgs__rosidl_typesupport_fastrtps_c__pyext
[3.421s] Invoked command in '/home/hyh/build/practice_package_msgs' returned '0': CMAKE_PREFIX_PATH=${CMAKE_PREFIX_PATH}:/home/hyh/ros2_prct/install/practice_package:/home/hyh/ros2_study/install/my_first_package:/opt/ros/humble /usr/bin/cmake --build /home/hyh/build/practice_package_msgs -- -j20 -l20
[3.428s] Invoking command in '/home/hyh/build/practice_package_msgs': CMAKE_PREFIX_PATH=${CMAKE_PREFIX_PATH}:/home/hyh/ros2_prct/install/practice_package:/home/hyh/ros2_study/install/my_first_package:/opt/ros/humble /usr/bin/cmake --install /home/hyh/build/practice_package_msgs
[3.433s] -- Install configuration: ""
[3.433s] -- Installing: /home/hyh/install/practice_package_msgs/share/ament_index/resource_index/rosidl_interfaces/practice_package_msgs
[3.433s] -- Installing: /home/hyh/install/practice_package_msgs/include/practice_package_msgs/practice_package_msgs
[3.434s] -- Installing: /home/hyh/install/practice_package_msgs/include/practice_package_msgs/practice_package_msgs/msg
[3.434s] -- Installing: /home/hyh/install/practice_package_msgs/include/practice_package_msgs/practice_package_msgs/msg/detail
[3.434s] -- Installing: /home/hyh/install/practice_package_msgs/include/practice_package_msgs/practice_package_msgs/msg/detail/pose_to_val__functions.c
[3.434s] -- Installing: /home/hyh/install/practice_package_msgs/include/practice_package_msgs/practice_package_msgs/msg/detail/pose_to_val__struct.h
[3.434s] -- Installing: /home/hyh/install/practice_package_msgs/include/practice_package_msgs/practice_package_msgs/msg/detail/pose_to_val__functions.h
[3.434s] -- Installing: /home/hyh/install/practice_package_msgs/include/practice_package_msgs/practice_package_msgs/msg/detail/pose_to_val__type_support.h
[3.434s] -- Installing: /home/hyh/install/practice_package_msgs/include/practice_package_msgs/practice_package_msgs/msg/rosidl_generator_c__visibility_control.h
[3.434s] -- Installing: /home/hyh/install/practice_package_msgs/include/practice_package_msgs/practice_package_msgs/msg/pose_to_val.h
[3.435s] -- Installing: /home/hyh/install/practice_package_msgs/share/practice_package_msgs/environment/library_path.sh
[3.435s] -- Installing: /home/hyh/install/practice_package_msgs/share/practice_package_msgs/environment/library_path.dsv
[3.435s] -- Installing: /home/hyh/install/practice_package_msgs/lib/libpractice_package_msgs__rosidl_generator_c.so
[3.435s] -- Set runtime path of "/home/hyh/install/practice_package_msgs/lib/libpractice_package_msgs__rosidl_generator_c.so" to ""
[3.435s] -- Up-to-date: /home/hyh/install/practice_package_msgs/include/practice_package_msgs/practice_package_msgs
[3.435s] -- Up-to-date: /home/hyh/install/practice_package_msgs/include/practice_package_msgs/practice_package_msgs/msg
[3.435s] -- Up-to-date: /home/hyh/install/practice_package_msgs/include/practice_package_msgs/practice_package_msgs/msg/detail
[3.435s] -- Installing: /home/hyh/install/practice_package_msgs/include/practice_package_msgs/practice_package_msgs/msg/detail/pose_to_val__rosidl_typesupport_fastrtps_c.h
[3.435s] -- Installing: /home/hyh/install/practice_package_msgs/include/practice_package_msgs/practice_package_msgs/msg/rosidl_typesupport_fastrtps_c__visibility_control.h
[3.436s] -- Installing: /home/hyh/install/practice_package_msgs/lib/libpractice_package_msgs__rosidl_typesupport_fastrtps_c.so
[3.436s] -- Set runtime path of "/home/hyh/install/practice_package_msgs/lib/libpractice_package_msgs__rosidl_typesupport_fastrtps_c.so" to ""
[3.436s] -- Up-to-date: /home/hyh/install/practice_package_msgs/include/practice_package_msgs/practice_package_msgs
[3.436s] -- Up-to-date: /home/hyh/install/practice_package_msgs/include/practice_package_msgs/practice_package_msgs/msg
[3.437s] -- Up-to-date: /home/hyh/install/practice_package_msgs/include/practice_package_msgs/practice_package_msgs/msg/detail
[3.437s] -- Installing: /home/hyh/install/practice_package_msgs/include/practice_package_msgs/practice_package_msgs/msg/detail/pose_to_val__rosidl_typesupport_introspection_c.h
[3.437s] -- Installing: /home/hyh/install/practice_package_msgs/include/practice_package_msgs/practice_package_msgs/msg/detail/pose_to_val__type_support.c
[3.437s] -- Installing: /home/hyh/install/practice_package_msgs/include/practice_package_msgs/practice_package_msgs/msg/rosidl_typesupport_introspection_c__visibility_control.h
[3.438s] -- Installing: /home/hyh/install/practice_package_msgs/lib/libpractice_package_msgs__rosidl_typesupport_introspection_c.so
[3.438s] -- Set runtime path of "/home/hyh/install/practice_package_msgs/lib/libpractice_package_msgs__rosidl_typesupport_introspection_c.so" to ""
[3.438s] -- Installing: /home/hyh/install/practice_package_msgs/lib/libpractice_package_msgs__rosidl_typesupport_c.so
[3.439s] -- Set runtime path of "/home/hyh/install/practice_package_msgs/lib/libpractice_package_msgs__rosidl_typesupport_c.so" to ""
[3.439s] -- Up-to-date: /home/hyh/install/practice_package_msgs/include/practice_package_msgs/practice_package_msgs
[3.439s] -- Up-to-date: /home/hyh/install/practice_package_msgs/include/practice_package_msgs/practice_package_msgs/msg
[3.439s] -- Up-to-date: /home/hyh/install/practice_package_msgs/include/practice_package_msgs/practice_package_msgs/msg/detail
[3.440s] -- Installing: /home/hyh/install/practice_package_msgs/include/practice_package_msgs/practice_package_msgs/msg/detail/pose_to_val__struct.hpp
[3.440s] -- Installing: /home/hyh/install/practice_package_msgs/include/practice_package_msgs/practice_package_msgs/msg/detail/pose_to_val__traits.hpp
[3.440s] -- Installing: /home/hyh/install/practice_package_msgs/include/practice_package_msgs/practice_package_msgs/msg/detail/pose_to_val__builder.hpp
[3.440s] -- Installing: /home/hyh/install/practice_package_msgs/include/practice_package_msgs/practice_package_msgs/msg/detail/pose_to_val__type_support.hpp
[3.440s] -- Installing: /home/hyh/install/practice_package_msgs/include/practice_package_msgs/practice_package_msgs/msg/rosidl_generator_cpp__visibility_control.hpp
[3.440s] -- Installing: /home/hyh/install/practice_package_msgs/include/practice_package_msgs/practice_package_msgs/msg/pose_to_val.hpp
[3.441s] -- Up-to-date: /home/hyh/install/practice_package_msgs/include/practice_package_msgs/practice_package_msgs
[3.441s] -- Up-to-date: /home/hyh/install/practice_package_msgs/include/practice_package_msgs/practice_package_msgs/msg
[3.441s] -- Up-to-date: /home/hyh/install/practice_package_msgs/include/practice_package_msgs/practice_package_msgs/msg/detail
[3.441s] -- Installing: /home/hyh/install/practice_package_msgs/include/practice_package_msgs/practice_package_msgs/msg/detail/dds_fastrtps
[3.441s] -- Installing: /home/hyh/install/practice_package_msgs/include/practice_package_msgs/practice_package_msgs/msg/detail/pose_to_val__rosidl_typesupport_fastrtps_cpp.hpp
[3.442s] -- Installing: /home/hyh/install/practice_package_msgs/include/practice_package_msgs/practice_package_msgs/msg/rosidl_typesupport_fastrtps_cpp__visibility_control.h
[3.442s] -- Installing: /home/hyh/install/practice_package_msgs/lib/libpractice_package_msgs__rosidl_typesupport_fastrtps_cpp.so
[3.442s] -- Set runtime path of "/home/hyh/install/practice_package_msgs/lib/libpractice_package_msgs__rosidl_typesupport_fastrtps_cpp.so" to ""
[3.442s] -- Up-to-date: /home/hyh/install/practice_package_msgs/include/practice_package_msgs/practice_package_msgs
[3.442s] -- Up-to-date: /home/hyh/install/practice_package_msgs/include/practice_package_msgs/practice_package_msgs/msg
[3.443s] -- Up-to-date: /home/hyh/install/practice_package_msgs/include/practice_package_msgs/practice_package_msgs/msg/detail
[3.443s] -- Installing: /home/hyh/install/practice_package_msgs/include/practice_package_msgs/practice_package_msgs/msg/detail/pose_to_val__type_support.cpp
[3.443s] -- Installing: /home/hyh/install/practice_package_msgs/include/practice_package_msgs/practice_package_msgs/msg/detail/pose_to_val__rosidl_typesupport_introspection_cpp.hpp
[3.443s] -- Installing: /home/hyh/install/practice_package_msgs/lib/libpractice_package_msgs__rosidl_typesupport_introspection_cpp.so
[3.444s] -- Set runtime path of "/home/hyh/install/practice_package_msgs/lib/libpractice_package_msgs__rosidl_typesupport_introspection_cpp.so" to ""
[3.444s] -- Installing: /home/hyh/install/practice_package_msgs/lib/libpractice_package_msgs__rosidl_typesupport_cpp.so
[3.444s] -- Set runtime path of "/home/hyh/install/practice_package_msgs/lib/libpractice_package_msgs__rosidl_typesupport_cpp.so" to ""
[3.444s] -- Installing: /home/hyh/install/practice_package_msgs/share/practice_package_msgs/environment/pythonpath.sh
[3.444s] -- Installing: /home/hyh/install/practice_package_msgs/share/practice_package_msgs/environment/pythonpath.dsv
[3.444s] -- Installing: /home/hyh/install/practice_package_msgs/local/lib/python3.10/dist-packages/practice_package_msgs-0.0.0-py3.10.egg-info
[3.444s] -- Installing: /home/hyh/install/practice_package_msgs/local/lib/python3.10/dist-packages/practice_package_msgs-0.0.0-py3.10.egg-info/dependency_links.txt
[3.444s] -- Installing: /home/hyh/install/practice_package_msgs/local/lib/python3.10/dist-packages/practice_package_msgs-0.0.0-py3.10.egg-info/SOURCES.txt
[3.444s] -- Installing: /home/hyh/install/practice_package_msgs/local/lib/python3.10/dist-packages/practice_package_msgs-0.0.0-py3.10.egg-info/PKG-INFO
[3.444s] -- Installing: /home/hyh/install/practice_package_msgs/local/lib/python3.10/dist-packages/practice_package_msgs-0.0.0-py3.10.egg-info/top_level.txt
[3.444s] -- Installing: /home/hyh/install/practice_package_msgs/local/lib/python3.10/dist-packages/practice_package_msgs
[3.444s] -- Installing: /home/hyh/install/practice_package_msgs/local/lib/python3.10/dist-packages/practice_package_msgs/__init__.py
[3.444s] -- Installing: /home/hyh/install/practice_package_msgs/local/lib/python3.10/dist-packages/practice_package_msgs/msg
[3.444s] -- Installing: /home/hyh/install/practice_package_msgs/local/lib/python3.10/dist-packages/practice_package_msgs/msg/__init__.py
[3.445s] -- Installing: /home/hyh/install/practice_package_msgs/local/lib/python3.10/dist-packages/practice_package_msgs/msg/_pose_to_val.py
[3.445s] -- Installing: /home/hyh/install/practice_package_msgs/local/lib/python3.10/dist-packages/practice_package_msgs/msg/_pose_to_val_s.c
[3.445s] -- Installing: /home/hyh/install/practice_package_msgs/local/lib/python3.10/dist-packages/practice_package_msgs/libpractice_package_msgs__rosidl_generator_py.so
[3.445s] -- Installing: /home/hyh/install/practice_package_msgs/local/lib/python3.10/dist-packages/practice_package_msgs/practice_package_msgs_s__rosidl_typesupport_fastrtps_c.cpython-310-x86_64-linux-gnu.so
[3.445s] -- Installing: /home/hyh/install/practice_package_msgs/local/lib/python3.10/dist-packages/practice_package_msgs/_practice_package_msgs_s.ep.rosidl_typesupport_c.c
[3.445s] -- Installing: /home/hyh/install/practice_package_msgs/local/lib/python3.10/dist-packages/practice_package_msgs/practice_package_msgs_s__rosidl_typesupport_introspection_c.cpython-310-x86_64-linux-gnu.so
[3.445s] -- Installing: /home/hyh/install/practice_package_msgs/local/lib/python3.10/dist-packages/practice_package_msgs/_practice_package_msgs_s.ep.rosidl_typesupport_fastrtps_c.c
[3.445s] -- Installing: /home/hyh/install/practice_package_msgs/local/lib/python3.10/dist-packages/practice_package_msgs/_practice_package_msgs_s.ep.rosidl_typesupport_introspection_c.c
[3.445s] -- Installing: /home/hyh/install/practice_package_msgs/local/lib/python3.10/dist-packages/practice_package_msgs/practice_package_msgs_s__rosidl_typesupport_c.cpython-310-x86_64-linux-gnu.so
[3.463s] Listing '/home/hyh/install/practice_package_msgs/local/lib/python3.10/dist-packages/practice_package_msgs'...
[3.463s] Compiling '/home/hyh/install/practice_package_msgs/local/lib/python3.10/dist-packages/practice_package_msgs/__init__.py'...
[3.463s] Listing '/home/hyh/install/practice_package_msgs/local/lib/python3.10/dist-packages/practice_package_msgs/msg'...
[3.463s] Compiling '/home/hyh/install/practice_package_msgs/local/lib/python3.10/dist-packages/practice_package_msgs/msg/__init__.py'...
[3.463s] Compiling '/home/hyh/install/practice_package_msgs/local/lib/python3.10/dist-packages/practice_package_msgs/msg/_pose_to_val.py'...
[3.466s] -- Installing: /home/hyh/install/practice_package_msgs/local/lib/python3.10/dist-packages/practice_package_msgs/practice_package_msgs_s__rosidl_typesupport_fastrtps_c.cpython-310-x86_64-linux-gnu.so
[3.466s] -- Set runtime path of "/home/hyh/install/practice_package_msgs/local/lib/python3.10/dist-packages/practice_package_msgs/practice_package_msgs_s__rosidl_typesupport_fastrtps_c.cpython-310-x86_64-linux-gnu.so" to ""
[3.467s] -- Installing: /home/hyh/install/practice_package_msgs/local/lib/python3.10/dist-packages/practice_package_msgs/practice_package_msgs_s__rosidl_typesupport_introspection_c.cpython-310-x86_64-linux-gnu.so
[3.467s] -- Set runtime path of "/home/hyh/install/practice_package_msgs/local/lib/python3.10/dist-packages/practice_package_msgs/practice_package_msgs_s__rosidl_typesupport_introspection_c.cpython-310-x86_64-linux-gnu.so" to ""
[3.467s] -- Installing: /home/hyh/install/practice_package_msgs/local/lib/python3.10/dist-packages/practice_package_msgs/practice_package_msgs_s__rosidl_typesupport_c.cpython-310-x86_64-linux-gnu.so
[3.467s] -- Set runtime path of "/home/hyh/install/practice_package_msgs/local/lib/python3.10/dist-packages/practice_package_msgs/practice_package_msgs_s__rosidl_typesupport_c.cpython-310-x86_64-linux-gnu.so" to ""
[3.467s] -- Installing: /home/hyh/install/practice_package_msgs/lib/libpractice_package_msgs__rosidl_generator_py.so
[3.467s] -- Set runtime path of "/home/hyh/install/practice_package_msgs/lib/libpractice_package_msgs__rosidl_generator_py.so" to ""
[3.467s] -- Installing: /home/hyh/install/practice_package_msgs/share/practice_package_msgs/msg/PoseToVal.idl
[3.468s] -- Installing: /home/hyh/install/practice_package_msgs/share/practice_package_msgs/msg/PoseToVal.msg
[3.468s] -- Installing: /home/hyh/install/practice_package_msgs/share/ament_index/resource_index/package_run_dependencies/practice_package_msgs
[3.468s] -- Installing: /home/hyh/install/practice_package_msgs/share/ament_index/resource_index/parent_prefix_path/practice_package_msgs
[3.468s] -- Installing: /home/hyh/install/practice_package_msgs/share/practice_package_msgs/environment/ament_prefix_path.sh
[3.468s] -- Installing: /home/hyh/install/practice_package_msgs/share/practice_package_msgs/environment/ament_prefix_path.dsv
[3.468s] -- Installing: /home/hyh/install/practice_package_msgs/share/practice_package_msgs/environment/path.sh
[3.468s] -- Installing: /home/hyh/install/practice_package_msgs/share/practice_package_msgs/environment/path.dsv
[3.468s] -- Installing: /home/hyh/install/practice_package_msgs/share/practice_package_msgs/local_setup.bash
[3.468s] -- Installing: /home/hyh/install/practice_package_msgs/share/practice_package_msgs/local_setup.sh
[3.469s] -- Installing: /home/hyh/install/practice_package_msgs/share/practice_package_msgs/local_setup.zsh
[3.469s] -- Installing: /home/hyh/install/practice_package_msgs/share/practice_package_msgs/local_setup.dsv
[3.469s] -- Installing: /home/hyh/install/practice_package_msgs/share/practice_package_msgs/package.dsv
[3.469s] -- Installing: /home/hyh/install/practice_package_msgs/share/ament_index/resource_index/packages/practice_package_msgs
[3.469s] -- Installing: /home/hyh/install/practice_package_msgs/share/practice_package_msgs/cmake/export_practice_package_msgs__rosidl_generator_cExport.cmake
[3.469s] -- Installing: /home/hyh/install/practice_package_msgs/share/practice_package_msgs/cmake/export_practice_package_msgs__rosidl_generator_cExport-noconfig.cmake
[3.469s] -- Installing: /home/hyh/install/practice_package_msgs/share/practice_package_msgs/cmake/export_practice_package_msgs__rosidl_typesupport_fastrtps_cExport.cmake
[3.469s] -- Installing: /home/hyh/install/practice_package_msgs/share/practice_package_msgs/cmake/export_practice_package_msgs__rosidl_typesupport_fastrtps_cExport-noconfig.cmake
[3.469s] -- Installing: /home/hyh/install/practice_package_msgs/share/practice_package_msgs/cmake/practice_package_msgs__rosidl_typesupport_introspection_cExport.cmake
[3.470s] -- Installing: /home/hyh/install/practice_package_msgs/share/practice_package_msgs/cmake/practice_package_msgs__rosidl_typesupport_introspection_cExport-noconfig.cmake
[3.470s] -- Installing: /home/hyh/install/practice_package_msgs/share/practice_package_msgs/cmake/practice_package_msgs__rosidl_typesupport_cExport.cmake
[3.470s] -- Installing: /home/hyh/install/practice_package_msgs/share/practice_package_msgs/cmake/practice_package_msgs__rosidl_typesupport_cExport-noconfig.cmake
[3.470s] -- Installing: /home/hyh/install/practice_package_msgs/share/practice_package_msgs/cmake/export_practice_package_msgs__rosidl_generator_cppExport.cmake
[3.470s] -- Installing: /home/hyh/install/practice_package_msgs/share/practice_package_msgs/cmake/export_practice_package_msgs__rosidl_typesupport_fastrtps_cppExport.cmake
[3.470s] -- Installing: /home/hyh/install/practice_package_msgs/share/practice_package_msgs/cmake/export_practice_package_msgs__rosidl_typesupport_fastrtps_cppExport-noconfig.cmake
[3.470s] -- Installing: /home/hyh/install/practice_package_msgs/share/practice_package_msgs/cmake/practice_package_msgs__rosidl_typesupport_introspection_cppExport.cmake
[3.470s] -- Installing: /home/hyh/install/practice_package_msgs/share/practice_package_msgs/cmake/practice_package_msgs__rosidl_typesupport_introspection_cppExport-noconfig.cmake
[3.470s] -- Installing: /home/hyh/install/practice_package_msgs/share/practice_package_msgs/cmake/practice_package_msgs__rosidl_typesupport_cppExport.cmake
[3.470s] -- Installing: /home/hyh/install/practice_package_msgs/share/practice_package_msgs/cmake/practice_package_msgs__rosidl_typesupport_cppExport-noconfig.cmake
[3.471s] -- Installing: /home/hyh/install/practice_package_msgs/share/practice_package_msgs/cmake/export_practice_package_msgs__rosidl_generator_pyExport.cmake
[3.471s] -- Installing: /home/hyh/install/practice_package_msgs/share/practice_package_msgs/cmake/export_practice_package_msgs__rosidl_generator_pyExport-noconfig.cmake
[3.471s] -- Installing: /home/hyh/install/practice_package_msgs/share/practice_package_msgs/cmake/rosidl_cmake-extras.cmake
[3.471s] -- Installing: /home/hyh/install/practice_package_msgs/share/practice_package_msgs/cmake/ament_cmake_export_include_directories-extras.cmake
[3.471s] -- Installing: /home/hyh/install/practice_package_msgs/share/practice_package_msgs/cmake/ament_cmake_export_libraries-extras.cmake
[3.471s] -- Installing: /home/hyh/install/practice_package_msgs/share/practice_package_msgs/cmake/ament_cmake_export_targets-extras.cmake
[3.471s] -- Installing: /home/hyh/install/practice_package_msgs/share/practice_package_msgs/cmake/rosidl_cmake_export_typesupport_targets-extras.cmake
[3.471s] -- Installing: /home/hyh/install/practice_package_msgs/share/practice_package_msgs/cmake/ament_cmake_export_dependencies-extras.cmake
[3.471s] -- Installing: /home/hyh/install/practice_package_msgs/share/practice_package_msgs/cmake/rosidl_cmake_export_typesupport_libraries-extras.cmake
[3.471s] -- Installing: /home/hyh/install/practice_package_msgs/share/practice_package_msgs/cmake/practice_package_msgsConfig.cmake
[3.471s] -- Installing: /home/hyh/install/practice_package_msgs/share/practice_package_msgs/cmake/practice_package_msgsConfig-version.cmake
[3.472s] -- Installing: /home/hyh/install/practice_package_msgs/share/practice_package_msgs/package.xml
[3.473s] Invoked command in '/home/hyh/build/practice_package_msgs' returned '0': CMAKE_PREFIX_PATH=${CMAKE_PREFIX_PATH}:/home/hyh/ros2_prct/install/practice_package:/home/hyh/ros2_study/install/my_first_package:/opt/ros/humble /usr/bin/cmake --install /home/hyh/build/practice_package_msgs
