[0.146s] Invoking command in '/home/hyh/ros2_prct/build/practice_package_msgs': /usr/bin/cmake /home/hyh/ros2_prct/src/practice_package_msgs -DCMAKE_INSTALL_PREFIX=/home/hyh/ros2_prct/install/practice_package_msgs
[0.152s] -- Found ament_cmake: 1.3.12 (/opt/ros/humble/share/ament_cmake/cmake)
[0.229s] -- Found rosidl_default_generators: 1.2.0 (/opt/ros/humble/share/rosidl_default_generators/cmake)
[0.230s] -- Using all available rosidl_typesupport_c: rosidl_typesupport_fastrtps_c;rosidl_typesupport_introspection_c
[0.231s] -- Found rosidl_adapter: 3.1.7 (/opt/ros/humble/share/rosidl_adapter/cmake)
[0.301s] -- Using all available rosidl_typesupport_cpp: rosidl_typesupport_fastrtps_cpp;rosidl_typesupport_introspection_cpp
[0.426s] Error parsing '/home/hyh/ros2_prct/src/practice_package_msgs/package.xml':
[0.449s] Traceback (most recent call last):
[0.450s]   File "/opt/ros/humble/share/ament_cmake_core/cmake/core/package_xml_2_cmake.py", line 150, in <module>
[0.450s]     main()
[0.450s]   File "/opt/ros/humble/share/ament_cmake_core/cmake/core/package_xml_2_cmake.py", line 53, in main
[0.450s]     raise e
[0.450s]   File "/opt/ros/humble/share/ament_cmake_core/cmake/core/package_xml_2_cmake.py", line 49, in main
[0.450s]     package = parse_package_string(
[0.450s]   File "/usr/lib/python3/dist-packages/catkin_pkg/package.py", line 788, in parse_package_string
[0.450s]     pkg.validate(warnings=warnings)
[0.450s]   File "/usr/lib/python3/dist-packages/catkin_pkg/package.py", line 330, in validate
[0.451s]     raise InvalidPackage('\n'.join(errors), self.filename)
[0.451s] catkin_pkg.package.InvalidPackage: Error(s) in package '/home/hyh/ros2_prct/src/practice_package_msgs/package.xml':
[0.451s] Invalid email "[hanyh000@naver.com]" for person "hyh"
[0.460s] [31mCMake Error at /opt/ros/humble/share/ament_cmake_core/cmake/core/ament_package_xml.cmake:95 (message):
[0.460s]   execute_process(/usr/bin/python3
[0.460s]   /opt/ros/humble/share/ament_cmake_core/cmake/core/package_xml_2_cmake.py
[0.460s]   /home/hyh/ros2_prct/src/practice_package_msgs/package.xml
[0.460s]   /home/hyh/ros2_prct/build/practice_package_msgs/ament_cmake_core/package.cmake)
[0.460s]   returned error code 1
[0.460s] Call Stack (most recent call first):
[0.460s]   /opt/ros/humble/share/ament_cmake_core/cmake/core/ament_package_xml.cmake:49 (_ament_package_xml)
[0.460s]   /opt/ros/humble/share/rosidl_cmake/cmake/rosidl_generate_interfaces.cmake:226 (ament_package_xml)
[0.460s]   CMakeLists.txt:15 (rosidl_generate_interfaces)
[0.460s] 
[0.460s] [0m
[0.460s] -- Configuring incomplete, errors occurred!
[0.460s] See also "/home/hyh/ros2_prct/build/practice_package_msgs/CMakeFiles/CMakeOutput.log".
[0.464s] Invoked command in '/home/hyh/ros2_prct/build/practice_package_msgs' returned '1': /usr/bin/cmake /home/hyh/ros2_prct/src/practice_package_msgs -DCMAKE_INSTALL_PREFIX=/home/hyh/ros2_prct/install/practice_package_msgs
