[0.369s] Invoking command in '/home/hyh/ros2_laser/src/laser_package': PYTHONPATH=/home/hyh/ros2_laser/build/laser_package/prefix_override:/usr/lib/python3/dist-packages/colcon_core/task/python/colcon_distutils_commands:/home/hyh/ros2_laser/install/laser_package/lib/python3.10/site-packages:${PYTHONPATH} /usr/bin/python3 -W ignore:setup.py install is deprecated -W ignore:easy_install command is deprecated setup.py egg_info --egg-base ../../build/laser_package build --build-base /home/hyh/ros2_laser/build/laser_package/build install --record /home/hyh/ros2_laser/build/laser_package/install.log --single-version-externally-managed install_data
[0.502s] running egg_info
[0.503s] writing ../../build/laser_package/laser_package.egg-info/PKG-INFO
[0.503s] writing dependency_links to ../../build/laser_package/laser_package.egg-info/dependency_links.txt
[0.503s] writing entry points to ../../build/laser_package/laser_package.egg-info/entry_points.txt
[0.503s] writing requirements to ../../build/laser_package/laser_package.egg-info/requires.txt
[0.503s] writing top-level names to ../../build/laser_package/laser_package.egg-info/top_level.txt
[0.504s] reading manifest file '../../build/laser_package/laser_package.egg-info/SOURCES.txt'
[0.505s] writing manifest file '../../build/laser_package/laser_package.egg-info/SOURCES.txt'
[0.505s] running build
[0.505s] running build_py
[0.505s] copying laser_package/test.py -> /home/hyh/ros2_laser/build/laser_package/build/lib/laser_package
[0.505s] running install
[0.505s] running install_lib
[0.506s] copying /home/hyh/ros2_laser/build/laser_package/build/lib/laser_package/test.py -> /home/hyh/ros2_laser/install/laser_package/lib/python3.10/site-packages/laser_package
[0.506s] byte-compiling /home/hyh/ros2_laser/install/laser_package/lib/python3.10/site-packages/laser_package/test.py to test.cpython-310.pyc
[0.507s] running install_data
[0.507s] running install_egg_info
[0.508s] removing '/home/hyh/ros2_laser/install/laser_package/lib/python3.10/site-packages/laser_package-0.0.0-py3.10.egg-info' (and everything under it)
[0.508s] Copying ../../build/laser_package/laser_package.egg-info to /home/hyh/ros2_laser/install/laser_package/lib/python3.10/site-packages/laser_package-0.0.0-py3.10.egg-info
[0.508s] running install_scripts
[0.519s] Installing laser_node script to /home/hyh/ros2_laser/install/laser_package/lib/laser_package
[0.519s] Installing laser_pub script to /home/hyh/ros2_laser/install/laser_package/lib/laser_package
[0.520s] Installing test script to /home/hyh/ros2_laser/install/laser_package/lib/laser_package
[0.520s] writing list of installed files to '/home/hyh/ros2_laser/build/laser_package/install.log'
[0.532s] Invoked command in '/home/hyh/ros2_laser/src/laser_package' returned '0': PYTHONPATH=/home/hyh/ros2_laser/build/laser_package/prefix_override:/usr/lib/python3/dist-packages/colcon_core/task/python/colcon_distutils_commands:/home/hyh/ros2_laser/install/laser_package/lib/python3.10/site-packages:${PYTHONPATH} /usr/bin/python3 -W ignore:setup.py install is deprecated -W ignore:easy_install command is deprecated setup.py egg_info --egg-base ../../build/laser_package build --build-base /home/hyh/ros2_laser/build/laser_package/build install --record /home/hyh/ros2_laser/build/laser_package/install.log --single-version-externally-managed install_data
