running egg_info
creating ../../build/laser_package/laser_package.egg-info
writing ../../build/laser_package/laser_package.egg-info/PKG-INFO
writing dependency_links to ../../build/laser_package/laser_package.egg-info/dependency_links.txt
writing entry points to ../../build/laser_package/laser_package.egg-info/entry_points.txt
writing requirements to ../../build/laser_package/laser_package.egg-info/requires.txt
writing top-level names to ../../build/laser_package/laser_package.egg-info/top_level.txt
writing manifest file '../../build/laser_package/laser_package.egg-info/SOURCES.txt'
reading manifest file '../../build/laser_package/laser_package.egg-info/SOURCES.txt'
writing manifest file '../../build/laser_package/laser_package.egg-info/SOURCES.txt'
running build
running build_py
creating /home/hyh/ros2_laser/build/laser_package/build
creating /home/hyh/ros2_laser/build/laser_package/build/lib
creating /home/hyh/ros2_laser/build/laser_package/build/lib/laser_package
copying laser_package/__init__.py -> /home/hyh/ros2_laser/build/laser_package/build/lib/laser_package
copying laser_package/laser_pub.py -> /home/hyh/ros2_laser/build/laser_package/build/lib/laser_package
copying laser_package/laser_node.py -> /home/hyh/ros2_laser/build/laser_package/build/lib/laser_package
running install
running install_lib
creating /home/hyh/ros2_laser/install/laser_package/lib/python3.10/site-packages/laser_package
copying /home/hyh/ros2_laser/build/laser_package/build/lib/laser_package/__init__.py -> /home/hyh/ros2_laser/install/laser_package/lib/python3.10/site-packages/laser_package
copying /home/hyh/ros2_laser/build/laser_package/build/lib/laser_package/laser_pub.py -> /home/hyh/ros2_laser/install/laser_package/lib/python3.10/site-packages/laser_package
copying /home/hyh/ros2_laser/build/laser_package/build/lib/laser_package/laser_node.py -> /home/hyh/ros2_laser/install/laser_package/lib/python3.10/site-packages/laser_package
byte-compiling /home/hyh/ros2_laser/install/laser_package/lib/python3.10/site-packages/laser_package/__init__.py to __init__.cpython-310.pyc
byte-compiling /home/hyh/ros2_laser/install/laser_package/lib/python3.10/site-packages/laser_package/laser_pub.py to laser_pub.cpython-310.pyc
Sorry: IndentationError: unindent does not match any outer indentation level (laser_pub.py, line 51)
byte-compiling /home/hyh/ros2_laser/install/laser_package/lib/python3.10/site-packages/laser_package/laser_node.py to laser_node.cpython-310.pyc
running install_data
creating /home/hyh/ros2_laser/install/laser_package/share
creating /home/hyh/ros2_laser/install/laser_package/share/ament_index
creating /home/hyh/ros2_laser/install/laser_package/share/ament_index/resource_index
creating /home/hyh/ros2_laser/install/laser_package/share/ament_index/resource_index/packages
copying resource/laser_package -> /home/hyh/ros2_laser/install/laser_package/share/ament_index/resource_index/packages
creating /home/hyh/ros2_laser/install/laser_package/share/laser_package
copying package.xml -> /home/hyh/ros2_laser/install/laser_package/share/laser_package
running install_egg_info
Copying ../../build/laser_package/laser_package.egg-info to /home/hyh/ros2_laser/install/laser_package/lib/python3.10/site-packages/laser_package-0.0.0-py3.10.egg-info
running install_scripts
Installing laser_node = laser_package.laser_node:mainlaser_pub script to /home/hyh/ros2_laser/install/laser_package/lib/laser_package
writing list of installed files to '/home/hyh/ros2_laser/build/laser_package/install.log'
