[0.386s] Invoking command in '/home/hyh/ros2_study/src/my_first_package': PYTHONPATH=/home/hyh/ros2_study/src/build/my_first_package/prefix_override:/usr/lib/python3/dist-packages/colcon_core/task/python/colcon_distutils_commands:/home/hyh/ros2_study/src/install/my_first_package/lib/python3.10/site-packages:${PYTHONPATH} /usr/bin/python3 -W ignore:setup.py install is deprecated -W ignore:easy_install command is deprecated setup.py egg_info --egg-base ../build/my_first_package build --build-base /home/hyh/ros2_study/src/build/my_first_package/build install --record /home/hyh/ros2_study/src/build/my_first_package/install.log --single-version-externally-managed install_data
[0.511s] running egg_info
[0.511s] creating ../build/my_first_package/my_first_package.egg-info
[0.512s] writing ../build/my_first_package/my_first_package.egg-info/PKG-INFO
[0.512s] writing dependency_links to ../build/my_first_package/my_first_package.egg-info/dependency_links.txt
[0.512s] writing entry points to ../build/my_first_package/my_first_package.egg-info/entry_points.txt
[0.512s] writing requirements to ../build/my_first_package/my_first_package.egg-info/requires.txt
[0.512s] writing top-level names to ../build/my_first_package/my_first_package.egg-info/top_level.txt
[0.512s] writing manifest file '../build/my_first_package/my_first_package.egg-info/SOURCES.txt'
[0.513s] reading manifest file '../build/my_first_package/my_first_package.egg-info/SOURCES.txt'
[0.513s] writing manifest file '../build/my_first_package/my_first_package.egg-info/SOURCES.txt'
[0.514s] running build
[0.514s] running build_py
[0.514s] creating /home/hyh/ros2_study/src/build/my_first_package/build
[0.514s] creating /home/hyh/ros2_study/src/build/my_first_package/build/lib
[0.514s] creating /home/hyh/ros2_study/src/build/my_first_package/build/lib/my_first_package
[0.514s] copying my_first_package/__init__.py -> /home/hyh/ros2_study/src/build/my_first_package/build/lib/my_first_package
[0.514s] copying my_first_package/my_first_node.py -> /home/hyh/ros2_study/src/build/my_first_package/build/lib/my_first_package
[0.514s] running install
[0.514s] running install_lib
[0.515s] creating /home/hyh/ros2_study/src/install/my_first_package/lib/python3.10/site-packages/my_first_package
[0.515s] copying /home/hyh/ros2_study/src/build/my_first_package/build/lib/my_first_package/__init__.py -> /home/hyh/ros2_study/src/install/my_first_package/lib/python3.10/site-packages/my_first_package
[0.515s] copying /home/hyh/ros2_study/src/build/my_first_package/build/lib/my_first_package/my_first_node.py -> /home/hyh/ros2_study/src/install/my_first_package/lib/python3.10/site-packages/my_first_package
[0.515s] byte-compiling /home/hyh/ros2_study/src/install/my_first_package/lib/python3.10/site-packages/my_first_package/__init__.py to __init__.cpython-310.pyc
[0.516s] byte-compiling /home/hyh/ros2_study/src/install/my_first_package/lib/python3.10/site-packages/my_first_package/my_first_node.py to my_first_node.cpython-310.pyc
[0.516s] running install_data
[0.516s] creating /home/hyh/ros2_study/src/install/my_first_package/share/ament_index
[0.516s] creating /home/hyh/ros2_study/src/install/my_first_package/share/ament_index/resource_index
[0.516s] creating /home/hyh/ros2_study/src/install/my_first_package/share/ament_index/resource_index/packages
[0.516s] copying resource/my_first_package -> /home/hyh/ros2_study/src/install/my_first_package/share/ament_index/resource_index/packages
[0.517s] copying package.xml -> /home/hyh/ros2_study/src/install/my_first_package/share/my_first_package
[0.517s] running install_egg_info
[0.518s] Copying ../build/my_first_package/my_first_package.egg-info to /home/hyh/ros2_study/src/install/my_first_package/lib/python3.10/site-packages/my_first_package-0.0.0-py3.10.egg-info
[0.518s] running install_scripts
[0.529s] Installing my_first_node script to /home/hyh/ros2_study/src/install/my_first_package/lib/my_first_package
[0.530s] writing list of installed files to '/home/hyh/ros2_study/src/build/my_first_package/install.log'
[0.542s] Invoked command in '/home/hyh/ros2_study/src/my_first_package' returned '0': PYTHONPATH=/home/hyh/ros2_study/src/build/my_first_package/prefix_override:/usr/lib/python3/dist-packages/colcon_core/task/python/colcon_distutils_commands:/home/hyh/ros2_study/src/install/my_first_package/lib/python3.10/site-packages:${PYTHONPATH} /usr/bin/python3 -W ignore:setup.py install is deprecated -W ignore:easy_install command is deprecated setup.py egg_info --egg-base ../build/my_first_package build --build-base /home/hyh/ros2_study/src/build/my_first_package/build install --record /home/hyh/ros2_study/src/build/my_first_package/install.log --single-version-externally-managed install_data
