[0.364s] Invoking command in '/home/hyh/ros2_study/src/my_first_package': PYTHONPATH=/home/hyh/build/my_first_package/prefix_override:/usr/lib/python3/dist-packages/colcon_core/task/python/colcon_distutils_commands:/home/hyh/install/my_first_package/lib/python3.10/site-packages:${PYTHONPATH} /usr/bin/python3 -W ignore:setup.py install is deprecated -W ignore:easy_install command is deprecated setup.py egg_info --egg-base ../../../build/my_first_package build --build-base /home/hyh/build/my_first_package/build install --record /home/hyh/build/my_first_package/install.log --single-version-externally-managed install_data
[0.487s] running egg_info
[0.487s] creating ../../../build/my_first_package/my_first_package.egg-info
[0.487s] writing ../../../build/my_first_package/my_first_package.egg-info/PKG-INFO
[0.487s] writing dependency_links to ../../../build/my_first_package/my_first_package.egg-info/dependency_links.txt
[0.488s] writing entry points to ../../../build/my_first_package/my_first_package.egg-info/entry_points.txt
[0.488s] writing requirements to ../../../build/my_first_package/my_first_package.egg-info/requires.txt
[0.488s] writing top-level names to ../../../build/my_first_package/my_first_package.egg-info/top_level.txt
[0.488s] writing manifest file '../../../build/my_first_package/my_first_package.egg-info/SOURCES.txt'
[0.490s] reading manifest file '../../../build/my_first_package/my_first_package.egg-info/SOURCES.txt'
[0.490s] writing manifest file '../../../build/my_first_package/my_first_package.egg-info/SOURCES.txt'
[0.491s] running build
[0.491s] running build_py
[0.491s] creating /home/hyh/build/my_first_package/build
[0.491s] creating /home/hyh/build/my_first_package/build/lib
[0.491s] creating /home/hyh/build/my_first_package/build/lib/my_first_package
[0.491s] copying my_first_package/__init__.py -> /home/hyh/build/my_first_package/build/lib/my_first_package
[0.491s] copying my_first_package/my_first_node.py -> /home/hyh/build/my_first_package/build/lib/my_first_package
[0.491s] copying my_first_package/my_subscriber.py -> /home/hyh/build/my_first_package/build/lib/my_first_package
[0.492s] copying my_first_package/my_publisher.py -> /home/hyh/build/my_first_package/build/lib/my_first_package
[0.492s] copying my_first_package/my_custom_publisher.py -> /home/hyh/build/my_first_package/build/lib/my_first_package
[0.492s] running install
[0.492s] running install_lib
[0.493s] creating /home/hyh/install/my_first_package/lib/python3.10/site-packages/my_first_package
[0.493s] copying /home/hyh/build/my_first_package/build/lib/my_first_package/__init__.py -> /home/hyh/install/my_first_package/lib/python3.10/site-packages/my_first_package
[0.493s] copying /home/hyh/build/my_first_package/build/lib/my_first_package/my_first_node.py -> /home/hyh/install/my_first_package/lib/python3.10/site-packages/my_first_package
[0.493s] copying /home/hyh/build/my_first_package/build/lib/my_first_package/my_subscriber.py -> /home/hyh/install/my_first_package/lib/python3.10/site-packages/my_first_package
[0.493s] copying /home/hyh/build/my_first_package/build/lib/my_first_package/my_publisher.py -> /home/hyh/install/my_first_package/lib/python3.10/site-packages/my_first_package
[0.493s] copying /home/hyh/build/my_first_package/build/lib/my_first_package/my_custom_publisher.py -> /home/hyh/install/my_first_package/lib/python3.10/site-packages/my_first_package
[0.493s] byte-compiling /home/hyh/install/my_first_package/lib/python3.10/site-packages/my_first_package/__init__.py to __init__.cpython-310.pyc
[0.493s] byte-compiling /home/hyh/install/my_first_package/lib/python3.10/site-packages/my_first_package/my_first_node.py to my_first_node.cpython-310.pyc
[0.494s] byte-compiling /home/hyh/install/my_first_package/lib/python3.10/site-packages/my_first_package/my_subscriber.py to my_subscriber.cpython-310.pyc
[0.494s] byte-compiling /home/hyh/install/my_first_package/lib/python3.10/site-packages/my_first_package/my_publisher.py to my_publisher.cpython-310.pyc
[0.494s] byte-compiling /home/hyh/install/my_first_package/lib/python3.10/site-packages/my_first_package/my_custom_publisher.py to my_custom_publisher.cpython-310.pyc
[0.494s] running install_data
[0.494s] creating /home/hyh/install/my_first_package/share/ament_index
[0.494s]   File "/home/hyh/install/my_first_package/lib/python3.10/site-packages/my_first_package/my_custom_publisher.py", line 31
[0.494s]     			break
[0.494s]     			^^^^^
[0.494s] SyntaxError: 'break' outside loop
[0.494s] 
[0.495s] creating /home/hyh/install/my_first_package/share/ament_index/resource_index
[0.495s] creating /home/hyh/install/my_first_package/share/ament_index/resource_index/packages
[0.495s] copying resource/my_first_package -> /home/hyh/install/my_first_package/share/ament_index/resource_index/packages
[0.495s] copying package.xml -> /home/hyh/install/my_first_package/share/my_first_package
[0.495s] running install_egg_info
[0.496s] Copying ../../../build/my_first_package/my_first_package.egg-info to /home/hyh/install/my_first_package/lib/python3.10/site-packages/my_first_package-0.0.0-py3.10.egg-info
[0.496s] running install_scripts
[0.507s] Installing my_first_node script to /home/hyh/install/my_first_package/lib/my_first_package
[0.508s] Installing my_publisher script to /home/hyh/install/my_first_package/lib/my_first_package
[0.508s] Installing my_subscriber script to /home/hyh/install/my_first_package/lib/my_first_package
[0.508s] writing list of installed files to '/home/hyh/build/my_first_package/install.log'
[0.521s] Invoked command in '/home/hyh/ros2_study/src/my_first_package' returned '0': PYTHONPATH=/home/hyh/build/my_first_package/prefix_override:/usr/lib/python3/dist-packages/colcon_core/task/python/colcon_distutils_commands:/home/hyh/install/my_first_package/lib/python3.10/site-packages:${PYTHONPATH} /usr/bin/python3 -W ignore:setup.py install is deprecated -W ignore:easy_install command is deprecated setup.py egg_info --egg-base ../../../build/my_first_package build --build-base /home/hyh/build/my_first_package/build install --record /home/hyh/build/my_first_package/install.log --single-version-externally-managed install_data
