[0.335s] Invoking command in '/home/hyh/ros2_study/src/my_first_package': PYTHONPATH=/home/hyh/build/my_first_package/prefix_override:/usr/lib/python3/dist-packages/colcon_core/task/python/colcon_distutils_commands:/home/hyh/install/my_first_package/lib/python3.10/site-packages:${PYTHONPATH} /usr/bin/python3 -W ignore:setup.py install is deprecated -W ignore:easy_install command is deprecated setup.py egg_info --egg-base ../../../build/my_first_package build --build-base /home/hyh/build/my_first_package/build install --record /home/hyh/build/my_first_package/install.log --single-version-externally-managed install_data
[0.458s] running egg_info
[0.458s] writing ../../../build/my_first_package/my_first_package.egg-info/PKG-INFO
[0.458s] writing dependency_links to ../../../build/my_first_package/my_first_package.egg-info/dependency_links.txt
[0.459s] writing entry points to ../../../build/my_first_package/my_first_package.egg-info/entry_points.txt
[0.459s] writing requirements to ../../../build/my_first_package/my_first_package.egg-info/requires.txt
[0.459s] writing top-level names to ../../../build/my_first_package/my_first_package.egg-info/top_level.txt
[0.460s] reading manifest file '../../../build/my_first_package/my_first_package.egg-info/SOURCES.txt'
[0.461s] writing manifest file '../../../build/my_first_package/my_first_package.egg-info/SOURCES.txt'
[0.461s] running build
[0.461s] running build_py
[0.461s] copying my_first_package/my_custom_publisher.py -> /home/hyh/build/my_first_package/build/lib/my_first_package
[0.461s] running install
[0.461s] running install_lib
[0.462s] copying /home/hyh/build/my_first_package/build/lib/my_first_package/my_custom_publisher.py -> /home/hyh/install/my_first_package/lib/python3.10/site-packages/my_first_package
[0.462s] byte-compiling /home/hyh/install/my_first_package/lib/python3.10/site-packages/my_first_package/my_custom_publisher.py to my_custom_publisher.cpython-310.pyc
[0.462s] running install_data
[0.462s] running install_egg_info
[0.463s] removing '/home/hyh/install/my_first_package/lib/python3.10/site-packages/my_first_package-0.0.0-py3.10.egg-info' (and everything under it)
[0.464s] Copying ../../../build/my_first_package/my_first_package.egg-info to /home/hyh/install/my_first_package/lib/python3.10/site-packages/my_first_package-0.0.0-py3.10.egg-info
[0.464s] running install_scripts
[0.475s] Installing my_custom_publisher script to /home/hyh/install/my_first_package/lib/my_first_package
[0.476s] Installing my_first_node script to /home/hyh/install/my_first_package/lib/my_first_package
[0.476s] Installing my_publisher script to /home/hyh/install/my_first_package/lib/my_first_package
[0.476s] Installing my_subscriber script to /home/hyh/install/my_first_package/lib/my_first_package
[0.476s] writing list of installed files to '/home/hyh/build/my_first_package/install.log'
[0.488s] Invoked command in '/home/hyh/ros2_study/src/my_first_package' returned '0': PYTHONPATH=/home/hyh/build/my_first_package/prefix_override:/usr/lib/python3/dist-packages/colcon_core/task/python/colcon_distutils_commands:/home/hyh/install/my_first_package/lib/python3.10/site-packages:${PYTHONPATH} /usr/bin/python3 -W ignore:setup.py install is deprecated -W ignore:easy_install command is deprecated setup.py egg_info --egg-base ../../../build/my_first_package build --build-base /home/hyh/build/my_first_package/build install --record /home/hyh/build/my_first_package/install.log --single-version-externally-managed install_data
