[0.091s] DEBUG:colcon:Command line arguments: ['/usr/bin/colcon', 'build']
[0.091s] DEBUG:colcon:Parsed command line arguments: Namespace(log_base=None, log_level=None, verb_name='build', build_base='build', install_base='install', merge_install=False, symlink_install=False, test_result_base=None, continue_on_error=False, executor='parallel', parallel_workers=20, event_handlers=None, ignore_user_meta=False, metas=['./colcon.meta'], base_paths=['.'], packages_ignore=None, packages_ignore_regex=None, paths=None, packages_up_to=None, packages_up_to_regex=None, packages_above=None, packages_above_and_dependencies=None, packages_above_depth=None, packages_select_by_dep=None, packages_skip_by_dep=None, packages_skip_up_to=None, packages_select_build_failed=False, packages_skip_build_finished=False, packages_select_test_failures=False, packages_skip_test_passed=False, packages_select=None, packages_skip=None, packages_select_regex=None, packages_skip_regex=None, packages_start=None, packages_end=None, allow_overriding=[], cmake_args=None, cmake_target=None, cmake_target_skip_unavailable=False, cmake_clean_cache=False, cmake_clean_first=False, cmake_force_configure=False, ament_cmake_args=None, catkin_cmake_args=None, catkin_skip_building_tests=False, mixin_files=None, mixin=None, verb_parser=<colcon_mixin.mixin.mixin_argument.MixinArgumentDecorator object at 0x7476d13539a0>, verb_extension=<colcon_core.verb.build.BuildVerb object at 0x7476d1478fa0>, main=<bound method BuildVerb.main of <colcon_core.verb.build.BuildVerb object at 0x7476d1478fa0>>, mixin_verb=('build',))
[0.180s] Level 1:colcon.colcon_core.package_discovery:discover_packages(colcon_meta) check parameters
[0.180s] Level 1:colcon.colcon_core.package_discovery:discover_packages(recursive) check parameters
[0.180s] Level 1:colcon.colcon_core.package_discovery:discover_packages(ignore) check parameters
[0.180s] Level 1:colcon.colcon_core.package_discovery:discover_packages(path) check parameters
[0.180s] Level 1:colcon.colcon_core.package_discovery:discover_packages(colcon_meta) discover
[0.180s] Level 1:colcon.colcon_core.package_discovery:discover_packages(recursive) discover
[0.180s] INFO:colcon.colcon_core.package_discovery:Crawling recursively for packages in '/home/hyh/ros2_prct'
[0.180s] Level 1:colcon.colcon_core.package_identification:_identify(.) by extensions ['ignore', 'ignore_ament_install']
[0.180s] Level 1:colcon.colcon_core.package_identification:_identify(.) by extension 'ignore'
[0.180s] Level 1:colcon.colcon_core.package_identification:_identify(.) by extension 'ignore_ament_install'
[0.180s] Level 1:colcon.colcon_core.package_identification:_identify(.) by extensions ['colcon_pkg']
[0.180s] Level 1:colcon.colcon_core.package_identification:_identify(.) by extension 'colcon_pkg'
[0.180s] Level 1:colcon.colcon_core.package_identification:_identify(.) by extensions ['colcon_meta']
[0.180s] Level 1:colcon.colcon_core.package_identification:_identify(.) by extension 'colcon_meta'
[0.180s] Level 1:colcon.colcon_core.package_identification:_identify(.) by extensions ['ros']
[0.180s] Level 1:colcon.colcon_core.package_identification:_identify(.) by extension 'ros'
[0.200s] Level 1:colcon.colcon_core.package_identification:_identify(.) by extensions ['cmake', 'python']
[0.200s] Level 1:colcon.colcon_core.package_identification:_identify(.) by extension 'cmake'
[0.200s] Level 1:colcon.colcon_core.package_identification:_identify(.) by extension 'python'
[0.200s] Level 1:colcon.colcon_core.package_identification:_identify(.) by extensions ['python_setup_py']
[0.200s] Level 1:colcon.colcon_core.package_identification:_identify(.) by extension 'python_setup_py'
[0.200s] Level 1:colcon.colcon_core.package_identification:_identify(build) by extensions ['ignore', 'ignore_ament_install']
[0.200s] Level 1:colcon.colcon_core.package_identification:_identify(build) by extension 'ignore'
[0.200s] Level 1:colcon.colcon_core.package_identification:_identify(build) ignored
[0.200s] Level 1:colcon.colcon_core.package_identification:_identify(install) by extensions ['ignore', 'ignore_ament_install']
[0.200s] Level 1:colcon.colcon_core.package_identification:_identify(install) by extension 'ignore'
[0.200s] Level 1:colcon.colcon_core.package_identification:_identify(install) ignored
[0.200s] Level 1:colcon.colcon_core.package_identification:_identify(log) by extensions ['ignore', 'ignore_ament_install']
[0.200s] Level 1:colcon.colcon_core.package_identification:_identify(log) by extension 'ignore'
[0.200s] Level 1:colcon.colcon_core.package_identification:_identify(log) ignored
[0.200s] Level 1:colcon.colcon_core.package_identification:_identify(src) by extensions ['ignore', 'ignore_ament_install']
[0.201s] Level 1:colcon.colcon_core.package_identification:_identify(src) by extension 'ignore'
[0.201s] Level 1:colcon.colcon_core.package_identification:_identify(src) by extension 'ignore_ament_install'
[0.201s] Level 1:colcon.colcon_core.package_identification:_identify(src) by extensions ['colcon_pkg']
[0.201s] Level 1:colcon.colcon_core.package_identification:_identify(src) by extension 'colcon_pkg'
[0.201s] Level 1:colcon.colcon_core.package_identification:_identify(src) by extensions ['colcon_meta']
[0.201s] Level 1:colcon.colcon_core.package_identification:_identify(src) by extension 'colcon_meta'
[0.201s] Level 1:colcon.colcon_core.package_identification:_identify(src) by extensions ['ros']
[0.201s] Level 1:colcon.colcon_core.package_identification:_identify(src) by extension 'ros'
[0.201s] Level 1:colcon.colcon_core.package_identification:_identify(src) by extensions ['cmake', 'python']
[0.201s] Level 1:colcon.colcon_core.package_identification:_identify(src) by extension 'cmake'
[0.201s] Level 1:colcon.colcon_core.package_identification:_identify(src) by extension 'python'
[0.201s] Level 1:colcon.colcon_core.package_identification:_identify(src) by extensions ['python_setup_py']
[0.201s] Level 1:colcon.colcon_core.package_identification:_identify(src) by extension 'python_setup_py'
[0.201s] Level 1:colcon.colcon_core.package_identification:_identify(src/practice_package) by extensions ['ignore', 'ignore_ament_install']
[0.201s] Level 1:colcon.colcon_core.package_identification:_identify(src/practice_package) by extension 'ignore'
[0.201s] Level 1:colcon.colcon_core.package_identification:_identify(src/practice_package) by extension 'ignore_ament_install'
[0.201s] Level 1:colcon.colcon_core.package_identification:_identify(src/practice_package) by extensions ['colcon_pkg']
[0.201s] Level 1:colcon.colcon_core.package_identification:_identify(src/practice_package) by extension 'colcon_pkg'
[0.201s] Level 1:colcon.colcon_core.package_identification:_identify(src/practice_package) by extensions ['colcon_meta']
[0.201s] Level 1:colcon.colcon_core.package_identification:_identify(src/practice_package) by extension 'colcon_meta'
[0.201s] Level 1:colcon.colcon_core.package_identification:_identify(src/practice_package) by extensions ['ros']
[0.201s] Level 1:colcon.colcon_core.package_identification:_identify(src/practice_package) by extension 'ros'
[0.203s] DEBUG:colcon.colcon_core.package_identification:Found ROS schema reference in package manifest in 'src/practice_package'
[0.203s] WARNING:colcon.colcon_core.package_identification:Failed to parse ROS package manifest in 'src/practice_package': Error(s) in package 'src/practice_package/package.xml':
Invalid email "[hanyh000@naver.com]" for person "hyh"
[0.203s] Level 1:colcon.colcon_core.package_identification:_identify(src/practice_package) by extensions ['cmake', 'python']
[0.203s] Level 1:colcon.colcon_core.package_identification:_identify(src/practice_package) by extension 'cmake'
[0.203s] Level 1:colcon.colcon_core.package_identification:_identify(src/practice_package) by extension 'python'
[0.203s] DEBUG:colcon.colcon_core.package_identification:Python package in 'src/practice_package' passes arguments to the setup() function which requires a different identification extension than 'python'
[0.203s] Level 1:colcon.colcon_core.package_identification:_identify(src/practice_package) by extensions ['python_setup_py']
[0.203s] Level 1:colcon.colcon_core.package_identification:_identify(src/practice_package) by extension 'python_setup_py'
[0.345s] DEBUG:colcon.colcon_core.package_identification:Package 'src/practice_package' with type 'python' and name 'practice_package'
[0.345s] Level 1:colcon.colcon_core.package_identification:_identify(src/practice_package_msgs) by extensions ['ignore', 'ignore_ament_install']
[0.345s] Level 1:colcon.colcon_core.package_identification:_identify(src/practice_package_msgs) by extension 'ignore'
[0.345s] Level 1:colcon.colcon_core.package_identification:_identify(src/practice_package_msgs) by extension 'ignore_ament_install'
[0.345s] Level 1:colcon.colcon_core.package_identification:_identify(src/practice_package_msgs) by extensions ['colcon_pkg']
[0.345s] Level 1:colcon.colcon_core.package_identification:_identify(src/practice_package_msgs) by extension 'colcon_pkg'
[0.345s] Level 1:colcon.colcon_core.package_identification:_identify(src/practice_package_msgs) by extensions ['colcon_meta']
[0.346s] Level 1:colcon.colcon_core.package_identification:_identify(src/practice_package_msgs) by extension 'colcon_meta'
[0.346s] Level 1:colcon.colcon_core.package_identification:_identify(src/practice_package_msgs) by extensions ['ros']
[0.346s] Level 1:colcon.colcon_core.package_identification:_identify(src/practice_package_msgs) by extension 'ros'
[0.346s] DEBUG:colcon.colcon_core.package_identification:Package 'src/practice_package_msgs' with type 'ros.ament_cmake' and name 'practice_package_msgs'
[0.346s] Level 1:colcon.colcon_core.package_discovery:discover_packages(recursive) using defaults
[0.346s] Level 1:colcon.colcon_core.package_discovery:discover_packages(ignore) discover
[0.346s] Level 1:colcon.colcon_core.package_discovery:discover_packages(ignore) using defaults
[0.346s] Level 1:colcon.colcon_core.package_discovery:discover_packages(path) discover
[0.346s] Level 1:colcon.colcon_core.package_discovery:discover_packages(path) using defaults
[0.357s] Level 1:colcon.colcon_core.package_discovery:discover_packages(prefix_path) check parameters
[0.357s] Level 1:colcon.colcon_core.package_discovery:discover_packages(prefix_path) discover
[0.358s] DEBUG:colcon.colcon_installed_package_information.package_discovery:Found 2 installed packages in /home/hyh/ros2_study/install
[0.359s] DEBUG:colcon.colcon_installed_package_information.package_discovery:Found 273 installed packages in /opt/ros/humble
[0.360s] Level 1:colcon.colcon_core.package_discovery:discover_packages(prefix_path) using defaults
[0.377s] Level 5:colcon.colcon_core.verb:set package 'practice_package' build argument 'cmake_args' from command line to 'None'
[0.377s] Level 5:colcon.colcon_core.verb:set package 'practice_package' build argument 'cmake_target' from command line to 'None'
[0.377s] Level 5:colcon.colcon_core.verb:set package 'practice_package' build argument 'cmake_target_skip_unavailable' from command line to 'False'
[0.377s] Level 5:colcon.colcon_core.verb:set package 'practice_package' build argument 'cmake_clean_cache' from command line to 'False'
[0.377s] Level 5:colcon.colcon_core.verb:set package 'practice_package' build argument 'cmake_clean_first' from command line to 'False'
[0.377s] Level 5:colcon.colcon_core.verb:set package 'practice_package' build argument 'cmake_force_configure' from command line to 'False'
[0.377s] Level 5:colcon.colcon_core.verb:set package 'practice_package' build argument 'ament_cmake_args' from command line to 'None'
[0.377s] Level 5:colcon.colcon_core.verb:set package 'practice_package' build argument 'catkin_cmake_args' from command line to 'None'
[0.377s] Level 5:colcon.colcon_core.verb:set package 'practice_package' build argument 'catkin_skip_building_tests' from command line to 'False'
[0.377s] DEBUG:colcon.colcon_core.verb:Building package 'practice_package' with the following arguments: {'ament_cmake_args': None, 'build_base': '/home/hyh/ros2_prct/build/practice_package', 'catkin_cmake_args': None, 'catkin_skip_building_tests': False, 'cmake_args': None, 'cmake_clean_cache': False, 'cmake_clean_first': False, 'cmake_force_configure': False, 'cmake_target': None, 'cmake_target_skip_unavailable': False, 'install_base': '/home/hyh/ros2_prct/install/practice_package', 'merge_install': False, 'path': '/home/hyh/ros2_prct/src/practice_package', 'symlink_install': False, 'test_result_base': None}
[0.377s] Level 5:colcon.colcon_core.verb:set package 'practice_package_msgs' build argument 'cmake_args' from command line to 'None'
[0.377s] Level 5:colcon.colcon_core.verb:set package 'practice_package_msgs' build argument 'cmake_target' from command line to 'None'
[0.378s] Level 5:colcon.colcon_core.verb:set package 'practice_package_msgs' build argument 'cmake_target_skip_unavailable' from command line to 'False'
[0.378s] Level 5:colcon.colcon_core.verb:set package 'practice_package_msgs' build argument 'cmake_clean_cache' from command line to 'False'
[0.378s] Level 5:colcon.colcon_core.verb:set package 'practice_package_msgs' build argument 'cmake_clean_first' from command line to 'False'
[0.378s] Level 5:colcon.colcon_core.verb:set package 'practice_package_msgs' build argument 'cmake_force_configure' from command line to 'False'
[0.378s] Level 5:colcon.colcon_core.verb:set package 'practice_package_msgs' build argument 'ament_cmake_args' from command line to 'None'
[0.378s] Level 5:colcon.colcon_core.verb:set package 'practice_package_msgs' build argument 'catkin_cmake_args' from command line to 'None'
[0.378s] Level 5:colcon.colcon_core.verb:set package 'practice_package_msgs' build argument 'catkin_skip_building_tests' from command line to 'False'
[0.378s] DEBUG:colcon.colcon_core.verb:Building package 'practice_package_msgs' with the following arguments: {'ament_cmake_args': None, 'build_base': '/home/hyh/ros2_prct/build/practice_package_msgs', 'catkin_cmake_args': None, 'catkin_skip_building_tests': False, 'cmake_args': None, 'cmake_clean_cache': False, 'cmake_clean_first': False, 'cmake_force_configure': False, 'cmake_target': None, 'cmake_target_skip_unavailable': False, 'install_base': '/home/hyh/ros2_prct/install/practice_package_msgs', 'merge_install': False, 'path': '/home/hyh/ros2_prct/src/practice_package_msgs', 'symlink_install': False, 'test_result_base': None}
[0.378s] INFO:colcon.colcon_core.executor:Executing jobs using 'parallel' executor
[0.379s] DEBUG:colcon.colcon_parallel_executor.executor.parallel:run_until_complete
[0.379s] INFO:colcon.colcon_core.task.python.build:Building Python package in '/home/hyh/ros2_prct/src/practice_package'
[0.380s] INFO:colcon.colcon_core.plugin_system:Skipping extension 'colcon_core.shell.bat': Not used on non-Windows systems
[0.380s] INFO:colcon.colcon_core.shell:Skip shell extension 'powershell' for command environment: Not usable outside of PowerShell
[0.380s] DEBUG:colcon.colcon_core.shell:Skip shell extension 'dsv' for command environment
[0.382s] INFO:colcon.colcon_ros.task.ament_cmake.build:Building ROS package in '/home/hyh/ros2_prct/src/practice_package_msgs' with build type 'ament_cmake'
[0.382s] INFO:colcon.colcon_cmake.task.cmake.build:Building CMake package in '/home/hyh/ros2_prct/src/practice_package_msgs'
[0.382s] INFO:colcon.colcon_core.shell:Skip shell extension 'powershell' for command environment: Not usable outside of PowerShell
[0.382s] DEBUG:colcon.colcon_core.shell:Skip shell extension 'dsv' for command environment
[0.528s] DEBUG:colcon.colcon_core.event_handler.log_command:Invoking command in '/home/hyh/ros2_prct/build/practice_package_msgs': CMAKE_PREFIX_PATH=${CMAKE_PREFIX_PATH}:/home/hyh/ros2_study/install/my_first_package:/opt/ros/humble /usr/bin/cmake /home/hyh/ros2_prct/src/practice_package_msgs -DCMAKE_INSTALL_PREFIX=/home/hyh/ros2_prct/install/practice_package_msgs
[0.725s] DEBUG:colcon.colcon_core.event_handler.log_command:Invoking command in '/home/hyh/ros2_prct/src/practice_package': PYTHONPATH=/home/hyh/ros2_prct/build/practice_package/prefix_override:/usr/lib/python3/dist-packages/colcon_core/task/python/colcon_distutils_commands:/home/hyh/ros2_prct/install/practice_package/lib/python3.10/site-packages:${PYTHONPATH} /usr/bin/python3 -W ignore:setup.py install is deprecated -W ignore:easy_install command is deprecated setup.py egg_info --egg-base ../../build/practice_package build --build-base /home/hyh/ros2_prct/build/practice_package/build install --record /home/hyh/ros2_prct/build/practice_package/install.log --single-version-externally-managed install_data
[0.888s] DEBUG:colcon.colcon_core.event_handler.log_command:Invoked command in '/home/hyh/ros2_prct/src/practice_package' returned '0': PYTHONPATH=/home/hyh/ros2_prct/build/practice_package/prefix_override:/usr/lib/python3/dist-packages/colcon_core/task/python/colcon_distutils_commands:/home/hyh/ros2_prct/install/practice_package/lib/python3.10/site-packages:${PYTHONPATH} /usr/bin/python3 -W ignore:setup.py install is deprecated -W ignore:easy_install command is deprecated setup.py egg_info --egg-base ../../build/practice_package build --build-base /home/hyh/ros2_prct/build/practice_package/build install --record /home/hyh/ros2_prct/build/practice_package/install.log --single-version-externally-managed install_data
[0.889s] Level 1:colcon.colcon_core.environment:checking '/home/hyh/ros2_prct/install/practice_package' for CMake module files
[0.890s] Level 1:colcon.colcon_core.environment:checking '/home/hyh/ros2_prct/install/practice_package' for CMake config files
[0.890s] Level 1:colcon.colcon_core.environment:checking '/home/hyh/ros2_prct/install/practice_package/lib'
[0.890s] Level 1:colcon.colcon_core.environment:checking '/home/hyh/ros2_prct/install/practice_package/bin'
[0.890s] Level 1:colcon.colcon_core.environment:checking '/home/hyh/ros2_prct/install/practice_package/lib/pkgconfig/practice_package.pc'
[0.890s] Level 1:colcon.colcon_core.environment:checking '/home/hyh/ros2_prct/install/practice_package/lib/python3.10/site-packages'
[0.890s] Level 1:colcon.colcon_core.shell:create_environment_hook('practice_package', 'pythonpath')
[0.891s] INFO:colcon.colcon_core.shell:Creating environment hook '/home/hyh/ros2_prct/install/practice_package/share/practice_package/hook/pythonpath.ps1'
[0.891s] INFO:colcon.colcon_core.shell:Creating environment descriptor '/home/hyh/ros2_prct/install/practice_package/share/practice_package/hook/pythonpath.dsv'
[0.891s] INFO:colcon.colcon_core.shell:Creating environment hook '/home/hyh/ros2_prct/install/practice_package/share/practice_package/hook/pythonpath.sh'
[0.892s] Level 1:colcon.colcon_core.environment:checking '/home/hyh/ros2_prct/install/practice_package/bin'
[0.892s] Level 1:colcon.colcon_core.environment:create_environment_scripts_only(practice_package)
[0.892s] INFO:colcon.colcon_core.shell:Creating package script '/home/hyh/ros2_prct/install/practice_package/share/practice_package/package.ps1'
[0.893s] INFO:colcon.colcon_core.shell:Creating package descriptor '/home/hyh/ros2_prct/install/practice_package/share/practice_package/package.dsv'
[0.893s] INFO:colcon.colcon_core.shell:Creating package script '/home/hyh/ros2_prct/install/practice_package/share/practice_package/package.sh'
[0.893s] INFO:colcon.colcon_core.shell:Creating package script '/home/hyh/ros2_prct/install/practice_package/share/practice_package/package.bash'
[0.894s] INFO:colcon.colcon_core.shell:Creating package script '/home/hyh/ros2_prct/install/practice_package/share/practice_package/package.zsh'
[0.894s] Level 1:colcon.colcon_core.environment:create_file_with_runtime_dependencies(/home/hyh/ros2_prct/install/practice_package/share/colcon-core/packages/practice_package)
[1.493s] DEBUG:colcon.colcon_core.event_handler.log_command:Invoked command in '/home/hyh/ros2_prct/build/practice_package_msgs' returned '0': CMAKE_PREFIX_PATH=${CMAKE_PREFIX_PATH}:/home/hyh/ros2_study/install/my_first_package:/opt/ros/humble /usr/bin/cmake /home/hyh/ros2_prct/src/practice_package_msgs -DCMAKE_INSTALL_PREFIX=/home/hyh/ros2_prct/install/practice_package_msgs
[1.495s] DEBUG:colcon.colcon_core.event_handler.log_command:Invoking command in '/home/hyh/ros2_prct/build/practice_package_msgs': CMAKE_PREFIX_PATH=${CMAKE_PREFIX_PATH}:/home/hyh/ros2_study/install/my_first_package:/opt/ros/humble /usr/bin/cmake --build /home/hyh/ros2_prct/build/practice_package_msgs -- -j20 -l20
[2.615s] DEBUG:colcon.colcon_core.event_handler.log_command:Invoked command in '/home/hyh/ros2_prct/build/practice_package_msgs' returned '0': CMAKE_PREFIX_PATH=${CMAKE_PREFIX_PATH}:/home/hyh/ros2_study/install/my_first_package:/opt/ros/humble /usr/bin/cmake --build /home/hyh/ros2_prct/build/practice_package_msgs -- -j20 -l20
[2.621s] DEBUG:colcon.colcon_core.event_handler.log_command:Invoking command in '/home/hyh/ros2_prct/build/practice_package_msgs': CMAKE_PREFIX_PATH=${CMAKE_PREFIX_PATH}:/home/hyh/ros2_study/install/my_first_package:/opt/ros/humble /usr/bin/cmake --install /home/hyh/ros2_prct/build/practice_package_msgs
[2.660s] Level 1:colcon.colcon_core.environment:create_environment_scripts_only(practice_package_msgs)
[2.660s] Level 1:colcon.colcon_core.environment:checking '/home/hyh/ros2_prct/install/practice_package_msgs' for CMake module files
[2.661s] DEBUG:colcon.colcon_core.event_handler.log_command:Invoked command in '/home/hyh/ros2_prct/build/practice_package_msgs' returned '0': CMAKE_PREFIX_PATH=${CMAKE_PREFIX_PATH}:/home/hyh/ros2_study/install/my_first_package:/opt/ros/humble /usr/bin/cmake --install /home/hyh/ros2_prct/build/practice_package_msgs
[2.661s] Level 1:colcon.colcon_core.environment:checking '/home/hyh/ros2_prct/install/practice_package_msgs' for CMake config files
[2.661s] Level 1:colcon.colcon_core.shell:create_environment_hook('practice_package_msgs', 'cmake_prefix_path')
[2.661s] INFO:colcon.colcon_core.shell:Creating environment hook '/home/hyh/ros2_prct/install/practice_package_msgs/share/practice_package_msgs/hook/cmake_prefix_path.ps1'
[2.662s] INFO:colcon.colcon_core.shell:Creating environment descriptor '/home/hyh/ros2_prct/install/practice_package_msgs/share/practice_package_msgs/hook/cmake_prefix_path.dsv'
[2.662s] INFO:colcon.colcon_core.shell:Creating environment hook '/home/hyh/ros2_prct/install/practice_package_msgs/share/practice_package_msgs/hook/cmake_prefix_path.sh'
[2.662s] Level 1:colcon.colcon_core.environment:checking '/home/hyh/ros2_prct/install/practice_package_msgs/lib'
[2.662s] Level 1:colcon.colcon_core.shell:create_environment_hook('practice_package_msgs', 'ld_library_path_lib')
[2.662s] INFO:colcon.colcon_core.shell:Creating environment hook '/home/hyh/ros2_prct/install/practice_package_msgs/share/practice_package_msgs/hook/ld_library_path_lib.ps1'
[2.663s] INFO:colcon.colcon_core.shell:Creating environment descriptor '/home/hyh/ros2_prct/install/practice_package_msgs/share/practice_package_msgs/hook/ld_library_path_lib.dsv'
[2.663s] INFO:colcon.colcon_core.shell:Creating environment hook '/home/hyh/ros2_prct/install/practice_package_msgs/share/practice_package_msgs/hook/ld_library_path_lib.sh'
[2.663s] Level 1:colcon.colcon_core.environment:checking '/home/hyh/ros2_prct/install/practice_package_msgs/bin'
[2.663s] Level 1:colcon.colcon_core.environment:checking '/home/hyh/ros2_prct/install/practice_package_msgs/lib/pkgconfig/practice_package_msgs.pc'
[2.663s] Level 1:colcon.colcon_core.environment:checking '/home/hyh/ros2_prct/install/practice_package_msgs/lib/python3.10/site-packages'
[2.663s] Level 1:colcon.colcon_core.environment:checking '/home/hyh/ros2_prct/install/practice_package_msgs/bin'
[2.664s] INFO:colcon.colcon_core.shell:Creating package script '/home/hyh/ros2_prct/install/practice_package_msgs/share/practice_package_msgs/package.ps1'
[2.664s] INFO:colcon.colcon_core.shell:Creating package descriptor '/home/hyh/ros2_prct/install/practice_package_msgs/share/practice_package_msgs/package.dsv'
[2.664s] INFO:colcon.colcon_core.shell:Creating package script '/home/hyh/ros2_prct/install/practice_package_msgs/share/practice_package_msgs/package.sh'
[2.664s] INFO:colcon.colcon_core.shell:Creating package script '/home/hyh/ros2_prct/install/practice_package_msgs/share/practice_package_msgs/package.bash'
[2.664s] INFO:colcon.colcon_core.shell:Creating package script '/home/hyh/ros2_prct/install/practice_package_msgs/share/practice_package_msgs/package.zsh'
[2.665s] Level 1:colcon.colcon_core.environment:create_file_with_runtime_dependencies(/home/hyh/ros2_prct/install/practice_package_msgs/share/colcon-core/packages/practice_package_msgs)
[2.665s] Level 1:colcon.colcon_core.environment:create_environment_scripts_only(practice_package_msgs)
[2.665s] Level 1:colcon.colcon_core.environment:checking '/home/hyh/ros2_prct/install/practice_package_msgs' for CMake module files
[2.666s] Level 1:colcon.colcon_core.environment:checking '/home/hyh/ros2_prct/install/practice_package_msgs' for CMake config files
[2.666s] Level 1:colcon.colcon_core.shell:create_environment_hook('practice_package_msgs', 'cmake_prefix_path')
[2.666s] INFO:colcon.colcon_core.shell:Creating environment hook '/home/hyh/ros2_prct/install/practice_package_msgs/share/practice_package_msgs/hook/cmake_prefix_path.ps1'
[2.666s] INFO:colcon.colcon_core.shell:Creating environment descriptor '/home/hyh/ros2_prct/install/practice_package_msgs/share/practice_package_msgs/hook/cmake_prefix_path.dsv'
[2.666s] INFO:colcon.colcon_core.shell:Creating environment hook '/home/hyh/ros2_prct/install/practice_package_msgs/share/practice_package_msgs/hook/cmake_prefix_path.sh'
[2.666s] Level 1:colcon.colcon_core.environment:checking '/home/hyh/ros2_prct/install/practice_package_msgs/lib'
[2.667s] Level 1:colcon.colcon_core.shell:create_environment_hook('practice_package_msgs', 'ld_library_path_lib')
[2.667s] INFO:colcon.colcon_core.shell:Creating environment hook '/home/hyh/ros2_prct/install/practice_package_msgs/share/practice_package_msgs/hook/ld_library_path_lib.ps1'
[2.667s] INFO:colcon.colcon_core.shell:Creating environment descriptor '/home/hyh/ros2_prct/install/practice_package_msgs/share/practice_package_msgs/hook/ld_library_path_lib.dsv'
[2.667s] INFO:colcon.colcon_core.shell:Creating environment hook '/home/hyh/ros2_prct/install/practice_package_msgs/share/practice_package_msgs/hook/ld_library_path_lib.sh'
[2.667s] Level 1:colcon.colcon_core.environment:checking '/home/hyh/ros2_prct/install/practice_package_msgs/bin'
[2.667s] Level 1:colcon.colcon_core.environment:checking '/home/hyh/ros2_prct/install/practice_package_msgs/lib/pkgconfig/practice_package_msgs.pc'
[2.668s] Level 1:colcon.colcon_core.environment:checking '/home/hyh/ros2_prct/install/practice_package_msgs/lib/python3.10/site-packages'
[2.668s] Level 1:colcon.colcon_core.environment:checking '/home/hyh/ros2_prct/install/practice_package_msgs/bin'
[2.668s] INFO:colcon.colcon_core.shell:Creating package script '/home/hyh/ros2_prct/install/practice_package_msgs/share/practice_package_msgs/package.ps1'
[2.668s] INFO:colcon.colcon_core.shell:Creating package descriptor '/home/hyh/ros2_prct/install/practice_package_msgs/share/practice_package_msgs/package.dsv'
[2.669s] INFO:colcon.colcon_core.shell:Creating package script '/home/hyh/ros2_prct/install/practice_package_msgs/share/practice_package_msgs/package.sh'
[2.669s] INFO:colcon.colcon_core.shell:Creating package script '/home/hyh/ros2_prct/install/practice_package_msgs/share/practice_package_msgs/package.bash'
[2.669s] INFO:colcon.colcon_core.shell:Creating package script '/home/hyh/ros2_prct/install/practice_package_msgs/share/practice_package_msgs/package.zsh'
[2.669s] Level 1:colcon.colcon_core.environment:create_file_with_runtime_dependencies(/home/hyh/ros2_prct/install/practice_package_msgs/share/colcon-core/packages/practice_package_msgs)
[2.669s] DEBUG:colcon.colcon_parallel_executor.executor.parallel:closing loop
[2.670s] DEBUG:colcon.colcon_parallel_executor.executor.parallel:loop closed
[2.670s] DEBUG:colcon.colcon_parallel_executor.executor.parallel:run_until_complete finished with '0'
[2.670s] DEBUG:colcon.colcon_core.event_reactor:joining thread
[2.689s] INFO:colcon.colcon_core.plugin_system:Skipping extension 'colcon_notification.desktop_notification.notify_send': Could not find 'notify-send'
[2.689s] INFO:colcon.colcon_core.plugin_system:Skipping extension 'colcon_notification.desktop_notification.terminal_notifier': Not used on non-Darwin systems
[2.689s] INFO:colcon.colcon_core.plugin_system:Skipping extension 'colcon_notification.desktop_notification.win32': Not used on non-Windows systems
[2.689s] INFO:colcon.colcon_notification.desktop_notification:Sending desktop notification using 'notify2'
[2.689s] DEBUG:colcon.colcon_notification.desktop_notification.notify2:Failed to initialize notify2: org.freedesktop.DBus.Error.FileNotFound: Failed to connect to socket /run/user/1000/bus: No such file or directory
[2.689s] DEBUG:colcon.colcon_core.event_reactor:joined thread
[2.689s] INFO:colcon.colcon_core.shell:Creating prefix script '/home/hyh/ros2_prct/install/local_setup.ps1'
[2.690s] INFO:colcon.colcon_core.shell:Creating prefix util module '/home/hyh/ros2_prct/install/_local_setup_util_ps1.py'
[2.691s] INFO:colcon.colcon_core.shell:Creating prefix chain script '/home/hyh/ros2_prct/install/setup.ps1'
[2.691s] INFO:colcon.colcon_core.shell:Creating prefix script '/home/hyh/ros2_prct/install/local_setup.sh'
[2.692s] INFO:colcon.colcon_core.shell:Creating prefix util module '/home/hyh/ros2_prct/install/_local_setup_util_sh.py'
[2.692s] INFO:colcon.colcon_core.shell:Creating prefix chain script '/home/hyh/ros2_prct/install/setup.sh'
[2.693s] INFO:colcon.colcon_core.shell:Creating prefix script '/home/hyh/ros2_prct/install/local_setup.bash'
[2.693s] INFO:colcon.colcon_core.shell:Creating prefix chain script '/home/hyh/ros2_prct/install/setup.bash'
[2.693s] INFO:colcon.colcon_core.shell:Creating prefix script '/home/hyh/ros2_prct/install/local_setup.zsh'
[2.694s] INFO:colcon.colcon_core.shell:Creating prefix chain script '/home/hyh/ros2_prct/install/setup.zsh'
