[0.384s] Invoking command in '/home/hyh/december_ws/my_lidar_pkg': PYTHONPATH=/home/hyh/december_ws/build/my_lidar_pkg/prefix_override:/usr/lib/python3/dist-packages/colcon_core/task/python/colcon_distutils_commands:/home/hyh/december_ws/install/my_lidar_pkg/lib/python3.10/site-packages:${PYTHONPATH} /usr/bin/python3 -W ignore:setup.py install is deprecated -W ignore:easy_install command is deprecated setup.py egg_info --egg-base ../build/my_lidar_pkg build --build-base /home/hyh/december_ws/build/my_lidar_pkg/build install --record /home/hyh/december_ws/build/my_lidar_pkg/install.log --single-version-externally-managed install_data
[0.511s] running egg_info
[0.511s] creating ../build/my_lidar_pkg/my_lidar_pkg.egg-info
[0.512s] writing ../build/my_lidar_pkg/my_lidar_pkg.egg-info/PKG-INFO
[0.512s] writing dependency_links to ../build/my_lidar_pkg/my_lidar_pkg.egg-info/dependency_links.txt
[0.512s] writing entry points to ../build/my_lidar_pkg/my_lidar_pkg.egg-info/entry_points.txt
[0.512s] writing requirements to ../build/my_lidar_pkg/my_lidar_pkg.egg-info/requires.txt
[0.512s] writing top-level names to ../build/my_lidar_pkg/my_lidar_pkg.egg-info/top_level.txt
[0.513s] writing manifest file '../build/my_lidar_pkg/my_lidar_pkg.egg-info/SOURCES.txt'
[0.513s] reading manifest file '../build/my_lidar_pkg/my_lidar_pkg.egg-info/SOURCES.txt'
[0.514s] writing manifest file '../build/my_lidar_pkg/my_lidar_pkg.egg-info/SOURCES.txt'
[0.515s] running build
[0.515s] running build_py
[0.515s] creating /home/hyh/december_ws/build/my_lidar_pkg/build
[0.515s] creating /home/hyh/december_ws/build/my_lidar_pkg/build/lib
[0.515s] creating /home/hyh/december_ws/build/my_lidar_pkg/build/lib/my_lidar_pkg
[0.516s] copying my_lidar_pkg/__init__.py -> /home/hyh/december_ws/build/my_lidar_pkg/build/lib/my_lidar_pkg
[0.516s] running install
[0.516s] running install_lib
[0.516s] creating /home/hyh/december_ws/install/my_lidar_pkg/lib/python3.10/site-packages/my_lidar_pkg
[0.516s] copying /home/hyh/december_ws/build/my_lidar_pkg/build/lib/my_lidar_pkg/__init__.py -> /home/hyh/december_ws/install/my_lidar_pkg/lib/python3.10/site-packages/my_lidar_pkg
[0.516s] byte-compiling /home/hyh/december_ws/install/my_lidar_pkg/lib/python3.10/site-packages/my_lidar_pkg/__init__.py to __init__.cpython-310.pyc
[0.517s] running install_data
[0.517s] creating /home/hyh/december_ws/install/my_lidar_pkg/share
[0.517s] creating /home/hyh/december_ws/install/my_lidar_pkg/share/ament_index
[0.517s] creating /home/hyh/december_ws/install/my_lidar_pkg/share/ament_index/resource_index
[0.517s] creating /home/hyh/december_ws/install/my_lidar_pkg/share/ament_index/resource_index/packages
[0.517s] copying resource/my_lidar_pkg -> /home/hyh/december_ws/install/my_lidar_pkg/share/ament_index/resource_index/packages
[0.517s] creating /home/hyh/december_ws/install/my_lidar_pkg/share/my_lidar_pkg
[0.517s] copying package.xml -> /home/hyh/december_ws/install/my_lidar_pkg/share/my_lidar_pkg
[0.517s] running install_egg_info
[0.518s] Copying ../build/my_lidar_pkg/my_lidar_pkg.egg-info to /home/hyh/december_ws/install/my_lidar_pkg/lib/python3.10/site-packages/my_lidar_pkg-0.0.0-py3.10.egg-info
[0.519s] running install_scripts
[0.530s] writing list of installed files to '/home/hyh/december_ws/build/my_lidar_pkg/install.log'
[0.542s] Invoked command in '/home/hyh/december_ws/my_lidar_pkg' returned '0': PYTHONPATH=/home/hyh/december_ws/build/my_lidar_pkg/prefix_override:/usr/lib/python3/dist-packages/colcon_core/task/python/colcon_distutils_commands:/home/hyh/december_ws/install/my_lidar_pkg/lib/python3.10/site-packages:${PYTHONPATH} /usr/bin/python3 -W ignore:setup.py install is deprecated -W ignore:easy_install command is deprecated setup.py egg_info --egg-base ../build/my_lidar_pkg build --build-base /home/hyh/december_ws/build/my_lidar_pkg/build install --record /home/hyh/december_ws/build/my_lidar_pkg/install.log --single-version-externally-managed install_data
