[0.545s] Invoking command in '/home/hyh/ros2_prct/src/practice_package': PYTHONPATH=/home/hyh/build/practice_package/prefix_override:/usr/lib/python3/dist-packages/colcon_core/task/python/colcon_distutils_commands:/home/hyh/install/practice_package/lib/python3.10/site-packages:${PYTHONPATH} /usr/bin/python3 -W ignore:setup.py install is deprecated -W ignore:easy_install command is deprecated setup.py egg_info --egg-base ../../../build/practice_package build --build-base /home/hyh/build/practice_package/build install --record /home/hyh/build/practice_package/install.log --single-version-externally-managed install_data
[0.678s] running egg_info
[0.678s] writing ../../../build/practice_package/practice_package.egg-info/PKG-INFO
[0.678s] writing dependency_links to ../../../build/practice_package/practice_package.egg-info/dependency_links.txt
[0.678s] writing entry points to ../../../build/practice_package/practice_package.egg-info/entry_points.txt
[0.679s] writing requirements to ../../../build/practice_package/practice_package.egg-info/requires.txt
[0.679s] writing top-level names to ../../../build/practice_package/practice_package.egg-info/top_level.txt
[0.679s] reading manifest file '../../../build/practice_package/practice_package.egg-info/SOURCES.txt'
[0.680s] writing manifest file '../../../build/practice_package/practice_package.egg-info/SOURCES.txt'
[0.680s] running build
[0.680s] running build_py
[0.681s] copying practice_package/pose_sub_and_pub.py -> /home/hyh/build/practice_package/build/lib/practice_package
[0.681s] running install
[0.681s] running install_lib
[0.681s] copying /home/hyh/build/practice_package/build/lib/practice_package/pose_sub_and_pub.py -> /home/hyh/install/practice_package/lib/python3.10/site-packages/practice_package
[0.682s] byte-compiling /home/hyh/install/practice_package/lib/python3.10/site-packages/practice_package/pose_sub_and_pub.py to pose_sub_and_pub.cpython-310.pyc
[0.682s] Sorry: TabError: inconsistent use of tabs and spaces in indentation (pose_sub_and_pub.py, line 26)
[0.682s] running install_data
[0.682s] running install_egg_info
[0.683s] removing '/home/hyh/install/practice_package/lib/python3.10/site-packages/practice_package-0.0.0-py3.10.egg-info' (and everything under it)
[0.684s] Copying ../../../build/practice_package/practice_package.egg-info to /home/hyh/install/practice_package/lib/python3.10/site-packages/practice_package-0.0.0-py3.10.egg-info
[0.684s] running install_scripts
[0.696s] Installing pose_sub_and_pub script to /home/hyh/install/practice_package/lib/practice_package
[0.696s] Installing practice_node script to /home/hyh/install/practice_package/lib/practice_package
[0.696s] writing list of installed files to '/home/hyh/build/practice_package/install.log'
[0.712s] Invoked command in '/home/hyh/ros2_prct/src/practice_package' returned '0': PYTHONPATH=/home/hyh/build/practice_package/prefix_override:/usr/lib/python3/dist-packages/colcon_core/task/python/colcon_distutils_commands:/home/hyh/install/practice_package/lib/python3.10/site-packages:${PYTHONPATH} /usr/bin/python3 -W ignore:setup.py install is deprecated -W ignore:easy_install command is deprecated setup.py egg_info --egg-base ../../../build/practice_package build --build-base /home/hyh/build/practice_package/build install --record /home/hyh/build/practice_package/install.log --single-version-externally-managed install_data
