[0.332s] Invoking command in '/home/hyh/ros2_study/src/my_first_package': PYTHONPATH=/home/hyh/ros2_study/build/my_first_package/prefix_override:/usr/lib/python3/dist-packages/colcon_core/task/python/colcon_distutils_commands:/home/hyh/ros2_study/install/my_first_package/lib/python3.10/site-packages:${PYTHONPATH} /usr/bin/python3 -W ignore:setup.py install is deprecated -W ignore:easy_install command is deprecated setup.py egg_info --egg-base ../../build/my_first_package build --build-base /home/hyh/ros2_study/build/my_first_package/build install --record /home/hyh/ros2_study/build/my_first_package/install.log --single-version-externally-managed install_data
[0.456s] running egg_info
[0.457s] creating ../../build/my_first_package/my_first_package.egg-info
[0.457s] writing ../../build/my_first_package/my_first_package.egg-info/PKG-INFO
[0.457s] writing dependency_links to ../../build/my_first_package/my_first_package.egg-info/dependency_links.txt
[0.457s] writing entry points to ../../build/my_first_package/my_first_package.egg-info/entry_points.txt
[0.457s] writing requirements to ../../build/my_first_package/my_first_package.egg-info/requires.txt
[0.457s] writing top-level names to ../../build/my_first_package/my_first_package.egg-info/top_level.txt
[0.457s] writing manifest file '../../build/my_first_package/my_first_package.egg-info/SOURCES.txt'
[0.459s] reading manifest file '../../build/my_first_package/my_first_package.egg-info/SOURCES.txt'
[0.459s] writing manifest file '../../build/my_first_package/my_first_package.egg-info/SOURCES.txt'
[0.459s] running build
[0.459s] running build_py
[0.459s] creating /home/hyh/ros2_study/build/my_first_package/build
[0.459s] creating /home/hyh/ros2_study/build/my_first_package/build/lib
[0.459s] creating /home/hyh/ros2_study/build/my_first_package/build/lib/my_first_package
[0.459s] copying my_first_package/__init__.py -> /home/hyh/ros2_study/build/my_first_package/build/lib/my_first_package
[0.459s] copying my_first_package/my_first_node.py -> /home/hyh/ros2_study/build/my_first_package/build/lib/my_first_package
[0.459s] running install
[0.459s] running install_lib
[0.460s] creating /home/hyh/ros2_study/install/my_first_package/lib/python3.10/site-packages/my_first_package
[0.460s] copying /home/hyh/ros2_study/build/my_first_package/build/lib/my_first_package/__init__.py -> /home/hyh/ros2_study/install/my_first_package/lib/python3.10/site-packages/my_first_package
[0.460s] copying /home/hyh/ros2_study/build/my_first_package/build/lib/my_first_package/my_first_node.py -> /home/hyh/ros2_study/install/my_first_package/lib/python3.10/site-packages/my_first_package
[0.460s] byte-compiling /home/hyh/ros2_study/install/my_first_package/lib/python3.10/site-packages/my_first_package/__init__.py to __init__.cpython-310.pyc
[0.461s] byte-compiling /home/hyh/ros2_study/install/my_first_package/lib/python3.10/site-packages/my_first_package/my_first_node.py to my_first_node.cpython-310.pyc
[0.461s] running install_data
[0.461s] creating /home/hyh/ros2_study/install/my_first_package/share/ament_index
[0.461s] creating /home/hyh/ros2_study/install/my_first_package/share/ament_index/resource_index
[0.461s] creating /home/hyh/ros2_study/install/my_first_package/share/ament_index/resource_index/packages
[0.461s] copying resource/my_first_package -> /home/hyh/ros2_study/install/my_first_package/share/ament_index/resource_index/packages
[0.461s] copying package.xml -> /home/hyh/ros2_study/install/my_first_package/share/my_first_package
[0.461s] running install_egg_info
[0.463s] Copying ../../build/my_first_package/my_first_package.egg-info to /home/hyh/ros2_study/install/my_first_package/lib/python3.10/site-packages/my_first_package-0.0.0-py3.10.egg-info
[0.463s] running install_scripts
[0.474s] Installing my_first_node script to /home/hyh/ros2_study/install/my_first_package/lib/my_first_package
[0.474s] writing list of installed files to '/home/hyh/ros2_study/build/my_first_package/install.log'
[0.487s] Invoked command in '/home/hyh/ros2_study/src/my_first_package' returned '0': PYTHONPATH=/home/hyh/ros2_study/build/my_first_package/prefix_override:/usr/lib/python3/dist-packages/colcon_core/task/python/colcon_distutils_commands:/home/hyh/ros2_study/install/my_first_package/lib/python3.10/site-packages:${PYTHONPATH} /usr/bin/python3 -W ignore:setup.py install is deprecated -W ignore:easy_install command is deprecated setup.py egg_info --egg-base ../../build/my_first_package build --build-base /home/hyh/ros2_study/build/my_first_package/build install --record /home/hyh/ros2_study/build/my_first_package/install.log --single-version-externally-managed install_data
