[0.156s] Invoking command in '/home/hyh/ros2_prct/build/practice_package_msgs': CMAKE_PREFIX_PATH=${CMAKE_PREFIX_PATH}:/home/hyh/ros2_prct/install/practice_package:/home/hyh/ros2_study/install/my_first_package:/opt/ros/humble /usr/bin/cmake --build /home/hyh/ros2_prct/build/practice_package_msgs -- -j20 -l20
[0.169s] -- Found ament_cmake: 1.3.12 (/opt/ros/humble/share/ament_cmake/cmake)
[0.247s] -- Found rosidl_default_generators: 1.2.0 (/opt/ros/humble/share/rosidl_default_generators/cmake)
[0.248s] -- Using all available rosidl_typesupport_c: rosidl_typesupport_fastrtps_c;rosidl_typesupport_introspection_c
[0.249s] -- Found rosidl_adapter: 3.1.7 (/opt/ros/humble/share/rosidl_adapter/cmake)
[0.316s] -- Using all available rosidl_typesupport_cpp: rosidl_typesupport_fastrtps_cpp;rosidl_typesupport_introspection_cpp
[0.484s] -- Found ament_cmake_ros: 0.10.0 (/opt/ros/humble/share/ament_cmake_ros/cmake)
[0.589s] -- Using all available rosidl_typesupport_c: rosidl_typesupport_fastrtps_c;rosidl_typesupport_introspection_c
[0.723s] -- Using all available rosidl_typesupport_cpp: rosidl_typesupport_fastrtps_cpp;rosidl_typesupport_introspection_cpp
[0.736s] -- Found python_cmake_module: 0.10.0 (/opt/ros/humble/share/python_cmake_module/cmake)
[0.748s] -- Using PYTHON_EXECUTABLE: /usr/bin/python3
[0.748s] -- Using PYTHON_INCLUDE_DIRS: /usr/include/python3.10
[0.748s] -- Using PYTHON_LIBRARIES: /usr/lib/x86_64-linux-gnu/libpython3.10.so
[0.754s] -- Found ament_lint_auto: 0.12.14 (/opt/ros/humble/share/ament_lint_auto/cmake)
[0.759s] -- Added test 'lint_cmake' to check CMake code style
[0.760s] -- Added test 'xmllint' to check XML markup files
[0.761s] -- Configuring done
[0.780s] -- Generating done
[0.788s] -- Build files have been written to: /home/hyh/ros2_prct/build/practice_package_msgs
[0.802s] [  3%] [34m[1mGenerating C code for ROS interfaces[0m
[0.807s] [  6%] [34m[1mGenerating C++ code for ROS interfaces[0m
[0.812s] [  6%] Built target ament_cmake_python_copy_practice_package_msgs
[0.941s] [35m[1mConsolidate compiler generated dependencies of target practice_package_msgs__rosidl_generator_c[0m
[0.943s] [  6%] Built target practice_package_msgs__cpp
[0.948s] [  9%] [32mBuilding C object CMakeFiles/practice_package_msgs__rosidl_generator_c.dir/rosidl_generator_c/practice_package_msgs/msg/detail/pose_to_val__functions.c.o[0m
[0.949s] [ 16%] [34m[1mGenerating C++ introspection for ROS interfaces[0m
[0.949s] [ 16%] [34m[1mGenerating C++ type support for eProsima Fast-RTPS[0m
[0.949s] [ 19%] [34m[1mGenerating C++ type support dispatch for ROS interfaces[0m
[0.957s] running egg_info
[0.958s] writing practice_package_msgs.egg-info/PKG-INFO
[0.958s] writing dependency_links to practice_package_msgs.egg-info/dependency_links.txt
[0.959s] writing top-level names to practice_package_msgs.egg-info/top_level.txt
[0.960s] reading manifest file 'practice_package_msgs.egg-info/SOURCES.txt'
[0.961s] writing manifest file 'practice_package_msgs.egg-info/SOURCES.txt'
[0.988s] [ 19%] Built target ament_cmake_python_build_practice_package_msgs_egg
[1.061s] [ 22%] [32m[1mLinking C shared library libpractice_package_msgs__rosidl_generator_c.so[0m
[1.137s] [35m[1mConsolidate compiler generated dependencies of target practice_package_msgs__rosidl_typesupport_cpp[0m
[1.142s] [35m[1mConsolidate compiler generated dependencies of target practice_package_msgs__rosidl_typesupport_introspection_cpp[0m
[1.144s] [ 25%] [32mBuilding CXX object CMakeFiles/practice_package_msgs__rosidl_typesupport_cpp.dir/rosidl_typesupport_cpp/practice_package_msgs/msg/pose_to_val__type_support.cpp.o[0m
[1.147s] [35m[1mConsolidate compiler generated dependencies of target practice_package_msgs__rosidl_typesupport_fastrtps_cpp[0m
[1.149s] [ 29%] [32mBuilding CXX object CMakeFiles/practice_package_msgs__rosidl_typesupport_introspection_cpp.dir/rosidl_typesupport_introspection_cpp/practice_package_msgs/msg/detail/pose_to_val__type_support.cpp.o[0m
[1.155s] [ 32%] [32mBuilding CXX object CMakeFiles/practice_package_msgs__rosidl_typesupport_fastrtps_cpp.dir/rosidl_typesupport_fastrtps_cpp/practice_package_msgs/msg/detail/dds_fastrtps/pose_to_val__type_support.cpp.o[0m
[1.183s] [ 32%] Built target practice_package_msgs__rosidl_generator_c
[1.189s] [ 35%] [34m[1mGenerating C type support for eProsima Fast-RTPS[0m
[1.189s] [ 41%] [34m[1mGenerating C introspection for ROS interfaces[0m
[1.190s] [ 41%] [34m[1mGenerating C type support dispatch for ROS interfaces[0m
[1.313s] [35m[1mConsolidate compiler generated dependencies of target practice_package_msgs__rosidl_typesupport_c[0m
[1.320s] [ 45%] [32mBuilding CXX object CMakeFiles/practice_package_msgs__rosidl_typesupport_c.dir/rosidl_typesupport_c/practice_package_msgs/msg/pose_to_val__type_support.cpp.o[0m
[1.323s] [ 48%] [32m[1mLinking CXX shared library libpractice_package_msgs__rosidl_typesupport_cpp.so[0m
[1.326s] [35m[1mConsolidate compiler generated dependencies of target practice_package_msgs__rosidl_typesupport_fastrtps_c[0m
[1.327s] [35m[1mConsolidate compiler generated dependencies of target practice_package_msgs__rosidl_typesupport_introspection_c[0m
[1.333s] [ 51%] [32mBuilding C object CMakeFiles/practice_package_msgs__rosidl_typesupport_introspection_c.dir/rosidl_typesupport_introspection_c/practice_package_msgs/msg/detail/pose_to_val__type_support.c.o[0m
[1.333s] [ 54%] [32mBuilding CXX object CMakeFiles/practice_package_msgs__rosidl_typesupport_fastrtps_c.dir/rosidl_typesupport_fastrtps_c/practice_package_msgs/msg/detail/pose_to_val__type_support_c.cpp.o[0m
[1.339s] [ 58%] [32m[1mLinking CXX shared library libpractice_package_msgs__rosidl_typesupport_c.so[0m
[1.353s] [ 61%] [32m[1mLinking C shared library libpractice_package_msgs__rosidl_typesupport_introspection_c.so[0m
[1.379s] [ 64%] [32m[1mLinking CXX shared library libpractice_package_msgs__rosidl_typesupport_introspection_cpp.so[0m
[1.383s] [ 67%] [32m[1mLinking CXX shared library libpractice_package_msgs__rosidl_typesupport_fastrtps_cpp.so[0m
[1.390s] [ 67%] Built target practice_package_msgs__rosidl_typesupport_cpp
[1.398s] [ 67%] Built target practice_package_msgs__rosidl_typesupport_c
[1.408s] [ 67%] Built target practice_package_msgs__rosidl_typesupport_introspection_c
[1.438s] [ 67%] Built target practice_package_msgs__rosidl_typesupport_introspection_cpp
[1.461s] [ 67%] Built target practice_package_msgs__rosidl_typesupport_fastrtps_cpp
[1.510s] [ 70%] [32m[1mLinking CXX shared library libpractice_package_msgs__rosidl_typesupport_fastrtps_c.so[0m
[1.582s] [ 70%] Built target practice_package_msgs__rosidl_typesupport_fastrtps_c
[1.591s] [ 70%] Built target practice_package_msgs
[1.602s] [ 74%] [34m[1mGenerating Python code for ROS interfaces[0m
[1.756s] [ 74%] Built target practice_package_msgs__py
[1.761s] [35m[1mConsolidate compiler generated dependencies of target practice_package_msgs__rosidl_generator_py[0m
[1.767s] [ 77%] [32mBuilding C object CMakeFiles/practice_package_msgs__rosidl_generator_py.dir/rosidl_generator_py/practice_package_msgs/msg/_pose_to_val_s.c.o[0m
[1.843s] [ 80%] [32m[1mLinking C shared library rosidl_generator_py/practice_package_msgs/libpractice_package_msgs__rosidl_generator_py.so[0m
[1.895s] [ 80%] Built target practice_package_msgs__rosidl_generator_py
[1.901s] [35m[1mConsolidate compiler generated dependencies of target practice_package_msgs__rosidl_typesupport_introspection_c__pyext[0m
[1.901s] [35m[1mConsolidate compiler generated dependencies of target practice_package_msgs__rosidl_typesupport_fastrtps_c__pyext[0m
[1.901s] [35m[1mConsolidate compiler generated dependencies of target practice_package_msgs__rosidl_typesupport_c__pyext[0m
[1.909s] [ 87%] [32mBuilding C object CMakeFiles/practice_package_msgs__rosidl_typesupport_introspection_c__pyext.dir/rosidl_generator_py/practice_package_msgs/_practice_package_msgs_s.ep.rosidl_typesupport_introspection_c.c.o[0m
[1.909s] [ 87%] [32mBuilding C object CMakeFiles/practice_package_msgs__rosidl_typesupport_fastrtps_c__pyext.dir/rosidl_generator_py/practice_package_msgs/_practice_package_msgs_s.ep.rosidl_typesupport_fastrtps_c.c.o[0m
[1.910s] [ 90%] [32mBuilding C object CMakeFiles/practice_package_msgs__rosidl_typesupport_c__pyext.dir/rosidl_generator_py/practice_package_msgs/_practice_package_msgs_s.ep.rosidl_typesupport_c.c.o[0m
[1.957s] [100%] [32m[1mLinking C shared library rosidl_generator_py/practice_package_msgs/practice_package_msgs_s__rosidl_typesupport_introspection_c.cpython-310-x86_64-linux-gnu.so[0m
[1.957s] [100%] [32m[1mLinking C shared library rosidl_generator_py/practice_package_msgs/practice_package_msgs_s__rosidl_typesupport_c.cpython-310-x86_64-linux-gnu.so[0m
[1.957s] [100%] [32m[1mLinking C shared library rosidl_generator_py/practice_package_msgs/practice_package_msgs_s__rosidl_typesupport_fastrtps_c.cpython-310-x86_64-linux-gnu.so[0m
[1.991s] [100%] Built target practice_package_msgs__rosidl_typesupport_fastrtps_c__pyext
[1.991s] [100%] Built target practice_package_msgs__rosidl_typesupport_introspection_c__pyext
[1.991s] [100%] Built target practice_package_msgs__rosidl_typesupport_c__pyext
[1.998s] Invoked command in '/home/hyh/ros2_prct/build/practice_package_msgs' returned '0': CMAKE_PREFIX_PATH=${CMAKE_PREFIX_PATH}:/home/hyh/ros2_prct/install/practice_package:/home/hyh/ros2_study/install/my_first_package:/opt/ros/humble /usr/bin/cmake --build /home/hyh/ros2_prct/build/practice_package_msgs -- -j20 -l20
[2.003s] Invoking command in '/home/hyh/ros2_prct/build/practice_package_msgs': CMAKE_PREFIX_PATH=${CMAKE_PREFIX_PATH}:/home/hyh/ros2_prct/install/practice_package:/home/hyh/ros2_study/install/my_first_package:/opt/ros/humble /usr/bin/cmake --install /home/hyh/ros2_prct/build/practice_package_msgs
[2.008s] -- Install configuration: ""
[2.008s] -- Up-to-date: /home/hyh/ros2_prct/install/practice_package_msgs/share/ament_index/resource_index/rosidl_interfaces/practice_package_msgs
[2.008s] -- Up-to-date: /home/hyh/ros2_prct/install/practice_package_msgs/include/practice_package_msgs/practice_package_msgs
[2.008s] -- Up-to-date: /home/hyh/ros2_prct/install/practice_package_msgs/include/practice_package_msgs/practice_package_msgs/msg
[2.008s] -- Up-to-date: /home/hyh/ros2_prct/install/practice_package_msgs/include/practice_package_msgs/practice_package_msgs/msg/detail
[2.008s] -- Installing: /home/hyh/ros2_prct/install/practice_package_msgs/include/practice_package_msgs/practice_package_msgs/msg/detail/pose_to_val__functions.c
[2.008s] -- Installing: /home/hyh/ros2_prct/install/practice_package_msgs/include/practice_package_msgs/practice_package_msgs/msg/detail/pose_to_val__struct.h
[2.008s] -- Installing: /home/hyh/ros2_prct/install/practice_package_msgs/include/practice_package_msgs/practice_package_msgs/msg/detail/pose_to_val__functions.h
[2.008s] -- Installing: /home/hyh/ros2_prct/install/practice_package_msgs/include/practice_package_msgs/practice_package_msgs/msg/detail/pose_to_val__type_support.h
[2.008s] -- Up-to-date: /home/hyh/ros2_prct/install/practice_package_msgs/include/practice_package_msgs/practice_package_msgs/msg/rosidl_generator_c__visibility_control.h
[2.009s] -- Installing: /home/hyh/ros2_prct/install/practice_package_msgs/include/practice_package_msgs/practice_package_msgs/msg/pose_to_val.h
[2.009s] -- Up-to-date: /home/hyh/ros2_prct/install/practice_package_msgs/share/practice_package_msgs/environment/library_path.sh
[2.009s] -- Installing: /home/hyh/ros2_prct/install/practice_package_msgs/share/practice_package_msgs/environment/library_path.dsv
[2.009s] -- Installing: /home/hyh/ros2_prct/install/practice_package_msgs/lib/libpractice_package_msgs__rosidl_generator_c.so
[2.009s] -- Set runtime path of "/home/hyh/ros2_prct/install/practice_package_msgs/lib/libpractice_package_msgs__rosidl_generator_c.so" to ""
[2.009s] -- Up-to-date: /home/hyh/ros2_prct/install/practice_package_msgs/include/practice_package_msgs/practice_package_msgs
[2.009s] -- Up-to-date: /home/hyh/ros2_prct/install/practice_package_msgs/include/practice_package_msgs/practice_package_msgs/msg
[2.009s] -- Up-to-date: /home/hyh/ros2_prct/install/practice_package_msgs/include/practice_package_msgs/practice_package_msgs/msg/detail
[2.009s] -- Installing: /home/hyh/ros2_prct/install/practice_package_msgs/include/practice_package_msgs/practice_package_msgs/msg/detail/pose_to_val__rosidl_typesupport_fastrtps_c.h
[2.010s] -- Up-to-date: /home/hyh/ros2_prct/install/practice_package_msgs/include/practice_package_msgs/practice_package_msgs/msg/rosidl_typesupport_fastrtps_c__visibility_control.h
[2.010s] -- Installing: /home/hyh/ros2_prct/install/practice_package_msgs/lib/libpractice_package_msgs__rosidl_typesupport_fastrtps_c.so
[2.010s] -- Set runtime path of "/home/hyh/ros2_prct/install/practice_package_msgs/lib/libpractice_package_msgs__rosidl_typesupport_fastrtps_c.so" to ""
[2.010s] -- Up-to-date: /home/hyh/ros2_prct/install/practice_package_msgs/include/practice_package_msgs/practice_package_msgs
[2.010s] -- Up-to-date: /home/hyh/ros2_prct/install/practice_package_msgs/include/practice_package_msgs/practice_package_msgs/msg
[2.010s] -- Up-to-date: /home/hyh/ros2_prct/install/practice_package_msgs/include/practice_package_msgs/practice_package_msgs/msg/detail
[2.010s] -- Installing: /home/hyh/ros2_prct/install/practice_package_msgs/include/practice_package_msgs/practice_package_msgs/msg/detail/pose_to_val__rosidl_typesupport_introspection_c.h
[2.010s] -- Installing: /home/hyh/ros2_prct/install/practice_package_msgs/include/practice_package_msgs/practice_package_msgs/msg/detail/pose_to_val__type_support.c
[2.010s] -- Up-to-date: /home/hyh/ros2_prct/install/practice_package_msgs/include/practice_package_msgs/practice_package_msgs/msg/rosidl_typesupport_introspection_c__visibility_control.h
[2.010s] -- Installing: /home/hyh/ros2_prct/install/practice_package_msgs/lib/libpractice_package_msgs__rosidl_typesupport_introspection_c.so
[2.011s] -- Set runtime path of "/home/hyh/ros2_prct/install/practice_package_msgs/lib/libpractice_package_msgs__rosidl_typesupport_introspection_c.so" to ""
[2.011s] -- Installing: /home/hyh/ros2_prct/install/practice_package_msgs/lib/libpractice_package_msgs__rosidl_typesupport_c.so
[2.011s] -- Set runtime path of "/home/hyh/ros2_prct/install/practice_package_msgs/lib/libpractice_package_msgs__rosidl_typesupport_c.so" to ""
[2.011s] -- Up-to-date: /home/hyh/ros2_prct/install/practice_package_msgs/include/practice_package_msgs/practice_package_msgs
[2.011s] -- Up-to-date: /home/hyh/ros2_prct/install/practice_package_msgs/include/practice_package_msgs/practice_package_msgs/msg
[2.011s] -- Up-to-date: /home/hyh/ros2_prct/install/practice_package_msgs/include/practice_package_msgs/practice_package_msgs/msg/detail
[2.011s] -- Installing: /home/hyh/ros2_prct/install/practice_package_msgs/include/practice_package_msgs/practice_package_msgs/msg/detail/pose_to_val__struct.hpp
[2.011s] -- Installing: /home/hyh/ros2_prct/install/practice_package_msgs/include/practice_package_msgs/practice_package_msgs/msg/detail/pose_to_val__traits.hpp
[2.011s] -- Installing: /home/hyh/ros2_prct/install/practice_package_msgs/include/practice_package_msgs/practice_package_msgs/msg/detail/pose_to_val__builder.hpp
[2.011s] -- Installing: /home/hyh/ros2_prct/install/practice_package_msgs/include/practice_package_msgs/practice_package_msgs/msg/detail/pose_to_val__type_support.hpp
[2.011s] -- Up-to-date: /home/hyh/ros2_prct/install/practice_package_msgs/include/practice_package_msgs/practice_package_msgs/msg/rosidl_generator_cpp__visibility_control.hpp
[2.012s] -- Installing: /home/hyh/ros2_prct/install/practice_package_msgs/include/practice_package_msgs/practice_package_msgs/msg/pose_to_val.hpp
[2.012s] -- Up-to-date: /home/hyh/ros2_prct/install/practice_package_msgs/include/practice_package_msgs/practice_package_msgs
[2.012s] -- Up-to-date: /home/hyh/ros2_prct/install/practice_package_msgs/include/practice_package_msgs/practice_package_msgs/msg
[2.012s] -- Up-to-date: /home/hyh/ros2_prct/install/practice_package_msgs/include/practice_package_msgs/practice_package_msgs/msg/detail
[2.012s] -- Up-to-date: /home/hyh/ros2_prct/install/practice_package_msgs/include/practice_package_msgs/practice_package_msgs/msg/detail/dds_fastrtps
[2.012s] -- Installing: /home/hyh/ros2_prct/install/practice_package_msgs/include/practice_package_msgs/practice_package_msgs/msg/detail/pose_to_val__rosidl_typesupport_fastrtps_cpp.hpp
[2.012s] -- Up-to-date: /home/hyh/ros2_prct/install/practice_package_msgs/include/practice_package_msgs/practice_package_msgs/msg/rosidl_typesupport_fastrtps_cpp__visibility_control.h
[2.012s] -- Installing: /home/hyh/ros2_prct/install/practice_package_msgs/lib/libpractice_package_msgs__rosidl_typesupport_fastrtps_cpp.so
[2.012s] -- Set runtime path of "/home/hyh/ros2_prct/install/practice_package_msgs/lib/libpractice_package_msgs__rosidl_typesupport_fastrtps_cpp.so" to ""
[2.012s] -- Up-to-date: /home/hyh/ros2_prct/install/practice_package_msgs/include/practice_package_msgs/practice_package_msgs
[2.012s] -- Up-to-date: /home/hyh/ros2_prct/install/practice_package_msgs/include/practice_package_msgs/practice_package_msgs/msg
[2.012s] -- Up-to-date: /home/hyh/ros2_prct/install/practice_package_msgs/include/practice_package_msgs/practice_package_msgs/msg/detail
[2.012s] -- Installing: /home/hyh/ros2_prct/install/practice_package_msgs/include/practice_package_msgs/practice_package_msgs/msg/detail/pose_to_val__type_support.cpp
[2.013s] -- Installing: /home/hyh/ros2_prct/install/practice_package_msgs/include/practice_package_msgs/practice_package_msgs/msg/detail/pose_to_val__rosidl_typesupport_introspection_cpp.hpp
[2.013s] -- Installing: /home/hyh/ros2_prct/install/practice_package_msgs/lib/libpractice_package_msgs__rosidl_typesupport_introspection_cpp.so
[2.013s] -- Set runtime path of "/home/hyh/ros2_prct/install/practice_package_msgs/lib/libpractice_package_msgs__rosidl_typesupport_introspection_cpp.so" to ""
[2.013s] -- Installing: /home/hyh/ros2_prct/install/practice_package_msgs/lib/libpractice_package_msgs__rosidl_typesupport_cpp.so
[2.013s] -- Set runtime path of "/home/hyh/ros2_prct/install/practice_package_msgs/lib/libpractice_package_msgs__rosidl_typesupport_cpp.so" to ""
[2.013s] -- Up-to-date: /home/hyh/ros2_prct/install/practice_package_msgs/share/practice_package_msgs/environment/pythonpath.sh
[2.013s] -- Installing: /home/hyh/ros2_prct/install/practice_package_msgs/share/practice_package_msgs/environment/pythonpath.dsv
[2.013s] -- Up-to-date: /home/hyh/ros2_prct/install/practice_package_msgs/local/lib/python3.10/dist-packages/practice_package_msgs-0.0.0-py3.10.egg-info
[2.013s] -- Installing: /home/hyh/ros2_prct/install/practice_package_msgs/local/lib/python3.10/dist-packages/practice_package_msgs-0.0.0-py3.10.egg-info/dependency_links.txt
[2.013s] -- Installing: /home/hyh/ros2_prct/install/practice_package_msgs/local/lib/python3.10/dist-packages/practice_package_msgs-0.0.0-py3.10.egg-info/SOURCES.txt
[2.013s] -- Installing: /home/hyh/ros2_prct/install/practice_package_msgs/local/lib/python3.10/dist-packages/practice_package_msgs-0.0.0-py3.10.egg-info/PKG-INFO
[2.013s] -- Installing: /home/hyh/ros2_prct/install/practice_package_msgs/local/lib/python3.10/dist-packages/practice_package_msgs-0.0.0-py3.10.egg-info/top_level.txt
[2.014s] -- Up-to-date: /home/hyh/ros2_prct/install/practice_package_msgs/local/lib/python3.10/dist-packages/practice_package_msgs
[2.014s] -- Installing: /home/hyh/ros2_prct/install/practice_package_msgs/local/lib/python3.10/dist-packages/practice_package_msgs/__init__.py
[2.014s] -- Up-to-date: /home/hyh/ros2_prct/install/practice_package_msgs/local/lib/python3.10/dist-packages/practice_package_msgs/msg
[2.014s] -- Installing: /home/hyh/ros2_prct/install/practice_package_msgs/local/lib/python3.10/dist-packages/practice_package_msgs/msg/__init__.py
[2.014s] -- Installing: /home/hyh/ros2_prct/install/practice_package_msgs/local/lib/python3.10/dist-packages/practice_package_msgs/msg/_pose_to_val.py
[2.014s] -- Installing: /home/hyh/ros2_prct/install/practice_package_msgs/local/lib/python3.10/dist-packages/practice_package_msgs/msg/_pose_to_val_s.c
[2.014s] -- Installing: /home/hyh/ros2_prct/install/practice_package_msgs/local/lib/python3.10/dist-packages/practice_package_msgs/libpractice_package_msgs__rosidl_generator_py.so
[2.014s] -- Installing: /home/hyh/ros2_prct/install/practice_package_msgs/local/lib/python3.10/dist-packages/practice_package_msgs/practice_package_msgs_s__rosidl_typesupport_fastrtps_c.cpython-310-x86_64-linux-gnu.so
[2.014s] -- Installing: /home/hyh/ros2_prct/install/practice_package_msgs/local/lib/python3.10/dist-packages/practice_package_msgs/_practice_package_msgs_s.ep.rosidl_typesupport_c.c
[2.014s] -- Installing: /home/hyh/ros2_prct/install/practice_package_msgs/local/lib/python3.10/dist-packages/practice_package_msgs/practice_package_msgs_s__rosidl_typesupport_introspection_c.cpython-310-x86_64-linux-gnu.so
[2.014s] -- Installing: /home/hyh/ros2_prct/install/practice_package_msgs/local/lib/python3.10/dist-packages/practice_package_msgs/_practice_package_msgs_s.ep.rosidl_typesupport_fastrtps_c.c
[2.014s] -- Installing: /home/hyh/ros2_prct/install/practice_package_msgs/local/lib/python3.10/dist-packages/practice_package_msgs/_practice_package_msgs_s.ep.rosidl_typesupport_introspection_c.c
[2.014s] -- Installing: /home/hyh/ros2_prct/install/practice_package_msgs/local/lib/python3.10/dist-packages/practice_package_msgs/practice_package_msgs_s__rosidl_typesupport_c.cpython-310-x86_64-linux-gnu.so
[2.035s] Listing '/home/hyh/ros2_prct/install/practice_package_msgs/local/lib/python3.10/dist-packages/practice_package_msgs'...
[2.035s] Compiling '/home/hyh/ros2_prct/install/practice_package_msgs/local/lib/python3.10/dist-packages/practice_package_msgs/__init__.py'...
[2.035s] Listing '/home/hyh/ros2_prct/install/practice_package_msgs/local/lib/python3.10/dist-packages/practice_package_msgs/msg'...
[2.035s] Compiling '/home/hyh/ros2_prct/install/practice_package_msgs/local/lib/python3.10/dist-packages/practice_package_msgs/msg/__init__.py'...
[2.035s] Compiling '/home/hyh/ros2_prct/install/practice_package_msgs/local/lib/python3.10/dist-packages/practice_package_msgs/msg/_pose_to_val.py'...
[2.038s] -- Installing: /home/hyh/ros2_prct/install/practice_package_msgs/local/lib/python3.10/dist-packages/practice_package_msgs/practice_package_msgs_s__rosidl_typesupport_fastrtps_c.cpython-310-x86_64-linux-gnu.so
[2.038s] -- Set runtime path of "/home/hyh/ros2_prct/install/practice_package_msgs/local/lib/python3.10/dist-packages/practice_package_msgs/practice_package_msgs_s__rosidl_typesupport_fastrtps_c.cpython-310-x86_64-linux-gnu.so" to ""
[2.038s] -- Installing: /home/hyh/ros2_prct/install/practice_package_msgs/local/lib/python3.10/dist-packages/practice_package_msgs/practice_package_msgs_s__rosidl_typesupport_introspection_c.cpython-310-x86_64-linux-gnu.so
[2.038s] -- Set runtime path of "/home/hyh/ros2_prct/install/practice_package_msgs/local/lib/python3.10/dist-packages/practice_package_msgs/practice_package_msgs_s__rosidl_typesupport_introspection_c.cpython-310-x86_64-linux-gnu.so" to ""
[2.038s] -- Installing: /home/hyh/ros2_prct/install/practice_package_msgs/local/lib/python3.10/dist-packages/practice_package_msgs/practice_package_msgs_s__rosidl_typesupport_c.cpython-310-x86_64-linux-gnu.so
[2.039s] -- Set runtime path of "/home/hyh/ros2_prct/install/practice_package_msgs/local/lib/python3.10/dist-packages/practice_package_msgs/practice_package_msgs_s__rosidl_typesupport_c.cpython-310-x86_64-linux-gnu.so" to ""
[2.039s] -- Installing: /home/hyh/ros2_prct/install/practice_package_msgs/lib/libpractice_package_msgs__rosidl_generator_py.so
[2.039s] -- Set runtime path of "/home/hyh/ros2_prct/install/practice_package_msgs/lib/libpractice_package_msgs__rosidl_generator_py.so" to ""
[2.039s] -- Installing: /home/hyh/ros2_prct/install/practice_package_msgs/share/practice_package_msgs/msg/PoseToVal.idl
[2.039s] -- Installing: /home/hyh/ros2_prct/install/practice_package_msgs/share/practice_package_msgs/msg/PoseToVal.msg
[2.039s] -- Up-to-date: /home/hyh/ros2_prct/install/practice_package_msgs/share/ament_index/resource_index/package_run_dependencies/practice_package_msgs
[2.039s] -- Up-to-date: /home/hyh/ros2_prct/install/practice_package_msgs/share/ament_index/resource_index/parent_prefix_path/practice_package_msgs
[2.039s] -- Up-to-date: /home/hyh/ros2_prct/install/practice_package_msgs/share/practice_package_msgs/environment/ament_prefix_path.sh
[2.039s] -- Installing: /home/hyh/ros2_prct/install/practice_package_msgs/share/practice_package_msgs/environment/ament_prefix_path.dsv
[2.039s] -- Up-to-date: /home/hyh/ros2_prct/install/practice_package_msgs/share/practice_package_msgs/environment/path.sh
[2.040s] -- Installing: /home/hyh/ros2_prct/install/practice_package_msgs/share/practice_package_msgs/environment/path.dsv
[2.040s] -- Up-to-date: /home/hyh/ros2_prct/install/practice_package_msgs/share/practice_package_msgs/local_setup.bash
[2.040s] -- Up-to-date: /home/hyh/ros2_prct/install/practice_package_msgs/share/practice_package_msgs/local_setup.sh
[2.040s] -- Up-to-date: /home/hyh/ros2_prct/install/practice_package_msgs/share/practice_package_msgs/local_setup.zsh
[2.040s] -- Installing: /home/hyh/ros2_prct/install/practice_package_msgs/share/practice_package_msgs/local_setup.dsv
[2.040s] -- Installing: /home/hyh/ros2_prct/install/practice_package_msgs/share/practice_package_msgs/package.dsv
[2.040s] -- Up-to-date: /home/hyh/ros2_prct/install/practice_package_msgs/share/ament_index/resource_index/packages/practice_package_msgs
[2.040s] -- Up-to-date: /home/hyh/ros2_prct/install/practice_package_msgs/share/practice_package_msgs/cmake/export_practice_package_msgs__rosidl_generator_cExport.cmake
[2.041s] -- Up-to-date: /home/hyh/ros2_prct/install/practice_package_msgs/share/practice_package_msgs/cmake/export_practice_package_msgs__rosidl_generator_cExport-noconfig.cmake
[2.041s] -- Up-to-date: /home/hyh/ros2_prct/install/practice_package_msgs/share/practice_package_msgs/cmake/export_practice_package_msgs__rosidl_typesupport_fastrtps_cExport.cmake
[2.041s] -- Up-to-date: /home/hyh/ros2_prct/install/practice_package_msgs/share/practice_package_msgs/cmake/export_practice_package_msgs__rosidl_typesupport_fastrtps_cExport-noconfig.cmake
[2.041s] -- Up-to-date: /home/hyh/ros2_prct/install/practice_package_msgs/share/practice_package_msgs/cmake/practice_package_msgs__rosidl_typesupport_introspection_cExport.cmake
[2.041s] -- Up-to-date: /home/hyh/ros2_prct/install/practice_package_msgs/share/practice_package_msgs/cmake/practice_package_msgs__rosidl_typesupport_introspection_cExport-noconfig.cmake
[2.041s] -- Up-to-date: /home/hyh/ros2_prct/install/practice_package_msgs/share/practice_package_msgs/cmake/practice_package_msgs__rosidl_typesupport_cExport.cmake
[2.041s] -- Up-to-date: /home/hyh/ros2_prct/install/practice_package_msgs/share/practice_package_msgs/cmake/practice_package_msgs__rosidl_typesupport_cExport-noconfig.cmake
[2.041s] -- Up-to-date: /home/hyh/ros2_prct/install/practice_package_msgs/share/practice_package_msgs/cmake/export_practice_package_msgs__rosidl_generator_cppExport.cmake
[2.041s] -- Up-to-date: /home/hyh/ros2_prct/install/practice_package_msgs/share/practice_package_msgs/cmake/export_practice_package_msgs__rosidl_typesupport_fastrtps_cppExport.cmake
[2.041s] -- Up-to-date: /home/hyh/ros2_prct/install/practice_package_msgs/share/practice_package_msgs/cmake/export_practice_package_msgs__rosidl_typesupport_fastrtps_cppExport-noconfig.cmake
[2.041s] -- Up-to-date: /home/hyh/ros2_prct/install/practice_package_msgs/share/practice_package_msgs/cmake/practice_package_msgs__rosidl_typesupport_introspection_cppExport.cmake
[2.041s] -- Up-to-date: /home/hyh/ros2_prct/install/practice_package_msgs/share/practice_package_msgs/cmake/practice_package_msgs__rosidl_typesupport_introspection_cppExport-noconfig.cmake
[2.042s] -- Up-to-date: /home/hyh/ros2_prct/install/practice_package_msgs/share/practice_package_msgs/cmake/practice_package_msgs__rosidl_typesupport_cppExport.cmake
[2.042s] -- Up-to-date: /home/hyh/ros2_prct/install/practice_package_msgs/share/practice_package_msgs/cmake/practice_package_msgs__rosidl_typesupport_cppExport-noconfig.cmake
[2.042s] -- Up-to-date: /home/hyh/ros2_prct/install/practice_package_msgs/share/practice_package_msgs/cmake/export_practice_package_msgs__rosidl_generator_pyExport.cmake
[2.042s] -- Up-to-date: /home/hyh/ros2_prct/install/practice_package_msgs/share/practice_package_msgs/cmake/export_practice_package_msgs__rosidl_generator_pyExport-noconfig.cmake
[2.042s] -- Up-to-date: /home/hyh/ros2_prct/install/practice_package_msgs/share/practice_package_msgs/cmake/rosidl_cmake-extras.cmake
[2.042s] -- Up-to-date: /home/hyh/ros2_prct/install/practice_package_msgs/share/practice_package_msgs/cmake/ament_cmake_export_include_directories-extras.cmake
[2.043s] -- Up-to-date: /home/hyh/ros2_prct/install/practice_package_msgs/share/practice_package_msgs/cmake/ament_cmake_export_libraries-extras.cmake
[2.043s] -- Up-to-date: /home/hyh/ros2_prct/install/practice_package_msgs/share/practice_package_msgs/cmake/ament_cmake_export_targets-extras.cmake
[2.043s] -- Up-to-date: /home/hyh/ros2_prct/install/practice_package_msgs/share/practice_package_msgs/cmake/rosidl_cmake_export_typesupport_targets-extras.cmake
[2.044s] -- Up-to-date: /home/hyh/ros2_prct/install/practice_package_msgs/share/practice_package_msgs/cmake/ament_cmake_export_dependencies-extras.cmake
[2.044s] -- Up-to-date: /home/hyh/ros2_prct/install/practice_package_msgs/share/practice_package_msgs/cmake/rosidl_cmake_export_typesupport_libraries-extras.cmake
[2.044s] -- Up-to-date: /home/hyh/ros2_prct/install/practice_package_msgs/share/practice_package_msgs/cmake/practice_package_msgsConfig.cmake
[2.044s] -- Up-to-date: /home/hyh/ros2_prct/install/practice_package_msgs/share/practice_package_msgs/cmake/practice_package_msgsConfig-version.cmake
[2.044s] -- Up-to-date: /home/hyh/ros2_prct/install/practice_package_msgs/share/practice_package_msgs/package.xml
[2.045s] Invoked command in '/home/hyh/ros2_prct/build/practice_package_msgs' returned '0': CMAKE_PREFIX_PATH=${CMAKE_PREFIX_PATH}:/home/hyh/ros2_prct/install/practice_package:/home/hyh/ros2_study/install/my_first_package:/opt/ros/humble /usr/bin/cmake --install /home/hyh/ros2_prct/build/practice_package_msgs
