[0.440s] Invoking command in '/home/hyh/december_ws/my_lidar_pkg': PYTHONPATH=/home/hyh/december_ws/build/my_lidar_pkg/prefix_override:/usr/lib/python3/dist-packages/colcon_core/task/python/colcon_distutils_commands:/home/hyh/december_ws/install/my_lidar_pkg/lib/python3.10/site-packages:${PYTHONPATH} /usr/bin/python3 -W ignore:setup.py install is deprecated -W ignore:easy_install command is deprecated setup.py egg_info --egg-base ../build/my_lidar_pkg build --build-base /home/hyh/december_ws/build/my_lidar_pkg/build install --record /home/hyh/december_ws/build/my_lidar_pkg/install.log --single-version-externally-managed install_data
[0.598s] running egg_info
[0.599s] writing ../build/my_lidar_pkg/my_lidar_pkg.egg-info/PKG-INFO
[0.599s] writing dependency_links to ../build/my_lidar_pkg/my_lidar_pkg.egg-info/dependency_links.txt
[0.599s] writing entry points to ../build/my_lidar_pkg/my_lidar_pkg.egg-info/entry_points.txt
[0.599s] writing requirements to ../build/my_lidar_pkg/my_lidar_pkg.egg-info/requires.txt
[0.600s] writing top-level names to ../build/my_lidar_pkg/my_lidar_pkg.egg-info/top_level.txt
[0.601s] reading manifest file '../build/my_lidar_pkg/my_lidar_pkg.egg-info/SOURCES.txt'
[0.602s] writing manifest file '../build/my_lidar_pkg/my_lidar_pkg.egg-info/SOURCES.txt'
[0.602s] running build
[0.602s] running build_py
[0.602s] copying my_lidar_pkg/lidar_analysis.py -> /home/hyh/december_ws/build/my_lidar_pkg/build/lib/my_lidar_pkg
[0.603s] running install
[0.603s] running install_lib
[0.603s] copying /home/hyh/december_ws/build/my_lidar_pkg/build/lib/my_lidar_pkg/lidar_analysis.py -> /home/hyh/december_ws/install/my_lidar_pkg/lib/python3.10/site-packages/my_lidar_pkg
[0.604s] byte-compiling /home/hyh/december_ws/install/my_lidar_pkg/lib/python3.10/site-packages/my_lidar_pkg/lidar_analysis.py to lidar_analysis.cpython-310.pyc
[0.605s] running install_data
[0.605s] running install_egg_info
[0.606s] removing '/home/hyh/december_ws/install/my_lidar_pkg/lib/python3.10/site-packages/my_lidar_pkg-0.0.0-py3.10.egg-info' (and everything under it)
[0.606s] Copying ../build/my_lidar_pkg/my_lidar_pkg.egg-info to /home/hyh/december_ws/install/my_lidar_pkg/lib/python3.10/site-packages/my_lidar_pkg-0.0.0-py3.10.egg-info
[0.607s] running install_scripts
[0.622s] Installing lidar_analysis script to /home/hyh/december_ws/install/my_lidar_pkg/lib/my_lidar_pkg
[0.623s] writing list of installed files to '/home/hyh/december_ws/build/my_lidar_pkg/install.log'
[0.645s] Invoked command in '/home/hyh/december_ws/my_lidar_pkg' returned '0': PYTHONPATH=/home/hyh/december_ws/build/my_lidar_pkg/prefix_override:/usr/lib/python3/dist-packages/colcon_core/task/python/colcon_distutils_commands:/home/hyh/december_ws/install/my_lidar_pkg/lib/python3.10/site-packages:${PYTHONPATH} /usr/bin/python3 -W ignore:setup.py install is deprecated -W ignore:easy_install command is deprecated setup.py egg_info --egg-base ../build/my_lidar_pkg build --build-base /home/hyh/december_ws/build/my_lidar_pkg/build install --record /home/hyh/december_ws/build/my_lidar_pkg/install.log --single-version-externally-managed install_data
