[0.556s] Invoking command in '/home/hyh/ros2_study/src/my_first_package': PYTHONPATH=/home/hyh/build/my_first_package/prefix_override:/usr/lib/python3/dist-packages/colcon_core/task/python/colcon_distutils_commands:/home/hyh/install/my_first_package/lib/python3.10/site-packages:${PYTHONPATH} /usr/bin/python3 -W ignore:setup.py install is deprecated -W ignore:easy_install command is deprecated setup.py egg_info --egg-base ../../../build/my_first_package build --build-base /home/hyh/build/my_first_package/build install --record /home/hyh/build/my_first_package/install.log --single-version-externally-managed install_data
[0.691s] running egg_info
[0.691s] writing ../../../build/my_first_package/my_first_package.egg-info/PKG-INFO
[0.691s] writing dependency_links to ../../../build/my_first_package/my_first_package.egg-info/dependency_links.txt
[0.691s] writing entry points to ../../../build/my_first_package/my_first_package.egg-info/entry_points.txt
[0.691s] writing requirements to ../../../build/my_first_package/my_first_package.egg-info/requires.txt
[0.692s] writing top-level names to ../../../build/my_first_package/my_first_package.egg-info/top_level.txt
[0.692s] reading manifest file '../../../build/my_first_package/my_first_package.egg-info/SOURCES.txt'
[0.693s] writing manifest file '../../../build/my_first_package/my_first_package.egg-info/SOURCES.txt'
[0.693s] running build
[0.693s] running build_py
[0.694s] running install
[0.694s] running install_lib
[0.695s] running install_data
[0.695s] running install_egg_info
[0.696s] removing '/home/hyh/install/my_first_package/lib/python3.10/site-packages/my_first_package-0.0.0-py3.10.egg-info' (and everything under it)
[0.696s] Copying ../../../build/my_first_package/my_first_package.egg-info to /home/hyh/install/my_first_package/lib/python3.10/site-packages/my_first_package-0.0.0-py3.10.egg-info
[0.696s] running install_scripts
[0.709s] Installing dist_turtle_action_server script to /home/hyh/install/my_first_package/lib/my_first_package
[0.709s] Installing my_custom_publisher script to /home/hyh/install/my_first_package/lib/my_first_package
[0.709s] Installing my_first_node script to /home/hyh/install/my_first_package/lib/my_first_package
[0.710s] Installing my_multi_thread script to /home/hyh/install/my_first_package/lib/my_first_package
[0.710s] Installing my_publisher script to /home/hyh/install/my_first_package/lib/my_first_package
[0.710s] Installing my_service_server script to /home/hyh/install/my_first_package/lib/my_first_package
[0.710s] Installing my_subscriber script to /home/hyh/install/my_first_package/lib/my_first_package
[0.711s] Installing turtle_cmd_and_pose script to /home/hyh/install/my_first_package/lib/my_first_package
[0.711s] writing list of installed files to '/home/hyh/build/my_first_package/install.log'
[0.727s] Invoked command in '/home/hyh/ros2_study/src/my_first_package' returned '0': PYTHONPATH=/home/hyh/build/my_first_package/prefix_override:/usr/lib/python3/dist-packages/colcon_core/task/python/colcon_distutils_commands:/home/hyh/install/my_first_package/lib/python3.10/site-packages:${PYTHONPATH} /usr/bin/python3 -W ignore:setup.py install is deprecated -W ignore:easy_install command is deprecated setup.py egg_info --egg-base ../../../build/my_first_package build --build-base /home/hyh/build/my_first_package/build install --record /home/hyh/build/my_first_package/install.log --single-version-externally-managed install_data
