running egg_info
writing ../../build/practice_package/practice_package.egg-info/PKG-INFO
writing dependency_links to ../../build/practice_package/practice_package.egg-info/dependency_links.txt
writing entry points to ../../build/practice_package/practice_package.egg-info/entry_points.txt
writing requirements to ../../build/practice_package/practice_package.egg-info/requires.txt
writing top-level names to ../../build/practice_package/practice_package.egg-info/top_level.txt
reading manifest file '../../build/practice_package/practice_package.egg-info/SOURCES.txt'
writing manifest file '../../build/practice_package/practice_package.egg-info/SOURCES.txt'
running build
running build_py
copying practice_package/pose_sub_and_pub.py -> /home/hyh/ros2_prct/build/practice_package/build/lib/practice_package
running install
running install_lib
copying /home/hyh/ros2_prct/build/practice_package/build/lib/practice_package/pose_sub_and_pub.py -> /home/hyh/ros2_prct/install/practice_package/lib/python3.10/site-packages/practice_package
byte-compiling /home/hyh/ros2_prct/install/practice_package/lib/python3.10/site-packages/practice_package/pose_sub_and_pub.py to pose_sub_and_pub.cpython-310.pyc
running install_data
running install_egg_info
removing '/home/hyh/ros2_prct/install/practice_package/lib/python3.10/site-packages/practice_package-0.0.0-py3.10.egg-info' (and everything under it)
Copying ../../build/practice_package/practice_package.egg-info to /home/hyh/ros2_prct/install/practice_package/lib/python3.10/site-packages/practice_package-0.0.0-py3.10.egg-info
running install_scripts
Installing pose_sub_and_pub script to /home/hyh/ros2_prct/install/practice_package/lib/practice_package
Installing practice_node script to /home/hyh/ros2_prct/install/practice_package/lib/practice_package
writing list of installed files to '/home/hyh/ros2_prct/build/practice_package/install.log'
