running egg_info
writing ../build/my_lidar_pkg/my_lidar_pkg.egg-info/PKG-INFO
writing dependency_links to ../build/my_lidar_pkg/my_lidar_pkg.egg-info/dependency_links.txt
writing entry points to ../build/my_lidar_pkg/my_lidar_pkg.egg-info/entry_points.txt
writing requirements to ../build/my_lidar_pkg/my_lidar_pkg.egg-info/requires.txt
writing top-level names to ../build/my_lidar_pkg/my_lidar_pkg.egg-info/top_level.txt
reading manifest file '../build/my_lidar_pkg/my_lidar_pkg.egg-info/SOURCES.txt'
writing manifest file '../build/my_lidar_pkg/my_lidar_pkg.egg-info/SOURCES.txt'
running build
running build_py
copying my_lidar_pkg/lidar_analysis.py -> /home/hyh/december_ws/build/my_lidar_pkg/build/lib/my_lidar_pkg
running install
running install_lib
copying /home/hyh/december_ws/build/my_lidar_pkg/build/lib/my_lidar_pkg/lidar_analysis.py -> /home/hyh/december_ws/install/my_lidar_pkg/lib/python3.10/site-packages/my_lidar_pkg
byte-compiling /home/hyh/december_ws/install/my_lidar_pkg/lib/python3.10/site-packages/my_lidar_pkg/lidar_analysis.py to lidar_analysis.cpython-310.pyc
running install_data
running install_egg_info
removing '/home/hyh/december_ws/install/my_lidar_pkg/lib/python3.10/site-packages/my_lidar_pkg-0.0.0-py3.10.egg-info' (and everything under it)
Copying ../build/my_lidar_pkg/my_lidar_pkg.egg-info to /home/hyh/december_ws/install/my_lidar_pkg/lib/python3.10/site-packages/my_lidar_pkg-0.0.0-py3.10.egg-info
running install_scripts
Installing lidar_analysis script to /home/hyh/december_ws/install/my_lidar_pkg/lib/my_lidar_pkg
writing list of installed files to '/home/hyh/december_ws/build/my_lidar_pkg/install.log'
