[0.153s] Invoking command in '/home/hyh/ros2_study/build/my_first_package_msgs': CMAKE_PREFIX_PATH=${CMAKE_PREFIX_PATH}:/home/hyh/ros2_study/install/my_first_package:/opt/ros/humble /usr/bin/cmake --build /home/hyh/ros2_study/build/my_first_package_msgs -- -j20 -l20
[0.183s] [  3%] Built target my_first_package_msgs__cpp
[0.183s] [ 12%] Built target my_first_package_msgs__rosidl_generator_c
[0.189s] [ 12%] Built target ament_cmake_python_copy_my_first_package_msgs
[0.196s] [ 22%] Built target my_first_package_msgs__rosidl_typesupport_introspection_cpp
[0.196s] [ 32%] Built target my_first_package_msgs__rosidl_typesupport_cpp
[0.196s] [ 51%] Built target my_first_package_msgs__rosidl_typesupport_introspection_c
[0.196s] [ 51%] Built target my_first_package_msgs__rosidl_typesupport_fastrtps_cpp
[0.199s] [ 61%] Built target my_first_package_msgs__rosidl_typesupport_c
[0.200s] [ 70%] Built target my_first_package_msgs__rosidl_typesupport_fastrtps_c
[0.213s] [ 70%] Built target my_first_package_msgs
[0.225s] [ 74%] Built target my_first_package_msgs__py
[0.238s] [ 80%] Built target my_first_package_msgs__rosidl_generator_py
[0.251s] [ 93%] Built target my_first_package_msgs__rosidl_typesupport_introspection_c__pyext
[0.251s] [ 93%] Built target my_first_package_msgs__rosidl_typesupport_fastrtps_c__pyext
[0.251s] [100%] Built target my_first_package_msgs__rosidl_typesupport_c__pyext
[0.334s] running egg_info
[0.335s] writing my_first_package_msgs.egg-info/PKG-INFO
[0.335s] writing dependency_links to my_first_package_msgs.egg-info/dependency_links.txt
[0.335s] writing top-level names to my_first_package_msgs.egg-info/top_level.txt
[0.336s] reading manifest file 'my_first_package_msgs.egg-info/SOURCES.txt'
[0.336s] writing manifest file 'my_first_package_msgs.egg-info/SOURCES.txt'
[0.352s] [100%] Built target ament_cmake_python_build_my_first_package_msgs_egg
[0.359s] Invoked command in '/home/hyh/ros2_study/build/my_first_package_msgs' returned '0': CMAKE_PREFIX_PATH=${CMAKE_PREFIX_PATH}:/home/hyh/ros2_study/install/my_first_package:/opt/ros/humble /usr/bin/cmake --build /home/hyh/ros2_study/build/my_first_package_msgs -- -j20 -l20
[0.365s] Invoking command in '/home/hyh/ros2_study/build/my_first_package_msgs': CMAKE_PREFIX_PATH=${CMAKE_PREFIX_PATH}:/home/hyh/ros2_study/install/my_first_package:/opt/ros/humble /usr/bin/cmake --install /home/hyh/ros2_study/build/my_first_package_msgs
[0.370s] -- Install configuration: ""
[0.370s] -- Up-to-date: /home/hyh/ros2_study/install/my_first_package_msgs/share/ament_index/resource_index/rosidl_interfaces/my_first_package_msgs
[0.370s] -- Up-to-date: /home/hyh/ros2_study/install/my_first_package_msgs/include/my_first_package_msgs/my_first_package_msgs
[0.370s] -- Up-to-date: /home/hyh/ros2_study/install/my_first_package_msgs/include/my_first_package_msgs/my_first_package_msgs/msg
[0.370s] -- Up-to-date: /home/hyh/ros2_study/install/my_first_package_msgs/include/my_first_package_msgs/my_first_package_msgs/msg/detail
[0.370s] -- Up-to-date: /home/hyh/ros2_study/install/my_first_package_msgs/include/my_first_package_msgs/my_first_package_msgs/msg/detail/cmd_and_pose_vel__functions.h
[0.370s] -- Up-to-date: /home/hyh/ros2_study/install/my_first_package_msgs/include/my_first_package_msgs/my_first_package_msgs/msg/detail/cmd_and_pose_vel__struct.h
[0.370s] -- Up-to-date: /home/hyh/ros2_study/install/my_first_package_msgs/include/my_first_package_msgs/my_first_package_msgs/msg/detail/cmd_and_pose_vel__type_support.h
[0.370s] -- Up-to-date: /home/hyh/ros2_study/install/my_first_package_msgs/include/my_first_package_msgs/my_first_package_msgs/msg/detail/cmd_and_pose_vel__functions.c
[0.370s] -- Up-to-date: /home/hyh/ros2_study/install/my_first_package_msgs/include/my_first_package_msgs/my_first_package_msgs/msg/rosidl_generator_c__visibility_control.h
[0.370s] -- Up-to-date: /home/hyh/ros2_study/install/my_first_package_msgs/include/my_first_package_msgs/my_first_package_msgs/msg/cmd_and_pose_vel.h
[0.370s] -- Up-to-date: /home/hyh/ros2_study/install/my_first_package_msgs/share/my_first_package_msgs/environment/library_path.sh
[0.370s] -- Up-to-date: /home/hyh/ros2_study/install/my_first_package_msgs/share/my_first_package_msgs/environment/library_path.dsv
[0.370s] -- Up-to-date: /home/hyh/ros2_study/install/my_first_package_msgs/lib/libmy_first_package_msgs__rosidl_generator_c.so
[0.370s] -- Up-to-date: /home/hyh/ros2_study/install/my_first_package_msgs/include/my_first_package_msgs/my_first_package_msgs
[0.370s] -- Up-to-date: /home/hyh/ros2_study/install/my_first_package_msgs/include/my_first_package_msgs/my_first_package_msgs/msg
[0.370s] -- Up-to-date: /home/hyh/ros2_study/install/my_first_package_msgs/include/my_first_package_msgs/my_first_package_msgs/msg/detail
[0.370s] -- Up-to-date: /home/hyh/ros2_study/install/my_first_package_msgs/include/my_first_package_msgs/my_first_package_msgs/msg/detail/cmd_and_pose_vel__rosidl_typesupport_fastrtps_c.h
[0.371s] -- Up-to-date: /home/hyh/ros2_study/install/my_first_package_msgs/include/my_first_package_msgs/my_first_package_msgs/msg/rosidl_typesupport_fastrtps_c__visibility_control.h
[0.371s] -- Up-to-date: /home/hyh/ros2_study/install/my_first_package_msgs/lib/libmy_first_package_msgs__rosidl_typesupport_fastrtps_c.so
[0.371s] -- Up-to-date: /home/hyh/ros2_study/install/my_first_package_msgs/include/my_first_package_msgs/my_first_package_msgs
[0.371s] -- Up-to-date: /home/hyh/ros2_study/install/my_first_package_msgs/include/my_first_package_msgs/my_first_package_msgs/msg
[0.371s] -- Up-to-date: /home/hyh/ros2_study/install/my_first_package_msgs/include/my_first_package_msgs/my_first_package_msgs/msg/detail
[0.371s] -- Up-to-date: /home/hyh/ros2_study/install/my_first_package_msgs/include/my_first_package_msgs/my_first_package_msgs/msg/detail/cmd_and_pose_vel__type_support.c
[0.371s] -- Up-to-date: /home/hyh/ros2_study/install/my_first_package_msgs/include/my_first_package_msgs/my_first_package_msgs/msg/detail/cmd_and_pose_vel__rosidl_typesupport_introspection_c.h
[0.371s] -- Up-to-date: /home/hyh/ros2_study/install/my_first_package_msgs/include/my_first_package_msgs/my_first_package_msgs/msg/rosidl_typesupport_introspection_c__visibility_control.h
[0.371s] -- Up-to-date: /home/hyh/ros2_study/install/my_first_package_msgs/lib/libmy_first_package_msgs__rosidl_typesupport_introspection_c.so
[0.371s] -- Up-to-date: /home/hyh/ros2_study/install/my_first_package_msgs/lib/libmy_first_package_msgs__rosidl_typesupport_c.so
[0.371s] -- Up-to-date: /home/hyh/ros2_study/install/my_first_package_msgs/include/my_first_package_msgs/my_first_package_msgs
[0.371s] -- Up-to-date: /home/hyh/ros2_study/install/my_first_package_msgs/include/my_first_package_msgs/my_first_package_msgs/msg
[0.371s] -- Up-to-date: /home/hyh/ros2_study/install/my_first_package_msgs/include/my_first_package_msgs/my_first_package_msgs/msg/detail
[0.371s] -- Up-to-date: /home/hyh/ros2_study/install/my_first_package_msgs/include/my_first_package_msgs/my_first_package_msgs/msg/detail/cmd_and_pose_vel__traits.hpp
[0.371s] -- Up-to-date: /home/hyh/ros2_study/install/my_first_package_msgs/include/my_first_package_msgs/my_first_package_msgs/msg/detail/cmd_and_pose_vel__type_support.hpp
[0.371s] -- Up-to-date: /home/hyh/ros2_study/install/my_first_package_msgs/include/my_first_package_msgs/my_first_package_msgs/msg/detail/cmd_and_pose_vel__builder.hpp
[0.371s] -- Up-to-date: /home/hyh/ros2_study/install/my_first_package_msgs/include/my_first_package_msgs/my_first_package_msgs/msg/detail/cmd_and_pose_vel__struct.hpp
[0.371s] -- Up-to-date: /home/hyh/ros2_study/install/my_first_package_msgs/include/my_first_package_msgs/my_first_package_msgs/msg/rosidl_generator_cpp__visibility_control.hpp
[0.371s] -- Up-to-date: /home/hyh/ros2_study/install/my_first_package_msgs/include/my_first_package_msgs/my_first_package_msgs/msg/cmd_and_pose_vel.hpp
[0.371s] -- Up-to-date: /home/hyh/ros2_study/install/my_first_package_msgs/include/my_first_package_msgs/my_first_package_msgs
[0.371s] -- Up-to-date: /home/hyh/ros2_study/install/my_first_package_msgs/include/my_first_package_msgs/my_first_package_msgs/msg
[0.371s] -- Up-to-date: /home/hyh/ros2_study/install/my_first_package_msgs/include/my_first_package_msgs/my_first_package_msgs/msg/detail
[0.371s] -- Up-to-date: /home/hyh/ros2_study/install/my_first_package_msgs/include/my_first_package_msgs/my_first_package_msgs/msg/detail/dds_fastrtps
[0.371s] -- Up-to-date: /home/hyh/ros2_study/install/my_first_package_msgs/include/my_first_package_msgs/my_first_package_msgs/msg/detail/cmd_and_pose_vel__rosidl_typesupport_fastrtps_cpp.hpp
[0.371s] -- Up-to-date: /home/hyh/ros2_study/install/my_first_package_msgs/include/my_first_package_msgs/my_first_package_msgs/msg/rosidl_typesupport_fastrtps_cpp__visibility_control.h
[0.371s] -- Up-to-date: /home/hyh/ros2_study/install/my_first_package_msgs/lib/libmy_first_package_msgs__rosidl_typesupport_fastrtps_cpp.so
[0.371s] -- Up-to-date: /home/hyh/ros2_study/install/my_first_package_msgs/include/my_first_package_msgs/my_first_package_msgs
[0.371s] -- Up-to-date: /home/hyh/ros2_study/install/my_first_package_msgs/include/my_first_package_msgs/my_first_package_msgs/msg
[0.371s] -- Up-to-date: /home/hyh/ros2_study/install/my_first_package_msgs/include/my_first_package_msgs/my_first_package_msgs/msg/detail
[0.371s] -- Up-to-date: /home/hyh/ros2_study/install/my_first_package_msgs/include/my_first_package_msgs/my_first_package_msgs/msg/detail/cmd_and_pose_vel__type_support.cpp
[0.371s] -- Up-to-date: /home/hyh/ros2_study/install/my_first_package_msgs/include/my_first_package_msgs/my_first_package_msgs/msg/detail/cmd_and_pose_vel__rosidl_typesupport_introspection_cpp.hpp
[0.371s] -- Up-to-date: /home/hyh/ros2_study/install/my_first_package_msgs/lib/libmy_first_package_msgs__rosidl_typesupport_introspection_cpp.so
[0.372s] -- Up-to-date: /home/hyh/ros2_study/install/my_first_package_msgs/lib/libmy_first_package_msgs__rosidl_typesupport_cpp.so
[0.372s] -- Up-to-date: /home/hyh/ros2_study/install/my_first_package_msgs/share/my_first_package_msgs/environment/pythonpath.sh
[0.372s] -- Up-to-date: /home/hyh/ros2_study/install/my_first_package_msgs/share/my_first_package_msgs/environment/pythonpath.dsv
[0.372s] -- Up-to-date: /home/hyh/ros2_study/install/my_first_package_msgs/local/lib/python3.10/dist-packages/my_first_package_msgs-0.0.0-py3.10.egg-info
[0.372s] -- Installing: /home/hyh/ros2_study/install/my_first_package_msgs/local/lib/python3.10/dist-packages/my_first_package_msgs-0.0.0-py3.10.egg-info/dependency_links.txt
[0.372s] -- Installing: /home/hyh/ros2_study/install/my_first_package_msgs/local/lib/python3.10/dist-packages/my_first_package_msgs-0.0.0-py3.10.egg-info/SOURCES.txt
[0.372s] -- Installing: /home/hyh/ros2_study/install/my_first_package_msgs/local/lib/python3.10/dist-packages/my_first_package_msgs-0.0.0-py3.10.egg-info/PKG-INFO
[0.372s] -- Installing: /home/hyh/ros2_study/install/my_first_package_msgs/local/lib/python3.10/dist-packages/my_first_package_msgs-0.0.0-py3.10.egg-info/top_level.txt
[0.372s] -- Up-to-date: /home/hyh/ros2_study/install/my_first_package_msgs/local/lib/python3.10/dist-packages/my_first_package_msgs
[0.372s] -- Up-to-date: /home/hyh/ros2_study/install/my_first_package_msgs/local/lib/python3.10/dist-packages/my_first_package_msgs/__init__.py
[0.372s] -- Up-to-date: /home/hyh/ros2_study/install/my_first_package_msgs/local/lib/python3.10/dist-packages/my_first_package_msgs/msg
[0.372s] -- Up-to-date: /home/hyh/ros2_study/install/my_first_package_msgs/local/lib/python3.10/dist-packages/my_first_package_msgs/msg/_cmd_and_pose_vel.py
[0.372s] -- Up-to-date: /home/hyh/ros2_study/install/my_first_package_msgs/local/lib/python3.10/dist-packages/my_first_package_msgs/msg/__init__.py
[0.372s] -- Up-to-date: /home/hyh/ros2_study/install/my_first_package_msgs/local/lib/python3.10/dist-packages/my_first_package_msgs/msg/_cmd_and_pose_vel_s.c
[0.372s] -- Up-to-date: /home/hyh/ros2_study/install/my_first_package_msgs/local/lib/python3.10/dist-packages/my_first_package_msgs/my_first_package_msgs_s__rosidl_typesupport_fastrtps_c.cpython-310-x86_64-linux-gnu.so
[0.372s] -- Up-to-date: /home/hyh/ros2_study/install/my_first_package_msgs/local/lib/python3.10/dist-packages/my_first_package_msgs/_my_first_package_msgs_s.ep.rosidl_typesupport_fastrtps_c.c
[0.372s] -- Up-to-date: /home/hyh/ros2_study/install/my_first_package_msgs/local/lib/python3.10/dist-packages/my_first_package_msgs/my_first_package_msgs_s__rosidl_typesupport_c.cpython-310-x86_64-linux-gnu.so
[0.372s] -- Up-to-date: /home/hyh/ros2_study/install/my_first_package_msgs/local/lib/python3.10/dist-packages/my_first_package_msgs/my_first_package_msgs_s__rosidl_typesupport_introspection_c.cpython-310-x86_64-linux-gnu.so
[0.372s] -- Up-to-date: /home/hyh/ros2_study/install/my_first_package_msgs/local/lib/python3.10/dist-packages/my_first_package_msgs/_my_first_package_msgs_s.ep.rosidl_typesupport_introspection_c.c
[0.372s] -- Up-to-date: /home/hyh/ros2_study/install/my_first_package_msgs/local/lib/python3.10/dist-packages/my_first_package_msgs/libmy_first_package_msgs__rosidl_generator_py.so
[0.372s] -- Up-to-date: /home/hyh/ros2_study/install/my_first_package_msgs/local/lib/python3.10/dist-packages/my_first_package_msgs/_my_first_package_msgs_s.ep.rosidl_typesupport_c.c
[0.390s] Listing '/home/hyh/ros2_study/install/my_first_package_msgs/local/lib/python3.10/dist-packages/my_first_package_msgs'...
[0.390s] Listing '/home/hyh/ros2_study/install/my_first_package_msgs/local/lib/python3.10/dist-packages/my_first_package_msgs/msg'...
[0.393s] -- Up-to-date: /home/hyh/ros2_study/install/my_first_package_msgs/local/lib/python3.10/dist-packages/my_first_package_msgs/my_first_package_msgs_s__rosidl_typesupport_fastrtps_c.cpython-310-x86_64-linux-gnu.so
[0.393s] -- Up-to-date: /home/hyh/ros2_study/install/my_first_package_msgs/local/lib/python3.10/dist-packages/my_first_package_msgs/my_first_package_msgs_s__rosidl_typesupport_introspection_c.cpython-310-x86_64-linux-gnu.so
[0.393s] -- Up-to-date: /home/hyh/ros2_study/install/my_first_package_msgs/local/lib/python3.10/dist-packages/my_first_package_msgs/my_first_package_msgs_s__rosidl_typesupport_c.cpython-310-x86_64-linux-gnu.so
[0.393s] -- Up-to-date: /home/hyh/ros2_study/install/my_first_package_msgs/lib/libmy_first_package_msgs__rosidl_generator_py.so
[0.393s] -- Up-to-date: /home/hyh/ros2_study/install/my_first_package_msgs/share/my_first_package_msgs/msg/CmdAndPoseVel.idl
[0.393s] -- Up-to-date: /home/hyh/ros2_study/install/my_first_package_msgs/share/my_first_package_msgs/msg/CmdAndPoseVel.msg
[0.393s] -- Up-to-date: /home/hyh/ros2_study/install/my_first_package_msgs/share/ament_index/resource_index/package_run_dependencies/my_first_package_msgs
[0.393s] -- Up-to-date: /home/hyh/ros2_study/install/my_first_package_msgs/share/ament_index/resource_index/parent_prefix_path/my_first_package_msgs
[0.393s] -- Up-to-date: /home/hyh/ros2_study/install/my_first_package_msgs/share/my_first_package_msgs/environment/ament_prefix_path.sh
[0.394s] -- Up-to-date: /home/hyh/ros2_study/install/my_first_package_msgs/share/my_first_package_msgs/environment/ament_prefix_path.dsv
[0.394s] -- Up-to-date: /home/hyh/ros2_study/install/my_first_package_msgs/share/my_first_package_msgs/environment/path.sh
[0.394s] -- Up-to-date: /home/hyh/ros2_study/install/my_first_package_msgs/share/my_first_package_msgs/environment/path.dsv
[0.394s] -- Up-to-date: /home/hyh/ros2_study/install/my_first_package_msgs/share/my_first_package_msgs/local_setup.bash
[0.394s] -- Up-to-date: /home/hyh/ros2_study/install/my_first_package_msgs/share/my_first_package_msgs/local_setup.sh
[0.394s] -- Up-to-date: /home/hyh/ros2_study/install/my_first_package_msgs/share/my_first_package_msgs/local_setup.zsh
[0.394s] -- Up-to-date: /home/hyh/ros2_study/install/my_first_package_msgs/share/my_first_package_msgs/local_setup.dsv
[0.394s] -- Installing: /home/hyh/ros2_study/install/my_first_package_msgs/share/my_first_package_msgs/package.dsv
[0.394s] -- Up-to-date: /home/hyh/ros2_study/install/my_first_package_msgs/share/ament_index/resource_index/packages/my_first_package_msgs
[0.394s] -- Up-to-date: /home/hyh/ros2_study/install/my_first_package_msgs/share/my_first_package_msgs/cmake/export_my_first_package_msgs__rosidl_generator_cExport.cmake
[0.395s] -- Up-to-date: /home/hyh/ros2_study/install/my_first_package_msgs/share/my_first_package_msgs/cmake/export_my_first_package_msgs__rosidl_generator_cExport-noconfig.cmake
[0.395s] -- Up-to-date: /home/hyh/ros2_study/install/my_first_package_msgs/share/my_first_package_msgs/cmake/export_my_first_package_msgs__rosidl_typesupport_fastrtps_cExport.cmake
[0.395s] -- Up-to-date: /home/hyh/ros2_study/install/my_first_package_msgs/share/my_first_package_msgs/cmake/export_my_first_package_msgs__rosidl_typesupport_fastrtps_cExport-noconfig.cmake
[0.395s] -- Up-to-date: /home/hyh/ros2_study/install/my_first_package_msgs/share/my_first_package_msgs/cmake/my_first_package_msgs__rosidl_typesupport_introspection_cExport.cmake
[0.395s] -- Up-to-date: /home/hyh/ros2_study/install/my_first_package_msgs/share/my_first_package_msgs/cmake/my_first_package_msgs__rosidl_typesupport_introspection_cExport-noconfig.cmake
[0.395s] -- Up-to-date: /home/hyh/ros2_study/install/my_first_package_msgs/share/my_first_package_msgs/cmake/my_first_package_msgs__rosidl_typesupport_cExport.cmake
[0.395s] -- Up-to-date: /home/hyh/ros2_study/install/my_first_package_msgs/share/my_first_package_msgs/cmake/my_first_package_msgs__rosidl_typesupport_cExport-noconfig.cmake
[0.395s] -- Up-to-date: /home/hyh/ros2_study/install/my_first_package_msgs/share/my_first_package_msgs/cmake/export_my_first_package_msgs__rosidl_generator_cppExport.cmake
[0.395s] -- Up-to-date: /home/hyh/ros2_study/install/my_first_package_msgs/share/my_first_package_msgs/cmake/export_my_first_package_msgs__rosidl_typesupport_fastrtps_cppExport.cmake
[0.395s] -- Up-to-date: /home/hyh/ros2_study/install/my_first_package_msgs/share/my_first_package_msgs/cmake/export_my_first_package_msgs__rosidl_typesupport_fastrtps_cppExport-noconfig.cmake
[0.395s] -- Up-to-date: /home/hyh/ros2_study/install/my_first_package_msgs/share/my_first_package_msgs/cmake/my_first_package_msgs__rosidl_typesupport_introspection_cppExport.cmake
[0.395s] -- Up-to-date: /home/hyh/ros2_study/install/my_first_package_msgs/share/my_first_package_msgs/cmake/my_first_package_msgs__rosidl_typesupport_introspection_cppExport-noconfig.cmake
[0.395s] -- Up-to-date: /home/hyh/ros2_study/install/my_first_package_msgs/share/my_first_package_msgs/cmake/my_first_package_msgs__rosidl_typesupport_cppExport.cmake
[0.395s] -- Up-to-date: /home/hyh/ros2_study/install/my_first_package_msgs/share/my_first_package_msgs/cmake/my_first_package_msgs__rosidl_typesupport_cppExport-noconfig.cmake
[0.395s] -- Up-to-date: /home/hyh/ros2_study/install/my_first_package_msgs/share/my_first_package_msgs/cmake/export_my_first_package_msgs__rosidl_generator_pyExport.cmake
[0.395s] -- Up-to-date: /home/hyh/ros2_study/install/my_first_package_msgs/share/my_first_package_msgs/cmake/export_my_first_package_msgs__rosidl_generator_pyExport-noconfig.cmake
[0.395s] -- Up-to-date: /home/hyh/ros2_study/install/my_first_package_msgs/share/my_first_package_msgs/cmake/rosidl_cmake-extras.cmake
[0.395s] -- Up-to-date: /home/hyh/ros2_study/install/my_first_package_msgs/share/my_first_package_msgs/cmake/ament_cmake_export_include_directories-extras.cmake
[0.395s] -- Up-to-date: /home/hyh/ros2_study/install/my_first_package_msgs/share/my_first_package_msgs/cmake/ament_cmake_export_libraries-extras.cmake
[0.395s] -- Up-to-date: /home/hyh/ros2_study/install/my_first_package_msgs/share/my_first_package_msgs/cmake/ament_cmake_export_targets-extras.cmake
[0.395s] -- Up-to-date: /home/hyh/ros2_study/install/my_first_package_msgs/share/my_first_package_msgs/cmake/rosidl_cmake_export_typesupport_targets-extras.cmake
[0.395s] -- Up-to-date: /home/hyh/ros2_study/install/my_first_package_msgs/share/my_first_package_msgs/cmake/ament_cmake_export_dependencies-extras.cmake
[0.395s] -- Up-to-date: /home/hyh/ros2_study/install/my_first_package_msgs/share/my_first_package_msgs/cmake/rosidl_cmake_export_typesupport_libraries-extras.cmake
[0.395s] -- Up-to-date: /home/hyh/ros2_study/install/my_first_package_msgs/share/my_first_package_msgs/cmake/my_first_package_msgsConfig.cmake
[0.395s] -- Up-to-date: /home/hyh/ros2_study/install/my_first_package_msgs/share/my_first_package_msgs/cmake/my_first_package_msgsConfig-version.cmake
[0.395s] -- Up-to-date: /home/hyh/ros2_study/install/my_first_package_msgs/share/my_first_package_msgs/package.xml
[0.396s] Invoked command in '/home/hyh/ros2_study/build/my_first_package_msgs' returned '0': CMAKE_PREFIX_PATH=${CMAKE_PREFIX_PATH}:/home/hyh/ros2_study/install/my_first_package:/opt/ros/humble /usr/bin/cmake --install /home/hyh/ros2_study/build/my_first_package_msgs
