[0.416s] Invoking command in '/home/hyh/ros2_prct/src/practice_package': PYTHONPATH=/home/hyh/ros2_prct/build/practice_package/prefix_override:/usr/lib/python3/dist-packages/colcon_core/task/python/colcon_distutils_commands:/home/hyh/ros2_prct/install/practice_package/lib/python3.10/site-packages:${PYTHONPATH} /usr/bin/python3 -W ignore:setup.py install is deprecated -W ignore:easy_install command is deprecated setup.py egg_info --egg-base ../../build/practice_package build --build-base /home/hyh/ros2_prct/build/practice_package/build install --record /home/hyh/ros2_prct/build/practice_package/install.log --single-version-externally-managed install_data
[0.549s] running egg_info
[0.549s] creating ../../build/practice_package/practice_package.egg-info
[0.550s] writing ../../build/practice_package/practice_package.egg-info/PKG-INFO
[0.550s] writing dependency_links to ../../build/practice_package/practice_package.egg-info/dependency_links.txt
[0.550s] writing entry points to ../../build/practice_package/practice_package.egg-info/entry_points.txt
[0.550s] writing requirements to ../../build/practice_package/practice_package.egg-info/requires.txt
[0.550s] writing top-level names to ../../build/practice_package/practice_package.egg-info/top_level.txt
[0.551s] writing manifest file '../../build/practice_package/practice_package.egg-info/SOURCES.txt'
[0.552s] reading manifest file '../../build/practice_package/practice_package.egg-info/SOURCES.txt'
[0.552s] writing manifest file '../../build/practice_package/practice_package.egg-info/SOURCES.txt'
[0.552s] running build
[0.552s] running build_py
[0.552s] creating /home/hyh/ros2_prct/build/practice_package/build
[0.553s] creating /home/hyh/ros2_prct/build/practice_package/build/lib
[0.553s] creating /home/hyh/ros2_prct/build/practice_package/build/lib/practice_package
[0.553s] copying practice_package/__init__.py -> /home/hyh/ros2_prct/build/practice_package/build/lib/practice_package
[0.553s] copying practice_package/practice_node.py -> /home/hyh/ros2_prct/build/practice_package/build/lib/practice_package
[0.553s] running install
[0.553s] running install_lib
[0.554s] creating /home/hyh/ros2_prct/install/practice_package/lib/python3.10/site-packages/practice_package
[0.554s] copying /home/hyh/ros2_prct/build/practice_package/build/lib/practice_package/__init__.py -> /home/hyh/ros2_prct/install/practice_package/lib/python3.10/site-packages/practice_package
[0.554s] copying /home/hyh/ros2_prct/build/practice_package/build/lib/practice_package/practice_node.py -> /home/hyh/ros2_prct/install/practice_package/lib/python3.10/site-packages/practice_package
[0.554s] byte-compiling /home/hyh/ros2_prct/install/practice_package/lib/python3.10/site-packages/practice_package/__init__.py to __init__.cpython-310.pyc
[0.554s] byte-compiling /home/hyh/ros2_prct/install/practice_package/lib/python3.10/site-packages/practice_package/practice_node.py to practice_node.cpython-310.pyc
[0.554s] running install_data
[0.555s] creating /home/hyh/ros2_prct/install/practice_package/share
[0.555s] creating /home/hyh/ros2_prct/install/practice_package/share/ament_index
[0.555s] creating /home/hyh/ros2_prct/install/practice_package/share/ament_index/resource_index
[0.555s] creating /home/hyh/ros2_prct/install/practice_package/share/ament_index/resource_index/packages
[0.555s] copying resource/practice_package -> /home/hyh/ros2_prct/install/practice_package/share/ament_index/resource_index/packages
[0.555s] creating /home/hyh/ros2_prct/install/practice_package/share/practice_package
[0.555s] copying package.xml -> /home/hyh/ros2_prct/install/practice_package/share/practice_package
[0.555s] running install_egg_info
[0.556s] Copying ../../build/practice_package/practice_package.egg-info to /home/hyh/ros2_prct/install/practice_package/lib/python3.10/site-packages/practice_package-0.0.0-py3.10.egg-info
[0.557s] running install_scripts
[0.569s] Installing practice_node script to /home/hyh/ros2_prct/install/practice_package/lib/practice_package
[0.569s] writing list of installed files to '/home/hyh/ros2_prct/build/practice_package/install.log'
[0.582s] Invoked command in '/home/hyh/ros2_prct/src/practice_package' returned '0': PYTHONPATH=/home/hyh/ros2_prct/build/practice_package/prefix_override:/usr/lib/python3/dist-packages/colcon_core/task/python/colcon_distutils_commands:/home/hyh/ros2_prct/install/practice_package/lib/python3.10/site-packages:${PYTHONPATH} /usr/bin/python3 -W ignore:setup.py install is deprecated -W ignore:easy_install command is deprecated setup.py egg_info --egg-base ../../build/practice_package build --build-base /home/hyh/ros2_prct/build/practice_package/build install --record /home/hyh/ros2_prct/build/practice_package/install.log --single-version-externally-managed install_data
