[0.315s] Invoking command in '/home/hyh/build/practice_package_msgs': CMAKE_PREFIX_PATH=${CMAKE_PREFIX_PATH}:/home/hyh/ros2_prct/install/practice_package:/home/hyh/ros2_study/install/my_first_package:/opt/ros/humble /usr/bin/cmake --build /home/hyh/build/practice_package_msgs -- -j20 -l20
[0.344s] [  6%] Built target practice_package_msgs__cpp
[0.344s] [ 12%] Built target practice_package_msgs__rosidl_generator_c
[0.351s] [ 12%] Built target ament_cmake_python_copy_practice_package_msgs
[0.358s] [ 22%] Built target practice_package_msgs__rosidl_typesupport_cpp
[0.359s] [ 38%] Built target practice_package_msgs__rosidl_typesupport_c
[0.359s] [ 41%] Built target practice_package_msgs__rosidl_typesupport_fastrtps_c
[0.359s] [ 51%] Built target practice_package_msgs__rosidl_typesupport_introspection_c
[0.361s] [ 61%] Built target practice_package_msgs__rosidl_typesupport_introspection_cpp
[0.361s] [ 70%] Built target practice_package_msgs__rosidl_typesupport_fastrtps_cpp
[0.374s] [ 70%] Built target practice_package_msgs
[0.389s] [ 74%] Built target practice_package_msgs__py
[0.397s] [ 80%] Built target practice_package_msgs__rosidl_generator_py
[0.418s] [ 93%] Built target practice_package_msgs__rosidl_typesupport_fastrtps_c__pyext
[0.418s] [ 93%] Built target practice_package_msgs__rosidl_typesupport_introspection_c__pyext
[0.418s] [100%] Built target practice_package_msgs__rosidl_typesupport_c__pyext
[0.497s] running egg_info
[0.497s] writing practice_package_msgs.egg-info/PKG-INFO
[0.497s] writing dependency_links to practice_package_msgs.egg-info/dependency_links.txt
[0.498s] writing top-level names to practice_package_msgs.egg-info/top_level.txt
[0.499s] reading manifest file 'practice_package_msgs.egg-info/SOURCES.txt'
[0.499s] writing manifest file 'practice_package_msgs.egg-info/SOURCES.txt'
[0.516s] [100%] Built target ament_cmake_python_build_practice_package_msgs_egg
[0.525s] Invoked command in '/home/hyh/build/practice_package_msgs' returned '0': CMAKE_PREFIX_PATH=${CMAKE_PREFIX_PATH}:/home/hyh/ros2_prct/install/practice_package:/home/hyh/ros2_study/install/my_first_package:/opt/ros/humble /usr/bin/cmake --build /home/hyh/build/practice_package_msgs -- -j20 -l20
[0.526s] Invoking command in '/home/hyh/build/practice_package_msgs': CMAKE_PREFIX_PATH=${CMAKE_PREFIX_PATH}:/home/hyh/ros2_prct/install/practice_package:/home/hyh/ros2_study/install/my_first_package:/opt/ros/humble /usr/bin/cmake --install /home/hyh/build/practice_package_msgs
[0.531s] -- Install configuration: ""
[0.531s] -- Up-to-date: /home/hyh/install/practice_package_msgs/share/ament_index/resource_index/rosidl_interfaces/practice_package_msgs
[0.531s] -- Up-to-date: /home/hyh/install/practice_package_msgs/include/practice_package_msgs/practice_package_msgs
[0.531s] -- Up-to-date: /home/hyh/install/practice_package_msgs/include/practice_package_msgs/practice_package_msgs/msg
[0.531s] -- Up-to-date: /home/hyh/install/practice_package_msgs/include/practice_package_msgs/practice_package_msgs/msg/detail
[0.531s] -- Up-to-date: /home/hyh/install/practice_package_msgs/include/practice_package_msgs/practice_package_msgs/msg/detail/pose_to_val__functions.c
[0.531s] -- Up-to-date: /home/hyh/install/practice_package_msgs/include/practice_package_msgs/practice_package_msgs/msg/detail/pose_to_val__struct.h
[0.531s] -- Up-to-date: /home/hyh/install/practice_package_msgs/include/practice_package_msgs/practice_package_msgs/msg/detail/pose_to_val__functions.h
[0.532s] -- Up-to-date: /home/hyh/install/practice_package_msgs/include/practice_package_msgs/practice_package_msgs/msg/detail/pose_to_val__type_support.h
[0.532s] -- Up-to-date: /home/hyh/install/practice_package_msgs/include/practice_package_msgs/practice_package_msgs/msg/rosidl_generator_c__visibility_control.h
[0.532s] -- Up-to-date: /home/hyh/install/practice_package_msgs/include/practice_package_msgs/practice_package_msgs/msg/pose_to_val.h
[0.532s] -- Up-to-date: /home/hyh/install/practice_package_msgs/share/practice_package_msgs/environment/library_path.sh
[0.532s] -- Up-to-date: /home/hyh/install/practice_package_msgs/share/practice_package_msgs/environment/library_path.dsv
[0.532s] -- Up-to-date: /home/hyh/install/practice_package_msgs/lib/libpractice_package_msgs__rosidl_generator_c.so
[0.532s] -- Up-to-date: /home/hyh/install/practice_package_msgs/include/practice_package_msgs/practice_package_msgs
[0.532s] -- Up-to-date: /home/hyh/install/practice_package_msgs/include/practice_package_msgs/practice_package_msgs/msg
[0.533s] -- Up-to-date: /home/hyh/install/practice_package_msgs/include/practice_package_msgs/practice_package_msgs/msg/detail
[0.533s] -- Up-to-date: /home/hyh/install/practice_package_msgs/include/practice_package_msgs/practice_package_msgs/msg/detail/pose_to_val__rosidl_typesupport_fastrtps_c.h
[0.533s] -- Up-to-date: /home/hyh/install/practice_package_msgs/include/practice_package_msgs/practice_package_msgs/msg/rosidl_typesupport_fastrtps_c__visibility_control.h
[0.533s] -- Up-to-date: /home/hyh/install/practice_package_msgs/lib/libpractice_package_msgs__rosidl_typesupport_fastrtps_c.so
[0.533s] -- Up-to-date: /home/hyh/install/practice_package_msgs/include/practice_package_msgs/practice_package_msgs
[0.533s] -- Up-to-date: /home/hyh/install/practice_package_msgs/include/practice_package_msgs/practice_package_msgs/msg
[0.533s] -- Up-to-date: /home/hyh/install/practice_package_msgs/include/practice_package_msgs/practice_package_msgs/msg/detail
[0.533s] -- Up-to-date: /home/hyh/install/practice_package_msgs/include/practice_package_msgs/practice_package_msgs/msg/detail/pose_to_val__rosidl_typesupport_introspection_c.h
[0.533s] -- Up-to-date: /home/hyh/install/practice_package_msgs/include/practice_package_msgs/practice_package_msgs/msg/detail/pose_to_val__type_support.c
[0.534s] -- Up-to-date: /home/hyh/install/practice_package_msgs/include/practice_package_msgs/practice_package_msgs/msg/rosidl_typesupport_introspection_c__visibility_control.h
[0.534s] -- Up-to-date: /home/hyh/install/practice_package_msgs/lib/libpractice_package_msgs__rosidl_typesupport_introspection_c.so
[0.534s] -- Up-to-date: /home/hyh/install/practice_package_msgs/lib/libpractice_package_msgs__rosidl_typesupport_c.so
[0.534s] -- Up-to-date: /home/hyh/install/practice_package_msgs/include/practice_package_msgs/practice_package_msgs
[0.534s] -- Up-to-date: /home/hyh/install/practice_package_msgs/include/practice_package_msgs/practice_package_msgs/msg
[0.534s] -- Up-to-date: /home/hyh/install/practice_package_msgs/include/practice_package_msgs/practice_package_msgs/msg/detail
[0.534s] -- Up-to-date: /home/hyh/install/practice_package_msgs/include/practice_package_msgs/practice_package_msgs/msg/detail/pose_to_val__struct.hpp
[0.534s] -- Up-to-date: /home/hyh/install/practice_package_msgs/include/practice_package_msgs/practice_package_msgs/msg/detail/pose_to_val__traits.hpp
[0.534s] -- Up-to-date: /home/hyh/install/practice_package_msgs/include/practice_package_msgs/practice_package_msgs/msg/detail/pose_to_val__builder.hpp
[0.534s] -- Up-to-date: /home/hyh/install/practice_package_msgs/include/practice_package_msgs/practice_package_msgs/msg/detail/pose_to_val__type_support.hpp
[0.534s] -- Up-to-date: /home/hyh/install/practice_package_msgs/include/practice_package_msgs/practice_package_msgs/msg/rosidl_generator_cpp__visibility_control.hpp
[0.534s] -- Up-to-date: /home/hyh/install/practice_package_msgs/include/practice_package_msgs/practice_package_msgs/msg/pose_to_val.hpp
[0.535s] -- Up-to-date: /home/hyh/install/practice_package_msgs/include/practice_package_msgs/practice_package_msgs
[0.535s] -- Up-to-date: /home/hyh/install/practice_package_msgs/include/practice_package_msgs/practice_package_msgs/msg
[0.535s] -- Up-to-date: /home/hyh/install/practice_package_msgs/include/practice_package_msgs/practice_package_msgs/msg/detail
[0.535s] -- Up-to-date: /home/hyh/install/practice_package_msgs/include/practice_package_msgs/practice_package_msgs/msg/detail/dds_fastrtps
[0.535s] -- Up-to-date: /home/hyh/install/practice_package_msgs/include/practice_package_msgs/practice_package_msgs/msg/detail/pose_to_val__rosidl_typesupport_fastrtps_cpp.hpp
[0.535s] -- Up-to-date: /home/hyh/install/practice_package_msgs/include/practice_package_msgs/practice_package_msgs/msg/rosidl_typesupport_fastrtps_cpp__visibility_control.h
[0.535s] -- Up-to-date: /home/hyh/install/practice_package_msgs/lib/libpractice_package_msgs__rosidl_typesupport_fastrtps_cpp.so
[0.535s] -- Up-to-date: /home/hyh/install/practice_package_msgs/include/practice_package_msgs/practice_package_msgs
[0.535s] -- Up-to-date: /home/hyh/install/practice_package_msgs/include/practice_package_msgs/practice_package_msgs/msg
[0.535s] -- Up-to-date: /home/hyh/install/practice_package_msgs/include/practice_package_msgs/practice_package_msgs/msg/detail
[0.535s] -- Up-to-date: /home/hyh/install/practice_package_msgs/include/practice_package_msgs/practice_package_msgs/msg/detail/pose_to_val__type_support.cpp
[0.535s] -- Up-to-date: /home/hyh/install/practice_package_msgs/include/practice_package_msgs/practice_package_msgs/msg/detail/pose_to_val__rosidl_typesupport_introspection_cpp.hpp
[0.535s] -- Up-to-date: /home/hyh/install/practice_package_msgs/lib/libpractice_package_msgs__rosidl_typesupport_introspection_cpp.so
[0.535s] -- Up-to-date: /home/hyh/install/practice_package_msgs/lib/libpractice_package_msgs__rosidl_typesupport_cpp.so
[0.536s] -- Up-to-date: /home/hyh/install/practice_package_msgs/share/practice_package_msgs/environment/pythonpath.sh
[0.536s] -- Up-to-date: /home/hyh/install/practice_package_msgs/share/practice_package_msgs/environment/pythonpath.dsv
[0.536s] -- Up-to-date: /home/hyh/install/practice_package_msgs/local/lib/python3.10/dist-packages/practice_package_msgs-0.0.0-py3.10.egg-info
[0.536s] -- Installing: /home/hyh/install/practice_package_msgs/local/lib/python3.10/dist-packages/practice_package_msgs-0.0.0-py3.10.egg-info/dependency_links.txt
[0.536s] -- Installing: /home/hyh/install/practice_package_msgs/local/lib/python3.10/dist-packages/practice_package_msgs-0.0.0-py3.10.egg-info/SOURCES.txt
[0.536s] -- Installing: /home/hyh/install/practice_package_msgs/local/lib/python3.10/dist-packages/practice_package_msgs-0.0.0-py3.10.egg-info/PKG-INFO
[0.536s] -- Installing: /home/hyh/install/practice_package_msgs/local/lib/python3.10/dist-packages/practice_package_msgs-0.0.0-py3.10.egg-info/top_level.txt
[0.536s] -- Up-to-date: /home/hyh/install/practice_package_msgs/local/lib/python3.10/dist-packages/practice_package_msgs
[0.536s] -- Up-to-date: /home/hyh/install/practice_package_msgs/local/lib/python3.10/dist-packages/practice_package_msgs/__init__.py
[0.536s] -- Up-to-date: /home/hyh/install/practice_package_msgs/local/lib/python3.10/dist-packages/practice_package_msgs/msg
[0.536s] -- Up-to-date: /home/hyh/install/practice_package_msgs/local/lib/python3.10/dist-packages/practice_package_msgs/msg/__init__.py
[0.536s] -- Up-to-date: /home/hyh/install/practice_package_msgs/local/lib/python3.10/dist-packages/practice_package_msgs/msg/_pose_to_val.py
[0.536s] -- Up-to-date: /home/hyh/install/practice_package_msgs/local/lib/python3.10/dist-packages/practice_package_msgs/msg/_pose_to_val_s.c
[0.536s] -- Up-to-date: /home/hyh/install/practice_package_msgs/local/lib/python3.10/dist-packages/practice_package_msgs/libpractice_package_msgs__rosidl_generator_py.so
[0.537s] -- Up-to-date: /home/hyh/install/practice_package_msgs/local/lib/python3.10/dist-packages/practice_package_msgs/practice_package_msgs_s__rosidl_typesupport_fastrtps_c.cpython-310-x86_64-linux-gnu.so
[0.538s] -- Up-to-date: /home/hyh/install/practice_package_msgs/local/lib/python3.10/dist-packages/practice_package_msgs/_practice_package_msgs_s.ep.rosidl_typesupport_c.c
[0.539s] -- Up-to-date: /home/hyh/install/practice_package_msgs/local/lib/python3.10/dist-packages/practice_package_msgs/practice_package_msgs_s__rosidl_typesupport_introspection_c.cpython-310-x86_64-linux-gnu.so
[0.539s] -- Up-to-date: /home/hyh/install/practice_package_msgs/local/lib/python3.10/dist-packages/practice_package_msgs/_practice_package_msgs_s.ep.rosidl_typesupport_fastrtps_c.c
[0.540s] -- Up-to-date: /home/hyh/install/practice_package_msgs/local/lib/python3.10/dist-packages/practice_package_msgs/_practice_package_msgs_s.ep.rosidl_typesupport_introspection_c.c
[0.540s] -- Up-to-date: /home/hyh/install/practice_package_msgs/local/lib/python3.10/dist-packages/practice_package_msgs/practice_package_msgs_s__rosidl_typesupport_c.cpython-310-x86_64-linux-gnu.so
[0.555s] Listing '/home/hyh/install/practice_package_msgs/local/lib/python3.10/dist-packages/practice_package_msgs'...
[0.555s] Listing '/home/hyh/install/practice_package_msgs/local/lib/python3.10/dist-packages/practice_package_msgs/msg'...
[0.557s] -- Up-to-date: /home/hyh/install/practice_package_msgs/local/lib/python3.10/dist-packages/practice_package_msgs/practice_package_msgs_s__rosidl_typesupport_fastrtps_c.cpython-310-x86_64-linux-gnu.so
[0.558s] -- Up-to-date: /home/hyh/install/practice_package_msgs/local/lib/python3.10/dist-packages/practice_package_msgs/practice_package_msgs_s__rosidl_typesupport_introspection_c.cpython-310-x86_64-linux-gnu.so
[0.558s] -- Up-to-date: /home/hyh/install/practice_package_msgs/local/lib/python3.10/dist-packages/practice_package_msgs/practice_package_msgs_s__rosidl_typesupport_c.cpython-310-x86_64-linux-gnu.so
[0.558s] -- Up-to-date: /home/hyh/install/practice_package_msgs/lib/libpractice_package_msgs__rosidl_generator_py.so
[0.558s] -- Up-to-date: /home/hyh/install/practice_package_msgs/share/practice_package_msgs/msg/PoseToVal.idl
[0.558s] -- Up-to-date: /home/hyh/install/practice_package_msgs/share/practice_package_msgs/msg/PoseToVal.msg
[0.558s] -- Up-to-date: /home/hyh/install/practice_package_msgs/share/ament_index/resource_index/package_run_dependencies/practice_package_msgs
[0.558s] -- Up-to-date: /home/hyh/install/practice_package_msgs/share/ament_index/resource_index/parent_prefix_path/practice_package_msgs
[0.558s] -- Up-to-date: /home/hyh/install/practice_package_msgs/share/practice_package_msgs/environment/ament_prefix_path.sh
[0.559s] -- Up-to-date: /home/hyh/install/practice_package_msgs/share/practice_package_msgs/environment/ament_prefix_path.dsv
[0.559s] -- Up-to-date: /home/hyh/install/practice_package_msgs/share/practice_package_msgs/environment/path.sh
[0.559s] -- Up-to-date: /home/hyh/install/practice_package_msgs/share/practice_package_msgs/environment/path.dsv
[0.559s] -- Up-to-date: /home/hyh/install/practice_package_msgs/share/practice_package_msgs/local_setup.bash
[0.559s] -- Up-to-date: /home/hyh/install/practice_package_msgs/share/practice_package_msgs/local_setup.sh
[0.559s] -- Up-to-date: /home/hyh/install/practice_package_msgs/share/practice_package_msgs/local_setup.zsh
[0.560s] -- Up-to-date: /home/hyh/install/practice_package_msgs/share/practice_package_msgs/local_setup.dsv
[0.560s] -- Installing: /home/hyh/install/practice_package_msgs/share/practice_package_msgs/package.dsv
[0.560s] -- Up-to-date: /home/hyh/install/practice_package_msgs/share/ament_index/resource_index/packages/practice_package_msgs
[0.560s] -- Up-to-date: /home/hyh/install/practice_package_msgs/share/practice_package_msgs/cmake/export_practice_package_msgs__rosidl_generator_cExport.cmake
[0.560s] -- Up-to-date: /home/hyh/install/practice_package_msgs/share/practice_package_msgs/cmake/export_practice_package_msgs__rosidl_generator_cExport-noconfig.cmake
[0.560s] -- Up-to-date: /home/hyh/install/practice_package_msgs/share/practice_package_msgs/cmake/export_practice_package_msgs__rosidl_typesupport_fastrtps_cExport.cmake
[0.560s] -- Up-to-date: /home/hyh/install/practice_package_msgs/share/practice_package_msgs/cmake/export_practice_package_msgs__rosidl_typesupport_fastrtps_cExport-noconfig.cmake
[0.560s] -- Up-to-date: /home/hyh/install/practice_package_msgs/share/practice_package_msgs/cmake/practice_package_msgs__rosidl_typesupport_introspection_cExport.cmake
[0.560s] -- Up-to-date: /home/hyh/install/practice_package_msgs/share/practice_package_msgs/cmake/practice_package_msgs__rosidl_typesupport_introspection_cExport-noconfig.cmake
[0.560s] -- Up-to-date: /home/hyh/install/practice_package_msgs/share/practice_package_msgs/cmake/practice_package_msgs__rosidl_typesupport_cExport.cmake
[0.560s] -- Up-to-date: /home/hyh/install/practice_package_msgs/share/practice_package_msgs/cmake/practice_package_msgs__rosidl_typesupport_cExport-noconfig.cmake
[0.560s] -- Up-to-date: /home/hyh/install/practice_package_msgs/share/practice_package_msgs/cmake/export_practice_package_msgs__rosidl_generator_cppExport.cmake
[0.560s] -- Up-to-date: /home/hyh/install/practice_package_msgs/share/practice_package_msgs/cmake/export_practice_package_msgs__rosidl_typesupport_fastrtps_cppExport.cmake
[0.561s] -- Up-to-date: /home/hyh/install/practice_package_msgs/share/practice_package_msgs/cmake/export_practice_package_msgs__rosidl_typesupport_fastrtps_cppExport-noconfig.cmake
[0.561s] -- Up-to-date: /home/hyh/install/practice_package_msgs/share/practice_package_msgs/cmake/practice_package_msgs__rosidl_typesupport_introspection_cppExport.cmake
[0.562s] -- Up-to-date: /home/hyh/install/practice_package_msgs/share/practice_package_msgs/cmake/practice_package_msgs__rosidl_typesupport_introspection_cppExport-noconfig.cmake
[0.562s] -- Up-to-date: /home/hyh/install/practice_package_msgs/share/practice_package_msgs/cmake/practice_package_msgs__rosidl_typesupport_cppExport.cmake
[0.562s] -- Up-to-date: /home/hyh/install/practice_package_msgs/share/practice_package_msgs/cmake/practice_package_msgs__rosidl_typesupport_cppExport-noconfig.cmake
[0.563s] -- Up-to-date: /home/hyh/install/practice_package_msgs/share/practice_package_msgs/cmake/export_practice_package_msgs__rosidl_generator_pyExport.cmake
[0.563s] -- Up-to-date: /home/hyh/install/practice_package_msgs/share/practice_package_msgs/cmake/export_practice_package_msgs__rosidl_generator_pyExport-noconfig.cmake
[0.563s] -- Up-to-date: /home/hyh/install/practice_package_msgs/share/practice_package_msgs/cmake/rosidl_cmake-extras.cmake
[0.564s] -- Up-to-date: /home/hyh/install/practice_package_msgs/share/practice_package_msgs/cmake/ament_cmake_export_include_directories-extras.cmake
[0.564s] -- Up-to-date: /home/hyh/install/practice_package_msgs/share/practice_package_msgs/cmake/ament_cmake_export_libraries-extras.cmake
[0.564s] -- Up-to-date: /home/hyh/install/practice_package_msgs/share/practice_package_msgs/cmake/ament_cmake_export_targets-extras.cmake
[0.564s] -- Up-to-date: /home/hyh/install/practice_package_msgs/share/practice_package_msgs/cmake/rosidl_cmake_export_typesupport_targets-extras.cmake
[0.565s] -- Up-to-date: /home/hyh/install/practice_package_msgs/share/practice_package_msgs/cmake/ament_cmake_export_dependencies-extras.cmake
[0.565s] -- Up-to-date: /home/hyh/install/practice_package_msgs/share/practice_package_msgs/cmake/rosidl_cmake_export_typesupport_libraries-extras.cmake
[0.565s] -- Up-to-date: /home/hyh/install/practice_package_msgs/share/practice_package_msgs/cmake/practice_package_msgsConfig.cmake
[0.565s] -- Up-to-date: /home/hyh/install/practice_package_msgs/share/practice_package_msgs/cmake/practice_package_msgsConfig-version.cmake
[0.565s] -- Up-to-date: /home/hyh/install/practice_package_msgs/share/practice_package_msgs/package.xml
[0.566s] Invoked command in '/home/hyh/build/practice_package_msgs' returned '0': CMAKE_PREFIX_PATH=${CMAKE_PREFIX_PATH}:/home/hyh/ros2_prct/install/practice_package:/home/hyh/ros2_study/install/my_first_package:/opt/ros/humble /usr/bin/cmake --install /home/hyh/build/practice_package_msgs
