[0.153s] DEBUG:colcon:Command line arguments: ['/usr/bin/colcon', 'build']
[0.153s] DEBUG:colcon:Parsed command line arguments: Namespace(log_base=None, log_level=None, verb_name='build', build_base='build', install_base='install', merge_install=False, symlink_install=False, test_result_base=None, continue_on_error=False, executor='parallel', parallel_workers=20, event_handlers=None, ignore_user_meta=False, metas=['./colcon.meta'], base_paths=['.'], packages_ignore=None, packages_ignore_regex=None, paths=None, packages_up_to=None, packages_up_to_regex=None, packages_above=None, packages_above_and_dependencies=None, packages_above_depth=None, packages_select_by_dep=None, packages_skip_by_dep=None, packages_skip_up_to=None, packages_select_build_failed=False, packages_skip_build_finished=False, packages_select_test_failures=False, packages_skip_test_passed=False, packages_select=None, packages_skip=None, packages_select_regex=None, packages_skip_regex=None, packages_start=None, packages_end=None, allow_overriding=[], cmake_args=None, cmake_target=None, cmake_target_skip_unavailable=False, cmake_clean_cache=False, cmake_clean_first=False, cmake_force_configure=False, ament_cmake_args=None, catkin_cmake_args=None, catkin_skip_building_tests=False, mixin_files=None, mixin=None, verb_parser=<colcon_mixin.mixin.mixin_argument.MixinArgumentDecorator object at 0x72cf0cc0caf0>, verb_extension=<colcon_core.verb.build.BuildVerb object at 0x72cf0cd060b0>, main=<bound method BuildVerb.main of <colcon_core.verb.build.BuildVerb object at 0x72cf0cd060b0>>, mixin_verb=('build',))
[0.384s] Level 1:colcon.colcon_core.package_discovery:discover_packages(colcon_meta) check parameters
[0.384s] Level 1:colcon.colcon_core.package_discovery:discover_packages(recursive) check parameters
[0.384s] Level 1:colcon.colcon_core.package_discovery:discover_packages(ignore) check parameters
[0.384s] Level 1:colcon.colcon_core.package_discovery:discover_packages(path) check parameters
[0.384s] Level 1:colcon.colcon_core.package_discovery:discover_packages(colcon_meta) discover
[0.384s] Level 1:colcon.colcon_core.package_discovery:discover_packages(recursive) discover
[0.384s] INFO:colcon.colcon_core.package_discovery:Crawling recursively for packages in '/home/hyh/ros2_laser'
[0.384s] Level 1:colcon.colcon_core.package_identification:_identify(.) by extensions ['ignore', 'ignore_ament_install']
[0.384s] Level 1:colcon.colcon_core.package_identification:_identify(.) by extension 'ignore'
[0.384s] Level 1:colcon.colcon_core.package_identification:_identify(.) by extension 'ignore_ament_install'
[0.384s] Level 1:colcon.colcon_core.package_identification:_identify(.) by extensions ['colcon_pkg']
[0.384s] Level 1:colcon.colcon_core.package_identification:_identify(.) by extension 'colcon_pkg'
[0.384s] Level 1:colcon.colcon_core.package_identification:_identify(.) by extensions ['colcon_meta']
[0.384s] Level 1:colcon.colcon_core.package_identification:_identify(.) by extension 'colcon_meta'
[0.384s] Level 1:colcon.colcon_core.package_identification:_identify(.) by extensions ['ros']
[0.384s] Level 1:colcon.colcon_core.package_identification:_identify(.) by extension 'ros'
[0.408s] Level 1:colcon.colcon_core.package_identification:_identify(.) by extensions ['cmake', 'python']
[0.409s] Level 1:colcon.colcon_core.package_identification:_identify(.) by extension 'cmake'
[0.409s] Level 1:colcon.colcon_core.package_identification:_identify(.) by extension 'python'
[0.409s] Level 1:colcon.colcon_core.package_identification:_identify(.) by extensions ['python_setup_py']
[0.409s] Level 1:colcon.colcon_core.package_identification:_identify(.) by extension 'python_setup_py'
[0.409s] Level 1:colcon.colcon_core.package_identification:_identify(build) by extensions ['ignore', 'ignore_ament_install']
[0.409s] Level 1:colcon.colcon_core.package_identification:_identify(build) by extension 'ignore'
[0.409s] Level 1:colcon.colcon_core.package_identification:_identify(build) ignored
[0.409s] Level 1:colcon.colcon_core.package_identification:_identify(install) by extensions ['ignore', 'ignore_ament_install']
[0.409s] Level 1:colcon.colcon_core.package_identification:_identify(install) by extension 'ignore'
[0.409s] Level 1:colcon.colcon_core.package_identification:_identify(install) ignored
[0.409s] Level 1:colcon.colcon_core.package_identification:_identify(log) by extensions ['ignore', 'ignore_ament_install']
[0.409s] Level 1:colcon.colcon_core.package_identification:_identify(log) by extension 'ignore'
[0.409s] Level 1:colcon.colcon_core.package_identification:_identify(log) ignored
[0.410s] Level 1:colcon.colcon_core.package_identification:_identify(src) by extensions ['ignore', 'ignore_ament_install']
[0.410s] Level 1:colcon.colcon_core.package_identification:_identify(src) by extension 'ignore'
[0.410s] Level 1:colcon.colcon_core.package_identification:_identify(src) by extension 'ignore_ament_install'
[0.410s] Level 1:colcon.colcon_core.package_identification:_identify(src) by extensions ['colcon_pkg']
[0.410s] Level 1:colcon.colcon_core.package_identification:_identify(src) by extension 'colcon_pkg'
[0.410s] Level 1:colcon.colcon_core.package_identification:_identify(src) by extensions ['colcon_meta']
[0.410s] Level 1:colcon.colcon_core.package_identification:_identify(src) by extension 'colcon_meta'
[0.410s] Level 1:colcon.colcon_core.package_identification:_identify(src) by extensions ['ros']
[0.410s] Level 1:colcon.colcon_core.package_identification:_identify(src) by extension 'ros'
[0.410s] Level 1:colcon.colcon_core.package_identification:_identify(src) by extensions ['cmake', 'python']
[0.410s] Level 1:colcon.colcon_core.package_identification:_identify(src) by extension 'cmake'
[0.410s] Level 1:colcon.colcon_core.package_identification:_identify(src) by extension 'python'
[0.410s] Level 1:colcon.colcon_core.package_identification:_identify(src) by extensions ['python_setup_py']
[0.410s] Level 1:colcon.colcon_core.package_identification:_identify(src) by extension 'python_setup_py'
[0.411s] Level 1:colcon.colcon_core.package_identification:_identify(src/build) by extensions ['ignore', 'ignore_ament_install']
[0.411s] Level 1:colcon.colcon_core.package_identification:_identify(src/build) by extension 'ignore'
[0.411s] Level 1:colcon.colcon_core.package_identification:_identify(src/build) ignored
[0.411s] Level 1:colcon.colcon_core.package_identification:_identify(src/install) by extensions ['ignore', 'ignore_ament_install']
[0.411s] Level 1:colcon.colcon_core.package_identification:_identify(src/install) by extension 'ignore'
[0.411s] Level 1:colcon.colcon_core.package_identification:_identify(src/install) ignored
[0.411s] Level 1:colcon.colcon_core.package_identification:_identify(src/laser_package) by extensions ['ignore', 'ignore_ament_install']
[0.411s] Level 1:colcon.colcon_core.package_identification:_identify(src/laser_package) by extension 'ignore'
[0.411s] Level 1:colcon.colcon_core.package_identification:_identify(src/laser_package) by extension 'ignore_ament_install'
[0.411s] Level 1:colcon.colcon_core.package_identification:_identify(src/laser_package) by extensions ['colcon_pkg']
[0.411s] Level 1:colcon.colcon_core.package_identification:_identify(src/laser_package) by extension 'colcon_pkg'
[0.411s] Level 1:colcon.colcon_core.package_identification:_identify(src/laser_package) by extensions ['colcon_meta']
[0.411s] Level 1:colcon.colcon_core.package_identification:_identify(src/laser_package) by extension 'colcon_meta'
[0.411s] Level 1:colcon.colcon_core.package_identification:_identify(src/laser_package) by extensions ['ros']
[0.411s] Level 1:colcon.colcon_core.package_identification:_identify(src/laser_package) by extension 'ros'
[0.413s] DEBUG:colcon.colcon_core.package_identification:Package 'src/laser_package' with type 'ros.ament_python' and name 'laser_package'
[0.414s] Level 1:colcon.colcon_core.package_identification:_identify(src/laser_package_msgs) by extensions ['ignore', 'ignore_ament_install']
[0.414s] Level 1:colcon.colcon_core.package_identification:_identify(src/laser_package_msgs) by extension 'ignore'
[0.414s] Level 1:colcon.colcon_core.package_identification:_identify(src/laser_package_msgs) by extension 'ignore_ament_install'
[0.414s] Level 1:colcon.colcon_core.package_identification:_identify(src/laser_package_msgs) by extensions ['colcon_pkg']
[0.414s] Level 1:colcon.colcon_core.package_identification:_identify(src/laser_package_msgs) by extension 'colcon_pkg'
[0.414s] Level 1:colcon.colcon_core.package_identification:_identify(src/laser_package_msgs) by extensions ['colcon_meta']
[0.414s] Level 1:colcon.colcon_core.package_identification:_identify(src/laser_package_msgs) by extension 'colcon_meta'
[0.414s] Level 1:colcon.colcon_core.package_identification:_identify(src/laser_package_msgs) by extensions ['ros']
[0.414s] Level 1:colcon.colcon_core.package_identification:_identify(src/laser_package_msgs) by extension 'ros'
[0.414s] DEBUG:colcon.colcon_core.package_identification:Package 'src/laser_package_msgs' with type 'ros.ament_cmake' and name 'laser_package_msgs'
[0.415s] Level 1:colcon.colcon_core.package_identification:_identify(src/log) by extensions ['ignore', 'ignore_ament_install']
[0.415s] Level 1:colcon.colcon_core.package_identification:_identify(src/log) by extension 'ignore'
[0.415s] Level 1:colcon.colcon_core.package_identification:_identify(src/log) ignored
[0.415s] Level 1:colcon.colcon_core.package_discovery:discover_packages(recursive) using defaults
[0.415s] Level 1:colcon.colcon_core.package_discovery:discover_packages(ignore) discover
[0.415s] Level 1:colcon.colcon_core.package_discovery:discover_packages(ignore) using defaults
[0.415s] Level 1:colcon.colcon_core.package_discovery:discover_packages(path) discover
[0.415s] Level 1:colcon.colcon_core.package_discovery:discover_packages(path) using defaults
[0.431s] Level 1:colcon.colcon_core.package_discovery:discover_packages(prefix_path) check parameters
[0.431s] Level 1:colcon.colcon_core.package_discovery:discover_packages(prefix_path) discover
[0.434s] DEBUG:colcon.colcon_installed_package_information.package_discovery:Found 2 installed packages in /home/hyh/ros2_prct/install
[0.434s] DEBUG:colcon.colcon_installed_package_information.package_discovery:Found 2 installed packages in /home/hyh/ros2_laser/install
[0.435s] DEBUG:colcon.colcon_installed_package_information.package_discovery:Found 2 installed packages in /home/hyh/ros2_study/install
[0.435s] DEBUG:colcon.colcon_installed_package_information.package_discovery:Found 273 installed packages in /opt/ros/humble
[0.436s] Level 1:colcon.colcon_core.package_discovery:discover_packages(prefix_path) using defaults
[0.455s] Level 5:colcon.colcon_core.verb:set package 'laser_package' build argument 'cmake_args' from command line to 'None'
[0.455s] Level 5:colcon.colcon_core.verb:set package 'laser_package' build argument 'cmake_target' from command line to 'None'
[0.455s] Level 5:colcon.colcon_core.verb:set package 'laser_package' build argument 'cmake_target_skip_unavailable' from command line to 'False'
[0.455s] Level 5:colcon.colcon_core.verb:set package 'laser_package' build argument 'cmake_clean_cache' from command line to 'False'
[0.455s] Level 5:colcon.colcon_core.verb:set package 'laser_package' build argument 'cmake_clean_first' from command line to 'False'
[0.456s] Level 5:colcon.colcon_core.verb:set package 'laser_package' build argument 'cmake_force_configure' from command line to 'False'
[0.456s] Level 5:colcon.colcon_core.verb:set package 'laser_package' build argument 'ament_cmake_args' from command line to 'None'
[0.456s] Level 5:colcon.colcon_core.verb:set package 'laser_package' build argument 'catkin_cmake_args' from command line to 'None'
[0.456s] Level 5:colcon.colcon_core.verb:set package 'laser_package' build argument 'catkin_skip_building_tests' from command line to 'False'
[0.456s] DEBUG:colcon.colcon_core.verb:Building package 'laser_package' with the following arguments: {'ament_cmake_args': None, 'build_base': '/home/hyh/ros2_laser/build/laser_package', 'catkin_cmake_args': None, 'catkin_skip_building_tests': False, 'cmake_args': None, 'cmake_clean_cache': False, 'cmake_clean_first': False, 'cmake_force_configure': False, 'cmake_target': None, 'cmake_target_skip_unavailable': False, 'install_base': '/home/hyh/ros2_laser/install/laser_package', 'merge_install': False, 'path': '/home/hyh/ros2_laser/src/laser_package', 'symlink_install': False, 'test_result_base': None}
[0.456s] Level 5:colcon.colcon_core.verb:set package 'laser_package_msgs' build argument 'cmake_args' from command line to 'None'
[0.456s] Level 5:colcon.colcon_core.verb:set package 'laser_package_msgs' build argument 'cmake_target' from command line to 'None'
[0.456s] Level 5:colcon.colcon_core.verb:set package 'laser_package_msgs' build argument 'cmake_target_skip_unavailable' from command line to 'False'
[0.456s] Level 5:colcon.colcon_core.verb:set package 'laser_package_msgs' build argument 'cmake_clean_cache' from command line to 'False'
[0.456s] Level 5:colcon.colcon_core.verb:set package 'laser_package_msgs' build argument 'cmake_clean_first' from command line to 'False'
[0.456s] Level 5:colcon.colcon_core.verb:set package 'laser_package_msgs' build argument 'cmake_force_configure' from command line to 'False'
[0.456s] Level 5:colcon.colcon_core.verb:set package 'laser_package_msgs' build argument 'ament_cmake_args' from command line to 'None'
[0.456s] Level 5:colcon.colcon_core.verb:set package 'laser_package_msgs' build argument 'catkin_cmake_args' from command line to 'None'
[0.456s] Level 5:colcon.colcon_core.verb:set package 'laser_package_msgs' build argument 'catkin_skip_building_tests' from command line to 'False'
[0.456s] DEBUG:colcon.colcon_core.verb:Building package 'laser_package_msgs' with the following arguments: {'ament_cmake_args': None, 'build_base': '/home/hyh/ros2_laser/build/laser_package_msgs', 'catkin_cmake_args': None, 'catkin_skip_building_tests': False, 'cmake_args': None, 'cmake_clean_cache': False, 'cmake_clean_first': False, 'cmake_force_configure': False, 'cmake_target': None, 'cmake_target_skip_unavailable': False, 'install_base': '/home/hyh/ros2_laser/install/laser_package_msgs', 'merge_install': False, 'path': '/home/hyh/ros2_laser/src/laser_package_msgs', 'symlink_install': False, 'test_result_base': None}
[0.456s] INFO:colcon.colcon_core.executor:Executing jobs using 'parallel' executor
[0.457s] DEBUG:colcon.colcon_parallel_executor.executor.parallel:run_until_complete
[0.457s] INFO:colcon.colcon_ros.task.ament_python.build:Building ROS package in '/home/hyh/ros2_laser/src/laser_package' with build type 'ament_python'
[0.457s] Level 1:colcon.colcon_core.shell:create_environment_hook('laser_package', 'ament_prefix_path')
[0.461s] INFO:colcon.colcon_core.plugin_system:Skipping extension 'colcon_core.shell.bat': Not used on non-Windows systems
[0.461s] INFO:colcon.colcon_core.shell:Creating environment hook '/home/hyh/ros2_laser/install/laser_package/share/laser_package/hook/ament_prefix_path.ps1'
[0.462s] INFO:colcon.colcon_core.shell:Creating environment descriptor '/home/hyh/ros2_laser/install/laser_package/share/laser_package/hook/ament_prefix_path.dsv'
[0.462s] INFO:colcon.colcon_core.shell:Creating environment hook '/home/hyh/ros2_laser/install/laser_package/share/laser_package/hook/ament_prefix_path.sh'
[0.463s] INFO:colcon.colcon_core.shell:Skip shell extension 'powershell' for command environment: Not usable outside of PowerShell
[0.463s] DEBUG:colcon.colcon_core.shell:Skip shell extension 'dsv' for command environment
[0.465s] INFO:colcon.colcon_ros.task.ament_cmake.build:Building ROS package in '/home/hyh/ros2_laser/src/laser_package_msgs' with build type 'ament_cmake'
[0.465s] INFO:colcon.colcon_cmake.task.cmake.build:Building CMake package in '/home/hyh/ros2_laser/src/laser_package_msgs'
[0.466s] INFO:colcon.colcon_core.shell:Skip shell extension 'powershell' for command environment: Not usable outside of PowerShell
[0.466s] DEBUG:colcon.colcon_core.shell:Skip shell extension 'dsv' for command environment
[0.628s] INFO:colcon.colcon_core.task.python.build:Building Python package in '/home/hyh/ros2_laser/src/laser_package'
[0.629s] INFO:colcon.colcon_core.shell:Skip shell extension 'powershell' for command environment: Not usable outside of PowerShell
[0.629s] DEBUG:colcon.colcon_core.shell:Skip shell extension 'dsv' for command environment
[0.636s] DEBUG:colcon.colcon_core.event_handler.log_command:Invoking command in '/home/hyh/ros2_laser/build/laser_package_msgs': CMAKE_PREFIX_PATH=${CMAKE_PREFIX_PATH}:/home/hyh/ros2_laser/install/laser_package:/home/hyh/ros2_prct/install/practice_package:/home/hyh/ros2_study/install/my_first_package:/opt/ros/humble /usr/bin/cmake --build /home/hyh/ros2_laser/build/laser_package_msgs -- -j20 -l20
[0.866s] DEBUG:colcon.colcon_core.event_handler.log_command:Invoked command in '/home/hyh/ros2_laser/build/laser_package_msgs' returned '0': CMAKE_PREFIX_PATH=${CMAKE_PREFIX_PATH}:/home/hyh/ros2_laser/install/laser_package:/home/hyh/ros2_prct/install/practice_package:/home/hyh/ros2_study/install/my_first_package:/opt/ros/humble /usr/bin/cmake --build /home/hyh/ros2_laser/build/laser_package_msgs -- -j20 -l20
[0.873s] DEBUG:colcon.colcon_core.event_handler.log_command:Invoking command in '/home/hyh/ros2_laser/build/laser_package_msgs': CMAKE_PREFIX_PATH=${CMAKE_PREFIX_PATH}:/home/hyh/ros2_laser/install/laser_package:/home/hyh/ros2_prct/install/practice_package:/home/hyh/ros2_study/install/my_first_package:/opt/ros/humble /usr/bin/cmake --install /home/hyh/ros2_laser/build/laser_package_msgs
[0.899s] DEBUG:colcon.colcon_core.event_handler.log_command:Invoking command in '/home/hyh/ros2_laser/src/laser_package': PYTHONPATH=/home/hyh/ros2_laser/build/laser_package/prefix_override:/usr/lib/python3/dist-packages/colcon_core/task/python/colcon_distutils_commands:/home/hyh/ros2_laser/install/laser_package/lib/python3.10/site-packages:${PYTHONPATH} /usr/bin/python3 -W ignore:setup.py install is deprecated -W ignore:easy_install command is deprecated setup.py egg_info --egg-base ../../build/laser_package build --build-base /home/hyh/ros2_laser/build/laser_package/build install --record /home/hyh/ros2_laser/build/laser_package/install.log --single-version-externally-managed install_data
[0.919s] Level 1:colcon.colcon_core.environment:create_environment_scripts_only(laser_package_msgs)
[0.920s] DEBUG:colcon.colcon_core.event_handler.log_command:Invoked command in '/home/hyh/ros2_laser/build/laser_package_msgs' returned '0': CMAKE_PREFIX_PATH=${CMAKE_PREFIX_PATH}:/home/hyh/ros2_laser/install/laser_package:/home/hyh/ros2_prct/install/practice_package:/home/hyh/ros2_study/install/my_first_package:/opt/ros/humble /usr/bin/cmake --install /home/hyh/ros2_laser/build/laser_package_msgs
[0.923s] Level 1:colcon.colcon_core.environment:checking '/home/hyh/ros2_laser/install/laser_package_msgs' for CMake module files
[0.924s] Level 1:colcon.colcon_core.environment:checking '/home/hyh/ros2_laser/install/laser_package_msgs' for CMake config files
[0.926s] Level 1:colcon.colcon_core.shell:create_environment_hook('laser_package_msgs', 'cmake_prefix_path')
[0.926s] INFO:colcon.colcon_core.shell:Creating environment hook '/home/hyh/ros2_laser/install/laser_package_msgs/share/laser_package_msgs/hook/cmake_prefix_path.ps1'
[0.926s] INFO:colcon.colcon_core.shell:Creating environment descriptor '/home/hyh/ros2_laser/install/laser_package_msgs/share/laser_package_msgs/hook/cmake_prefix_path.dsv'
[0.927s] INFO:colcon.colcon_core.shell:Creating environment hook '/home/hyh/ros2_laser/install/laser_package_msgs/share/laser_package_msgs/hook/cmake_prefix_path.sh'
[0.927s] Level 1:colcon.colcon_core.environment:checking '/home/hyh/ros2_laser/install/laser_package_msgs/lib'
[0.927s] Level 1:colcon.colcon_core.shell:create_environment_hook('laser_package_msgs', 'ld_library_path_lib')
[0.927s] INFO:colcon.colcon_core.shell:Creating environment hook '/home/hyh/ros2_laser/install/laser_package_msgs/share/laser_package_msgs/hook/ld_library_path_lib.ps1'
[0.928s] INFO:colcon.colcon_core.shell:Creating environment descriptor '/home/hyh/ros2_laser/install/laser_package_msgs/share/laser_package_msgs/hook/ld_library_path_lib.dsv'
[0.928s] INFO:colcon.colcon_core.shell:Creating environment hook '/home/hyh/ros2_laser/install/laser_package_msgs/share/laser_package_msgs/hook/ld_library_path_lib.sh'
[0.928s] Level 1:colcon.colcon_core.environment:checking '/home/hyh/ros2_laser/install/laser_package_msgs/bin'
[0.928s] Level 1:colcon.colcon_core.environment:checking '/home/hyh/ros2_laser/install/laser_package_msgs/lib/pkgconfig/laser_package_msgs.pc'
[0.928s] Level 1:colcon.colcon_core.environment:checking '/home/hyh/ros2_laser/install/laser_package_msgs/lib/python3.10/site-packages'
[0.929s] Level 1:colcon.colcon_core.environment:checking '/home/hyh/ros2_laser/install/laser_package_msgs/bin'
[0.929s] INFO:colcon.colcon_core.shell:Creating package script '/home/hyh/ros2_laser/install/laser_package_msgs/share/laser_package_msgs/package.ps1'
[0.929s] INFO:colcon.colcon_core.shell:Creating package descriptor '/home/hyh/ros2_laser/install/laser_package_msgs/share/laser_package_msgs/package.dsv'
[0.930s] INFO:colcon.colcon_core.shell:Creating package script '/home/hyh/ros2_laser/install/laser_package_msgs/share/laser_package_msgs/package.sh'
[0.931s] INFO:colcon.colcon_core.shell:Creating package script '/home/hyh/ros2_laser/install/laser_package_msgs/share/laser_package_msgs/package.bash'
[0.931s] INFO:colcon.colcon_core.shell:Creating package script '/home/hyh/ros2_laser/install/laser_package_msgs/share/laser_package_msgs/package.zsh'
[0.932s] Level 1:colcon.colcon_core.environment:create_file_with_runtime_dependencies(/home/hyh/ros2_laser/install/laser_package_msgs/share/colcon-core/packages/laser_package_msgs)
[0.932s] Level 1:colcon.colcon_core.environment:create_environment_scripts_only(laser_package_msgs)
[0.932s] Level 1:colcon.colcon_core.environment:checking '/home/hyh/ros2_laser/install/laser_package_msgs' for CMake module files
[0.932s] Level 1:colcon.colcon_core.environment:checking '/home/hyh/ros2_laser/install/laser_package_msgs' for CMake config files
[0.933s] Level 1:colcon.colcon_core.shell:create_environment_hook('laser_package_msgs', 'cmake_prefix_path')
[0.933s] INFO:colcon.colcon_core.shell:Creating environment hook '/home/hyh/ros2_laser/install/laser_package_msgs/share/laser_package_msgs/hook/cmake_prefix_path.ps1'
[0.933s] INFO:colcon.colcon_core.shell:Creating environment descriptor '/home/hyh/ros2_laser/install/laser_package_msgs/share/laser_package_msgs/hook/cmake_prefix_path.dsv'
[0.933s] INFO:colcon.colcon_core.shell:Creating environment hook '/home/hyh/ros2_laser/install/laser_package_msgs/share/laser_package_msgs/hook/cmake_prefix_path.sh'
[0.934s] Level 1:colcon.colcon_core.environment:checking '/home/hyh/ros2_laser/install/laser_package_msgs/lib'
[0.934s] Level 1:colcon.colcon_core.shell:create_environment_hook('laser_package_msgs', 'ld_library_path_lib')
[0.934s] INFO:colcon.colcon_core.shell:Creating environment hook '/home/hyh/ros2_laser/install/laser_package_msgs/share/laser_package_msgs/hook/ld_library_path_lib.ps1'
[0.934s] INFO:colcon.colcon_core.shell:Creating environment descriptor '/home/hyh/ros2_laser/install/laser_package_msgs/share/laser_package_msgs/hook/ld_library_path_lib.dsv'
[0.934s] INFO:colcon.colcon_core.shell:Creating environment hook '/home/hyh/ros2_laser/install/laser_package_msgs/share/laser_package_msgs/hook/ld_library_path_lib.sh'
[0.935s] Level 1:colcon.colcon_core.environment:checking '/home/hyh/ros2_laser/install/laser_package_msgs/bin'
[0.935s] Level 1:colcon.colcon_core.environment:checking '/home/hyh/ros2_laser/install/laser_package_msgs/lib/pkgconfig/laser_package_msgs.pc'
[0.935s] Level 1:colcon.colcon_core.environment:checking '/home/hyh/ros2_laser/install/laser_package_msgs/lib/python3.10/site-packages'
[0.935s] Level 1:colcon.colcon_core.environment:checking '/home/hyh/ros2_laser/install/laser_package_msgs/bin'
[0.935s] INFO:colcon.colcon_core.shell:Creating package script '/home/hyh/ros2_laser/install/laser_package_msgs/share/laser_package_msgs/package.ps1'
[0.936s] INFO:colcon.colcon_core.shell:Creating package descriptor '/home/hyh/ros2_laser/install/laser_package_msgs/share/laser_package_msgs/package.dsv'
[0.936s] INFO:colcon.colcon_core.shell:Creating package script '/home/hyh/ros2_laser/install/laser_package_msgs/share/laser_package_msgs/package.sh'
[0.936s] INFO:colcon.colcon_core.shell:Creating package script '/home/hyh/ros2_laser/install/laser_package_msgs/share/laser_package_msgs/package.bash'
[0.936s] INFO:colcon.colcon_core.shell:Creating package script '/home/hyh/ros2_laser/install/laser_package_msgs/share/laser_package_msgs/package.zsh'
[0.937s] Level 1:colcon.colcon_core.environment:create_file_with_runtime_dependencies(/home/hyh/ros2_laser/install/laser_package_msgs/share/colcon-core/packages/laser_package_msgs)
[1.075s] Level 1:colcon.colcon_core.environment:checking '/home/hyh/ros2_laser/install/laser_package' for CMake module files
[1.076s] DEBUG:colcon.colcon_core.event_handler.log_command:Invoked command in '/home/hyh/ros2_laser/src/laser_package' returned '0': PYTHONPATH=/home/hyh/ros2_laser/build/laser_package/prefix_override:/usr/lib/python3/dist-packages/colcon_core/task/python/colcon_distutils_commands:/home/hyh/ros2_laser/install/laser_package/lib/python3.10/site-packages:${PYTHONPATH} /usr/bin/python3 -W ignore:setup.py install is deprecated -W ignore:easy_install command is deprecated setup.py egg_info --egg-base ../../build/laser_package build --build-base /home/hyh/ros2_laser/build/laser_package/build install --record /home/hyh/ros2_laser/build/laser_package/install.log --single-version-externally-managed install_data
[1.076s] Level 1:colcon.colcon_core.environment:checking '/home/hyh/ros2_laser/install/laser_package' for CMake config files
[1.078s] Level 1:colcon.colcon_core.environment:checking '/home/hyh/ros2_laser/install/laser_package/lib'
[1.078s] Level 1:colcon.colcon_core.environment:checking '/home/hyh/ros2_laser/install/laser_package/bin'
[1.078s] Level 1:colcon.colcon_core.environment:checking '/home/hyh/ros2_laser/install/laser_package/lib/pkgconfig/laser_package.pc'
[1.078s] Level 1:colcon.colcon_core.environment:checking '/home/hyh/ros2_laser/install/laser_package/lib/python3.10/site-packages'
[1.078s] Level 1:colcon.colcon_core.shell:create_environment_hook('laser_package', 'pythonpath')
[1.078s] INFO:colcon.colcon_core.shell:Creating environment hook '/home/hyh/ros2_laser/install/laser_package/share/laser_package/hook/pythonpath.ps1'
[1.079s] INFO:colcon.colcon_core.shell:Creating environment descriptor '/home/hyh/ros2_laser/install/laser_package/share/laser_package/hook/pythonpath.dsv'
[1.079s] INFO:colcon.colcon_core.shell:Creating environment hook '/home/hyh/ros2_laser/install/laser_package/share/laser_package/hook/pythonpath.sh'
[1.079s] Level 1:colcon.colcon_core.environment:checking '/home/hyh/ros2_laser/install/laser_package/bin'
[1.079s] Level 1:colcon.colcon_core.environment:create_environment_scripts_only(laser_package)
[1.079s] INFO:colcon.colcon_core.shell:Creating package script '/home/hyh/ros2_laser/install/laser_package/share/laser_package/package.ps1'
[1.080s] INFO:colcon.colcon_core.shell:Creating package descriptor '/home/hyh/ros2_laser/install/laser_package/share/laser_package/package.dsv'
[1.080s] INFO:colcon.colcon_core.shell:Creating package script '/home/hyh/ros2_laser/install/laser_package/share/laser_package/package.sh'
[1.080s] INFO:colcon.colcon_core.shell:Creating package script '/home/hyh/ros2_laser/install/laser_package/share/laser_package/package.bash'
[1.081s] INFO:colcon.colcon_core.shell:Creating package script '/home/hyh/ros2_laser/install/laser_package/share/laser_package/package.zsh'
[1.081s] Level 1:colcon.colcon_core.environment:create_file_with_runtime_dependencies(/home/hyh/ros2_laser/install/laser_package/share/colcon-core/packages/laser_package)
[1.081s] DEBUG:colcon.colcon_parallel_executor.executor.parallel:closing loop
[1.081s] DEBUG:colcon.colcon_parallel_executor.executor.parallel:loop closed
[1.082s] DEBUG:colcon.colcon_parallel_executor.executor.parallel:run_until_complete finished with '0'
[1.082s] DEBUG:colcon.colcon_core.event_reactor:joining thread
[1.105s] INFO:colcon.colcon_core.plugin_system:Skipping extension 'colcon_notification.desktop_notification.notify_send': Could not find 'notify-send'
[1.105s] INFO:colcon.colcon_core.plugin_system:Skipping extension 'colcon_notification.desktop_notification.terminal_notifier': Not used on non-Darwin systems
[1.105s] INFO:colcon.colcon_core.plugin_system:Skipping extension 'colcon_notification.desktop_notification.win32': Not used on non-Windows systems
[1.105s] INFO:colcon.colcon_notification.desktop_notification:Sending desktop notification using 'notify2'
[1.105s] DEBUG:colcon.colcon_notification.desktop_notification.notify2:Failed to initialize notify2: org.freedesktop.DBus.Error.FileNotFound: Failed to connect to socket /run/user/1000/bus: No such file or directory
[1.105s] DEBUG:colcon.colcon_core.event_reactor:joined thread
[1.106s] INFO:colcon.colcon_core.shell:Creating prefix script '/home/hyh/ros2_laser/install/local_setup.ps1'
[1.106s] INFO:colcon.colcon_core.shell:Creating prefix util module '/home/hyh/ros2_laser/install/_local_setup_util_ps1.py'
[1.107s] INFO:colcon.colcon_core.shell:Creating prefix chain script '/home/hyh/ros2_laser/install/setup.ps1'
[1.108s] INFO:colcon.colcon_core.shell:Creating prefix script '/home/hyh/ros2_laser/install/local_setup.sh'
[1.108s] INFO:colcon.colcon_core.shell:Creating prefix util module '/home/hyh/ros2_laser/install/_local_setup_util_sh.py'
[1.109s] INFO:colcon.colcon_core.shell:Creating prefix chain script '/home/hyh/ros2_laser/install/setup.sh'
[1.110s] INFO:colcon.colcon_core.shell:Creating prefix script '/home/hyh/ros2_laser/install/local_setup.bash'
[1.110s] INFO:colcon.colcon_core.shell:Creating prefix chain script '/home/hyh/ros2_laser/install/setup.bash'
[1.111s] INFO:colcon.colcon_core.shell:Creating prefix script '/home/hyh/ros2_laser/install/local_setup.zsh'
[1.111s] INFO:colcon.colcon_core.shell:Creating prefix chain script '/home/hyh/ros2_laser/install/setup.zsh'
