[0.158s] Invoking command in '/home/hyh/ros2_prct/build/practice_package_msgs': CMAKE_PREFIX_PATH=${CMAKE_PREFIX_PATH}:/home/hyh/ros2_prct/install/practice_package:/home/hyh/ros2_study/install/my_first_package:/opt/ros/humble /usr/bin/cmake --build /home/hyh/ros2_prct/build/practice_package_msgs -- -j20 -l20
[0.211s] -- Found ament_cmake: 1.3.12 (/opt/ros/humble/share/ament_cmake/cmake)
[0.305s] -- Found rosidl_default_generators: 1.2.0 (/opt/ros/humble/share/rosidl_default_generators/cmake)
[0.308s] -- Using all available rosidl_typesupport_c: rosidl_typesupport_fastrtps_c;rosidl_typesupport_introspection_c
[0.311s] -- Found rosidl_adapter: 3.1.7 (/opt/ros/humble/share/rosidl_adapter/cmake)
[0.414s] -- Using all available rosidl_typesupport_cpp: rosidl_typesupport_fastrtps_cpp;rosidl_typesupport_introspection_cpp
[0.592s] -- Found ament_cmake_ros: 0.10.0 (/opt/ros/humble/share/ament_cmake_ros/cmake)
[0.701s] -- Using all available rosidl_typesupport_c: rosidl_typesupport_fastrtps_c;rosidl_typesupport_introspection_c
[0.838s] -- Using all available rosidl_typesupport_cpp: rosidl_typesupport_fastrtps_cpp;rosidl_typesupport_introspection_cpp
[0.853s] -- Found python_cmake_module: 0.10.0 (/opt/ros/humble/share/python_cmake_module/cmake)
[0.871s] -- Using PYTHON_EXECUTABLE: /usr/bin/python3
[0.871s] -- Using PYTHON_INCLUDE_DIRS: /usr/include/python3.10
[0.872s] -- Using PYTHON_LIBRARIES: /usr/lib/x86_64-linux-gnu/libpython3.10.so
[0.881s] -- Found ament_lint_auto: 0.12.14 (/opt/ros/humble/share/ament_lint_auto/cmake)
[0.908s] -- Added test 'lint_cmake' to check CMake code style
[0.909s] -- Added test 'xmllint' to check XML markup files
[0.913s] -- Configuring done
[0.955s] -- Generating done
[0.963s] -- Build files have been written to: /home/hyh/ros2_prct/build/practice_package_msgs
[0.980s] [35m[1mConsolidate compiler generated dependencies of target practice_package_msgs__rosidl_generator_c[0m
[0.985s] [  3%] Built target practice_package_msgs__cpp
[0.989s] [ 12%] Built target practice_package_msgs__rosidl_generator_c
[0.991s] [35m[1mConsolidate compiler generated dependencies of target practice_package_msgs__rosidl_typesupport_cpp[0m
[0.991s] [35m[1mConsolidate compiler generated dependencies of target practice_package_msgs__rosidl_typesupport_fastrtps_cpp[0m
[0.992s] [35m[1mConsolidate compiler generated dependencies of target practice_package_msgs__rosidl_typesupport_introspection_cpp[0m
[0.994s] [ 12%] Built target ament_cmake_python_copy_practice_package_msgs
[0.995s] [35m[1mConsolidate compiler generated dependencies of target practice_package_msgs__rosidl_typesupport_introspection_c[0m
[0.995s] [35m[1mConsolidate compiler generated dependencies of target practice_package_msgs__rosidl_typesupport_fastrtps_c[0m
[0.995s] [35m[1mConsolidate compiler generated dependencies of target practice_package_msgs__rosidl_typesupport_c[0m
[1.002s] [ 22%] Built target practice_package_msgs__rosidl_typesupport_c
[1.002s] [ 32%] Built target practice_package_msgs__rosidl_typesupport_introspection_c
[1.002s] [ 41%] Built target practice_package_msgs__rosidl_typesupport_cpp
[1.002s] [ 51%] Built target practice_package_msgs__rosidl_typesupport_introspection_cpp
[1.004s] [ 67%] Built target practice_package_msgs__rosidl_typesupport_fastrtps_cpp
[1.004s] [ 70%] Built target practice_package_msgs__rosidl_typesupport_fastrtps_c
[1.015s] [ 70%] Built target practice_package_msgs
[1.027s] [ 74%] Built target practice_package_msgs__py
[1.032s] [35m[1mConsolidate compiler generated dependencies of target practice_package_msgs__rosidl_generator_py[0m
[1.041s] [ 80%] Built target practice_package_msgs__rosidl_generator_py
[1.047s] [35m[1mConsolidate compiler generated dependencies of target practice_package_msgs__rosidl_typesupport_fastrtps_c__pyext[0m
[1.047s] [35m[1mConsolidate compiler generated dependencies of target practice_package_msgs__rosidl_typesupport_introspection_c__pyext[0m
[1.047s] [35m[1mConsolidate compiler generated dependencies of target practice_package_msgs__rosidl_typesupport_c__pyext[0m
[1.055s] [100%] Built target practice_package_msgs__rosidl_typesupport_c__pyext
[1.055s] [100%] Built target practice_package_msgs__rosidl_typesupport_fastrtps_c__pyext
[1.055s] [100%] Built target practice_package_msgs__rosidl_typesupport_introspection_c__pyext
[1.135s] running egg_info
[1.135s] writing practice_package_msgs.egg-info/PKG-INFO
[1.135s] writing dependency_links to practice_package_msgs.egg-info/dependency_links.txt
[1.135s] writing top-level names to practice_package_msgs.egg-info/top_level.txt
[1.137s] reading manifest file 'practice_package_msgs.egg-info/SOURCES.txt'
[1.137s] writing manifest file 'practice_package_msgs.egg-info/SOURCES.txt'
[1.152s] [100%] Built target ament_cmake_python_build_practice_package_msgs_egg
[1.158s] Invoked command in '/home/hyh/ros2_prct/build/practice_package_msgs' returned '0': CMAKE_PREFIX_PATH=${CMAKE_PREFIX_PATH}:/home/hyh/ros2_prct/install/practice_package:/home/hyh/ros2_study/install/my_first_package:/opt/ros/humble /usr/bin/cmake --build /home/hyh/ros2_prct/build/practice_package_msgs -- -j20 -l20
[1.164s] Invoking command in '/home/hyh/ros2_prct/build/practice_package_msgs': CMAKE_PREFIX_PATH=${CMAKE_PREFIX_PATH}:/home/hyh/ros2_prct/install/practice_package:/home/hyh/ros2_study/install/my_first_package:/opt/ros/humble /usr/bin/cmake --install /home/hyh/ros2_prct/build/practice_package_msgs
[1.168s] -- Install configuration: ""
[1.168s] -- Up-to-date: /home/hyh/ros2_prct/install/practice_package_msgs/share/ament_index/resource_index/rosidl_interfaces/practice_package_msgs
[1.168s] -- Up-to-date: /home/hyh/ros2_prct/install/practice_package_msgs/include/practice_package_msgs/practice_package_msgs
[1.168s] -- Up-to-date: /home/hyh/ros2_prct/install/practice_package_msgs/include/practice_package_msgs/practice_package_msgs/msg
[1.168s] -- Up-to-date: /home/hyh/ros2_prct/install/practice_package_msgs/include/practice_package_msgs/practice_package_msgs/msg/detail
[1.168s] -- Up-to-date: /home/hyh/ros2_prct/install/practice_package_msgs/include/practice_package_msgs/practice_package_msgs/msg/detail/pose_to_val__functions.c
[1.169s] -- Up-to-date: /home/hyh/ros2_prct/install/practice_package_msgs/include/practice_package_msgs/practice_package_msgs/msg/detail/pose_to_val__struct.h
[1.169s] -- Up-to-date: /home/hyh/ros2_prct/install/practice_package_msgs/include/practice_package_msgs/practice_package_msgs/msg/detail/pose_to_val__functions.h
[1.169s] -- Up-to-date: /home/hyh/ros2_prct/install/practice_package_msgs/include/practice_package_msgs/practice_package_msgs/msg/detail/pose_to_val__type_support.h
[1.169s] -- Up-to-date: /home/hyh/ros2_prct/install/practice_package_msgs/include/practice_package_msgs/practice_package_msgs/msg/rosidl_generator_c__visibility_control.h
[1.169s] -- Up-to-date: /home/hyh/ros2_prct/install/practice_package_msgs/include/practice_package_msgs/practice_package_msgs/msg/pose_to_val.h
[1.169s] -- Up-to-date: /home/hyh/ros2_prct/install/practice_package_msgs/share/practice_package_msgs/environment/library_path.sh
[1.169s] -- Installing: /home/hyh/ros2_prct/install/practice_package_msgs/share/practice_package_msgs/environment/library_path.dsv
[1.169s] -- Up-to-date: /home/hyh/ros2_prct/install/practice_package_msgs/lib/libpractice_package_msgs__rosidl_generator_c.so
[1.170s] -- Up-to-date: /home/hyh/ros2_prct/install/practice_package_msgs/include/practice_package_msgs/practice_package_msgs
[1.170s] -- Up-to-date: /home/hyh/ros2_prct/install/practice_package_msgs/include/practice_package_msgs/practice_package_msgs/msg
[1.170s] -- Up-to-date: /home/hyh/ros2_prct/install/practice_package_msgs/include/practice_package_msgs/practice_package_msgs/msg/detail
[1.170s] -- Up-to-date: /home/hyh/ros2_prct/install/practice_package_msgs/include/practice_package_msgs/practice_package_msgs/msg/detail/pose_to_val__rosidl_typesupport_fastrtps_c.h
[1.170s] -- Up-to-date: /home/hyh/ros2_prct/install/practice_package_msgs/include/practice_package_msgs/practice_package_msgs/msg/rosidl_typesupport_fastrtps_c__visibility_control.h
[1.170s] -- Up-to-date: /home/hyh/ros2_prct/install/practice_package_msgs/lib/libpractice_package_msgs__rosidl_typesupport_fastrtps_c.so
[1.170s] -- Up-to-date: /home/hyh/ros2_prct/install/practice_package_msgs/include/practice_package_msgs/practice_package_msgs
[1.171s] -- Up-to-date: /home/hyh/ros2_prct/install/practice_package_msgs/include/practice_package_msgs/practice_package_msgs/msg
[1.171s] -- Up-to-date: /home/hyh/ros2_prct/install/practice_package_msgs/include/practice_package_msgs/practice_package_msgs/msg/detail
[1.171s] -- Up-to-date: /home/hyh/ros2_prct/install/practice_package_msgs/include/practice_package_msgs/practice_package_msgs/msg/detail/pose_to_val__rosidl_typesupport_introspection_c.h
[1.171s] -- Up-to-date: /home/hyh/ros2_prct/install/practice_package_msgs/include/practice_package_msgs/practice_package_msgs/msg/detail/pose_to_val__type_support.c
[1.171s] -- Up-to-date: /home/hyh/ros2_prct/install/practice_package_msgs/include/practice_package_msgs/practice_package_msgs/msg/rosidl_typesupport_introspection_c__visibility_control.h
[1.171s] -- Up-to-date: /home/hyh/ros2_prct/install/practice_package_msgs/lib/libpractice_package_msgs__rosidl_typesupport_introspection_c.so
[1.171s] -- Up-to-date: /home/hyh/ros2_prct/install/practice_package_msgs/lib/libpractice_package_msgs__rosidl_typesupport_c.so
[1.172s] -- Up-to-date: /home/hyh/ros2_prct/install/practice_package_msgs/include/practice_package_msgs/practice_package_msgs
[1.172s] -- Up-to-date: /home/hyh/ros2_prct/install/practice_package_msgs/include/practice_package_msgs/practice_package_msgs/msg
[1.172s] -- Up-to-date: /home/hyh/ros2_prct/install/practice_package_msgs/include/practice_package_msgs/practice_package_msgs/msg/detail
[1.172s] -- Up-to-date: /home/hyh/ros2_prct/install/practice_package_msgs/include/practice_package_msgs/practice_package_msgs/msg/detail/pose_to_val__struct.hpp
[1.172s] -- Up-to-date: /home/hyh/ros2_prct/install/practice_package_msgs/include/practice_package_msgs/practice_package_msgs/msg/detail/pose_to_val__traits.hpp
[1.172s] -- Up-to-date: /home/hyh/ros2_prct/install/practice_package_msgs/include/practice_package_msgs/practice_package_msgs/msg/detail/pose_to_val__builder.hpp
[1.172s] -- Up-to-date: /home/hyh/ros2_prct/install/practice_package_msgs/include/practice_package_msgs/practice_package_msgs/msg/detail/pose_to_val__type_support.hpp
[1.172s] -- Up-to-date: /home/hyh/ros2_prct/install/practice_package_msgs/include/practice_package_msgs/practice_package_msgs/msg/rosidl_generator_cpp__visibility_control.hpp
[1.172s] -- Up-to-date: /home/hyh/ros2_prct/install/practice_package_msgs/include/practice_package_msgs/practice_package_msgs/msg/pose_to_val.hpp
[1.172s] -- Up-to-date: /home/hyh/ros2_prct/install/practice_package_msgs/include/practice_package_msgs/practice_package_msgs
[1.173s] -- Up-to-date: /home/hyh/ros2_prct/install/practice_package_msgs/include/practice_package_msgs/practice_package_msgs/msg
[1.173s] -- Up-to-date: /home/hyh/ros2_prct/install/practice_package_msgs/include/practice_package_msgs/practice_package_msgs/msg/detail
[1.173s] -- Up-to-date: /home/hyh/ros2_prct/install/practice_package_msgs/include/practice_package_msgs/practice_package_msgs/msg/detail/dds_fastrtps
[1.173s] -- Up-to-date: /home/hyh/ros2_prct/install/practice_package_msgs/include/practice_package_msgs/practice_package_msgs/msg/detail/pose_to_val__rosidl_typesupport_fastrtps_cpp.hpp
[1.173s] -- Up-to-date: /home/hyh/ros2_prct/install/practice_package_msgs/include/practice_package_msgs/practice_package_msgs/msg/rosidl_typesupport_fastrtps_cpp__visibility_control.h
[1.173s] -- Up-to-date: /home/hyh/ros2_prct/install/practice_package_msgs/lib/libpractice_package_msgs__rosidl_typesupport_fastrtps_cpp.so
[1.173s] -- Up-to-date: /home/hyh/ros2_prct/install/practice_package_msgs/include/practice_package_msgs/practice_package_msgs
[1.173s] -- Up-to-date: /home/hyh/ros2_prct/install/practice_package_msgs/include/practice_package_msgs/practice_package_msgs/msg
[1.174s] -- Up-to-date: /home/hyh/ros2_prct/install/practice_package_msgs/include/practice_package_msgs/practice_package_msgs/msg/detail
[1.174s] -- Up-to-date: /home/hyh/ros2_prct/install/practice_package_msgs/include/practice_package_msgs/practice_package_msgs/msg/detail/pose_to_val__type_support.cpp
[1.174s] -- Up-to-date: /home/hyh/ros2_prct/install/practice_package_msgs/include/practice_package_msgs/practice_package_msgs/msg/detail/pose_to_val__rosidl_typesupport_introspection_cpp.hpp
[1.174s] -- Up-to-date: /home/hyh/ros2_prct/install/practice_package_msgs/lib/libpractice_package_msgs__rosidl_typesupport_introspection_cpp.so
[1.174s] -- Up-to-date: /home/hyh/ros2_prct/install/practice_package_msgs/lib/libpractice_package_msgs__rosidl_typesupport_cpp.so
[1.175s] -- Up-to-date: /home/hyh/ros2_prct/install/practice_package_msgs/share/practice_package_msgs/environment/pythonpath.sh
[1.175s] -- Installing: /home/hyh/ros2_prct/install/practice_package_msgs/share/practice_package_msgs/environment/pythonpath.dsv
[1.175s] -- Up-to-date: /home/hyh/ros2_prct/install/practice_package_msgs/local/lib/python3.10/dist-packages/practice_package_msgs-0.0.0-py3.10.egg-info
[1.175s] -- Installing: /home/hyh/ros2_prct/install/practice_package_msgs/local/lib/python3.10/dist-packages/practice_package_msgs-0.0.0-py3.10.egg-info/dependency_links.txt
[1.175s] -- Installing: /home/hyh/ros2_prct/install/practice_package_msgs/local/lib/python3.10/dist-packages/practice_package_msgs-0.0.0-py3.10.egg-info/SOURCES.txt
[1.175s] -- Installing: /home/hyh/ros2_prct/install/practice_package_msgs/local/lib/python3.10/dist-packages/practice_package_msgs-0.0.0-py3.10.egg-info/PKG-INFO
[1.175s] -- Installing: /home/hyh/ros2_prct/install/practice_package_msgs/local/lib/python3.10/dist-packages/practice_package_msgs-0.0.0-py3.10.egg-info/top_level.txt
[1.175s] -- Up-to-date: /home/hyh/ros2_prct/install/practice_package_msgs/local/lib/python3.10/dist-packages/practice_package_msgs
[1.175s] -- Installing: /home/hyh/ros2_prct/install/practice_package_msgs/local/lib/python3.10/dist-packages/practice_package_msgs/__init__.py
[1.175s] -- Up-to-date: /home/hyh/ros2_prct/install/practice_package_msgs/local/lib/python3.10/dist-packages/practice_package_msgs/msg
[1.176s] -- Up-to-date: /home/hyh/ros2_prct/install/practice_package_msgs/local/lib/python3.10/dist-packages/practice_package_msgs/msg/__init__.py
[1.176s] -- Up-to-date: /home/hyh/ros2_prct/install/practice_package_msgs/local/lib/python3.10/dist-packages/practice_package_msgs/msg/_pose_to_val.py
[1.176s] -- Up-to-date: /home/hyh/ros2_prct/install/practice_package_msgs/local/lib/python3.10/dist-packages/practice_package_msgs/msg/_pose_to_val_s.c
[1.176s] -- Up-to-date: /home/hyh/ros2_prct/install/practice_package_msgs/local/lib/python3.10/dist-packages/practice_package_msgs/libpractice_package_msgs__rosidl_generator_py.so
[1.176s] -- Up-to-date: /home/hyh/ros2_prct/install/practice_package_msgs/local/lib/python3.10/dist-packages/practice_package_msgs/practice_package_msgs_s__rosidl_typesupport_fastrtps_c.cpython-310-x86_64-linux-gnu.so
[1.176s] -- Up-to-date: /home/hyh/ros2_prct/install/practice_package_msgs/local/lib/python3.10/dist-packages/practice_package_msgs/_practice_package_msgs_s.ep.rosidl_typesupport_c.c
[1.176s] -- Up-to-date: /home/hyh/ros2_prct/install/practice_package_msgs/local/lib/python3.10/dist-packages/practice_package_msgs/practice_package_msgs_s__rosidl_typesupport_introspection_c.cpython-310-x86_64-linux-gnu.so
[1.176s] -- Up-to-date: /home/hyh/ros2_prct/install/practice_package_msgs/local/lib/python3.10/dist-packages/practice_package_msgs/_practice_package_msgs_s.ep.rosidl_typesupport_fastrtps_c.c
[1.176s] -- Up-to-date: /home/hyh/ros2_prct/install/practice_package_msgs/local/lib/python3.10/dist-packages/practice_package_msgs/_practice_package_msgs_s.ep.rosidl_typesupport_introspection_c.c
[1.176s] -- Up-to-date: /home/hyh/ros2_prct/install/practice_package_msgs/local/lib/python3.10/dist-packages/practice_package_msgs/practice_package_msgs_s__rosidl_typesupport_c.cpython-310-x86_64-linux-gnu.so
[1.196s] Listing '/home/hyh/ros2_prct/install/practice_package_msgs/local/lib/python3.10/dist-packages/practice_package_msgs'...
[1.196s] Compiling '/home/hyh/ros2_prct/install/practice_package_msgs/local/lib/python3.10/dist-packages/practice_package_msgs/__init__.py'...
[1.196s] Listing '/home/hyh/ros2_prct/install/practice_package_msgs/local/lib/python3.10/dist-packages/practice_package_msgs/msg'...
[1.199s] -- Up-to-date: /home/hyh/ros2_prct/install/practice_package_msgs/local/lib/python3.10/dist-packages/practice_package_msgs/practice_package_msgs_s__rosidl_typesupport_fastrtps_c.cpython-310-x86_64-linux-gnu.so
[1.200s] -- Up-to-date: /home/hyh/ros2_prct/install/practice_package_msgs/local/lib/python3.10/dist-packages/practice_package_msgs/practice_package_msgs_s__rosidl_typesupport_introspection_c.cpython-310-x86_64-linux-gnu.so
[1.200s] -- Up-to-date: /home/hyh/ros2_prct/install/practice_package_msgs/local/lib/python3.10/dist-packages/practice_package_msgs/practice_package_msgs_s__rosidl_typesupport_c.cpython-310-x86_64-linux-gnu.so
[1.200s] -- Up-to-date: /home/hyh/ros2_prct/install/practice_package_msgs/lib/libpractice_package_msgs__rosidl_generator_py.so
[1.201s] -- Up-to-date: /home/hyh/ros2_prct/install/practice_package_msgs/share/practice_package_msgs/msg/PoseToVal.idl
[1.201s] -- Installing: /home/hyh/ros2_prct/install/practice_package_msgs/share/practice_package_msgs/msg/PoseToVal.msg
[1.201s] -- Up-to-date: /home/hyh/ros2_prct/install/practice_package_msgs/share/ament_index/resource_index/package_run_dependencies/practice_package_msgs
[1.201s] -- Installing: /home/hyh/ros2_prct/install/practice_package_msgs/share/ament_index/resource_index/parent_prefix_path/practice_package_msgs
[1.201s] -- Up-to-date: /home/hyh/ros2_prct/install/practice_package_msgs/share/practice_package_msgs/environment/ament_prefix_path.sh
[1.201s] -- Installing: /home/hyh/ros2_prct/install/practice_package_msgs/share/practice_package_msgs/environment/ament_prefix_path.dsv
[1.202s] -- Up-to-date: /home/hyh/ros2_prct/install/practice_package_msgs/share/practice_package_msgs/environment/path.sh
[1.202s] -- Installing: /home/hyh/ros2_prct/install/practice_package_msgs/share/practice_package_msgs/environment/path.dsv
[1.202s] -- Up-to-date: /home/hyh/ros2_prct/install/practice_package_msgs/share/practice_package_msgs/local_setup.bash
[1.202s] -- Up-to-date: /home/hyh/ros2_prct/install/practice_package_msgs/share/practice_package_msgs/local_setup.sh
[1.202s] -- Up-to-date: /home/hyh/ros2_prct/install/practice_package_msgs/share/practice_package_msgs/local_setup.zsh
[1.202s] -- Installing: /home/hyh/ros2_prct/install/practice_package_msgs/share/practice_package_msgs/local_setup.dsv
[1.202s] -- Installing: /home/hyh/ros2_prct/install/practice_package_msgs/share/practice_package_msgs/package.dsv
[1.202s] -- Up-to-date: /home/hyh/ros2_prct/install/practice_package_msgs/share/ament_index/resource_index/packages/practice_package_msgs
[1.202s] -- Up-to-date: /home/hyh/ros2_prct/install/practice_package_msgs/share/practice_package_msgs/cmake/export_practice_package_msgs__rosidl_generator_cExport.cmake
[1.203s] -- Up-to-date: /home/hyh/ros2_prct/install/practice_package_msgs/share/practice_package_msgs/cmake/export_practice_package_msgs__rosidl_generator_cExport-noconfig.cmake
[1.203s] -- Up-to-date: /home/hyh/ros2_prct/install/practice_package_msgs/share/practice_package_msgs/cmake/export_practice_package_msgs__rosidl_typesupport_fastrtps_cExport.cmake
[1.203s] -- Up-to-date: /home/hyh/ros2_prct/install/practice_package_msgs/share/practice_package_msgs/cmake/export_practice_package_msgs__rosidl_typesupport_fastrtps_cExport-noconfig.cmake
[1.203s] -- Up-to-date: /home/hyh/ros2_prct/install/practice_package_msgs/share/practice_package_msgs/cmake/practice_package_msgs__rosidl_typesupport_introspection_cExport.cmake
[1.203s] -- Up-to-date: /home/hyh/ros2_prct/install/practice_package_msgs/share/practice_package_msgs/cmake/practice_package_msgs__rosidl_typesupport_introspection_cExport-noconfig.cmake
[1.203s] -- Up-to-date: /home/hyh/ros2_prct/install/practice_package_msgs/share/practice_package_msgs/cmake/practice_package_msgs__rosidl_typesupport_cExport.cmake
[1.203s] -- Up-to-date: /home/hyh/ros2_prct/install/practice_package_msgs/share/practice_package_msgs/cmake/practice_package_msgs__rosidl_typesupport_cExport-noconfig.cmake
[1.204s] -- Up-to-date: /home/hyh/ros2_prct/install/practice_package_msgs/share/practice_package_msgs/cmake/export_practice_package_msgs__rosidl_generator_cppExport.cmake
[1.204s] -- Up-to-date: /home/hyh/ros2_prct/install/practice_package_msgs/share/practice_package_msgs/cmake/export_practice_package_msgs__rosidl_typesupport_fastrtps_cppExport.cmake
[1.204s] -- Up-to-date: /home/hyh/ros2_prct/install/practice_package_msgs/share/practice_package_msgs/cmake/export_practice_package_msgs__rosidl_typesupport_fastrtps_cppExport-noconfig.cmake
[1.204s] -- Up-to-date: /home/hyh/ros2_prct/install/practice_package_msgs/share/practice_package_msgs/cmake/practice_package_msgs__rosidl_typesupport_introspection_cppExport.cmake
[1.204s] -- Up-to-date: /home/hyh/ros2_prct/install/practice_package_msgs/share/practice_package_msgs/cmake/practice_package_msgs__rosidl_typesupport_introspection_cppExport-noconfig.cmake
[1.204s] -- Up-to-date: /home/hyh/ros2_prct/install/practice_package_msgs/share/practice_package_msgs/cmake/practice_package_msgs__rosidl_typesupport_cppExport.cmake
[1.204s] -- Up-to-date: /home/hyh/ros2_prct/install/practice_package_msgs/share/practice_package_msgs/cmake/practice_package_msgs__rosidl_typesupport_cppExport-noconfig.cmake
[1.205s] -- Up-to-date: /home/hyh/ros2_prct/install/practice_package_msgs/share/practice_package_msgs/cmake/export_practice_package_msgs__rosidl_generator_pyExport.cmake
[1.205s] -- Up-to-date: /home/hyh/ros2_prct/install/practice_package_msgs/share/practice_package_msgs/cmake/export_practice_package_msgs__rosidl_generator_pyExport-noconfig.cmake
[1.205s] -- Up-to-date: /home/hyh/ros2_prct/install/practice_package_msgs/share/practice_package_msgs/cmake/rosidl_cmake-extras.cmake
[1.205s] -- Up-to-date: /home/hyh/ros2_prct/install/practice_package_msgs/share/practice_package_msgs/cmake/ament_cmake_export_include_directories-extras.cmake
[1.205s] -- Up-to-date: /home/hyh/ros2_prct/install/practice_package_msgs/share/practice_package_msgs/cmake/ament_cmake_export_libraries-extras.cmake
[1.205s] -- Up-to-date: /home/hyh/ros2_prct/install/practice_package_msgs/share/practice_package_msgs/cmake/ament_cmake_export_targets-extras.cmake
[1.205s] -- Up-to-date: /home/hyh/ros2_prct/install/practice_package_msgs/share/practice_package_msgs/cmake/rosidl_cmake_export_typesupport_targets-extras.cmake
[1.205s] -- Up-to-date: /home/hyh/ros2_prct/install/practice_package_msgs/share/practice_package_msgs/cmake/ament_cmake_export_dependencies-extras.cmake
[1.205s] -- Up-to-date: /home/hyh/ros2_prct/install/practice_package_msgs/share/practice_package_msgs/cmake/rosidl_cmake_export_typesupport_libraries-extras.cmake
[1.205s] -- Up-to-date: /home/hyh/ros2_prct/install/practice_package_msgs/share/practice_package_msgs/cmake/practice_package_msgsConfig.cmake
[1.206s] -- Up-to-date: /home/hyh/ros2_prct/install/practice_package_msgs/share/practice_package_msgs/cmake/practice_package_msgsConfig-version.cmake
[1.206s] -- Up-to-date: /home/hyh/ros2_prct/install/practice_package_msgs/share/practice_package_msgs/package.xml
[1.207s] Invoked command in '/home/hyh/ros2_prct/build/practice_package_msgs' returned '0': CMAKE_PREFIX_PATH=${CMAKE_PREFIX_PATH}:/home/hyh/ros2_prct/install/practice_package:/home/hyh/ros2_study/install/my_first_package:/opt/ros/humble /usr/bin/cmake --install /home/hyh/ros2_prct/build/practice_package_msgs
