[0.368s] Invoking command in '/home/hyh/ros2_laser/src/laser_package': PYTHONPATH=/home/hyh/ros2_laser/build/laser_package/prefix_override:/usr/lib/python3/dist-packages/colcon_core/task/python/colcon_distutils_commands:/home/hyh/ros2_laser/install/laser_package/lib/python3.10/site-packages:${PYTHONPATH} /usr/bin/python3 -W ignore:setup.py install is deprecated -W ignore:easy_install command is deprecated setup.py egg_info --egg-base ../../build/laser_package build --build-base /home/hyh/ros2_laser/build/laser_package/build install --record /home/hyh/ros2_laser/build/laser_package/install.log --single-version-externally-managed install_data
[0.505s] running egg_info
[0.506s] writing ../../build/laser_package/laser_package.egg-info/PKG-INFO
[0.506s] writing dependency_links to ../../build/laser_package/laser_package.egg-info/dependency_links.txt
[0.507s] writing entry points to ../../build/laser_package/laser_package.egg-info/entry_points.txt
[0.507s] writing requirements to ../../build/laser_package/laser_package.egg-info/requires.txt
[0.507s] writing top-level names to ../../build/laser_package/laser_package.egg-info/top_level.txt
[0.508s] reading manifest file '../../build/laser_package/laser_package.egg-info/SOURCES.txt'
[0.509s] writing manifest file '../../build/laser_package/laser_package.egg-info/SOURCES.txt'
[0.509s] running build
[0.509s] running build_py
[0.509s] copying laser_package/laser_pub.py -> /home/hyh/ros2_laser/build/laser_package/build/lib/laser_package
[0.509s] running install
[0.509s] running install_lib
[0.510s] copying /home/hyh/ros2_laser/build/laser_package/build/lib/laser_package/laser_pub.py -> /home/hyh/ros2_laser/install/laser_package/lib/python3.10/site-packages/laser_package
[0.510s] byte-compiling /home/hyh/ros2_laser/install/laser_package/lib/python3.10/site-packages/laser_package/laser_pub.py to laser_pub.cpython-310.pyc
[0.510s] Sorry: TabError: inconsistent use of tabs and spaces in indentation (laser_pub.py, line 51)
[0.510s] running install_data
[0.510s] running install_egg_info
[0.511s] removing '/home/hyh/ros2_laser/install/laser_package/lib/python3.10/site-packages/laser_package-0.0.0-py3.10.egg-info' (and everything under it)
[0.512s] Copying ../../build/laser_package/laser_package.egg-info to /home/hyh/ros2_laser/install/laser_package/lib/python3.10/site-packages/laser_package-0.0.0-py3.10.egg-info
[0.512s] running install_scripts
[0.524s] Installing laser_node = laser_package.laser_node:mainlaser_pub script to /home/hyh/ros2_laser/install/laser_package/lib/laser_package
[0.525s] writing list of installed files to '/home/hyh/ros2_laser/build/laser_package/install.log'
[0.538s] Invoked command in '/home/hyh/ros2_laser/src/laser_package' returned '0': PYTHONPATH=/home/hyh/ros2_laser/build/laser_package/prefix_override:/usr/lib/python3/dist-packages/colcon_core/task/python/colcon_distutils_commands:/home/hyh/ros2_laser/install/laser_package/lib/python3.10/site-packages:${PYTHONPATH} /usr/bin/python3 -W ignore:setup.py install is deprecated -W ignore:easy_install command is deprecated setup.py egg_info --egg-base ../../build/laser_package build --build-base /home/hyh/ros2_laser/build/laser_package/build install --record /home/hyh/ros2_laser/build/laser_package/install.log --single-version-externally-managed install_data
