[0.162s] DEBUG:colcon:Command line arguments: ['/usr/bin/colcon', 'build']
[0.162s] DEBUG:colcon:Parsed command line arguments: Namespace(log_base=None, log_level=None, verb_name='build', build_base='build', install_base='install', merge_install=False, symlink_install=False, test_result_base=None, continue_on_error=False, executor='parallel', parallel_workers=20, event_handlers=None, ignore_user_meta=False, metas=['./colcon.meta'], base_paths=['.'], packages_ignore=None, packages_ignore_regex=None, paths=None, packages_up_to=None, packages_up_to_regex=None, packages_above=None, packages_above_and_dependencies=None, packages_above_depth=None, packages_select_by_dep=None, packages_skip_by_dep=None, packages_skip_up_to=None, packages_select_build_failed=False, packages_skip_build_finished=False, packages_select_test_failures=False, packages_skip_test_passed=False, packages_select=None, packages_skip=None, packages_select_regex=None, packages_skip_regex=None, packages_start=None, packages_end=None, allow_overriding=[], cmake_args=None, cmake_target=None, cmake_target_skip_unavailable=False, cmake_clean_cache=False, cmake_clean_first=False, cmake_force_configure=False, ament_cmake_args=None, catkin_cmake_args=None, catkin_skip_building_tests=False, mixin_files=None, mixin=None, verb_parser=<colcon_mixin.mixin.mixin_argument.MixinArgumentDecorator object at 0x760e61d7c850>, verb_extension=<colcon_core.verb.build.BuildVerb object at 0x760e61e79e10>, main=<bound method BuildVerb.main of <colcon_core.verb.build.BuildVerb object at 0x760e61e79e10>>, mixin_verb=('build',))
[0.375s] Level 1:colcon.colcon_core.package_discovery:discover_packages(colcon_meta) check parameters
[0.375s] Level 1:colcon.colcon_core.package_discovery:discover_packages(recursive) check parameters
[0.375s] Level 1:colcon.colcon_core.package_discovery:discover_packages(ignore) check parameters
[0.375s] Level 1:colcon.colcon_core.package_discovery:discover_packages(path) check parameters
[0.375s] Level 1:colcon.colcon_core.package_discovery:discover_packages(colcon_meta) discover
[0.375s] Level 1:colcon.colcon_core.package_discovery:discover_packages(recursive) discover
[0.375s] INFO:colcon.colcon_core.package_discovery:Crawling recursively for packages in '/home/hyh/ros2_laser'
[0.375s] Level 1:colcon.colcon_core.package_identification:_identify(.) by extensions ['ignore', 'ignore_ament_install']
[0.375s] Level 1:colcon.colcon_core.package_identification:_identify(.) by extension 'ignore'
[0.375s] Level 1:colcon.colcon_core.package_identification:_identify(.) by extension 'ignore_ament_install'
[0.375s] Level 1:colcon.colcon_core.package_identification:_identify(.) by extensions ['colcon_pkg']
[0.375s] Level 1:colcon.colcon_core.package_identification:_identify(.) by extension 'colcon_pkg'
[0.375s] Level 1:colcon.colcon_core.package_identification:_identify(.) by extensions ['colcon_meta']
[0.375s] Level 1:colcon.colcon_core.package_identification:_identify(.) by extension 'colcon_meta'
[0.375s] Level 1:colcon.colcon_core.package_identification:_identify(.) by extensions ['ros']
[0.375s] Level 1:colcon.colcon_core.package_identification:_identify(.) by extension 'ros'
[0.398s] Level 1:colcon.colcon_core.package_identification:_identify(.) by extensions ['cmake', 'python']
[0.398s] Level 1:colcon.colcon_core.package_identification:_identify(.) by extension 'cmake'
[0.398s] Level 1:colcon.colcon_core.package_identification:_identify(.) by extension 'python'
[0.398s] Level 1:colcon.colcon_core.package_identification:_identify(.) by extensions ['python_setup_py']
[0.398s] Level 1:colcon.colcon_core.package_identification:_identify(.) by extension 'python_setup_py'
[0.399s] Level 1:colcon.colcon_core.package_identification:_identify(build) by extensions ['ignore', 'ignore_ament_install']
[0.399s] Level 1:colcon.colcon_core.package_identification:_identify(build) by extension 'ignore'
[0.399s] Level 1:colcon.colcon_core.package_identification:_identify(build) ignored
[0.399s] Level 1:colcon.colcon_core.package_identification:_identify(install) by extensions ['ignore', 'ignore_ament_install']
[0.399s] Level 1:colcon.colcon_core.package_identification:_identify(install) by extension 'ignore'
[0.399s] Level 1:colcon.colcon_core.package_identification:_identify(install) ignored
[0.399s] Level 1:colcon.colcon_core.package_identification:_identify(log) by extensions ['ignore', 'ignore_ament_install']
[0.399s] Level 1:colcon.colcon_core.package_identification:_identify(log) by extension 'ignore'
[0.399s] Level 1:colcon.colcon_core.package_identification:_identify(log) ignored
[0.399s] Level 1:colcon.colcon_core.package_identification:_identify(src) by extensions ['ignore', 'ignore_ament_install']
[0.399s] Level 1:colcon.colcon_core.package_identification:_identify(src) by extension 'ignore'
[0.400s] Level 1:colcon.colcon_core.package_identification:_identify(src) by extension 'ignore_ament_install'
[0.400s] Level 1:colcon.colcon_core.package_identification:_identify(src) by extensions ['colcon_pkg']
[0.400s] Level 1:colcon.colcon_core.package_identification:_identify(src) by extension 'colcon_pkg'
[0.400s] Level 1:colcon.colcon_core.package_identification:_identify(src) by extensions ['colcon_meta']
[0.400s] Level 1:colcon.colcon_core.package_identification:_identify(src) by extension 'colcon_meta'
[0.400s] Level 1:colcon.colcon_core.package_identification:_identify(src) by extensions ['ros']
[0.400s] Level 1:colcon.colcon_core.package_identification:_identify(src) by extension 'ros'
[0.400s] Level 1:colcon.colcon_core.package_identification:_identify(src) by extensions ['cmake', 'python']
[0.400s] Level 1:colcon.colcon_core.package_identification:_identify(src) by extension 'cmake'
[0.400s] Level 1:colcon.colcon_core.package_identification:_identify(src) by extension 'python'
[0.400s] Level 1:colcon.colcon_core.package_identification:_identify(src) by extensions ['python_setup_py']
[0.400s] Level 1:colcon.colcon_core.package_identification:_identify(src) by extension 'python_setup_py'
[0.400s] Level 1:colcon.colcon_core.package_identification:_identify(src/laser_package) by extensions ['ignore', 'ignore_ament_install']
[0.400s] Level 1:colcon.colcon_core.package_identification:_identify(src/laser_package) by extension 'ignore'
[0.400s] Level 1:colcon.colcon_core.package_identification:_identify(src/laser_package) by extension 'ignore_ament_install'
[0.400s] Level 1:colcon.colcon_core.package_identification:_identify(src/laser_package) by extensions ['colcon_pkg']
[0.400s] Level 1:colcon.colcon_core.package_identification:_identify(src/laser_package) by extension 'colcon_pkg'
[0.400s] Level 1:colcon.colcon_core.package_identification:_identify(src/laser_package) by extensions ['colcon_meta']
[0.400s] Level 1:colcon.colcon_core.package_identification:_identify(src/laser_package) by extension 'colcon_meta'
[0.400s] Level 1:colcon.colcon_core.package_identification:_identify(src/laser_package) by extensions ['ros']
[0.400s] Level 1:colcon.colcon_core.package_identification:_identify(src/laser_package) by extension 'ros'
[0.402s] DEBUG:colcon.colcon_core.package_identification:Found ROS schema reference in package manifest in 'src/laser_package'
[0.402s] WARNING:colcon.colcon_core.package_identification:Failed to parse ROS package manifest in 'src/laser_package': Error(s) in package 'src/laser_package/package.xml':
Invalid email "[hanyh000@naver.com]" for person "hyh"
[0.403s] Level 1:colcon.colcon_core.package_identification:_identify(src/laser_package) by extensions ['cmake', 'python']
[0.403s] Level 1:colcon.colcon_core.package_identification:_identify(src/laser_package) by extension 'cmake'
[0.403s] Level 1:colcon.colcon_core.package_identification:_identify(src/laser_package) by extension 'python'
[0.403s] DEBUG:colcon.colcon_core.package_identification:Python package in 'src/laser_package' passes arguments to the setup() function which requires a different identification extension than 'python'
[0.403s] Level 1:colcon.colcon_core.package_identification:_identify(src/laser_package) by extensions ['python_setup_py']
[0.403s] Level 1:colcon.colcon_core.package_identification:_identify(src/laser_package) by extension 'python_setup_py'
[0.551s] DEBUG:colcon.colcon_core.package_identification:Package 'src/laser_package' with type 'python' and name 'laser_package'
[0.551s] Level 1:colcon.colcon_core.package_identification:_identify(src/laser_package_msgs) by extensions ['ignore', 'ignore_ament_install']
[0.551s] Level 1:colcon.colcon_core.package_identification:_identify(src/laser_package_msgs) by extension 'ignore'
[0.551s] Level 1:colcon.colcon_core.package_identification:_identify(src/laser_package_msgs) by extension 'ignore_ament_install'
[0.551s] Level 1:colcon.colcon_core.package_identification:_identify(src/laser_package_msgs) by extensions ['colcon_pkg']
[0.551s] Level 1:colcon.colcon_core.package_identification:_identify(src/laser_package_msgs) by extension 'colcon_pkg'
[0.551s] Level 1:colcon.colcon_core.package_identification:_identify(src/laser_package_msgs) by extensions ['colcon_meta']
[0.551s] Level 1:colcon.colcon_core.package_identification:_identify(src/laser_package_msgs) by extension 'colcon_meta'
[0.552s] Level 1:colcon.colcon_core.package_identification:_identify(src/laser_package_msgs) by extensions ['ros']
[0.552s] Level 1:colcon.colcon_core.package_identification:_identify(src/laser_package_msgs) by extension 'ros'
[0.552s] DEBUG:colcon.colcon_core.package_identification:Package 'src/laser_package_msgs' with type 'ros.ament_cmake' and name 'laser_package_msgs'
[0.552s] Level 1:colcon.colcon_core.package_discovery:discover_packages(recursive) using defaults
[0.552s] Level 1:colcon.colcon_core.package_discovery:discover_packages(ignore) discover
[0.552s] Level 1:colcon.colcon_core.package_discovery:discover_packages(ignore) using defaults
[0.552s] Level 1:colcon.colcon_core.package_discovery:discover_packages(path) discover
[0.552s] Level 1:colcon.colcon_core.package_discovery:discover_packages(path) using defaults
[0.570s] Level 1:colcon.colcon_core.package_discovery:discover_packages(prefix_path) check parameters
[0.570s] Level 1:colcon.colcon_core.package_discovery:discover_packages(prefix_path) discover
[0.573s] DEBUG:colcon.colcon_installed_package_information.package_discovery:Found 2 installed packages in /home/hyh/ros2_prct/install
[0.573s] DEBUG:colcon.colcon_installed_package_information.package_discovery:Found 2 installed packages in /home/hyh/ros2_laser/install
[0.573s] DEBUG:colcon.colcon_installed_package_information.package_discovery:Found 2 installed packages in /home/hyh/ros2_study/install
[0.574s] DEBUG:colcon.colcon_installed_package_information.package_discovery:Found 273 installed packages in /opt/ros/humble
[0.575s] Level 1:colcon.colcon_core.package_discovery:discover_packages(prefix_path) using defaults
[0.621s] Level 5:colcon.colcon_core.verb:set package 'laser_package' build argument 'cmake_args' from command line to 'None'
[0.621s] Level 5:colcon.colcon_core.verb:set package 'laser_package' build argument 'cmake_target' from command line to 'None'
[0.621s] Level 5:colcon.colcon_core.verb:set package 'laser_package' build argument 'cmake_target_skip_unavailable' from command line to 'False'
[0.621s] Level 5:colcon.colcon_core.verb:set package 'laser_package' build argument 'cmake_clean_cache' from command line to 'False'
[0.621s] Level 5:colcon.colcon_core.verb:set package 'laser_package' build argument 'cmake_clean_first' from command line to 'False'
[0.621s] Level 5:colcon.colcon_core.verb:set package 'laser_package' build argument 'cmake_force_configure' from command line to 'False'
[0.621s] Level 5:colcon.colcon_core.verb:set package 'laser_package' build argument 'ament_cmake_args' from command line to 'None'
[0.621s] Level 5:colcon.colcon_core.verb:set package 'laser_package' build argument 'catkin_cmake_args' from command line to 'None'
[0.621s] Level 5:colcon.colcon_core.verb:set package 'laser_package' build argument 'catkin_skip_building_tests' from command line to 'False'
[0.621s] DEBUG:colcon.colcon_core.verb:Building package 'laser_package' with the following arguments: {'ament_cmake_args': None, 'build_base': '/home/hyh/ros2_laser/build/laser_package', 'catkin_cmake_args': None, 'catkin_skip_building_tests': False, 'cmake_args': None, 'cmake_clean_cache': False, 'cmake_clean_first': False, 'cmake_force_configure': False, 'cmake_target': None, 'cmake_target_skip_unavailable': False, 'install_base': '/home/hyh/ros2_laser/install/laser_package', 'merge_install': False, 'path': '/home/hyh/ros2_laser/src/laser_package', 'symlink_install': False, 'test_result_base': None}
[0.621s] Level 5:colcon.colcon_core.verb:set package 'laser_package_msgs' build argument 'cmake_args' from command line to 'None'
[0.621s] Level 5:colcon.colcon_core.verb:set package 'laser_package_msgs' build argument 'cmake_target' from command line to 'None'
[0.622s] Level 5:colcon.colcon_core.verb:set package 'laser_package_msgs' build argument 'cmake_target_skip_unavailable' from command line to 'False'
[0.622s] Level 5:colcon.colcon_core.verb:set package 'laser_package_msgs' build argument 'cmake_clean_cache' from command line to 'False'
[0.622s] Level 5:colcon.colcon_core.verb:set package 'laser_package_msgs' build argument 'cmake_clean_first' from command line to 'False'
[0.622s] Level 5:colcon.colcon_core.verb:set package 'laser_package_msgs' build argument 'cmake_force_configure' from command line to 'False'
[0.622s] Level 5:colcon.colcon_core.verb:set package 'laser_package_msgs' build argument 'ament_cmake_args' from command line to 'None'
[0.622s] Level 5:colcon.colcon_core.verb:set package 'laser_package_msgs' build argument 'catkin_cmake_args' from command line to 'None'
[0.622s] Level 5:colcon.colcon_core.verb:set package 'laser_package_msgs' build argument 'catkin_skip_building_tests' from command line to 'False'
[0.622s] DEBUG:colcon.colcon_core.verb:Building package 'laser_package_msgs' with the following arguments: {'ament_cmake_args': None, 'build_base': '/home/hyh/ros2_laser/build/laser_package_msgs', 'catkin_cmake_args': None, 'catkin_skip_building_tests': False, 'cmake_args': None, 'cmake_clean_cache': False, 'cmake_clean_first': False, 'cmake_force_configure': False, 'cmake_target': None, 'cmake_target_skip_unavailable': False, 'install_base': '/home/hyh/ros2_laser/install/laser_package_msgs', 'merge_install': False, 'path': '/home/hyh/ros2_laser/src/laser_package_msgs', 'symlink_install': False, 'test_result_base': None}
[0.622s] INFO:colcon.colcon_core.executor:Executing jobs using 'parallel' executor
[0.622s] DEBUG:colcon.colcon_parallel_executor.executor.parallel:run_until_complete
[0.623s] INFO:colcon.colcon_core.task.python.build:Building Python package in '/home/hyh/ros2_laser/src/laser_package'
[0.627s] INFO:colcon.colcon_core.plugin_system:Skipping extension 'colcon_core.shell.bat': Not used on non-Windows systems
[0.627s] INFO:colcon.colcon_core.shell:Skip shell extension 'powershell' for command environment: Not usable outside of PowerShell
[0.627s] DEBUG:colcon.colcon_core.shell:Skip shell extension 'dsv' for command environment
[0.630s] INFO:colcon.colcon_ros.task.ament_cmake.build:Building ROS package in '/home/hyh/ros2_laser/src/laser_package_msgs' with build type 'ament_cmake'
[0.630s] INFO:colcon.colcon_cmake.task.cmake.build:Building CMake package in '/home/hyh/ros2_laser/src/laser_package_msgs'
[0.630s] INFO:colcon.colcon_core.shell:Skip shell extension 'powershell' for command environment: Not usable outside of PowerShell
[0.630s] DEBUG:colcon.colcon_core.shell:Skip shell extension 'dsv' for command environment
[0.785s] DEBUG:colcon.colcon_core.event_handler.log_command:Invoking command in '/home/hyh/ros2_laser/build/laser_package_msgs': CMAKE_PREFIX_PATH=${CMAKE_PREFIX_PATH}:/home/hyh/ros2_prct/install/practice_package:/home/hyh/ros2_study/install/my_first_package:/opt/ros/humble /usr/bin/cmake --build /home/hyh/ros2_laser/build/laser_package_msgs -- -j20 -l20
[1.020s] DEBUG:colcon.colcon_core.event_handler.log_command:Invoked command in '/home/hyh/ros2_laser/build/laser_package_msgs' returned '0': CMAKE_PREFIX_PATH=${CMAKE_PREFIX_PATH}:/home/hyh/ros2_prct/install/practice_package:/home/hyh/ros2_study/install/my_first_package:/opt/ros/humble /usr/bin/cmake --build /home/hyh/ros2_laser/build/laser_package_msgs -- -j20 -l20
[1.028s] DEBUG:colcon.colcon_core.event_handler.log_command:Invoking command in '/home/hyh/ros2_laser/build/laser_package_msgs': CMAKE_PREFIX_PATH=${CMAKE_PREFIX_PATH}:/home/hyh/ros2_prct/install/practice_package:/home/hyh/ros2_study/install/my_first_package:/opt/ros/humble /usr/bin/cmake --install /home/hyh/ros2_laser/build/laser_package_msgs
[1.036s] DEBUG:colcon.colcon_core.event_handler.log_command:Invoking command in '/home/hyh/ros2_laser/src/laser_package': PYTHONPATH=/home/hyh/ros2_laser/build/laser_package/prefix_override:/usr/lib/python3/dist-packages/colcon_core/task/python/colcon_distutils_commands:/home/hyh/ros2_laser/install/laser_package/lib/python3.10/site-packages:${PYTHONPATH} /usr/bin/python3 -W ignore:setup.py install is deprecated -W ignore:easy_install command is deprecated setup.py egg_info --egg-base ../../build/laser_package build --build-base /home/hyh/ros2_laser/build/laser_package/build install --record /home/hyh/ros2_laser/build/laser_package/install.log --single-version-externally-managed install_data
[1.075s] Level 1:colcon.colcon_core.environment:create_environment_scripts_only(laser_package_msgs)
[1.075s] DEBUG:colcon.colcon_core.event_handler.log_command:Invoked command in '/home/hyh/ros2_laser/build/laser_package_msgs' returned '0': CMAKE_PREFIX_PATH=${CMAKE_PREFIX_PATH}:/home/hyh/ros2_prct/install/practice_package:/home/hyh/ros2_study/install/my_first_package:/opt/ros/humble /usr/bin/cmake --install /home/hyh/ros2_laser/build/laser_package_msgs
[1.078s] Level 1:colcon.colcon_core.environment:checking '/home/hyh/ros2_laser/install/laser_package_msgs' for CMake module files
[1.079s] Level 1:colcon.colcon_core.environment:checking '/home/hyh/ros2_laser/install/laser_package_msgs' for CMake config files
[1.081s] Level 1:colcon.colcon_core.shell:create_environment_hook('laser_package_msgs', 'cmake_prefix_path')
[1.081s] INFO:colcon.colcon_core.shell:Creating environment hook '/home/hyh/ros2_laser/install/laser_package_msgs/share/laser_package_msgs/hook/cmake_prefix_path.ps1'
[1.082s] INFO:colcon.colcon_core.shell:Creating environment descriptor '/home/hyh/ros2_laser/install/laser_package_msgs/share/laser_package_msgs/hook/cmake_prefix_path.dsv'
[1.082s] INFO:colcon.colcon_core.shell:Creating environment hook '/home/hyh/ros2_laser/install/laser_package_msgs/share/laser_package_msgs/hook/cmake_prefix_path.sh'
[1.083s] Level 1:colcon.colcon_core.environment:checking '/home/hyh/ros2_laser/install/laser_package_msgs/lib'
[1.083s] Level 1:colcon.colcon_core.shell:create_environment_hook('laser_package_msgs', 'ld_library_path_lib')
[1.083s] INFO:colcon.colcon_core.shell:Creating environment hook '/home/hyh/ros2_laser/install/laser_package_msgs/share/laser_package_msgs/hook/ld_library_path_lib.ps1'
[1.084s] INFO:colcon.colcon_core.shell:Creating environment descriptor '/home/hyh/ros2_laser/install/laser_package_msgs/share/laser_package_msgs/hook/ld_library_path_lib.dsv'
[1.084s] INFO:colcon.colcon_core.shell:Creating environment hook '/home/hyh/ros2_laser/install/laser_package_msgs/share/laser_package_msgs/hook/ld_library_path_lib.sh'
[1.084s] Level 1:colcon.colcon_core.environment:checking '/home/hyh/ros2_laser/install/laser_package_msgs/bin'
[1.084s] Level 1:colcon.colcon_core.environment:checking '/home/hyh/ros2_laser/install/laser_package_msgs/lib/pkgconfig/laser_package_msgs.pc'
[1.084s] Level 1:colcon.colcon_core.environment:checking '/home/hyh/ros2_laser/install/laser_package_msgs/lib/python3.10/site-packages'
[1.084s] Level 1:colcon.colcon_core.environment:checking '/home/hyh/ros2_laser/install/laser_package_msgs/bin'
[1.085s] INFO:colcon.colcon_core.shell:Creating package script '/home/hyh/ros2_laser/install/laser_package_msgs/share/laser_package_msgs/package.ps1'
[1.085s] INFO:colcon.colcon_core.shell:Creating package descriptor '/home/hyh/ros2_laser/install/laser_package_msgs/share/laser_package_msgs/package.dsv'
[1.086s] INFO:colcon.colcon_core.shell:Creating package script '/home/hyh/ros2_laser/install/laser_package_msgs/share/laser_package_msgs/package.sh'
[1.086s] INFO:colcon.colcon_core.shell:Creating package script '/home/hyh/ros2_laser/install/laser_package_msgs/share/laser_package_msgs/package.bash'
[1.087s] INFO:colcon.colcon_core.shell:Creating package script '/home/hyh/ros2_laser/install/laser_package_msgs/share/laser_package_msgs/package.zsh'
[1.088s] Level 1:colcon.colcon_core.environment:create_file_with_runtime_dependencies(/home/hyh/ros2_laser/install/laser_package_msgs/share/colcon-core/packages/laser_package_msgs)
[1.088s] Level 1:colcon.colcon_core.environment:create_environment_scripts_only(laser_package_msgs)
[1.088s] Level 1:colcon.colcon_core.environment:checking '/home/hyh/ros2_laser/install/laser_package_msgs' for CMake module files
[1.088s] Level 1:colcon.colcon_core.environment:checking '/home/hyh/ros2_laser/install/laser_package_msgs' for CMake config files
[1.089s] Level 1:colcon.colcon_core.shell:create_environment_hook('laser_package_msgs', 'cmake_prefix_path')
[1.089s] INFO:colcon.colcon_core.shell:Creating environment hook '/home/hyh/ros2_laser/install/laser_package_msgs/share/laser_package_msgs/hook/cmake_prefix_path.ps1'
[1.089s] INFO:colcon.colcon_core.shell:Creating environment descriptor '/home/hyh/ros2_laser/install/laser_package_msgs/share/laser_package_msgs/hook/cmake_prefix_path.dsv'
[1.089s] INFO:colcon.colcon_core.shell:Creating environment hook '/home/hyh/ros2_laser/install/laser_package_msgs/share/laser_package_msgs/hook/cmake_prefix_path.sh'
[1.090s] Level 1:colcon.colcon_core.environment:checking '/home/hyh/ros2_laser/install/laser_package_msgs/lib'
[1.090s] Level 1:colcon.colcon_core.shell:create_environment_hook('laser_package_msgs', 'ld_library_path_lib')
[1.090s] INFO:colcon.colcon_core.shell:Creating environment hook '/home/hyh/ros2_laser/install/laser_package_msgs/share/laser_package_msgs/hook/ld_library_path_lib.ps1'
[1.090s] INFO:colcon.colcon_core.shell:Creating environment descriptor '/home/hyh/ros2_laser/install/laser_package_msgs/share/laser_package_msgs/hook/ld_library_path_lib.dsv'
[1.090s] INFO:colcon.colcon_core.shell:Creating environment hook '/home/hyh/ros2_laser/install/laser_package_msgs/share/laser_package_msgs/hook/ld_library_path_lib.sh'
[1.090s] Level 1:colcon.colcon_core.environment:checking '/home/hyh/ros2_laser/install/laser_package_msgs/bin'
[1.090s] Level 1:colcon.colcon_core.environment:checking '/home/hyh/ros2_laser/install/laser_package_msgs/lib/pkgconfig/laser_package_msgs.pc'
[1.091s] Level 1:colcon.colcon_core.environment:checking '/home/hyh/ros2_laser/install/laser_package_msgs/lib/python3.10/site-packages'
[1.091s] Level 1:colcon.colcon_core.environment:checking '/home/hyh/ros2_laser/install/laser_package_msgs/bin'
[1.091s] INFO:colcon.colcon_core.shell:Creating package script '/home/hyh/ros2_laser/install/laser_package_msgs/share/laser_package_msgs/package.ps1'
[1.091s] INFO:colcon.colcon_core.shell:Creating package descriptor '/home/hyh/ros2_laser/install/laser_package_msgs/share/laser_package_msgs/package.dsv'
[1.092s] INFO:colcon.colcon_core.shell:Creating package script '/home/hyh/ros2_laser/install/laser_package_msgs/share/laser_package_msgs/package.sh'
[1.092s] INFO:colcon.colcon_core.shell:Creating package script '/home/hyh/ros2_laser/install/laser_package_msgs/share/laser_package_msgs/package.bash'
[1.092s] INFO:colcon.colcon_core.shell:Creating package script '/home/hyh/ros2_laser/install/laser_package_msgs/share/laser_package_msgs/package.zsh'
[1.092s] Level 1:colcon.colcon_core.environment:create_file_with_runtime_dependencies(/home/hyh/ros2_laser/install/laser_package_msgs/share/colcon-core/packages/laser_package_msgs)
[1.205s] Level 1:colcon.colcon_core.environment:checking '/home/hyh/ros2_laser/install/laser_package' for CMake module files
[1.205s] DEBUG:colcon.colcon_core.event_handler.log_command:Invoked command in '/home/hyh/ros2_laser/src/laser_package' returned '0': PYTHONPATH=/home/hyh/ros2_laser/build/laser_package/prefix_override:/usr/lib/python3/dist-packages/colcon_core/task/python/colcon_distutils_commands:/home/hyh/ros2_laser/install/laser_package/lib/python3.10/site-packages:${PYTHONPATH} /usr/bin/python3 -W ignore:setup.py install is deprecated -W ignore:easy_install command is deprecated setup.py egg_info --egg-base ../../build/laser_package build --build-base /home/hyh/ros2_laser/build/laser_package/build install --record /home/hyh/ros2_laser/build/laser_package/install.log --single-version-externally-managed install_data
[1.206s] Level 1:colcon.colcon_core.environment:checking '/home/hyh/ros2_laser/install/laser_package' for CMake config files
[1.207s] Level 1:colcon.colcon_core.environment:checking '/home/hyh/ros2_laser/install/laser_package/lib'
[1.207s] Level 1:colcon.colcon_core.environment:checking '/home/hyh/ros2_laser/install/laser_package/bin'
[1.207s] Level 1:colcon.colcon_core.environment:checking '/home/hyh/ros2_laser/install/laser_package/lib/pkgconfig/laser_package.pc'
[1.208s] Level 1:colcon.colcon_core.environment:checking '/home/hyh/ros2_laser/install/laser_package/lib/python3.10/site-packages'
[1.208s] Level 1:colcon.colcon_core.shell:create_environment_hook('laser_package', 'pythonpath')
[1.208s] INFO:colcon.colcon_core.shell:Creating environment hook '/home/hyh/ros2_laser/install/laser_package/share/laser_package/hook/pythonpath.ps1'
[1.208s] INFO:colcon.colcon_core.shell:Creating environment descriptor '/home/hyh/ros2_laser/install/laser_package/share/laser_package/hook/pythonpath.dsv'
[1.208s] INFO:colcon.colcon_core.shell:Creating environment hook '/home/hyh/ros2_laser/install/laser_package/share/laser_package/hook/pythonpath.sh'
[1.209s] Level 1:colcon.colcon_core.environment:checking '/home/hyh/ros2_laser/install/laser_package/bin'
[1.209s] Level 1:colcon.colcon_core.environment:create_environment_scripts_only(laser_package)
[1.209s] INFO:colcon.colcon_core.shell:Creating package script '/home/hyh/ros2_laser/install/laser_package/share/laser_package/package.ps1'
[1.209s] INFO:colcon.colcon_core.shell:Creating package descriptor '/home/hyh/ros2_laser/install/laser_package/share/laser_package/package.dsv'
[1.209s] INFO:colcon.colcon_core.shell:Creating package script '/home/hyh/ros2_laser/install/laser_package/share/laser_package/package.sh'
[1.210s] INFO:colcon.colcon_core.shell:Creating package script '/home/hyh/ros2_laser/install/laser_package/share/laser_package/package.bash'
[1.210s] INFO:colcon.colcon_core.shell:Creating package script '/home/hyh/ros2_laser/install/laser_package/share/laser_package/package.zsh'
[1.210s] Level 1:colcon.colcon_core.environment:create_file_with_runtime_dependencies(/home/hyh/ros2_laser/install/laser_package/share/colcon-core/packages/laser_package)
[1.210s] DEBUG:colcon.colcon_parallel_executor.executor.parallel:closing loop
[1.211s] DEBUG:colcon.colcon_parallel_executor.executor.parallel:loop closed
[1.211s] DEBUG:colcon.colcon_parallel_executor.executor.parallel:run_until_complete finished with '0'
[1.211s] DEBUG:colcon.colcon_core.event_reactor:joining thread
[1.233s] INFO:colcon.colcon_core.plugin_system:Skipping extension 'colcon_notification.desktop_notification.notify_send': Could not find 'notify-send'
[1.233s] INFO:colcon.colcon_core.plugin_system:Skipping extension 'colcon_notification.desktop_notification.terminal_notifier': Not used on non-Darwin systems
[1.233s] INFO:colcon.colcon_core.plugin_system:Skipping extension 'colcon_notification.desktop_notification.win32': Not used on non-Windows systems
[1.233s] INFO:colcon.colcon_notification.desktop_notification:Sending desktop notification using 'notify2'
[1.233s] DEBUG:colcon.colcon_notification.desktop_notification.notify2:Failed to initialize notify2: org.freedesktop.DBus.Error.FileNotFound: Failed to connect to socket /run/user/1000/bus: No such file or directory
[1.233s] DEBUG:colcon.colcon_core.event_reactor:joined thread
[1.234s] INFO:colcon.colcon_core.shell:Creating prefix script '/home/hyh/ros2_laser/install/local_setup.ps1'
[1.234s] INFO:colcon.colcon_core.shell:Creating prefix util module '/home/hyh/ros2_laser/install/_local_setup_util_ps1.py'
[1.235s] INFO:colcon.colcon_core.shell:Creating prefix chain script '/home/hyh/ros2_laser/install/setup.ps1'
[1.236s] INFO:colcon.colcon_core.shell:Creating prefix script '/home/hyh/ros2_laser/install/local_setup.sh'
[1.237s] INFO:colcon.colcon_core.shell:Creating prefix util module '/home/hyh/ros2_laser/install/_local_setup_util_sh.py'
[1.237s] INFO:colcon.colcon_core.shell:Creating prefix chain script '/home/hyh/ros2_laser/install/setup.sh'
[1.238s] INFO:colcon.colcon_core.shell:Creating prefix script '/home/hyh/ros2_laser/install/local_setup.bash'
[1.238s] INFO:colcon.colcon_core.shell:Creating prefix chain script '/home/hyh/ros2_laser/install/setup.bash'
[1.239s] INFO:colcon.colcon_core.shell:Creating prefix script '/home/hyh/ros2_laser/install/local_setup.zsh'
[1.239s] INFO:colcon.colcon_core.shell:Creating prefix chain script '/home/hyh/ros2_laser/install/setup.zsh'
