[0.412s] Invoking command in '/home/hyh/ros2_study/src/my_first_package': PYTHONPATH=/home/hyh/ros2_study/build/my_first_package/prefix_override:/usr/lib/python3/dist-packages/colcon_core/task/python/colcon_distutils_commands:/home/hyh/ros2_study/install/my_first_package/lib/python3.10/site-packages:${PYTHONPATH} /usr/bin/python3 -W ignore:setup.py install is deprecated -W ignore:easy_install command is deprecated setup.py egg_info --egg-base ../../build/my_first_package build --build-base /home/hyh/ros2_study/build/my_first_package/build install --record /home/hyh/ros2_study/build/my_first_package/install.log --single-version-externally-managed install_data
[0.546s] running egg_info
[0.547s] writing ../../build/my_first_package/my_first_package.egg-info/PKG-INFO
[0.547s] writing dependency_links to ../../build/my_first_package/my_first_package.egg-info/dependency_links.txt
[0.547s] writing entry points to ../../build/my_first_package/my_first_package.egg-info/entry_points.txt
[0.548s] writing requirements to ../../build/my_first_package/my_first_package.egg-info/requires.txt
[0.548s] writing top-level names to ../../build/my_first_package/my_first_package.egg-info/top_level.txt
[0.549s] reading manifest file '../../build/my_first_package/my_first_package.egg-info/SOURCES.txt'
[0.550s] writing manifest file '../../build/my_first_package/my_first_package.egg-info/SOURCES.txt'
[0.550s] running build
[0.550s] running build_py
[0.551s] copying my_first_package/my_multi_ thread.py -> /home/hyh/ros2_study/build/my_first_package/build/lib/my_first_package
[0.551s] running install
[0.551s] running install_lib
[0.552s] copying /home/hyh/ros2_study/build/my_first_package/build/lib/my_first_package/my_multi_ thread.py -> /home/hyh/ros2_study/install/my_first_package/lib/python3.10/site-packages/my_first_package
[0.552s] byte-compiling /home/hyh/ros2_study/install/my_first_package/lib/python3.10/site-packages/my_first_package/my_multi_ thread.py to my_multi_ thread.cpython-310.pyc
[0.553s]   File "/home/hyh/ros2_study/install/my_first_package/lib/python3.10/site-packages/my_first_package/my_multi_ thread.py", line 1
[0.553s]     import rclpy s rp
[0.553s]                  ^
[0.553s] SyntaxError: invalid syntax
[0.553s] 
[0.553s] running install_data
[0.553s] running install_egg_info
[0.554s] removing '/home/hyh/ros2_study/install/my_first_package/lib/python3.10/site-packages/my_first_package-0.0.0-py3.10.egg-info' (and everything under it)
[0.554s] Copying ../../build/my_first_package/my_first_package.egg-info to /home/hyh/ros2_study/install/my_first_package/lib/python3.10/site-packages/my_first_package-0.0.0-py3.10.egg-info
[0.555s] running install_scripts
[0.566s] Installing dist_turtle_action_server script to /home/hyh/ros2_study/install/my_first_package/lib/my_first_package
[0.566s] Installing my_custom_publisher script to /home/hyh/ros2_study/install/my_first_package/lib/my_first_package
[0.566s] Installing my_first_node script to /home/hyh/ros2_study/install/my_first_package/lib/my_first_package
[0.566s] Installing my_multi_thread script to /home/hyh/ros2_study/install/my_first_package/lib/my_first_package
[0.567s] Installing my_publisher script to /home/hyh/ros2_study/install/my_first_package/lib/my_first_package
[0.567s] Installing my_service_server script to /home/hyh/ros2_study/install/my_first_package/lib/my_first_package
[0.567s] Installing my_subscriber script to /home/hyh/ros2_study/install/my_first_package/lib/my_first_package
[0.567s] Installing turtle_cmd_and_pose script to /home/hyh/ros2_study/install/my_first_package/lib/my_first_package
[0.568s] writing list of installed files to '/home/hyh/ros2_study/build/my_first_package/install.log'
[0.580s] Invoked command in '/home/hyh/ros2_study/src/my_first_package' returned '0': PYTHONPATH=/home/hyh/ros2_study/build/my_first_package/prefix_override:/usr/lib/python3/dist-packages/colcon_core/task/python/colcon_distutils_commands:/home/hyh/ros2_study/install/my_first_package/lib/python3.10/site-packages:${PYTHONPATH} /usr/bin/python3 -W ignore:setup.py install is deprecated -W ignore:easy_install command is deprecated setup.py egg_info --egg-base ../../build/my_first_package build --build-base /home/hyh/ros2_study/build/my_first_package/build install --record /home/hyh/ros2_study/build/my_first_package/install.log --single-version-externally-managed install_data
