[0.157s] Invoking command in '/home/hyh/ros2_prct/build/practice_package_msgs': CMAKE_PREFIX_PATH=${CMAKE_PREFIX_PATH}:/home/hyh/ros2_prct/install/practice_package:/home/hyh/ros2_study/install/my_first_package:/opt/ros/humble /usr/bin/cmake --build /home/hyh/ros2_prct/build/practice_package_msgs -- -j20 -l20
[0.190s] -- Found ament_cmake: 1.3.12 (/opt/ros/humble/share/ament_cmake/cmake)
[0.289s] -- Found rosidl_default_generators: 1.2.0 (/opt/ros/humble/share/rosidl_default_generators/cmake)
[0.291s] -- Using all available rosidl_typesupport_c: rosidl_typesupport_fastrtps_c;rosidl_typesupport_introspection_c
[0.294s] -- Found rosidl_adapter: 3.1.7 (/opt/ros/humble/share/rosidl_adapter/cmake)
[0.388s] -- Using all available rosidl_typesupport_cpp: rosidl_typesupport_fastrtps_cpp;rosidl_typesupport_introspection_cpp
[0.570s] -- Found ament_cmake_ros: 0.10.0 (/opt/ros/humble/share/ament_cmake_ros/cmake)
[0.679s] -- Using all available rosidl_typesupport_c: rosidl_typesupport_fastrtps_c;rosidl_typesupport_introspection_c
[0.838s] -- Using all available rosidl_typesupport_cpp: rosidl_typesupport_fastrtps_cpp;rosidl_typesupport_introspection_cpp
[0.857s] -- Found python_cmake_module: 0.10.0 (/opt/ros/humble/share/python_cmake_module/cmake)
[0.872s] -- Using PYTHON_EXECUTABLE: /usr/bin/python3
[0.872s] -- Using PYTHON_INCLUDE_DIRS: /usr/include/python3.10
[0.872s] -- Using PYTHON_LIBRARIES: /usr/lib/x86_64-linux-gnu/libpython3.10.so
[0.880s] -- Found ament_lint_auto: 0.12.14 (/opt/ros/humble/share/ament_lint_auto/cmake)
[0.896s] -- Added test 'lint_cmake' to check CMake code style
[0.897s] -- Added test 'xmllint' to check XML markup files
[0.900s] -- Configuring done
[0.934s] -- Generating done
[0.941s] -- Build files have been written to: /home/hyh/ros2_prct/build/practice_package_msgs
[0.958s] [35m[1mConsolidate compiler generated dependencies of target practice_package_msgs__rosidl_generator_c[0m
[0.963s] [  3%] Built target practice_package_msgs__cpp
[0.964s] [ 12%] Built target practice_package_msgs__rosidl_generator_c
[0.970s] [35m[1mConsolidate compiler generated dependencies of target practice_package_msgs__rosidl_typesupport_introspection_cpp[0m
[0.970s] [35m[1mConsolidate compiler generated dependencies of target practice_package_msgs__rosidl_typesupport_cpp[0m
[0.970s] [35m[1mConsolidate compiler generated dependencies of target practice_package_msgs__rosidl_typesupport_fastrtps_cpp[0m
[0.970s] [35m[1mConsolidate compiler generated dependencies of target practice_package_msgs__rosidl_typesupport_fastrtps_c[0m
[0.971s] [35m[1mConsolidate compiler generated dependencies of target practice_package_msgs__rosidl_typesupport_introspection_c[0m
[0.971s] [35m[1mConsolidate compiler generated dependencies of target practice_package_msgs__rosidl_typesupport_c[0m
[0.973s] [ 12%] Built target ament_cmake_python_copy_practice_package_msgs
[0.978s] [ 41%] Built target practice_package_msgs__rosidl_typesupport_introspection_c
[0.978s] [ 41%] Built target practice_package_msgs__rosidl_typesupport_c
[0.978s] [ 41%] Built target practice_package_msgs__rosidl_typesupport_introspection_cpp
[0.978s] [ 51%] Built target practice_package_msgs__rosidl_typesupport_fastrtps_c
[0.978s] [ 61%] Built target practice_package_msgs__rosidl_typesupport_cpp
[0.979s] [ 70%] Built target practice_package_msgs__rosidl_typesupport_fastrtps_cpp
[0.990s] [ 70%] Built target practice_package_msgs
[1.001s] [ 74%] Built target practice_package_msgs__py
[1.007s] [35m[1mConsolidate compiler generated dependencies of target practice_package_msgs__rosidl_generator_py[0m
[1.014s] [ 80%] Built target practice_package_msgs__rosidl_generator_py
[1.020s] [35m[1mConsolidate compiler generated dependencies of target practice_package_msgs__rosidl_typesupport_c__pyext[0m
[1.020s] [35m[1mConsolidate compiler generated dependencies of target practice_package_msgs__rosidl_typesupport_fastrtps_c__pyext[0m
[1.020s] [35m[1mConsolidate compiler generated dependencies of target practice_package_msgs__rosidl_typesupport_introspection_c__pyext[0m
[1.027s] [100%] Built target practice_package_msgs__rosidl_typesupport_introspection_c__pyext
[1.028s] [100%] Built target practice_package_msgs__rosidl_typesupport_fastrtps_c__pyext
[1.028s] [100%] Built target practice_package_msgs__rosidl_typesupport_c__pyext
[1.115s] running egg_info
[1.116s] writing practice_package_msgs.egg-info/PKG-INFO
[1.116s] writing dependency_links to practice_package_msgs.egg-info/dependency_links.txt
[1.116s] writing top-level names to practice_package_msgs.egg-info/top_level.txt
[1.117s] reading manifest file 'practice_package_msgs.egg-info/SOURCES.txt'
[1.118s] writing manifest file 'practice_package_msgs.egg-info/SOURCES.txt'
[1.132s] [100%] Built target ament_cmake_python_build_practice_package_msgs_egg
[1.138s] Invoked command in '/home/hyh/ros2_prct/build/practice_package_msgs' returned '0': CMAKE_PREFIX_PATH=${CMAKE_PREFIX_PATH}:/home/hyh/ros2_prct/install/practice_package:/home/hyh/ros2_study/install/my_first_package:/opt/ros/humble /usr/bin/cmake --build /home/hyh/ros2_prct/build/practice_package_msgs -- -j20 -l20
[1.144s] Invoking command in '/home/hyh/ros2_prct/build/practice_package_msgs': CMAKE_PREFIX_PATH=${CMAKE_PREFIX_PATH}:/home/hyh/ros2_prct/install/practice_package:/home/hyh/ros2_study/install/my_first_package:/opt/ros/humble /usr/bin/cmake --install /home/hyh/ros2_prct/build/practice_package_msgs
[1.148s] -- Install configuration: ""
[1.148s] -- Up-to-date: /home/hyh/ros2_prct/install/practice_package_msgs/share/ament_index/resource_index/rosidl_interfaces/practice_package_msgs
[1.148s] -- Up-to-date: /home/hyh/ros2_prct/install/practice_package_msgs/include/practice_package_msgs/practice_package_msgs
[1.148s] -- Up-to-date: /home/hyh/ros2_prct/install/practice_package_msgs/include/practice_package_msgs/practice_package_msgs/msg
[1.148s] -- Up-to-date: /home/hyh/ros2_prct/install/practice_package_msgs/include/practice_package_msgs/practice_package_msgs/msg/detail
[1.148s] -- Up-to-date: /home/hyh/ros2_prct/install/practice_package_msgs/include/practice_package_msgs/practice_package_msgs/msg/detail/pose_to_val__functions.c
[1.149s] -- Up-to-date: /home/hyh/ros2_prct/install/practice_package_msgs/include/practice_package_msgs/practice_package_msgs/msg/detail/pose_to_val__struct.h
[1.149s] -- Up-to-date: /home/hyh/ros2_prct/install/practice_package_msgs/include/practice_package_msgs/practice_package_msgs/msg/detail/pose_to_val__functions.h
[1.149s] -- Up-to-date: /home/hyh/ros2_prct/install/practice_package_msgs/include/practice_package_msgs/practice_package_msgs/msg/detail/pose_to_val__type_support.h
[1.149s] -- Up-to-date: /home/hyh/ros2_prct/install/practice_package_msgs/include/practice_package_msgs/practice_package_msgs/msg/rosidl_generator_c__visibility_control.h
[1.149s] -- Up-to-date: /home/hyh/ros2_prct/install/practice_package_msgs/include/practice_package_msgs/practice_package_msgs/msg/pose_to_val.h
[1.149s] -- Up-to-date: /home/hyh/ros2_prct/install/practice_package_msgs/share/practice_package_msgs/environment/library_path.sh
[1.149s] -- Installing: /home/hyh/ros2_prct/install/practice_package_msgs/share/practice_package_msgs/environment/library_path.dsv
[1.149s] -- Up-to-date: /home/hyh/ros2_prct/install/practice_package_msgs/lib/libpractice_package_msgs__rosidl_generator_c.so
[1.149s] -- Up-to-date: /home/hyh/ros2_prct/install/practice_package_msgs/include/practice_package_msgs/practice_package_msgs
[1.150s] -- Up-to-date: /home/hyh/ros2_prct/install/practice_package_msgs/include/practice_package_msgs/practice_package_msgs/msg
[1.150s] -- Up-to-date: /home/hyh/ros2_prct/install/practice_package_msgs/include/practice_package_msgs/practice_package_msgs/msg/detail
[1.150s] -- Up-to-date: /home/hyh/ros2_prct/install/practice_package_msgs/include/practice_package_msgs/practice_package_msgs/msg/detail/pose_to_val__rosidl_typesupport_fastrtps_c.h
[1.150s] -- Up-to-date: /home/hyh/ros2_prct/install/practice_package_msgs/include/practice_package_msgs/practice_package_msgs/msg/rosidl_typesupport_fastrtps_c__visibility_control.h
[1.150s] -- Up-to-date: /home/hyh/ros2_prct/install/practice_package_msgs/lib/libpractice_package_msgs__rosidl_typesupport_fastrtps_c.so
[1.150s] -- Up-to-date: /home/hyh/ros2_prct/install/practice_package_msgs/include/practice_package_msgs/practice_package_msgs
[1.151s] -- Up-to-date: /home/hyh/ros2_prct/install/practice_package_msgs/include/practice_package_msgs/practice_package_msgs/msg
[1.151s] -- Up-to-date: /home/hyh/ros2_prct/install/practice_package_msgs/include/practice_package_msgs/practice_package_msgs/msg/detail
[1.151s] -- Up-to-date: /home/hyh/ros2_prct/install/practice_package_msgs/include/practice_package_msgs/practice_package_msgs/msg/detail/pose_to_val__rosidl_typesupport_introspection_c.h
[1.151s] -- Up-to-date: /home/hyh/ros2_prct/install/practice_package_msgs/include/practice_package_msgs/practice_package_msgs/msg/detail/pose_to_val__type_support.c
[1.151s] -- Up-to-date: /home/hyh/ros2_prct/install/practice_package_msgs/include/practice_package_msgs/practice_package_msgs/msg/rosidl_typesupport_introspection_c__visibility_control.h
[1.151s] -- Up-to-date: /home/hyh/ros2_prct/install/practice_package_msgs/lib/libpractice_package_msgs__rosidl_typesupport_introspection_c.so
[1.152s] -- Up-to-date: /home/hyh/ros2_prct/install/practice_package_msgs/lib/libpractice_package_msgs__rosidl_typesupport_c.so
[1.152s] -- Up-to-date: /home/hyh/ros2_prct/install/practice_package_msgs/include/practice_package_msgs/practice_package_msgs
[1.152s] -- Up-to-date: /home/hyh/ros2_prct/install/practice_package_msgs/include/practice_package_msgs/practice_package_msgs/msg
[1.152s] -- Up-to-date: /home/hyh/ros2_prct/install/practice_package_msgs/include/practice_package_msgs/practice_package_msgs/msg/detail
[1.152s] -- Up-to-date: /home/hyh/ros2_prct/install/practice_package_msgs/include/practice_package_msgs/practice_package_msgs/msg/detail/pose_to_val__struct.hpp
[1.152s] -- Up-to-date: /home/hyh/ros2_prct/install/practice_package_msgs/include/practice_package_msgs/practice_package_msgs/msg/detail/pose_to_val__traits.hpp
[1.152s] -- Up-to-date: /home/hyh/ros2_prct/install/practice_package_msgs/include/practice_package_msgs/practice_package_msgs/msg/detail/pose_to_val__builder.hpp
[1.152s] -- Up-to-date: /home/hyh/ros2_prct/install/practice_package_msgs/include/practice_package_msgs/practice_package_msgs/msg/detail/pose_to_val__type_support.hpp
[1.153s] -- Up-to-date: /home/hyh/ros2_prct/install/practice_package_msgs/include/practice_package_msgs/practice_package_msgs/msg/rosidl_generator_cpp__visibility_control.hpp
[1.153s] -- Up-to-date: /home/hyh/ros2_prct/install/practice_package_msgs/include/practice_package_msgs/practice_package_msgs/msg/pose_to_val.hpp
[1.153s] -- Up-to-date: /home/hyh/ros2_prct/install/practice_package_msgs/include/practice_package_msgs/practice_package_msgs
[1.153s] -- Up-to-date: /home/hyh/ros2_prct/install/practice_package_msgs/include/practice_package_msgs/practice_package_msgs/msg
[1.153s] -- Up-to-date: /home/hyh/ros2_prct/install/practice_package_msgs/include/practice_package_msgs/practice_package_msgs/msg/detail
[1.153s] -- Up-to-date: /home/hyh/ros2_prct/install/practice_package_msgs/include/practice_package_msgs/practice_package_msgs/msg/detail/dds_fastrtps
[1.153s] -- Up-to-date: /home/hyh/ros2_prct/install/practice_package_msgs/include/practice_package_msgs/practice_package_msgs/msg/detail/pose_to_val__rosidl_typesupport_fastrtps_cpp.hpp
[1.153s] -- Up-to-date: /home/hyh/ros2_prct/install/practice_package_msgs/include/practice_package_msgs/practice_package_msgs/msg/rosidl_typesupport_fastrtps_cpp__visibility_control.h
[1.153s] -- Up-to-date: /home/hyh/ros2_prct/install/practice_package_msgs/lib/libpractice_package_msgs__rosidl_typesupport_fastrtps_cpp.so
[1.153s] -- Up-to-date: /home/hyh/ros2_prct/install/practice_package_msgs/include/practice_package_msgs/practice_package_msgs
[1.154s] -- Up-to-date: /home/hyh/ros2_prct/install/practice_package_msgs/include/practice_package_msgs/practice_package_msgs/msg
[1.154s] -- Up-to-date: /home/hyh/ros2_prct/install/practice_package_msgs/include/practice_package_msgs/practice_package_msgs/msg/detail
[1.154s] -- Up-to-date: /home/hyh/ros2_prct/install/practice_package_msgs/include/practice_package_msgs/practice_package_msgs/msg/detail/pose_to_val__type_support.cpp
[1.154s] -- Up-to-date: /home/hyh/ros2_prct/install/practice_package_msgs/include/practice_package_msgs/practice_package_msgs/msg/detail/pose_to_val__rosidl_typesupport_introspection_cpp.hpp
[1.154s] -- Up-to-date: /home/hyh/ros2_prct/install/practice_package_msgs/lib/libpractice_package_msgs__rosidl_typesupport_introspection_cpp.so
[1.155s] -- Up-to-date: /home/hyh/ros2_prct/install/practice_package_msgs/lib/libpractice_package_msgs__rosidl_typesupport_cpp.so
[1.155s] -- Up-to-date: /home/hyh/ros2_prct/install/practice_package_msgs/share/practice_package_msgs/environment/pythonpath.sh
[1.155s] -- Installing: /home/hyh/ros2_prct/install/practice_package_msgs/share/practice_package_msgs/environment/pythonpath.dsv
[1.155s] -- Up-to-date: /home/hyh/ros2_prct/install/practice_package_msgs/local/lib/python3.10/dist-packages/practice_package_msgs-0.0.0-py3.10.egg-info
[1.155s] -- Installing: /home/hyh/ros2_prct/install/practice_package_msgs/local/lib/python3.10/dist-packages/practice_package_msgs-0.0.0-py3.10.egg-info/dependency_links.txt
[1.155s] -- Installing: /home/hyh/ros2_prct/install/practice_package_msgs/local/lib/python3.10/dist-packages/practice_package_msgs-0.0.0-py3.10.egg-info/SOURCES.txt
[1.156s] -- Installing: /home/hyh/ros2_prct/install/practice_package_msgs/local/lib/python3.10/dist-packages/practice_package_msgs-0.0.0-py3.10.egg-info/PKG-INFO
[1.156s] -- Installing: /home/hyh/ros2_prct/install/practice_package_msgs/local/lib/python3.10/dist-packages/practice_package_msgs-0.0.0-py3.10.egg-info/top_level.txt
[1.156s] -- Up-to-date: /home/hyh/ros2_prct/install/practice_package_msgs/local/lib/python3.10/dist-packages/practice_package_msgs
[1.156s] -- Installing: /home/hyh/ros2_prct/install/practice_package_msgs/local/lib/python3.10/dist-packages/practice_package_msgs/__init__.py
[1.156s] -- Up-to-date: /home/hyh/ros2_prct/install/practice_package_msgs/local/lib/python3.10/dist-packages/practice_package_msgs/msg
[1.156s] -- Up-to-date: /home/hyh/ros2_prct/install/practice_package_msgs/local/lib/python3.10/dist-packages/practice_package_msgs/msg/__init__.py
[1.156s] -- Up-to-date: /home/hyh/ros2_prct/install/practice_package_msgs/local/lib/python3.10/dist-packages/practice_package_msgs/msg/_pose_to_val.py
[1.156s] -- Up-to-date: /home/hyh/ros2_prct/install/practice_package_msgs/local/lib/python3.10/dist-packages/practice_package_msgs/msg/_pose_to_val_s.c
[1.156s] -- Up-to-date: /home/hyh/ros2_prct/install/practice_package_msgs/local/lib/python3.10/dist-packages/practice_package_msgs/libpractice_package_msgs__rosidl_generator_py.so
[1.156s] -- Up-to-date: /home/hyh/ros2_prct/install/practice_package_msgs/local/lib/python3.10/dist-packages/practice_package_msgs/practice_package_msgs_s__rosidl_typesupport_fastrtps_c.cpython-310-x86_64-linux-gnu.so
[1.156s] -- Up-to-date: /home/hyh/ros2_prct/install/practice_package_msgs/local/lib/python3.10/dist-packages/practice_package_msgs/_practice_package_msgs_s.ep.rosidl_typesupport_c.c
[1.156s] -- Up-to-date: /home/hyh/ros2_prct/install/practice_package_msgs/local/lib/python3.10/dist-packages/practice_package_msgs/practice_package_msgs_s__rosidl_typesupport_introspection_c.cpython-310-x86_64-linux-gnu.so
[1.156s] -- Up-to-date: /home/hyh/ros2_prct/install/practice_package_msgs/local/lib/python3.10/dist-packages/practice_package_msgs/_practice_package_msgs_s.ep.rosidl_typesupport_fastrtps_c.c
[1.157s] -- Up-to-date: /home/hyh/ros2_prct/install/practice_package_msgs/local/lib/python3.10/dist-packages/practice_package_msgs/_practice_package_msgs_s.ep.rosidl_typesupport_introspection_c.c
[1.157s] -- Up-to-date: /home/hyh/ros2_prct/install/practice_package_msgs/local/lib/python3.10/dist-packages/practice_package_msgs/practice_package_msgs_s__rosidl_typesupport_c.cpython-310-x86_64-linux-gnu.so
[1.177s] Listing '/home/hyh/ros2_prct/install/practice_package_msgs/local/lib/python3.10/dist-packages/practice_package_msgs'...
[1.177s] Compiling '/home/hyh/ros2_prct/install/practice_package_msgs/local/lib/python3.10/dist-packages/practice_package_msgs/__init__.py'...
[1.177s] Listing '/home/hyh/ros2_prct/install/practice_package_msgs/local/lib/python3.10/dist-packages/practice_package_msgs/msg'...
[1.181s] -- Up-to-date: /home/hyh/ros2_prct/install/practice_package_msgs/local/lib/python3.10/dist-packages/practice_package_msgs/practice_package_msgs_s__rosidl_typesupport_fastrtps_c.cpython-310-x86_64-linux-gnu.so
[1.181s] -- Up-to-date: /home/hyh/ros2_prct/install/practice_package_msgs/local/lib/python3.10/dist-packages/practice_package_msgs/practice_package_msgs_s__rosidl_typesupport_introspection_c.cpython-310-x86_64-linux-gnu.so
[1.181s] -- Up-to-date: /home/hyh/ros2_prct/install/practice_package_msgs/local/lib/python3.10/dist-packages/practice_package_msgs/practice_package_msgs_s__rosidl_typesupport_c.cpython-310-x86_64-linux-gnu.so
[1.182s] -- Up-to-date: /home/hyh/ros2_prct/install/practice_package_msgs/lib/libpractice_package_msgs__rosidl_generator_py.so
[1.182s] -- Up-to-date: /home/hyh/ros2_prct/install/practice_package_msgs/share/practice_package_msgs/msg/PoseToVal.idl
[1.182s] -- Installing: /home/hyh/ros2_prct/install/practice_package_msgs/share/practice_package_msgs/msg/PoseToVal.msg
[1.182s] -- Up-to-date: /home/hyh/ros2_prct/install/practice_package_msgs/share/ament_index/resource_index/package_run_dependencies/practice_package_msgs
[1.182s] -- Up-to-date: /home/hyh/ros2_prct/install/practice_package_msgs/share/ament_index/resource_index/parent_prefix_path/practice_package_msgs
[1.182s] -- Up-to-date: /home/hyh/ros2_prct/install/practice_package_msgs/share/practice_package_msgs/environment/ament_prefix_path.sh
[1.182s] -- Installing: /home/hyh/ros2_prct/install/practice_package_msgs/share/practice_package_msgs/environment/ament_prefix_path.dsv
[1.183s] -- Up-to-date: /home/hyh/ros2_prct/install/practice_package_msgs/share/practice_package_msgs/environment/path.sh
[1.183s] -- Installing: /home/hyh/ros2_prct/install/practice_package_msgs/share/practice_package_msgs/environment/path.dsv
[1.183s] -- Up-to-date: /home/hyh/ros2_prct/install/practice_package_msgs/share/practice_package_msgs/local_setup.bash
[1.183s] -- Up-to-date: /home/hyh/ros2_prct/install/practice_package_msgs/share/practice_package_msgs/local_setup.sh
[1.183s] -- Up-to-date: /home/hyh/ros2_prct/install/practice_package_msgs/share/practice_package_msgs/local_setup.zsh
[1.183s] -- Installing: /home/hyh/ros2_prct/install/practice_package_msgs/share/practice_package_msgs/local_setup.dsv
[1.183s] -- Installing: /home/hyh/ros2_prct/install/practice_package_msgs/share/practice_package_msgs/package.dsv
[1.183s] -- Up-to-date: /home/hyh/ros2_prct/install/practice_package_msgs/share/ament_index/resource_index/packages/practice_package_msgs
[1.183s] -- Up-to-date: /home/hyh/ros2_prct/install/practice_package_msgs/share/practice_package_msgs/cmake/export_practice_package_msgs__rosidl_generator_cExport.cmake
[1.183s] -- Up-to-date: /home/hyh/ros2_prct/install/practice_package_msgs/share/practice_package_msgs/cmake/export_practice_package_msgs__rosidl_generator_cExport-noconfig.cmake
[1.184s] -- Up-to-date: /home/hyh/ros2_prct/install/practice_package_msgs/share/practice_package_msgs/cmake/export_practice_package_msgs__rosidl_typesupport_fastrtps_cExport.cmake
[1.184s] -- Up-to-date: /home/hyh/ros2_prct/install/practice_package_msgs/share/practice_package_msgs/cmake/export_practice_package_msgs__rosidl_typesupport_fastrtps_cExport-noconfig.cmake
[1.184s] -- Up-to-date: /home/hyh/ros2_prct/install/practice_package_msgs/share/practice_package_msgs/cmake/practice_package_msgs__rosidl_typesupport_introspection_cExport.cmake
[1.184s] -- Up-to-date: /home/hyh/ros2_prct/install/practice_package_msgs/share/practice_package_msgs/cmake/practice_package_msgs__rosidl_typesupport_introspection_cExport-noconfig.cmake
[1.184s] -- Up-to-date: /home/hyh/ros2_prct/install/practice_package_msgs/share/practice_package_msgs/cmake/practice_package_msgs__rosidl_typesupport_cExport.cmake
[1.184s] -- Up-to-date: /home/hyh/ros2_prct/install/practice_package_msgs/share/practice_package_msgs/cmake/practice_package_msgs__rosidl_typesupport_cExport-noconfig.cmake
[1.184s] -- Up-to-date: /home/hyh/ros2_prct/install/practice_package_msgs/share/practice_package_msgs/cmake/export_practice_package_msgs__rosidl_generator_cppExport.cmake
[1.185s] -- Up-to-date: /home/hyh/ros2_prct/install/practice_package_msgs/share/practice_package_msgs/cmake/export_practice_package_msgs__rosidl_typesupport_fastrtps_cppExport.cmake
[1.185s] -- Up-to-date: /home/hyh/ros2_prct/install/practice_package_msgs/share/practice_package_msgs/cmake/export_practice_package_msgs__rosidl_typesupport_fastrtps_cppExport-noconfig.cmake
[1.185s] -- Up-to-date: /home/hyh/ros2_prct/install/practice_package_msgs/share/practice_package_msgs/cmake/practice_package_msgs__rosidl_typesupport_introspection_cppExport.cmake
[1.185s] -- Up-to-date: /home/hyh/ros2_prct/install/practice_package_msgs/share/practice_package_msgs/cmake/practice_package_msgs__rosidl_typesupport_introspection_cppExport-noconfig.cmake
[1.185s] -- Up-to-date: /home/hyh/ros2_prct/install/practice_package_msgs/share/practice_package_msgs/cmake/practice_package_msgs__rosidl_typesupport_cppExport.cmake
[1.185s] -- Up-to-date: /home/hyh/ros2_prct/install/practice_package_msgs/share/practice_package_msgs/cmake/practice_package_msgs__rosidl_typesupport_cppExport-noconfig.cmake
[1.185s] -- Up-to-date: /home/hyh/ros2_prct/install/practice_package_msgs/share/practice_package_msgs/cmake/export_practice_package_msgs__rosidl_generator_pyExport.cmake
[1.186s] -- Up-to-date: /home/hyh/ros2_prct/install/practice_package_msgs/share/practice_package_msgs/cmake/export_practice_package_msgs__rosidl_generator_pyExport-noconfig.cmake
[1.186s] -- Up-to-date: /home/hyh/ros2_prct/install/practice_package_msgs/share/practice_package_msgs/cmake/rosidl_cmake-extras.cmake
[1.186s] -- Up-to-date: /home/hyh/ros2_prct/install/practice_package_msgs/share/practice_package_msgs/cmake/ament_cmake_export_include_directories-extras.cmake
[1.186s] -- Up-to-date: /home/hyh/ros2_prct/install/practice_package_msgs/share/practice_package_msgs/cmake/ament_cmake_export_libraries-extras.cmake
[1.186s] -- Up-to-date: /home/hyh/ros2_prct/install/practice_package_msgs/share/practice_package_msgs/cmake/ament_cmake_export_targets-extras.cmake
[1.186s] -- Up-to-date: /home/hyh/ros2_prct/install/practice_package_msgs/share/practice_package_msgs/cmake/rosidl_cmake_export_typesupport_targets-extras.cmake
[1.186s] -- Up-to-date: /home/hyh/ros2_prct/install/practice_package_msgs/share/practice_package_msgs/cmake/ament_cmake_export_dependencies-extras.cmake
[1.186s] -- Up-to-date: /home/hyh/ros2_prct/install/practice_package_msgs/share/practice_package_msgs/cmake/rosidl_cmake_export_typesupport_libraries-extras.cmake
[1.186s] -- Up-to-date: /home/hyh/ros2_prct/install/practice_package_msgs/share/practice_package_msgs/cmake/practice_package_msgsConfig.cmake
[1.186s] -- Up-to-date: /home/hyh/ros2_prct/install/practice_package_msgs/share/practice_package_msgs/cmake/practice_package_msgsConfig-version.cmake
[1.186s] -- Up-to-date: /home/hyh/ros2_prct/install/practice_package_msgs/share/practice_package_msgs/package.xml
[1.188s] Invoked command in '/home/hyh/ros2_prct/build/practice_package_msgs' returned '0': CMAKE_PREFIX_PATH=${CMAKE_PREFIX_PATH}:/home/hyh/ros2_prct/install/practice_package:/home/hyh/ros2_study/install/my_first_package:/opt/ros/humble /usr/bin/cmake --install /home/hyh/ros2_prct/build/practice_package_msgs
