[0.165s] Invoking command in '/home/hyh/ros2_laser/build/laser_package_msgs': CMAKE_PREFIX_PATH=${CMAKE_PREFIX_PATH}:/home/hyh/ros2_laser/install/laser_package:/home/hyh/ros2_prct/install/practice_package:/home/hyh/ros2_study/install/my_first_package:/opt/ros/humble /usr/bin/cmake --build /home/hyh/ros2_laser/build/laser_package_msgs -- -j20 -l20
[0.194s] [  3%] Built target laser_package_msgs__cpp
[0.194s] [ 12%] Built target laser_package_msgs__rosidl_generator_c
[0.200s] [ 12%] Built target ament_cmake_python_copy_laser_package_msgs
[0.208s] [ 25%] Built target laser_package_msgs__rosidl_typesupport_fastrtps_cpp
[0.208s] [ 35%] Built target laser_package_msgs__rosidl_typesupport_fastrtps_c
[0.208s] [ 41%] Built target laser_package_msgs__rosidl_typesupport_c
[0.209s] [ 51%] Built target laser_package_msgs__rosidl_typesupport_introspection_cpp
[0.210s] [ 61%] Built target laser_package_msgs__rosidl_typesupport_cpp
[0.210s] [ 70%] Built target laser_package_msgs__rosidl_typesupport_introspection_c
[0.223s] [ 70%] Built target laser_package_msgs
[0.235s] [ 74%] Built target laser_package_msgs__py
[0.248s] [ 80%] Built target laser_package_msgs__rosidl_generator_py
[0.262s] [ 93%] Built target laser_package_msgs__rosidl_typesupport_introspection_c__pyext
[0.262s] [100%] Built target laser_package_msgs__rosidl_typesupport_fastrtps_c__pyext
[0.262s] [100%] Built target laser_package_msgs__rosidl_typesupport_c__pyext
[0.352s] running egg_info
[0.353s] writing laser_package_msgs.egg-info/PKG-INFO
[0.353s] writing dependency_links to laser_package_msgs.egg-info/dependency_links.txt
[0.354s] writing top-level names to laser_package_msgs.egg-info/top_level.txt
[0.355s] reading manifest file 'laser_package_msgs.egg-info/SOURCES.txt'
[0.355s] writing manifest file 'laser_package_msgs.egg-info/SOURCES.txt'
[0.371s] [100%] Built target ament_cmake_python_build_laser_package_msgs_egg
[0.379s] Invoked command in '/home/hyh/ros2_laser/build/laser_package_msgs' returned '0': CMAKE_PREFIX_PATH=${CMAKE_PREFIX_PATH}:/home/hyh/ros2_laser/install/laser_package:/home/hyh/ros2_prct/install/practice_package:/home/hyh/ros2_study/install/my_first_package:/opt/ros/humble /usr/bin/cmake --build /home/hyh/ros2_laser/build/laser_package_msgs -- -j20 -l20
[0.386s] Invoking command in '/home/hyh/ros2_laser/build/laser_package_msgs': CMAKE_PREFIX_PATH=${CMAKE_PREFIX_PATH}:/home/hyh/ros2_laser/install/laser_package:/home/hyh/ros2_prct/install/practice_package:/home/hyh/ros2_study/install/my_first_package:/opt/ros/humble /usr/bin/cmake --install /home/hyh/ros2_laser/build/laser_package_msgs
[0.390s] -- Install configuration: ""
[0.390s] -- Up-to-date: /home/hyh/ros2_laser/install/laser_package_msgs/share/ament_index/resource_index/rosidl_interfaces/laser_package_msgs
[0.390s] -- Up-to-date: /home/hyh/ros2_laser/install/laser_package_msgs/include/laser_package_msgs/laser_package_msgs
[0.390s] -- Up-to-date: /home/hyh/ros2_laser/install/laser_package_msgs/include/laser_package_msgs/laser_package_msgs/msg
[0.391s] -- Up-to-date: /home/hyh/ros2_laser/install/laser_package_msgs/include/laser_package_msgs/laser_package_msgs/msg/detail
[0.391s] -- Up-to-date: /home/hyh/ros2_laser/install/laser_package_msgs/include/laser_package_msgs/laser_package_msgs/msg/detail/laser__functions.h
[0.391s] -- Up-to-date: /home/hyh/ros2_laser/install/laser_package_msgs/include/laser_package_msgs/laser_package_msgs/msg/detail/laser__struct.h
[0.391s] -- Up-to-date: /home/hyh/ros2_laser/install/laser_package_msgs/include/laser_package_msgs/laser_package_msgs/msg/detail/laser__type_support.h
[0.391s] -- Up-to-date: /home/hyh/ros2_laser/install/laser_package_msgs/include/laser_package_msgs/laser_package_msgs/msg/detail/laser__functions.c
[0.391s] -- Up-to-date: /home/hyh/ros2_laser/install/laser_package_msgs/include/laser_package_msgs/laser_package_msgs/msg/rosidl_generator_c__visibility_control.h
[0.391s] -- Up-to-date: /home/hyh/ros2_laser/install/laser_package_msgs/include/laser_package_msgs/laser_package_msgs/msg/laser.h
[0.391s] -- Up-to-date: /home/hyh/ros2_laser/install/laser_package_msgs/share/laser_package_msgs/environment/library_path.sh
[0.391s] -- Up-to-date: /home/hyh/ros2_laser/install/laser_package_msgs/share/laser_package_msgs/environment/library_path.dsv
[0.391s] -- Up-to-date: /home/hyh/ros2_laser/install/laser_package_msgs/lib/liblaser_package_msgs__rosidl_generator_c.so
[0.391s] -- Up-to-date: /home/hyh/ros2_laser/install/laser_package_msgs/include/laser_package_msgs/laser_package_msgs
[0.392s] -- Up-to-date: /home/hyh/ros2_laser/install/laser_package_msgs/include/laser_package_msgs/laser_package_msgs/msg
[0.392s] -- Up-to-date: /home/hyh/ros2_laser/install/laser_package_msgs/include/laser_package_msgs/laser_package_msgs/msg/detail
[0.392s] -- Up-to-date: /home/hyh/ros2_laser/install/laser_package_msgs/include/laser_package_msgs/laser_package_msgs/msg/detail/laser__rosidl_typesupport_fastrtps_c.h
[0.392s] -- Up-to-date: /home/hyh/ros2_laser/install/laser_package_msgs/include/laser_package_msgs/laser_package_msgs/msg/rosidl_typesupport_fastrtps_c__visibility_control.h
[0.392s] -- Up-to-date: /home/hyh/ros2_laser/install/laser_package_msgs/lib/liblaser_package_msgs__rosidl_typesupport_fastrtps_c.so
[0.392s] -- Up-to-date: /home/hyh/ros2_laser/install/laser_package_msgs/include/laser_package_msgs/laser_package_msgs
[0.392s] -- Up-to-date: /home/hyh/ros2_laser/install/laser_package_msgs/include/laser_package_msgs/laser_package_msgs/msg
[0.392s] -- Up-to-date: /home/hyh/ros2_laser/install/laser_package_msgs/include/laser_package_msgs/laser_package_msgs/msg/detail
[0.392s] -- Up-to-date: /home/hyh/ros2_laser/install/laser_package_msgs/include/laser_package_msgs/laser_package_msgs/msg/detail/laser__type_support.c
[0.393s] -- Up-to-date: /home/hyh/ros2_laser/install/laser_package_msgs/include/laser_package_msgs/laser_package_msgs/msg/detail/laser__rosidl_typesupport_introspection_c.h
[0.393s] -- Up-to-date: /home/hyh/ros2_laser/install/laser_package_msgs/include/laser_package_msgs/laser_package_msgs/msg/rosidl_typesupport_introspection_c__visibility_control.h
[0.393s] -- Up-to-date: /home/hyh/ros2_laser/install/laser_package_msgs/lib/liblaser_package_msgs__rosidl_typesupport_introspection_c.so
[0.393s] -- Up-to-date: /home/hyh/ros2_laser/install/laser_package_msgs/lib/liblaser_package_msgs__rosidl_typesupport_c.so
[0.393s] -- Up-to-date: /home/hyh/ros2_laser/install/laser_package_msgs/include/laser_package_msgs/laser_package_msgs
[0.393s] -- Up-to-date: /home/hyh/ros2_laser/install/laser_package_msgs/include/laser_package_msgs/laser_package_msgs/msg
[0.393s] -- Up-to-date: /home/hyh/ros2_laser/install/laser_package_msgs/include/laser_package_msgs/laser_package_msgs/msg/detail
[0.393s] -- Up-to-date: /home/hyh/ros2_laser/install/laser_package_msgs/include/laser_package_msgs/laser_package_msgs/msg/detail/laser__type_support.hpp
[0.393s] -- Up-to-date: /home/hyh/ros2_laser/install/laser_package_msgs/include/laser_package_msgs/laser_package_msgs/msg/detail/laser__traits.hpp
[0.393s] -- Up-to-date: /home/hyh/ros2_laser/install/laser_package_msgs/include/laser_package_msgs/laser_package_msgs/msg/detail/laser__struct.hpp
[0.393s] -- Up-to-date: /home/hyh/ros2_laser/install/laser_package_msgs/include/laser_package_msgs/laser_package_msgs/msg/detail/laser__builder.hpp
[0.394s] -- Up-to-date: /home/hyh/ros2_laser/install/laser_package_msgs/include/laser_package_msgs/laser_package_msgs/msg/laser.hpp
[0.394s] -- Up-to-date: /home/hyh/ros2_laser/install/laser_package_msgs/include/laser_package_msgs/laser_package_msgs/msg/rosidl_generator_cpp__visibility_control.hpp
[0.394s] -- Up-to-date: /home/hyh/ros2_laser/install/laser_package_msgs/include/laser_package_msgs/laser_package_msgs
[0.394s] -- Up-to-date: /home/hyh/ros2_laser/install/laser_package_msgs/include/laser_package_msgs/laser_package_msgs/msg
[0.394s] -- Up-to-date: /home/hyh/ros2_laser/install/laser_package_msgs/include/laser_package_msgs/laser_package_msgs/msg/detail
[0.394s] -- Up-to-date: /home/hyh/ros2_laser/install/laser_package_msgs/include/laser_package_msgs/laser_package_msgs/msg/detail/dds_fastrtps
[0.394s] -- Up-to-date: /home/hyh/ros2_laser/install/laser_package_msgs/include/laser_package_msgs/laser_package_msgs/msg/detail/laser__rosidl_typesupport_fastrtps_cpp.hpp
[0.394s] -- Up-to-date: /home/hyh/ros2_laser/install/laser_package_msgs/include/laser_package_msgs/laser_package_msgs/msg/rosidl_typesupport_fastrtps_cpp__visibility_control.h
[0.394s] -- Up-to-date: /home/hyh/ros2_laser/install/laser_package_msgs/lib/liblaser_package_msgs__rosidl_typesupport_fastrtps_cpp.so
[0.394s] -- Up-to-date: /home/hyh/ros2_laser/install/laser_package_msgs/include/laser_package_msgs/laser_package_msgs
[0.394s] -- Up-to-date: /home/hyh/ros2_laser/install/laser_package_msgs/include/laser_package_msgs/laser_package_msgs/msg
[0.395s] -- Up-to-date: /home/hyh/ros2_laser/install/laser_package_msgs/include/laser_package_msgs/laser_package_msgs/msg/detail
[0.395s] -- Up-to-date: /home/hyh/ros2_laser/install/laser_package_msgs/include/laser_package_msgs/laser_package_msgs/msg/detail/laser__type_support.cpp
[0.395s] -- Up-to-date: /home/hyh/ros2_laser/install/laser_package_msgs/include/laser_package_msgs/laser_package_msgs/msg/detail/laser__rosidl_typesupport_introspection_cpp.hpp
[0.395s] -- Up-to-date: /home/hyh/ros2_laser/install/laser_package_msgs/lib/liblaser_package_msgs__rosidl_typesupport_introspection_cpp.so
[0.395s] -- Up-to-date: /home/hyh/ros2_laser/install/laser_package_msgs/lib/liblaser_package_msgs__rosidl_typesupport_cpp.so
[0.395s] -- Up-to-date: /home/hyh/ros2_laser/install/laser_package_msgs/share/laser_package_msgs/environment/pythonpath.sh
[0.395s] -- Up-to-date: /home/hyh/ros2_laser/install/laser_package_msgs/share/laser_package_msgs/environment/pythonpath.dsv
[0.395s] -- Up-to-date: /home/hyh/ros2_laser/install/laser_package_msgs/local/lib/python3.10/dist-packages/laser_package_msgs-0.0.0-py3.10.egg-info
[0.395s] -- Installing: /home/hyh/ros2_laser/install/laser_package_msgs/local/lib/python3.10/dist-packages/laser_package_msgs-0.0.0-py3.10.egg-info/dependency_links.txt
[0.395s] -- Installing: /home/hyh/ros2_laser/install/laser_package_msgs/local/lib/python3.10/dist-packages/laser_package_msgs-0.0.0-py3.10.egg-info/SOURCES.txt
[0.395s] -- Installing: /home/hyh/ros2_laser/install/laser_package_msgs/local/lib/python3.10/dist-packages/laser_package_msgs-0.0.0-py3.10.egg-info/PKG-INFO
[0.395s] -- Installing: /home/hyh/ros2_laser/install/laser_package_msgs/local/lib/python3.10/dist-packages/laser_package_msgs-0.0.0-py3.10.egg-info/top_level.txt
[0.395s] -- Up-to-date: /home/hyh/ros2_laser/install/laser_package_msgs/local/lib/python3.10/dist-packages/laser_package_msgs
[0.395s] -- Up-to-date: /home/hyh/ros2_laser/install/laser_package_msgs/local/lib/python3.10/dist-packages/laser_package_msgs/__init__.py
[0.396s] -- Up-to-date: /home/hyh/ros2_laser/install/laser_package_msgs/local/lib/python3.10/dist-packages/laser_package_msgs/laser_package_msgs_s__rosidl_typesupport_c.cpython-310-x86_64-linux-gnu.so
[0.396s] -- Up-to-date: /home/hyh/ros2_laser/install/laser_package_msgs/local/lib/python3.10/dist-packages/laser_package_msgs/msg
[0.396s] -- Up-to-date: /home/hyh/ros2_laser/install/laser_package_msgs/local/lib/python3.10/dist-packages/laser_package_msgs/msg/__init__.py
[0.396s] -- Up-to-date: /home/hyh/ros2_laser/install/laser_package_msgs/local/lib/python3.10/dist-packages/laser_package_msgs/msg/_laser_s.c
[0.396s] -- Up-to-date: /home/hyh/ros2_laser/install/laser_package_msgs/local/lib/python3.10/dist-packages/laser_package_msgs/msg/_laser.py
[0.396s] -- Up-to-date: /home/hyh/ros2_laser/install/laser_package_msgs/local/lib/python3.10/dist-packages/laser_package_msgs/liblaser_package_msgs__rosidl_generator_py.so
[0.396s] -- Up-to-date: /home/hyh/ros2_laser/install/laser_package_msgs/local/lib/python3.10/dist-packages/laser_package_msgs/_laser_package_msgs_s.ep.rosidl_typesupport_introspection_c.c
[0.396s] -- Up-to-date: /home/hyh/ros2_laser/install/laser_package_msgs/local/lib/python3.10/dist-packages/laser_package_msgs/laser_package_msgs_s__rosidl_typesupport_fastrtps_c.cpython-310-x86_64-linux-gnu.so
[0.396s] -- Up-to-date: /home/hyh/ros2_laser/install/laser_package_msgs/local/lib/python3.10/dist-packages/laser_package_msgs/_laser_package_msgs_s.ep.rosidl_typesupport_c.c
[0.396s] -- Up-to-date: /home/hyh/ros2_laser/install/laser_package_msgs/local/lib/python3.10/dist-packages/laser_package_msgs/_laser_package_msgs_s.ep.rosidl_typesupport_fastrtps_c.c
[0.396s] -- Up-to-date: /home/hyh/ros2_laser/install/laser_package_msgs/local/lib/python3.10/dist-packages/laser_package_msgs/laser_package_msgs_s__rosidl_typesupport_introspection_c.cpython-310-x86_64-linux-gnu.so
[0.415s] Listing '/home/hyh/ros2_laser/install/laser_package_msgs/local/lib/python3.10/dist-packages/laser_package_msgs'...
[0.415s] Listing '/home/hyh/ros2_laser/install/laser_package_msgs/local/lib/python3.10/dist-packages/laser_package_msgs/msg'...
[0.418s] -- Up-to-date: /home/hyh/ros2_laser/install/laser_package_msgs/local/lib/python3.10/dist-packages/laser_package_msgs/laser_package_msgs_s__rosidl_typesupport_fastrtps_c.cpython-310-x86_64-linux-gnu.so
[0.418s] -- Up-to-date: /home/hyh/ros2_laser/install/laser_package_msgs/local/lib/python3.10/dist-packages/laser_package_msgs/laser_package_msgs_s__rosidl_typesupport_introspection_c.cpython-310-x86_64-linux-gnu.so
[0.418s] -- Up-to-date: /home/hyh/ros2_laser/install/laser_package_msgs/local/lib/python3.10/dist-packages/laser_package_msgs/laser_package_msgs_s__rosidl_typesupport_c.cpython-310-x86_64-linux-gnu.so
[0.418s] -- Up-to-date: /home/hyh/ros2_laser/install/laser_package_msgs/lib/liblaser_package_msgs__rosidl_generator_py.so
[0.418s] -- Up-to-date: /home/hyh/ros2_laser/install/laser_package_msgs/share/laser_package_msgs/msg/Laser.idl
[0.418s] -- Up-to-date: /home/hyh/ros2_laser/install/laser_package_msgs/share/laser_package_msgs/msg/Laser.msg
[0.418s] -- Up-to-date: /home/hyh/ros2_laser/install/laser_package_msgs/share/ament_index/resource_index/package_run_dependencies/laser_package_msgs
[0.418s] -- Up-to-date: /home/hyh/ros2_laser/install/laser_package_msgs/share/ament_index/resource_index/parent_prefix_path/laser_package_msgs
[0.418s] -- Up-to-date: /home/hyh/ros2_laser/install/laser_package_msgs/share/laser_package_msgs/environment/ament_prefix_path.sh
[0.419s] -- Up-to-date: /home/hyh/ros2_laser/install/laser_package_msgs/share/laser_package_msgs/environment/ament_prefix_path.dsv
[0.419s] -- Up-to-date: /home/hyh/ros2_laser/install/laser_package_msgs/share/laser_package_msgs/environment/path.sh
[0.419s] -- Up-to-date: /home/hyh/ros2_laser/install/laser_package_msgs/share/laser_package_msgs/environment/path.dsv
[0.419s] -- Up-to-date: /home/hyh/ros2_laser/install/laser_package_msgs/share/laser_package_msgs/local_setup.bash
[0.419s] -- Up-to-date: /home/hyh/ros2_laser/install/laser_package_msgs/share/laser_package_msgs/local_setup.sh
[0.419s] -- Up-to-date: /home/hyh/ros2_laser/install/laser_package_msgs/share/laser_package_msgs/local_setup.zsh
[0.419s] -- Up-to-date: /home/hyh/ros2_laser/install/laser_package_msgs/share/laser_package_msgs/local_setup.dsv
[0.420s] -- Installing: /home/hyh/ros2_laser/install/laser_package_msgs/share/laser_package_msgs/package.dsv
[0.420s] -- Up-to-date: /home/hyh/ros2_laser/install/laser_package_msgs/share/ament_index/resource_index/packages/laser_package_msgs
[0.420s] -- Up-to-date: /home/hyh/ros2_laser/install/laser_package_msgs/share/laser_package_msgs/cmake/export_laser_package_msgs__rosidl_generator_cExport.cmake
[0.420s] -- Up-to-date: /home/hyh/ros2_laser/install/laser_package_msgs/share/laser_package_msgs/cmake/export_laser_package_msgs__rosidl_generator_cExport-noconfig.cmake
[0.420s] -- Up-to-date: /home/hyh/ros2_laser/install/laser_package_msgs/share/laser_package_msgs/cmake/export_laser_package_msgs__rosidl_typesupport_fastrtps_cExport.cmake
[0.420s] -- Up-to-date: /home/hyh/ros2_laser/install/laser_package_msgs/share/laser_package_msgs/cmake/export_laser_package_msgs__rosidl_typesupport_fastrtps_cExport-noconfig.cmake
[0.420s] -- Up-to-date: /home/hyh/ros2_laser/install/laser_package_msgs/share/laser_package_msgs/cmake/laser_package_msgs__rosidl_typesupport_introspection_cExport.cmake
[0.420s] -- Up-to-date: /home/hyh/ros2_laser/install/laser_package_msgs/share/laser_package_msgs/cmake/laser_package_msgs__rosidl_typesupport_introspection_cExport-noconfig.cmake
[0.420s] -- Up-to-date: /home/hyh/ros2_laser/install/laser_package_msgs/share/laser_package_msgs/cmake/laser_package_msgs__rosidl_typesupport_cExport.cmake
[0.420s] -- Up-to-date: /home/hyh/ros2_laser/install/laser_package_msgs/share/laser_package_msgs/cmake/laser_package_msgs__rosidl_typesupport_cExport-noconfig.cmake
[0.420s] -- Up-to-date: /home/hyh/ros2_laser/install/laser_package_msgs/share/laser_package_msgs/cmake/export_laser_package_msgs__rosidl_generator_cppExport.cmake
[0.420s] -- Up-to-date: /home/hyh/ros2_laser/install/laser_package_msgs/share/laser_package_msgs/cmake/export_laser_package_msgs__rosidl_typesupport_fastrtps_cppExport.cmake
[0.420s] -- Up-to-date: /home/hyh/ros2_laser/install/laser_package_msgs/share/laser_package_msgs/cmake/export_laser_package_msgs__rosidl_typesupport_fastrtps_cppExport-noconfig.cmake
[0.421s] -- Up-to-date: /home/hyh/ros2_laser/install/laser_package_msgs/share/laser_package_msgs/cmake/laser_package_msgs__rosidl_typesupport_introspection_cppExport.cmake
[0.421s] -- Up-to-date: /home/hyh/ros2_laser/install/laser_package_msgs/share/laser_package_msgs/cmake/laser_package_msgs__rosidl_typesupport_introspection_cppExport-noconfig.cmake
[0.421s] -- Up-to-date: /home/hyh/ros2_laser/install/laser_package_msgs/share/laser_package_msgs/cmake/laser_package_msgs__rosidl_typesupport_cppExport.cmake
[0.422s] -- Up-to-date: /home/hyh/ros2_laser/install/laser_package_msgs/share/laser_package_msgs/cmake/laser_package_msgs__rosidl_typesupport_cppExport-noconfig.cmake
[0.422s] -- Up-to-date: /home/hyh/ros2_laser/install/laser_package_msgs/share/laser_package_msgs/cmake/export_laser_package_msgs__rosidl_generator_pyExport.cmake
[0.423s] -- Up-to-date: /home/hyh/ros2_laser/install/laser_package_msgs/share/laser_package_msgs/cmake/export_laser_package_msgs__rosidl_generator_pyExport-noconfig.cmake
[0.423s] -- Up-to-date: /home/hyh/ros2_laser/install/laser_package_msgs/share/laser_package_msgs/cmake/rosidl_cmake-extras.cmake
[0.423s] -- Up-to-date: /home/hyh/ros2_laser/install/laser_package_msgs/share/laser_package_msgs/cmake/ament_cmake_export_include_directories-extras.cmake
[0.423s] -- Up-to-date: /home/hyh/ros2_laser/install/laser_package_msgs/share/laser_package_msgs/cmake/ament_cmake_export_libraries-extras.cmake
[0.424s] -- Up-to-date: /home/hyh/ros2_laser/install/laser_package_msgs/share/laser_package_msgs/cmake/ament_cmake_export_targets-extras.cmake
[0.424s] -- Up-to-date: /home/hyh/ros2_laser/install/laser_package_msgs/share/laser_package_msgs/cmake/rosidl_cmake_export_typesupport_targets-extras.cmake
[0.424s] -- Up-to-date: /home/hyh/ros2_laser/install/laser_package_msgs/share/laser_package_msgs/cmake/ament_cmake_export_dependencies-extras.cmake
[0.424s] -- Up-to-date: /home/hyh/ros2_laser/install/laser_package_msgs/share/laser_package_msgs/cmake/rosidl_cmake_export_typesupport_libraries-extras.cmake
[0.425s] -- Up-to-date: /home/hyh/ros2_laser/install/laser_package_msgs/share/laser_package_msgs/cmake/laser_package_msgsConfig.cmake
[0.425s] -- Up-to-date: /home/hyh/ros2_laser/install/laser_package_msgs/share/laser_package_msgs/cmake/laser_package_msgsConfig-version.cmake
[0.425s] -- Up-to-date: /home/hyh/ros2_laser/install/laser_package_msgs/share/laser_package_msgs/package.xml
[0.426s] Invoked command in '/home/hyh/ros2_laser/build/laser_package_msgs' returned '0': CMAKE_PREFIX_PATH=${CMAKE_PREFIX_PATH}:/home/hyh/ros2_laser/install/laser_package:/home/hyh/ros2_prct/install/practice_package:/home/hyh/ros2_study/install/my_first_package:/opt/ros/humble /usr/bin/cmake --install /home/hyh/ros2_laser/build/laser_package_msgs
